<?xml version="1.0" encoding="UTF-8"?>
<testsuite xmlns:xsi="http://www.w3.org/2001/XMLSchema-instance" xsi:noNamespaceSchemaLocation="https://maven.apache.org/surefire/maven-surefire-plugin/xsd/surefire-test-report-3.0.xsd" version="3.0" name="de.neuefische.backend.controllers.UserControllerIntegrationTest" time="8.407" tests="6" errors="0" skipped="0" failures="0">
  <properties>
    <property name="java.specification.version" value="20"/>
    <property name="sun.jnu.encoding" value="UTF-8"/>
    <property name="java.class.path" value="/Users/paffen/IdeaProjects/capstone-foodspot/backend/target/test-classes:/Users/paffen/IdeaProjects/capstone-foodspot/backend/target/classes:/Users/paffen/.m2/repository/org/springframework/boot/spring-boot-starter-web/3.1.0/spring-boot-starter-web-3.1.0.jar:/Users/paffen/.m2/repository/org/springframework/boot/spring-boot-starter/3.1.0/spring-boot-starter-3.1.0.jar:/Users/paffen/.m2/repository/org/springframework/boot/spring-boot/3.1.0/spring-boot-3.1.0.jar:/Users/paffen/.m2/repository/org/springframework/boot/spring-boot-autoconfigure/3.1.0/spring-boot-autoconfigure-3.1.0.jar:/Users/paffen/.m2/repository/org/springframework/boot/spring-boot-starter-logging/3.1.0/spring-boot-starter-logging-3.1.0.jar:/Users/paffen/.m2/repository/ch/qos/logback/logback-classic/1.4.7/logback-classic-1.4.7.jar:/Users/paffen/.m2/repository/ch/qos/logback/logback-core/1.4.7/logback-core-1.4.7.jar:/Users/paffen/.m2/repository/org/apache/logging/log4j/log4j-to-slf4j/2.20.0/log4j-to-slf4j-2.20.0.jar:/Users/paffen/.m2/repository/org/apache/logging/log4j/log4j-api/2.20.0/log4j-api-2.20.0.jar:/Users/paffen/.m2/repository/org/slf4j/jul-to-slf4j/2.0.7/jul-to-slf4j-2.0.7.jar:/Users/paffen/.m2/repository/jakarta/annotation/jakarta.annotation-api/2.1.1/jakarta.annotation-api-2.1.1.jar:/Users/paffen/.m2/repository/org/yaml/snakeyaml/1.33/snakeyaml-1.33.jar:/Users/paffen/.m2/repository/org/springframework/boot/spring-boot-starter-json/3.1.0/spring-boot-starter-json-3.1.0.jar:/Users/paffen/.m2/repository/com/fasterxml/jackson/core/jackson-databind/2.15.0/jackson-databind-2.15.0.jar:/Users/paffen/.m2/repository/com/fasterxml/jackson/core/jackson-annotations/2.15.0/jackson-annotations-2.15.0.jar:/Users/paffen/.m2/repository/com/fasterxml/jackson/core/jackson-core/2.15.0/jackson-core-2.15.0.jar:/Users/paffen/.m2/repository/com/fasterxml/jackson/datatype/jackson-datatype-jdk8/2.15.0/jackson-datatype-jdk8-2.15.0.jar:/Users/paffen/.m2/repository/com/fasterxml/jackson/datatype/jackson-datatype-jsr310/2.15.0/jackson-datatype-jsr310-2.15.0.jar:/Users/paffen/.m2/repository/com/fasterxml/jackson/module/jackson-module-parameter-names/2.15.0/jackson-module-parameter-names-2.15.0.jar:/Users/paffen/.m2/repository/org/springframework/boot/spring-boot-starter-tomcat/3.1.0/spring-boot-starter-tomcat-3.1.0.jar:/Users/paffen/.m2/repository/org/apache/tomcat/embed/tomcat-embed-core/10.1.8/tomcat-embed-core-10.1.8.jar:/Users/paffen/.m2/repository/org/apache/tomcat/embed/tomcat-embed-websocket/10.1.8/tomcat-embed-websocket-10.1.8.jar:/Users/paffen/.m2/repository/org/springframework/spring-web/6.0.9/spring-web-6.0.9.jar:/Users/paffen/.m2/repository/io/micrometer/micrometer-observation/1.11.0/micrometer-observation-1.11.0.jar:/Users/paffen/.m2/repository/io/micrometer/micrometer-commons/1.11.0/micrometer-commons-1.11.0.jar:/Users/paffen/.m2/repository/org/springframework/spring-webmvc/6.0.9/spring-webmvc-6.0.9.jar:/Users/paffen/.m2/repository/org/projectlombok/lombok/1.18.26/lombok-1.18.26.jar:/Users/paffen/.m2/repository/org/springframework/boot/spring-boot-starter-data-mongodb/3.1.0/spring-boot-starter-data-mongodb-3.1.0.jar:/Users/paffen/.m2/repository/org/mongodb/mongodb-driver-sync/4.9.1/mongodb-driver-sync-4.9.1.jar:/Users/paffen/.m2/repository/org/mongodb/bson/4.9.1/bson-4.9.1.jar:/Users/paffen/.m2/repository/org/springframework/boot/spring-boot-starter-security/3.1.0/spring-boot-starter-security-3.1.0.jar:/Users/paffen/.m2/repository/org/springframework/spring-aop/6.0.9/spring-aop-6.0.9.jar:/Users/paffen/.m2/repository/org/springframework/security/spring-security-config/6.1.0/spring-security-config-6.1.0.jar:/Users/paffen/.m2/repository/org/springframework/security/spring-security-web/6.1.0/spring-security-web-6.1.0.jar:/Users/paffen/.m2/repository/de/flapdoodle/embed/de.flapdoodle.embed.mongo/4.6.2/de.flapdoodle.embed.mongo-4.6.2.jar:/Users/paffen/.m2/repository/de/flapdoodle/embed/de.flapdoodle.embed.process/4.6.1/de.flapdoodle.embed.process-4.6.1.jar:/Users/paffen/.m2/repository/de/flapdoodle/reverse/de.flapdoodle.reverse/1.5.2/de.flapdoodle.reverse-1.5.2.jar:/Users/paffen/.m2/repository/de/flapdoodle/graph/de.flapdoodle.graph/1.2.3/de.flapdoodle.graph-1.2.3.jar:/Users/paffen/.m2/repository/org/jgrapht/jgrapht-core/1.4.0/jgrapht-core-1.4.0.jar:/Users/paffen/.m2/repository/org/jheaps/jheaps/0.11/jheaps-0.11.jar:/Users/paffen/.m2/repository/de/flapdoodle/java8/de.flapdoodle.java8/1.3.2/de.flapdoodle.java8-1.3.2.jar:/Users/paffen/.m2/repository/org/apache/commons/commons-lang3/3.12.0/commons-lang3-3.12.0.jar:/Users/paffen/.m2/repository/org/apache/commons/commons-compress/1.22/commons-compress-1.22.jar:/Users/paffen/.m2/repository/net/java/dev/jna/jna/5.13.0/jna-5.13.0.jar:/Users/paffen/.m2/repository/net/java/dev/jna/jna-platform/5.13.0/jna-platform-5.13.0.jar:/Users/paffen/.m2/repository/de/flapdoodle/de.flapdoodle.os-api/1.3.1/de.flapdoodle.os-api-1.3.1.jar:/Users/paffen/.m2/repository/de/flapdoodle/embed/de.flapdoodle.embed.mongo.packageresolver/4.5.3/de.flapdoodle.embed.mongo.packageresolver-4.5.3.jar:/Users/paffen/.m2/repository/de/flapdoodle/de.flapdoodle.os/1.3.3/de.flapdoodle.os-1.3.3.jar:/Users/paffen/.m2/repository/org/apache/maven/plugins/maven-surefire-plugin/2.22.2/maven-surefire-plugin-2.22.2.jar:/Users/paffen/.m2/repository/org/apache/maven/surefire/maven-surefire-common/2.22.2/maven-surefire-common-2.22.2.jar:/Users/paffen/.m2/repository/org/apache/maven/maven-plugin-api/2.2.1/maven-plugin-api-2.2.1.jar:/Users/paffen/.m2/repository/org/apache/maven/plugin-tools/maven-plugin-annotations/3.6.4/maven-plugin-annotations-3.6.4.jar:/Users/paffen/.m2/repository/org/apache/maven/surefire/surefire-api/2.22.2/surefire-api-2.22.2.jar:/Users/paffen/.m2/repository/org/apache/maven/surefire/surefire-logger-api/2.22.2/surefire-logger-api-2.22.2.jar:/Users/paffen/.m2/repository/org/apache/maven/surefire/surefire-booter/2.22.2/surefire-booter-2.22.2.jar:/Users/paffen/.m2/repository/org/apache/maven/maven-artifact/2.2.1/maven-artifact-2.2.1.jar:/Users/paffen/.m2/repository/org/codehaus/plexus/plexus-utils/1.5.15/plexus-utils-1.5.15.jar:/Users/paffen/.m2/repository/org/apache/maven/maven-plugin-descriptor/2.2.1/maven-plugin-descriptor-2.2.1.jar:/Users/paffen/.m2/repository/org/codehaus/plexus/plexus-container-default/1.0-alpha-9-stable-1/plexus-container-default-1.0-alpha-9-stable-1.jar:/Users/paffen/.m2/repository/org/apache/maven/maven-project/2.2.1/maven-project-2.2.1.jar:/Users/paffen/.m2/repository/org/apache/maven/maven-settings/2.2.1/maven-settings-2.2.1.jar:/Users/paffen/.m2/repository/org/apache/maven/maven-profile/2.2.1/maven-profile-2.2.1.jar:/Users/paffen/.m2/repository/org/apache/maven/maven-artifact-manager/2.2.1/maven-artifact-manager-2.2.1.jar:/Users/paffen/.m2/repository/backport-util-concurrent/backport-util-concurrent/3.1/backport-util-concurrent-3.1.jar:/Users/paffen/.m2/repository/org/apache/maven/maven-plugin-registry/2.2.1/maven-plugin-registry-2.2.1.jar:/Users/paffen/.m2/repository/org/codehaus/plexus/plexus-interpolation/1.11/plexus-interpolation-1.11.jar:/Users/paffen/.m2/repository/org/apache/maven/maven-model/2.2.1/maven-model-2.2.1.jar:/Users/paffen/.m2/repository/org/apache/maven/maven-core/2.2.1/maven-core-2.2.1.jar:/Users/paffen/.m2/repository/org/apache/maven/maven-plugin-parameter-documenter/2.2.1/maven-plugin-parameter-documenter-2.2.1.jar:/Users/paffen/.m2/repository/org/apache/maven/wagon/wagon-http/1.0-beta-6/wagon-http-1.0-beta-6.jar:/Users/paffen/.m2/repository/org/apache/maven/wagon/wagon-http-shared/1.0-beta-6/wagon-http-shared-1.0-beta-6.jar:/Users/paffen/.m2/repository/nekohtml/xercesMinimal/1.9.6.2/xercesMinimal-1.9.6.2.jar:/Users/paffen/.m2/repository/nekohtml/nekohtml/1.9.6.2/nekohtml-1.9.6.2.jar:/Users/paffen/.m2/repository/commons-httpclient/commons-httpclient/3.1/commons-httpclient-3.1.jar:/Users/paffen/.m2/repository/commons-codec/commons-codec/1.15/commons-codec-1.15.jar:/Users/paffen/.m2/repository/org/apache/maven/wagon/wagon-webdav-jackrabbit/1.0-beta-6/wagon-webdav-jackrabbit-1.0-beta-6.jar:/Users/paffen/.m2/repository/org/apache/jackrabbit/jackrabbit-webdav/1.5.0/jackrabbit-webdav-1.5.0.jar:/Users/paffen/.m2/repository/org/apache/jackrabbit/jackrabbit-jcr-commons/1.5.0/jackrabbit-jcr-commons-1.5.0.jar:/Users/paffen/.m2/repository/org/slf4j/slf4j-nop/2.0.7/slf4j-nop-2.0.7.jar:/Users/paffen/.m2/repository/org/slf4j/slf4j-jdk14/2.0.7/slf4j-jdk14-2.0.7.jar:/Users/paffen/.m2/repository/org/slf4j/jcl-over-slf4j/2.0.7/jcl-over-slf4j-2.0.7.jar:/Users/paffen/.m2/repository/org/apache/maven/reporting/maven-reporting-api/2.2.1/maven-reporting-api-2.2.1.jar:/Users/paffen/.m2/repository/org/apache/maven/doxia/doxia-logging-api/1.1/doxia-logging-api-1.1.jar:/Users/paffen/.m2/repository/org/apache/maven/wagon/wagon-provider-api/1.0-beta-6/wagon-provider-api-1.0-beta-6.jar:/Users/paffen/.m2/repository/org/apache/maven/maven-repository-metadata/2.2.1/maven-repository-metadata-2.2.1.jar:/Users/paffen/.m2/repository/org/apache/maven/maven-error-diagnostics/2.2.1/maven-error-diagnostics-2.2.1.jar:/Users/paffen/.m2/repository/org/apache/maven/maven-monitor/2.2.1/maven-monitor-2.2.1.jar:/Users/paffen/.m2/repository/classworlds/classworlds/1.1/classworlds-1.1.jar:/Users/paffen/.m2/repository/org/sonatype/plexus/plexus-sec-dispatcher/1.3/plexus-sec-dispatcher-1.3.jar:/Users/paffen/.m2/repository/org/sonatype/plexus/plexus-cipher/1.4/plexus-cipher-1.4.jar:/Users/paffen/.m2/repository/org/apache/maven/maven-toolchain/2.2.1/maven-toolchain-2.2.1.jar:/Users/paffen/.m2/repository/org/codehaus/plexus/plexus-java/0.9.10/plexus-java-0.9.10.jar:/Users/paffen/.m2/repository/org/ow2/asm/asm/6.2/asm-6.2.jar:/Users/paffen/.m2/repository/com/thoughtworks/qdox/qdox/2.0-M8/qdox-2.0-M8.jar:/Users/paffen/.m2/repository/org/springframework/boot/spring-boot-starter-test/3.1.0/spring-boot-starter-test-3.1.0.jar:/Users/paffen/.m2/repository/org/springframework/boot/spring-boot-test/3.1.0/spring-boot-test-3.1.0.jar:/Users/paffen/.m2/repository/org/springframework/boot/spring-boot-test-autoconfigure/3.1.0/spring-boot-test-autoconfigure-3.1.0.jar:/Users/paffen/.m2/repository/com/jayway/jsonpath/json-path/2.8.0/json-path-2.8.0.jar:/Users/paffen/.m2/repository/jakarta/xml/bind/jakarta.xml.bind-api/4.0.0/jakarta.xml.bind-api-4.0.0.jar:/Users/paffen/.m2/repository/jakarta/activation/jakarta.activation-api/2.1.2/jakarta.activation-api-2.1.2.jar:/Users/paffen/.m2/repository/net/minidev/json-smart/2.4.10/json-smart-2.4.10.jar:/Users/paffen/.m2/repository/net/minidev/accessors-smart/2.4.9/accessors-smart-2.4.9.jar:/Users/paffen/.m2/repository/org/assertj/assertj-core/3.24.2/assertj-core-3.24.2.jar:/Users/paffen/.m2/repository/net/bytebuddy/byte-buddy/1.14.4/byte-buddy-1.14.4.jar:/Users/paffen/.m2/repository/org/hamcrest/hamcrest/2.2/hamcrest-2.2.jar:/Users/paffen/.m2/repository/org/junit/jupiter/junit-jupiter/5.9.3/junit-jupiter-5.9.3.jar:/Users/paffen/.m2/repository/org/junit/jupiter/junit-jupiter-params/5.9.3/junit-jupiter-params-5.9.3.jar:/Users/paffen/.m2/repository/org/junit/jupiter/junit-jupiter-engine/5.9.3/junit-jupiter-engine-5.9.3.jar:/Users/paffen/.m2/repository/org/junit/platform/junit-platform-engine/1.9.3/junit-platform-engine-1.9.3.jar:/Users/paffen/.m2/repository/org/mockito/mockito-core/5.3.1/mockito-core-5.3.1.jar:/Users/paffen/.m2/repository/net/bytebuddy/byte-buddy-agent/1.14.4/byte-buddy-agent-1.14.4.jar:/Users/paffen/.m2/repository/org/objenesis/objenesis/3.3/objenesis-3.3.jar:/Users/paffen/.m2/repository/org/mockito/mockito-junit-jupiter/5.3.1/mockito-junit-jupiter-5.3.1.jar:/Users/paffen/.m2/repository/org/skyscreamer/jsonassert/1.5.1/jsonassert-1.5.1.jar:/Users/paffen/.m2/repository/com/vaadin/external/google/android-json/0.0.20131108.vaadin1/android-json-0.0.20131108.vaadin1.jar:/Users/paffen/.m2/repository/org/springframework/spring-core/6.0.9/spring-core-6.0.9.jar:/Users/paffen/.m2/repository/org/springframework/spring-jcl/6.0.9/spring-jcl-6.0.9.jar:/Users/paffen/.m2/repository/org/springframework/spring-test/6.0.9/spring-test-6.0.9.jar:/Users/paffen/.m2/repository/org/xmlunit/xmlunit-core/2.9.1/xmlunit-core-2.9.1.jar:/Users/paffen/.m2/repository/de/flapdoodle/embed/de.flapdoodle.embed.mongo.spring30x/4.6.2/de.flapdoodle.embed.mongo.spring30x-4.6.2.jar:/Users/paffen/.m2/repository/org/springframework/boot/spring-boot-properties-migrator/3.1.0/spring-boot-properties-migrator-3.1.0.jar:/Users/paffen/.m2/repository/org/springframework/boot/spring-boot-configuration-metadata/3.1.0/spring-boot-configuration-metadata-3.1.0.jar:/Users/paffen/.m2/repository/org/springframework/security/spring-security-test/6.1.0/spring-security-test-6.1.0.jar:/Users/paffen/.m2/repository/org/springframework/security/spring-security-core/6.1.0/spring-security-core-6.1.0.jar:/Users/paffen/.m2/repository/org/springframework/security/spring-security-crypto/6.1.0/spring-security-crypto-6.1.0.jar:/Users/paffen/.m2/repository/org/bouncycastle/bcprov-jdk15on/1.70/bcprov-jdk15on-1.70.jar:/Users/paffen/.m2/repository/org/springframework/data/spring-data-mongodb/4.1.0/spring-data-mongodb-4.1.0.jar:/Users/paffen/.m2/repository/org/springframework/spring-tx/6.0.9/spring-tx-6.0.9.jar:/Users/paffen/.m2/repository/org/springframework/spring-context/6.0.9/spring-context-6.0.9.jar:/Users/paffen/.m2/repository/org/springframework/spring-beans/6.0.9/spring-beans-6.0.9.jar:/Users/paffen/.m2/repository/org/springframework/spring-expression/6.0.9/spring-expression-6.0.9.jar:/Users/paffen/.m2/repository/org/springframework/data/spring-data-commons/3.1.0/spring-data-commons-3.1.0.jar:/Users/paffen/.m2/repository/org/mongodb/mongodb-driver-core/4.9.1/mongodb-driver-core-4.9.1.jar:/Users/paffen/.m2/repository/org/mongodb/bson-record-codec/4.9.1/bson-record-codec-4.9.1.jar:/Users/paffen/.m2/repository/org/slf4j/slf4j-api/2.0.7/slf4j-api-2.0.7.jar:/Users/paffen/.m2/repository/junit/junit/4.13.2/junit-4.13.2.jar:/Users/paffen/.m2/repository/org/hamcrest/hamcrest-core/2.2/hamcrest-core-2.2.jar:/Users/paffen/.m2/repository/org/springdoc/springdoc-openapi-starter-webmvc-ui/2.0.0/springdoc-openapi-starter-webmvc-ui-2.0.0.jar:/Users/paffen/.m2/repository/org/springdoc/springdoc-openapi-starter-webmvc-api/2.0.0/springdoc-openapi-starter-webmvc-api-2.0.0.jar:/Users/paffen/.m2/repository/org/springdoc/springdoc-openapi-starter-common/2.0.0/springdoc-openapi-starter-common-2.0.0.jar:/Users/paffen/.m2/repository/io/swagger/core/v3/swagger-core-jakarta/2.2.7/swagger-core-jakarta-2.2.7.jar:/Users/paffen/.m2/repository/io/swagger/core/v3/swagger-annotations-jakarta/2.2.7/swagger-annotations-jakarta-2.2.7.jar:/Users/paffen/.m2/repository/io/swagger/core/v3/swagger-models-jakarta/2.2.7/swagger-models-jakarta-2.2.7.jar:/Users/paffen/.m2/repository/com/fasterxml/jackson/dataformat/jackson-dataformat-yaml/2.15.0/jackson-dataformat-yaml-2.15.0.jar:/Users/paffen/.m2/repository/org/webjars/swagger-ui/4.15.5/swagger-ui-4.15.5.jar:/Users/paffen/.m2/repository/org/webjars/webjars-locator-core/0.52/webjars-locator-core-0.52.jar:/Users/paffen/.m2/repository/io/github/classgraph/classgraph/4.8.149/classgraph-4.8.149.jar:/Users/paffen/.m2/repository/org/junit/jupiter/junit-jupiter-api/5.9.3/junit-jupiter-api-5.9.3.jar:/Users/paffen/.m2/repository/org/opentest4j/opentest4j/1.2.0/opentest4j-1.2.0.jar:/Users/paffen/.m2/repository/org/junit/platform/junit-platform-commons/1.9.3/junit-platform-commons-1.9.3.jar:/Users/paffen/.m2/repository/org/apiguardian/apiguardian-api/1.1.2/apiguardian-api-1.1.2.jar:/Users/paffen/.m2/repository/org/springframework/boot/spring-boot-starter-data-jpa/3.1.0/spring-boot-starter-data-jpa-3.1.0.jar:/Users/paffen/.m2/repository/org/springframework/boot/spring-boot-starter-aop/3.1.0/spring-boot-starter-aop-3.1.0.jar:/Users/paffen/.m2/repository/org/aspectj/aspectjweaver/1.9.19/aspectjweaver-1.9.19.jar:/Users/paffen/.m2/repository/org/springframework/boot/spring-boot-starter-jdbc/3.1.0/spring-boot-starter-jdbc-3.1.0.jar:/Users/paffen/.m2/repository/com/zaxxer/HikariCP/5.0.1/HikariCP-5.0.1.jar:/Users/paffen/.m2/repository/org/springframework/spring-jdbc/6.0.9/spring-jdbc-6.0.9.jar:/Users/paffen/.m2/repository/org/hibernate/orm/hibernate-core/6.2.2.Final/hibernate-core-6.2.2.Final.jar:/Users/paffen/.m2/repository/jakarta/persistence/jakarta.persistence-api/3.1.0/jakarta.persistence-api-3.1.0.jar:/Users/paffen/.m2/repository/jakarta/transaction/jakarta.transaction-api/2.0.1/jakarta.transaction-api-2.0.1.jar:/Users/paffen/.m2/repository/org/jboss/logging/jboss-logging/3.5.0.Final/jboss-logging-3.5.0.Final.jar:/Users/paffen/.m2/repository/org/hibernate/common/hibernate-commons-annotations/6.0.6.Final/hibernate-commons-annotations-6.0.6.Final.jar:/Users/paffen/.m2/repository/io/smallrye/jandex/3.0.5/jandex-3.0.5.jar:/Users/paffen/.m2/repository/com/fasterxml/classmate/1.5.1/classmate-1.5.1.jar:/Users/paffen/.m2/repository/org/glassfish/jaxb/jaxb-runtime/4.0.2/jaxb-runtime-4.0.2.jar:/Users/paffen/.m2/repository/org/glassfish/jaxb/jaxb-core/4.0.2/jaxb-core-4.0.2.jar:/Users/paffen/.m2/repository/org/eclipse/angus/angus-activation/2.0.0/angus-activation-2.0.0.jar:/Users/paffen/.m2/repository/org/glassfish/jaxb/txw2/4.0.2/txw2-4.0.2.jar:/Users/paffen/.m2/repository/com/sun/istack/istack-commons-runtime/4.1.1/istack-commons-runtime-4.1.1.jar:/Users/paffen/.m2/repository/jakarta/inject/jakarta.inject-api/2.0.1/jakarta.inject-api-2.0.1.jar:/Users/paffen/.m2/repository/org/antlr/antlr4-runtime/4.10.1/antlr4-runtime-4.10.1.jar:/Users/paffen/.m2/repository/org/springframework/data/spring-data-jpa/3.1.0/spring-data-jpa-3.1.0.jar:/Users/paffen/.m2/repository/org/springframework/spring-orm/6.0.9/spring-orm-6.0.9.jar:/Users/paffen/.m2/repository/org/springframework/spring-aspects/6.0.9/spring-aspects-6.0.9.jar:/Users/paffen/.m2/repository/com/h2database/h2/1.4.200/h2-1.4.200.jar:/Users/paffen/.m2/repository/org/springframework/boot/spring-boot-starter-validation/3.1.0/spring-boot-starter-validation-3.1.0.jar:/Users/paffen/.m2/repository/org/apache/tomcat/embed/tomcat-embed-el/10.1.8/tomcat-embed-el-10.1.8.jar:/Users/paffen/.m2/repository/org/hibernate/validator/hibernate-validator/8.0.0.Final/hibernate-validator-8.0.0.Final.jar:/Users/paffen/.m2/repository/jakarta/validation/jakarta.validation-api/3.0.2/jakarta.validation-api-3.0.2.jar:"/>
    <property name="java.vm.vendor" value="Amazon.com Inc."/>
    <property name="sun.arch.data.model" value="64"/>
    <property name="java.vendor.url" value="https://aws.amazon.com/corretto/"/>
    <property name="user.timezone" value="Europe/Berlin"/>
    <property name="org.jboss.logging.provider" value="slf4j"/>
    <property name="os.name" value="Mac OS X"/>
    <property name="java.vm.specification.version" value="20"/>
    <property name="sun.java.launcher" value="SUN_STANDARD"/>
    <property name="user.country" value="DE"/>
    <property name="sun.boot.library.path" value="/Users/paffen/Library/Java/JavaVirtualMachines/corretto-20.0.2/Contents/Home/lib"/>
    <property name="sun.java.command" value="/Users/paffen/IdeaProjects/capstone-foodspot/backend/target/surefire/surefirebooter-20240725185433359_3.jar /Users/paffen/IdeaProjects/capstone-foodspot/backend/target/surefire 2024-07-25T18-54-33_282-jvmRun1 surefire-20240725185433359_1tmp surefire_0-20240725185433359_2tmp"/>
    <property name="http.nonProxyHosts" value="local|*.local|169.254/16|*.169.254/16"/>
    <property name="jdk.debug" value="release"/>
    <property name="surefire.test.class.path" value="/Users/paffen/IdeaProjects/capstone-foodspot/backend/target/test-classes:/Users/paffen/IdeaProjects/capstone-foodspot/backend/target/classes:/Users/paffen/.m2/repository/org/springframework/boot/spring-boot-starter-web/3.1.0/spring-boot-starter-web-3.1.0.jar:/Users/paffen/.m2/repository/org/springframework/boot/spring-boot-starter/3.1.0/spring-boot-starter-3.1.0.jar:/Users/paffen/.m2/repository/org/springframework/boot/spring-boot/3.1.0/spring-boot-3.1.0.jar:/Users/paffen/.m2/repository/org/springframework/boot/spring-boot-autoconfigure/3.1.0/spring-boot-autoconfigure-3.1.0.jar:/Users/paffen/.m2/repository/org/springframework/boot/spring-boot-starter-logging/3.1.0/spring-boot-starter-logging-3.1.0.jar:/Users/paffen/.m2/repository/ch/qos/logback/logback-classic/1.4.7/logback-classic-1.4.7.jar:/Users/paffen/.m2/repository/ch/qos/logback/logback-core/1.4.7/logback-core-1.4.7.jar:/Users/paffen/.m2/repository/org/apache/logging/log4j/log4j-to-slf4j/2.20.0/log4j-to-slf4j-2.20.0.jar:/Users/paffen/.m2/repository/org/apache/logging/log4j/log4j-api/2.20.0/log4j-api-2.20.0.jar:/Users/paffen/.m2/repository/org/slf4j/jul-to-slf4j/2.0.7/jul-to-slf4j-2.0.7.jar:/Users/paffen/.m2/repository/jakarta/annotation/jakarta.annotation-api/2.1.1/jakarta.annotation-api-2.1.1.jar:/Users/paffen/.m2/repository/org/yaml/snakeyaml/1.33/snakeyaml-1.33.jar:/Users/paffen/.m2/repository/org/springframework/boot/spring-boot-starter-json/3.1.0/spring-boot-starter-json-3.1.0.jar:/Users/paffen/.m2/repository/com/fasterxml/jackson/core/jackson-databind/2.15.0/jackson-databind-2.15.0.jar:/Users/paffen/.m2/repository/com/fasterxml/jackson/core/jackson-annotations/2.15.0/jackson-annotations-2.15.0.jar:/Users/paffen/.m2/repository/com/fasterxml/jackson/core/jackson-core/2.15.0/jackson-core-2.15.0.jar:/Users/paffen/.m2/repository/com/fasterxml/jackson/datatype/jackson-datatype-jdk8/2.15.0/jackson-datatype-jdk8-2.15.0.jar:/Users/paffen/.m2/repository/com/fasterxml/jackson/datatype/jackson-datatype-jsr310/2.15.0/jackson-datatype-jsr310-2.15.0.jar:/Users/paffen/.m2/repository/com/fasterxml/jackson/module/jackson-module-parameter-names/2.15.0/jackson-module-parameter-names-2.15.0.jar:/Users/paffen/.m2/repository/org/springframework/boot/spring-boot-starter-tomcat/3.1.0/spring-boot-starter-tomcat-3.1.0.jar:/Users/paffen/.m2/repository/org/apache/tomcat/embed/tomcat-embed-core/10.1.8/tomcat-embed-core-10.1.8.jar:/Users/paffen/.m2/repository/org/apache/tomcat/embed/tomcat-embed-websocket/10.1.8/tomcat-embed-websocket-10.1.8.jar:/Users/paffen/.m2/repository/org/springframework/spring-web/6.0.9/spring-web-6.0.9.jar:/Users/paffen/.m2/repository/io/micrometer/micrometer-observation/1.11.0/micrometer-observation-1.11.0.jar:/Users/paffen/.m2/repository/io/micrometer/micrometer-commons/1.11.0/micrometer-commons-1.11.0.jar:/Users/paffen/.m2/repository/org/springframework/spring-webmvc/6.0.9/spring-webmvc-6.0.9.jar:/Users/paffen/.m2/repository/org/projectlombok/lombok/1.18.26/lombok-1.18.26.jar:/Users/paffen/.m2/repository/org/springframework/boot/spring-boot-starter-data-mongodb/3.1.0/spring-boot-starter-data-mongodb-3.1.0.jar:/Users/paffen/.m2/repository/org/mongodb/mongodb-driver-sync/4.9.1/mongodb-driver-sync-4.9.1.jar:/Users/paffen/.m2/repository/org/mongodb/bson/4.9.1/bson-4.9.1.jar:/Users/paffen/.m2/repository/org/springframework/boot/spring-boot-starter-security/3.1.0/spring-boot-starter-security-3.1.0.jar:/Users/paffen/.m2/repository/org/springframework/spring-aop/6.0.9/spring-aop-6.0.9.jar:/Users/paffen/.m2/repository/org/springframework/security/spring-security-config/6.1.0/spring-security-config-6.1.0.jar:/Users/paffen/.m2/repository/org/springframework/security/spring-security-web/6.1.0/spring-security-web-6.1.0.jar:/Users/paffen/.m2/repository/de/flapdoodle/embed/de.flapdoodle.embed.mongo/4.6.2/de.flapdoodle.embed.mongo-4.6.2.jar:/Users/paffen/.m2/repository/de/flapdoodle/embed/de.flapdoodle.embed.process/4.6.1/de.flapdoodle.embed.process-4.6.1.jar:/Users/paffen/.m2/repository/de/flapdoodle/reverse/de.flapdoodle.reverse/1.5.2/de.flapdoodle.reverse-1.5.2.jar:/Users/paffen/.m2/repository/de/flapdoodle/graph/de.flapdoodle.graph/1.2.3/de.flapdoodle.graph-1.2.3.jar:/Users/paffen/.m2/repository/org/jgrapht/jgrapht-core/1.4.0/jgrapht-core-1.4.0.jar:/Users/paffen/.m2/repository/org/jheaps/jheaps/0.11/jheaps-0.11.jar:/Users/paffen/.m2/repository/de/flapdoodle/java8/de.flapdoodle.java8/1.3.2/de.flapdoodle.java8-1.3.2.jar:/Users/paffen/.m2/repository/org/apache/commons/commons-lang3/3.12.0/commons-lang3-3.12.0.jar:/Users/paffen/.m2/repository/org/apache/commons/commons-compress/1.22/commons-compress-1.22.jar:/Users/paffen/.m2/repository/net/java/dev/jna/jna/5.13.0/jna-5.13.0.jar:/Users/paffen/.m2/repository/net/java/dev/jna/jna-platform/5.13.0/jna-platform-5.13.0.jar:/Users/paffen/.m2/repository/de/flapdoodle/de.flapdoodle.os-api/1.3.1/de.flapdoodle.os-api-1.3.1.jar:/Users/paffen/.m2/repository/de/flapdoodle/embed/de.flapdoodle.embed.mongo.packageresolver/4.5.3/de.flapdoodle.embed.mongo.packageresolver-4.5.3.jar:/Users/paffen/.m2/repository/de/flapdoodle/de.flapdoodle.os/1.3.3/de.flapdoodle.os-1.3.3.jar:/Users/paffen/.m2/repository/org/apache/maven/plugins/maven-surefire-plugin/2.22.2/maven-surefire-plugin-2.22.2.jar:/Users/paffen/.m2/repository/org/apache/maven/surefire/maven-surefire-common/2.22.2/maven-surefire-common-2.22.2.jar:/Users/paffen/.m2/repository/org/apache/maven/maven-plugin-api/2.2.1/maven-plugin-api-2.2.1.jar:/Users/paffen/.m2/repository/org/apache/maven/plugin-tools/maven-plugin-annotations/3.6.4/maven-plugin-annotations-3.6.4.jar:/Users/paffen/.m2/repository/org/apache/maven/surefire/surefire-api/2.22.2/surefire-api-2.22.2.jar:/Users/paffen/.m2/repository/org/apache/maven/surefire/surefire-logger-api/2.22.2/surefire-logger-api-2.22.2.jar:/Users/paffen/.m2/repository/org/apache/maven/surefire/surefire-booter/2.22.2/surefire-booter-2.22.2.jar:/Users/paffen/.m2/repository/org/apache/maven/maven-artifact/2.2.1/maven-artifact-2.2.1.jar:/Users/paffen/.m2/repository/org/codehaus/plexus/plexus-utils/1.5.15/plexus-utils-1.5.15.jar:/Users/paffen/.m2/repository/org/apache/maven/maven-plugin-descriptor/2.2.1/maven-plugin-descriptor-2.2.1.jar:/Users/paffen/.m2/repository/org/codehaus/plexus/plexus-container-default/1.0-alpha-9-stable-1/plexus-container-default-1.0-alpha-9-stable-1.jar:/Users/paffen/.m2/repository/org/apache/maven/maven-project/2.2.1/maven-project-2.2.1.jar:/Users/paffen/.m2/repository/org/apache/maven/maven-settings/2.2.1/maven-settings-2.2.1.jar:/Users/paffen/.m2/repository/org/apache/maven/maven-profile/2.2.1/maven-profile-2.2.1.jar:/Users/paffen/.m2/repository/org/apache/maven/maven-artifact-manager/2.2.1/maven-artifact-manager-2.2.1.jar:/Users/paffen/.m2/repository/backport-util-concurrent/backport-util-concurrent/3.1/backport-util-concurrent-3.1.jar:/Users/paffen/.m2/repository/org/apache/maven/maven-plugin-registry/2.2.1/maven-plugin-registry-2.2.1.jar:/Users/paffen/.m2/repository/org/codehaus/plexus/plexus-interpolation/1.11/plexus-interpolation-1.11.jar:/Users/paffen/.m2/repository/org/apache/maven/maven-model/2.2.1/maven-model-2.2.1.jar:/Users/paffen/.m2/repository/org/apache/maven/maven-core/2.2.1/maven-core-2.2.1.jar:/Users/paffen/.m2/repository/org/apache/maven/maven-plugin-parameter-documenter/2.2.1/maven-plugin-parameter-documenter-2.2.1.jar:/Users/paffen/.m2/repository/org/apache/maven/wagon/wagon-http/1.0-beta-6/wagon-http-1.0-beta-6.jar:/Users/paffen/.m2/repository/org/apache/maven/wagon/wagon-http-shared/1.0-beta-6/wagon-http-shared-1.0-beta-6.jar:/Users/paffen/.m2/repository/nekohtml/xercesMinimal/1.9.6.2/xercesMinimal-1.9.6.2.jar:/Users/paffen/.m2/repository/nekohtml/nekohtml/1.9.6.2/nekohtml-1.9.6.2.jar:/Users/paffen/.m2/repository/commons-httpclient/commons-httpclient/3.1/commons-httpclient-3.1.jar:/Users/paffen/.m2/repository/commons-codec/commons-codec/1.15/commons-codec-1.15.jar:/Users/paffen/.m2/repository/org/apache/maven/wagon/wagon-webdav-jackrabbit/1.0-beta-6/wagon-webdav-jackrabbit-1.0-beta-6.jar:/Users/paffen/.m2/repository/org/apache/jackrabbit/jackrabbit-webdav/1.5.0/jackrabbit-webdav-1.5.0.jar:/Users/paffen/.m2/repository/org/apache/jackrabbit/jackrabbit-jcr-commons/1.5.0/jackrabbit-jcr-commons-1.5.0.jar:/Users/paffen/.m2/repository/org/slf4j/slf4j-nop/2.0.7/slf4j-nop-2.0.7.jar:/Users/paffen/.m2/repository/org/slf4j/slf4j-jdk14/2.0.7/slf4j-jdk14-2.0.7.jar:/Users/paffen/.m2/repository/org/slf4j/jcl-over-slf4j/2.0.7/jcl-over-slf4j-2.0.7.jar:/Users/paffen/.m2/repository/org/apache/maven/reporting/maven-reporting-api/2.2.1/maven-reporting-api-2.2.1.jar:/Users/paffen/.m2/repository/org/apache/maven/doxia/doxia-logging-api/1.1/doxia-logging-api-1.1.jar:/Users/paffen/.m2/repository/org/apache/maven/wagon/wagon-provider-api/1.0-beta-6/wagon-provider-api-1.0-beta-6.jar:/Users/paffen/.m2/repository/org/apache/maven/maven-repository-metadata/2.2.1/maven-repository-metadata-2.2.1.jar:/Users/paffen/.m2/repository/org/apache/maven/maven-error-diagnostics/2.2.1/maven-error-diagnostics-2.2.1.jar:/Users/paffen/.m2/repository/org/apache/maven/maven-monitor/2.2.1/maven-monitor-2.2.1.jar:/Users/paffen/.m2/repository/classworlds/classworlds/1.1/classworlds-1.1.jar:/Users/paffen/.m2/repository/org/sonatype/plexus/plexus-sec-dispatcher/1.3/plexus-sec-dispatcher-1.3.jar:/Users/paffen/.m2/repository/org/sonatype/plexus/plexus-cipher/1.4/plexus-cipher-1.4.jar:/Users/paffen/.m2/repository/org/apache/maven/maven-toolchain/2.2.1/maven-toolchain-2.2.1.jar:/Users/paffen/.m2/repository/org/codehaus/plexus/plexus-java/0.9.10/plexus-java-0.9.10.jar:/Users/paffen/.m2/repository/org/ow2/asm/asm/6.2/asm-6.2.jar:/Users/paffen/.m2/repository/com/thoughtworks/qdox/qdox/2.0-M8/qdox-2.0-M8.jar:/Users/paffen/.m2/repository/org/springframework/boot/spring-boot-starter-test/3.1.0/spring-boot-starter-test-3.1.0.jar:/Users/paffen/.m2/repository/org/springframework/boot/spring-boot-test/3.1.0/spring-boot-test-3.1.0.jar:/Users/paffen/.m2/repository/org/springframework/boot/spring-boot-test-autoconfigure/3.1.0/spring-boot-test-autoconfigure-3.1.0.jar:/Users/paffen/.m2/repository/com/jayway/jsonpath/json-path/2.8.0/json-path-2.8.0.jar:/Users/paffen/.m2/repository/jakarta/xml/bind/jakarta.xml.bind-api/4.0.0/jakarta.xml.bind-api-4.0.0.jar:/Users/paffen/.m2/repository/jakarta/activation/jakarta.activation-api/2.1.2/jakarta.activation-api-2.1.2.jar:/Users/paffen/.m2/repository/net/minidev/json-smart/2.4.10/json-smart-2.4.10.jar:/Users/paffen/.m2/repository/net/minidev/accessors-smart/2.4.9/accessors-smart-2.4.9.jar:/Users/paffen/.m2/repository/org/assertj/assertj-core/3.24.2/assertj-core-3.24.2.jar:/Users/paffen/.m2/repository/net/bytebuddy/byte-buddy/1.14.4/byte-buddy-1.14.4.jar:/Users/paffen/.m2/repository/org/hamcrest/hamcrest/2.2/hamcrest-2.2.jar:/Users/paffen/.m2/repository/org/junit/jupiter/junit-jupiter/5.9.3/junit-jupiter-5.9.3.jar:/Users/paffen/.m2/repository/org/junit/jupiter/junit-jupiter-params/5.9.3/junit-jupiter-params-5.9.3.jar:/Users/paffen/.m2/repository/org/junit/jupiter/junit-jupiter-engine/5.9.3/junit-jupiter-engine-5.9.3.jar:/Users/paffen/.m2/repository/org/junit/platform/junit-platform-engine/1.9.3/junit-platform-engine-1.9.3.jar:/Users/paffen/.m2/repository/org/mockito/mockito-core/5.3.1/mockito-core-5.3.1.jar:/Users/paffen/.m2/repository/net/bytebuddy/byte-buddy-agent/1.14.4/byte-buddy-agent-1.14.4.jar:/Users/paffen/.m2/repository/org/objenesis/objenesis/3.3/objenesis-3.3.jar:/Users/paffen/.m2/repository/org/mockito/mockito-junit-jupiter/5.3.1/mockito-junit-jupiter-5.3.1.jar:/Users/paffen/.m2/repository/org/skyscreamer/jsonassert/1.5.1/jsonassert-1.5.1.jar:/Users/paffen/.m2/repository/com/vaadin/external/google/android-json/0.0.20131108.vaadin1/android-json-0.0.20131108.vaadin1.jar:/Users/paffen/.m2/repository/org/springframework/spring-core/6.0.9/spring-core-6.0.9.jar:/Users/paffen/.m2/repository/org/springframework/spring-jcl/6.0.9/spring-jcl-6.0.9.jar:/Users/paffen/.m2/repository/org/springframework/spring-test/6.0.9/spring-test-6.0.9.jar:/Users/paffen/.m2/repository/org/xmlunit/xmlunit-core/2.9.1/xmlunit-core-2.9.1.jar:/Users/paffen/.m2/repository/de/flapdoodle/embed/de.flapdoodle.embed.mongo.spring30x/4.6.2/de.flapdoodle.embed.mongo.spring30x-4.6.2.jar:/Users/paffen/.m2/repository/org/springframework/boot/spring-boot-properties-migrator/3.1.0/spring-boot-properties-migrator-3.1.0.jar:/Users/paffen/.m2/repository/org/springframework/boot/spring-boot-configuration-metadata/3.1.0/spring-boot-configuration-metadata-3.1.0.jar:/Users/paffen/.m2/repository/org/springframework/security/spring-security-test/6.1.0/spring-security-test-6.1.0.jar:/Users/paffen/.m2/repository/org/springframework/security/spring-security-core/6.1.0/spring-security-core-6.1.0.jar:/Users/paffen/.m2/repository/org/springframework/security/spring-security-crypto/6.1.0/spring-security-crypto-6.1.0.jar:/Users/paffen/.m2/repository/org/bouncycastle/bcprov-jdk15on/1.70/bcprov-jdk15on-1.70.jar:/Users/paffen/.m2/repository/org/springframework/data/spring-data-mongodb/4.1.0/spring-data-mongodb-4.1.0.jar:/Users/paffen/.m2/repository/org/springframework/spring-tx/6.0.9/spring-tx-6.0.9.jar:/Users/paffen/.m2/repository/org/springframework/spring-context/6.0.9/spring-context-6.0.9.jar:/Users/paffen/.m2/repository/org/springframework/spring-beans/6.0.9/spring-beans-6.0.9.jar:/Users/paffen/.m2/repository/org/springframework/spring-expression/6.0.9/spring-expression-6.0.9.jar:/Users/paffen/.m2/repository/org/springframework/data/spring-data-commons/3.1.0/spring-data-commons-3.1.0.jar:/Users/paffen/.m2/repository/org/mongodb/mongodb-driver-core/4.9.1/mongodb-driver-core-4.9.1.jar:/Users/paffen/.m2/repository/org/mongodb/bson-record-codec/4.9.1/bson-record-codec-4.9.1.jar:/Users/paffen/.m2/repository/org/slf4j/slf4j-api/2.0.7/slf4j-api-2.0.7.jar:/Users/paffen/.m2/repository/junit/junit/4.13.2/junit-4.13.2.jar:/Users/paffen/.m2/repository/org/hamcrest/hamcrest-core/2.2/hamcrest-core-2.2.jar:/Users/paffen/.m2/repository/org/springdoc/springdoc-openapi-starter-webmvc-ui/2.0.0/springdoc-openapi-starter-webmvc-ui-2.0.0.jar:/Users/paffen/.m2/repository/org/springdoc/springdoc-openapi-starter-webmvc-api/2.0.0/springdoc-openapi-starter-webmvc-api-2.0.0.jar:/Users/paffen/.m2/repository/org/springdoc/springdoc-openapi-starter-common/2.0.0/springdoc-openapi-starter-common-2.0.0.jar:/Users/paffen/.m2/repository/io/swagger/core/v3/swagger-core-jakarta/2.2.7/swagger-core-jakarta-2.2.7.jar:/Users/paffen/.m2/repository/io/swagger/core/v3/swagger-annotations-jakarta/2.2.7/swagger-annotations-jakarta-2.2.7.jar:/Users/paffen/.m2/repository/io/swagger/core/v3/swagger-models-jakarta/2.2.7/swagger-models-jakarta-2.2.7.jar:/Users/paffen/.m2/repository/com/fasterxml/jackson/dataformat/jackson-dataformat-yaml/2.15.0/jackson-dataformat-yaml-2.15.0.jar:/Users/paffen/.m2/repository/org/webjars/swagger-ui/4.15.5/swagger-ui-4.15.5.jar:/Users/paffen/.m2/repository/org/webjars/webjars-locator-core/0.52/webjars-locator-core-0.52.jar:/Users/paffen/.m2/repository/io/github/classgraph/classgraph/4.8.149/classgraph-4.8.149.jar:/Users/paffen/.m2/repository/org/junit/jupiter/junit-jupiter-api/5.9.3/junit-jupiter-api-5.9.3.jar:/Users/paffen/.m2/repository/org/opentest4j/opentest4j/1.2.0/opentest4j-1.2.0.jar:/Users/paffen/.m2/repository/org/junit/platform/junit-platform-commons/1.9.3/junit-platform-commons-1.9.3.jar:/Users/paffen/.m2/repository/org/apiguardian/apiguardian-api/1.1.2/apiguardian-api-1.1.2.jar:/Users/paffen/.m2/repository/org/springframework/boot/spring-boot-starter-data-jpa/3.1.0/spring-boot-starter-data-jpa-3.1.0.jar:/Users/paffen/.m2/repository/org/springframework/boot/spring-boot-starter-aop/3.1.0/spring-boot-starter-aop-3.1.0.jar:/Users/paffen/.m2/repository/org/aspectj/aspectjweaver/1.9.19/aspectjweaver-1.9.19.jar:/Users/paffen/.m2/repository/org/springframework/boot/spring-boot-starter-jdbc/3.1.0/spring-boot-starter-jdbc-3.1.0.jar:/Users/paffen/.m2/repository/com/zaxxer/HikariCP/5.0.1/HikariCP-5.0.1.jar:/Users/paffen/.m2/repository/org/springframework/spring-jdbc/6.0.9/spring-jdbc-6.0.9.jar:/Users/paffen/.m2/repository/org/hibernate/orm/hibernate-core/6.2.2.Final/hibernate-core-6.2.2.Final.jar:/Users/paffen/.m2/repository/jakarta/persistence/jakarta.persistence-api/3.1.0/jakarta.persistence-api-3.1.0.jar:/Users/paffen/.m2/repository/jakarta/transaction/jakarta.transaction-api/2.0.1/jakarta.transaction-api-2.0.1.jar:/Users/paffen/.m2/repository/org/jboss/logging/jboss-logging/3.5.0.Final/jboss-logging-3.5.0.Final.jar:/Users/paffen/.m2/repository/org/hibernate/common/hibernate-commons-annotations/6.0.6.Final/hibernate-commons-annotations-6.0.6.Final.jar:/Users/paffen/.m2/repository/io/smallrye/jandex/3.0.5/jandex-3.0.5.jar:/Users/paffen/.m2/repository/com/fasterxml/classmate/1.5.1/classmate-1.5.1.jar:/Users/paffen/.m2/repository/org/glassfish/jaxb/jaxb-runtime/4.0.2/jaxb-runtime-4.0.2.jar:/Users/paffen/.m2/repository/org/glassfish/jaxb/jaxb-core/4.0.2/jaxb-core-4.0.2.jar:/Users/paffen/.m2/repository/org/eclipse/angus/angus-activation/2.0.0/angus-activation-2.0.0.jar:/Users/paffen/.m2/repository/org/glassfish/jaxb/txw2/4.0.2/txw2-4.0.2.jar:/Users/paffen/.m2/repository/com/sun/istack/istack-commons-runtime/4.1.1/istack-commons-runtime-4.1.1.jar:/Users/paffen/.m2/repository/jakarta/inject/jakarta.inject-api/2.0.1/jakarta.inject-api-2.0.1.jar:/Users/paffen/.m2/repository/org/antlr/antlr4-runtime/4.10.1/antlr4-runtime-4.10.1.jar:/Users/paffen/.m2/repository/org/springframework/data/spring-data-jpa/3.1.0/spring-data-jpa-3.1.0.jar:/Users/paffen/.m2/repository/org/springframework/spring-orm/6.0.9/spring-orm-6.0.9.jar:/Users/paffen/.m2/repository/org/springframework/spring-aspects/6.0.9/spring-aspects-6.0.9.jar:/Users/paffen/.m2/repository/com/h2database/h2/1.4.200/h2-1.4.200.jar:/Users/paffen/.m2/repository/org/springframework/boot/spring-boot-starter-validation/3.1.0/spring-boot-starter-validation-3.1.0.jar:/Users/paffen/.m2/repository/org/apache/tomcat/embed/tomcat-embed-el/10.1.8/tomcat-embed-el-10.1.8.jar:/Users/paffen/.m2/repository/org/hibernate/validator/hibernate-validator/8.0.0.Final/hibernate-validator-8.0.0.Final.jar:/Users/paffen/.m2/repository/jakarta/validation/jakarta.validation-api/3.0.2/jakarta.validation-api-3.0.2.jar:"/>
    <property name="sun.cpu.endian" value="little"/>
    <property name="user.home" value="/Users/paffen"/>
    <property name="user.language" value="de"/>
    <property name="java.specification.vendor" value="Oracle Corporation"/>
    <property name="java.version.date" value="2023-07-18"/>
    <property name="java.home" value="/Users/paffen/Library/Java/JavaVirtualMachines/corretto-20.0.2/Contents/Home"/>
    <property name="file.separator" value="/"/>
    <property name="basedir" value="/Users/paffen/IdeaProjects/capstone-foodspot/backend"/>
    <property name="java.vm.compressedOopsMode" value="Zero based"/>
    <property name="line.separator" value="&#10;"/>
    <property name="java.vm.specification.vendor" value="Oracle Corporation"/>
    <property name="java.specification.name" value="Java Platform API Specification"/>
    <property name="FILE_LOG_CHARSET" value="UTF-8"/>
    <property name="java.awt.headless" value="true"/>
    <property name="apple.awt.application.name" value="ForkedBooter"/>
    <property name="surefire.real.class.path" value="/Users/paffen/IdeaProjects/capstone-foodspot/backend/target/surefire/surefirebooter-20240725185433359_3.jar"/>
    <property name="sun.management.compiler" value="HotSpot 64-Bit Tiered Compilers"/>
    <property name="ftp.nonProxyHosts" value="local|*.local|169.254/16|*.169.254/16"/>
    <property name="java.runtime.version" value="20.0.2+9-FR"/>
    <property name="user.name" value="paffen"/>
    <property name="stdout.encoding" value="UTF-8"/>
    <property name="path.separator" value=":"/>
    <property name="os.version" value="14.5"/>
    <property name="java.runtime.name" value="OpenJDK Runtime Environment"/>
    <property name="file.encoding" value="UTF-8"/>
    <property name="java.vm.name" value="OpenJDK 64-Bit Server VM"/>
    <property name="java.vendor.version" value="Corretto-20.0.2.9.1"/>
    <property name="localRepository" value="/Users/paffen/.m2/repository"/>
    <property name="java.vendor.url.bug" value="https://github.com/corretto/corretto-20/issues/"/>
    <property name="java.io.tmpdir" value="/var/folders/dr/fk5c4mdx63g076r3v55pvq740000gn/T/"/>
    <property name="idea.version" value="2023.1.4"/>
    <property name="com.zaxxer.hikari.pool_number" value="6"/>
    <property name="java.version" value="20.0.2"/>
    <property name="user.dir" value="/Users/paffen/IdeaProjects/capstone-foodspot/backend"/>
    <property name="os.arch" value="aarch64"/>
    <property name="java.vm.specification.name" value="Java Virtual Machine Specification"/>
    <property name="PID" value="38737"/>
    <property name="CONSOLE_LOG_CHARSET" value="UTF-8"/>
    <property name="native.encoding" value="UTF-8"/>
    <property name="java.library.path" value="/Users/paffen/Library/Java/Extensions:/Library/Java/Extensions:/Network/Library/Java/Extensions:/System/Library/Java/Extensions:/usr/lib/java:."/>
    <property name="java.vm.info" value="mixed mode, sharing"/>
    <property name="stderr.encoding" value="UTF-8"/>
    <property name="java.vendor" value="Amazon.com Inc."/>
    <property name="java.vm.version" value="20.0.2+9-FR"/>
    <property name="sun.io.unicode.encoding" value="UnicodeBig"/>
    <property name="socksNonProxyHosts" value="local|*.local|169.254/16|*.169.254/16"/>
    <property name="java.class.version" value="64.0"/>
  </properties>
  <testcase name="logout_expect_200" classname="de.neuefische.backend.controllers.UserControllerIntegrationTest" time="0.041">
    <system-out><![CDATA[2024-07-25T18:54:52.428+02:00  INFO 38737 --- [           main] t.c.s.AnnotationConfigContextLoaderUtils : Could not detect default configuration classes for test class [de.neuefische.backend.controllers.UserControllerIntegrationTest]: UserControllerIntegrationTest does not declare any static, non-private, non-final, nested classes annotated with @Configuration.
2024-07-25T18:54:52.431+02:00  INFO 38737 --- [           main] .b.t.c.SpringBootTestContextBootstrapper : Found @SpringBootConfiguration de.neuefische.backend.BackendApplication for test class de.neuefische.backend.controllers.UserControllerIntegrationTest
]]></system-out>
  </testcase>
  <testcase name="registerUser" classname="de.neuefische.backend.controllers.UserControllerIntegrationTest" time="0.994">
    <system-out><![CDATA[2024-07-25T18:54:53.119+02:00  INFO 38737 --- [      Thread-11] d.f.e.m.s.autoconfigure.EmbeddedMongo    : {"t":{"$date":"2024-07-25T18:54:53.119+02:00"},"s":"I",  "c":"NETWORK",  "id":22943,   "ctx":"listener","msg":"Connection accepted","attr":{"remote":"127.0.0.1:60308","uuid":"3fa4885d-9f8e-4500-972a-bb336f62ba9a","connectionId":3,"connectionCount":3}}
2024-07-25T18:54:53.120+02:00  INFO 38737 --- [      Thread-11] d.f.e.m.s.autoconfigure.EmbeddedMongo    : {"t":{"$date":"2024-07-25T18:54:53.120+02:00"},"s":"I",  "c":"NETWORK",  "id":51800,   "ctx":"conn3","msg":"client metadata","attr":{"remote":"127.0.0.1:60308","client":"conn3","doc":{"driver":{"name":"mongo-java-driver|sync|spring-boot","version":"4.9.1"},"os":{"type":"Darwin","name":"Mac OS X","architecture":"aarch64","version":"14.5"},"platform":"Java/Amazon.com Inc./20.0.2+9-FR"}}}
2024-07-25T18:54:53.133+02:00  INFO 38737 --- [      Thread-11] d.f.e.m.s.autoconfigure.EmbeddedMongo    : {"t":{"$date":"2024-07-25T18:54:53.133+02:00"},"s":"I",  "c":"STORAGE",  "id":20320,   "ctx":"conn3","msg":"createCollection","attr":{"namespace":"test.users","uuidDisposition":"generated","uuid":{"uuid":{"$uuid":"66dc9202-c2ab-4646-87ad-bb9384a0dc99"}},"options":{}}}
2024-07-25T18:54:53.173+02:00  INFO 38737 --- [      Thread-11] d.f.e.m.s.autoconfigure.EmbeddedMongo    : {"t":{"$date":"2024-07-25T18:54:53.173+02:00"},"s":"I",  "c":"INDEX",    "id":20345,   "ctx":"conn3","msg":"Index build: done building","attr":{"buildUUID":null,"collectionUUID":{"uuid":{"$uuid":"66dc9202-c2ab-4646-87ad-bb9384a0dc99"}},"namespace":"test.users","index":"_id_","ident":"index-8-1940634672801119253","collectionIdent":"collection-7-1940634672801119253","commitTimestamp":null}}
2024-07-25T18:54:53.183+02:00  INFO 38737 --- [      Thread-11] d.f.e.m.s.autoconfigure.EmbeddedMongo    : {"t":{"$date":"2024-07-25T18:54:53.183+02:00"},"s":"I",  "c":"NETWORK",  "id":22944,   "ctx":"conn3","msg":"Connection ended","attr":{"remote":"127.0.0.1:60308","uuid":"3fa4885d-9f8e-4500-972a-bb336f62ba9a","connectionId":3,"connectionCount":2}}
2024-07-25T18:54:53.183+02:00  INFO 38737 --- [      Thread-11] d.f.e.m.s.autoconfigure.EmbeddedMongo    : {"t":{"$date":"2024-07-25T18:54:53.183+02:00"},"s":"I",  "c":"NETWORK",  "id":22944,   "ctx":"conn2","msg":"Connection ended","attr":{"remote":"127.0.0.1:60303","uuid":"abbd9476-8104-4463-a01a-bbbafe853fef","connectionId":2,"connectionCount":1}}
2024-07-25T18:54:53.183+02:00  INFO 38737 --- [      Thread-11] d.f.e.m.s.autoconfigure.EmbeddedMongo    : {"t":{"$date":"2024-07-25T18:54:53.183+02:00"},"s":"I",  "c":"NETWORK",  "id":22943,   "ctx":"listener","msg":"Connection accepted","attr":{"remote":"127.0.0.1:60309","uuid":"1c8e6b42-d01f-4ea4-8bdd-916a473f7c22","connectionId":4,"connectionCount":2}}
2024-07-25T18:54:53.183+02:00  INFO 38737 --- [      Thread-11] d.f.e.m.s.autoconfigure.EmbeddedMongo    : {"t":{"$date":"2024-07-25T18:54:53.183+02:00"},"s":"W",  "c":"COMMAND",  "id":5578800, "ctx":"conn4","msg":"Received wire protocol op code or command that is no longer supported. The client driver may require an upgrade. For more details see https://dochub.mongodb.org/core/legacy-opcode-removal","attr":{"op":"query","clientInfo":{"address":"127.0.0.1:60309"}}}
2024-07-25T18:54:53.183+02:00 ERROR 38737 --- [           main] d.flapdoodle.embed.mongo.runtime.Mongod  : Got some response, should be an error message
2024-07-25T18:54:53.184+02:00  INFO 38737 --- [      Thread-11] d.f.e.m.s.autoconfigure.EmbeddedMongo    : {"t":{"$date":"2024-07-25T18:54:53.183+02:00"},"s":"I",  "c":"NETWORK",  "id":22944,   "ctx":"conn4","msg":"Connection ended","attr":{"remote":"127.0.0.1:60309","uuid":"1c8e6b42-d01f-4ea4-8bdd-916a473f7c22","connectionId":4,"connectionCount":1}}
2024-07-25T18:54:53.289+02:00  INFO 38737 --- [      Thread-11] d.f.e.m.s.autoconfigure.EmbeddedMongo    : {"t":{"$date":"2024-07-25T18:54:53.289+02:00"},"s":"I",  "c":"NETWORK",  "id":22943,   "ctx":"listener","msg":"Connection accepted","attr":{"remote":"127.0.0.1:60310","uuid":"86909bcf-f600-4bc1-9676-12df4d315de6","connectionId":5,"connectionCount":2}}
2024-07-25T18:54:53.289+02:00  INFO 38737 --- [      Thread-11] d.f.e.m.s.autoconfigure.EmbeddedMongo    : {"t":{"$date":"2024-07-25T18:54:53.289+02:00"},"s":"I",  "c":"COMMAND",  "id":4695400, "ctx":"conn5","msg":"Terminating via shutdown command","attr":{"force":false,"timeoutMillis":15000}}
2024-07-25T18:54:53.289+02:00  INFO 38737 --- [      Thread-11] d.f.e.m.s.autoconfigure.EmbeddedMongo    : {"t":{"$date":"2024-07-25T18:54:53.289+02:00"},"s":"I",  "c":"REPL",     "id":4794602, "ctx":"thread31","msg":"Attempting to enter quiesce mode"}
2024-07-25T18:54:53.289+02:00  INFO 38737 --- [      Thread-11] d.f.e.m.s.autoconfigure.EmbeddedMongo    : {"t":{"$date":"2024-07-25T18:54:53.289+02:00"},"s":"I",  "c":"-",        "id":6371601, "ctx":"thread31","msg":"Shutting down the FLE Crud thread pool"}
2024-07-25T18:54:53.289+02:00  INFO 38737 --- [      Thread-11] d.f.e.m.s.autoconfigure.EmbeddedMongo    : {"t":{"$date":"2024-07-25T18:54:53.289+02:00"},"s":"I",  "c":"COMMAND",  "id":4784901, "ctx":"thread31","msg":"Shutting down the MirrorMaestro"}
2024-07-25T18:54:53.289+02:00  INFO 38737 --- [      Thread-11] d.f.e.m.s.autoconfigure.EmbeddedMongo    : {"t":{"$date":"2024-07-25T18:54:53.289+02:00"},"s":"I",  "c":"SHARDING", "id":4784902, "ctx":"thread31","msg":"Shutting down the WaitForMajorityService"}
2024-07-25T18:54:53.289+02:00  INFO 38737 --- [      Thread-11] d.f.e.m.s.autoconfigure.EmbeddedMongo    : {"t":{"$date":"2024-07-25T18:54:53.289+02:00"},"s":"I",  "c":"CONTROL",  "id":4784903, "ctx":"thread31","msg":"Shutting down the LogicalSessionCache"}
2024-07-25T18:54:53.290+02:00  INFO 38737 --- [      Thread-11] d.f.e.m.s.autoconfigure.EmbeddedMongo    : {"t":{"$date":"2024-07-25T18:54:53.290+02:00"},"s":"I",  "c":"NETWORK",  "id":20562,   "ctx":"thread31","msg":"Shutdown: going to close listening sockets"}
2024-07-25T18:54:53.290+02:00  INFO 38737 --- [      Thread-11] d.f.e.m.s.autoconfigure.EmbeddedMongo    : {"t":{"$date":"2024-07-25T18:54:53.290+02:00"},"s":"I",  "c":"NETWORK",  "id":23017,   "ctx":"listener","msg":"removing socket file","attr":{"path":"/tmp/mongodb-60293.sock"}}
2024-07-25T18:54:53.290+02:00  INFO 38737 --- [      Thread-11] d.f.e.m.s.autoconfigure.EmbeddedMongo    : {"t":{"$date":"2024-07-25T18:54:53.290+02:00"},"s":"I",  "c":"NETWORK",  "id":4784905, "ctx":"thread31","msg":"Shutting down the global connection pool"}
2024-07-25T18:54:53.290+02:00  INFO 38737 --- [      Thread-11] d.f.e.m.s.autoconfigure.EmbeddedMongo    : {"t":{"$date":"2024-07-25T18:54:53.290+02:00"},"s":"I",  "c":"CONTROL",  "id":4784906, "ctx":"thread31","msg":"Shutting down the FlowControlTicketholder"}
2024-07-25T18:54:53.290+02:00  INFO 38737 --- [      Thread-11] d.f.e.m.s.autoconfigure.EmbeddedMongo    : {"t":{"$date":"2024-07-25T18:54:53.290+02:00"},"s":"I",  "c":"-",        "id":20520,   "ctx":"thread31","msg":"Stopping further Flow Control ticket acquisitions."}
2024-07-25T18:54:53.290+02:00  INFO 38737 --- [      Thread-11] d.f.e.m.s.autoconfigure.EmbeddedMongo    : {"t":{"$date":"2024-07-25T18:54:53.290+02:00"},"s":"I",  "c":"CONTROL",  "id":4784908, "ctx":"thread31","msg":"Shutting down the PeriodicThreadToAbortExpiredTransactions"}
2024-07-25T18:54:53.290+02:00  INFO 38737 --- [      Thread-11] d.f.e.m.s.autoconfigure.EmbeddedMongo    : {"t":{"$date":"2024-07-25T18:54:53.290+02:00"},"s":"I",  "c":"REPL",     "id":4784909, "ctx":"thread31","msg":"Shutting down the ReplicationCoordinator"}
2024-07-25T18:54:53.290+02:00  INFO 38737 --- [      Thread-11] d.f.e.m.s.autoconfigure.EmbeddedMongo    : {"t":{"$date":"2024-07-25T18:54:53.290+02:00"},"s":"I",  "c":"SHARDING", "id":4784910, "ctx":"thread31","msg":"Shutting down the ShardingInitializationMongoD"}
2024-07-25T18:54:53.290+02:00  INFO 38737 --- [      Thread-11] d.f.e.m.s.autoconfigure.EmbeddedMongo    : {"t":{"$date":"2024-07-25T18:54:53.290+02:00"},"s":"I",  "c":"REPL",     "id":4784911, "ctx":"thread31","msg":"Enqueuing the ReplicationStateTransitionLock for shutdown"}
2024-07-25T18:54:53.290+02:00  INFO 38737 --- [      Thread-11] d.f.e.m.s.autoconfigure.EmbeddedMongo    : {"t":{"$date":"2024-07-25T18:54:53.290+02:00"},"s":"I",  "c":"-",        "id":4784912, "ctx":"thread31","msg":"Killing all operations for shutdown"}
2024-07-25T18:54:53.290+02:00  INFO 38737 --- [      Thread-11] d.f.e.m.s.autoconfigure.EmbeddedMongo    : {"t":{"$date":"2024-07-25T18:54:53.290+02:00"},"s":"I",  "c":"-",        "id":4695300, "ctx":"thread31","msg":"Interrupted all currently running operations","attr":{"opsKilled":4}}
2024-07-25T18:54:53.290+02:00  INFO 38737 --- [      Thread-11] d.f.e.m.s.autoconfigure.EmbeddedMongo    : {"t":{"$date":"2024-07-25T18:54:53.290+02:00"},"s":"I",  "c":"TENANT_M", "id":5093807, "ctx":"thread31","msg":"Shutting down all TenantMigrationAccessBlockers on global shutdown"}
2024-07-25T18:54:53.290+02:00  INFO 38737 --- [      Thread-11] d.f.e.m.s.autoconfigure.EmbeddedMongo    : {"t":{"$date":"2024-07-25T18:54:53.290+02:00"},"s":"I",  "c":"COMMAND",  "id":4784913, "ctx":"thread31","msg":"Shutting down all open transactions"}
2024-07-25T18:54:53.290+02:00  INFO 38737 --- [      Thread-11] d.f.e.m.s.autoconfigure.EmbeddedMongo    : {"t":{"$date":"2024-07-25T18:54:53.290+02:00"},"s":"I",  "c":"REPL",     "id":4784914, "ctx":"thread31","msg":"Acquiring the ReplicationStateTransitionLock for shutdown"}
2024-07-25T18:54:53.290+02:00  INFO 38737 --- [      Thread-11] d.f.e.m.s.autoconfigure.EmbeddedMongo    : {"t":{"$date":"2024-07-25T18:54:53.290+02:00"},"s":"I",  "c":"INDEX",    "id":4784915, "ctx":"thread31","msg":"Shutting down the IndexBuildsCoordinator"}
2024-07-25T18:54:53.290+02:00  INFO 38737 --- [      Thread-11] d.f.e.m.s.autoconfigure.EmbeddedMongo    : {"t":{"$date":"2024-07-25T18:54:53.290+02:00"},"s":"I",  "c":"NETWORK",  "id":4784918, "ctx":"thread31","msg":"Shutting down the ReplicaSetMonitor"}
2024-07-25T18:54:53.290+02:00  INFO 38737 --- [      Thread-11] d.f.e.m.s.autoconfigure.EmbeddedMongo    : {"t":{"$date":"2024-07-25T18:54:53.290+02:00"},"s":"I",  "c":"SHARDING", "id":4784921, "ctx":"thread31","msg":"Shutting down the MigrationUtilExecutor"}
2024-07-25T18:54:53.290+02:00  INFO 38737 --- [      Thread-11] d.f.e.m.s.autoconfigure.EmbeddedMongo    : {"t":{"$date":"2024-07-25T18:54:53.290+02:00"},"s":"I",  "c":"ASIO",     "id":22582,   "ctx":"MigrationUtil-TaskExecutor","msg":"Killing all outstanding egress activity."}
2024-07-25T18:54:53.290+02:00  INFO 38737 --- [      Thread-11] d.f.e.m.s.autoconfigure.EmbeddedMongo    : {"t":{"$date":"2024-07-25T18:54:53.290+02:00"},"s":"I",  "c":"COMMAND",  "id":4784923, "ctx":"thread31","msg":"Shutting down the ServiceEntryPoint"}
2024-07-25T18:54:53.290+02:00  INFO 38737 --- [      Thread-11] d.f.e.m.s.autoconfigure.EmbeddedMongo    : {"t":{"$date":"2024-07-25T18:54:53.290+02:00"},"s":"I",  "c":"CONTROL",  "id":4784925, "ctx":"thread31","msg":"Shutting down free monitoring"}
2024-07-25T18:54:53.290+02:00  INFO 38737 --- [      Thread-11] d.f.e.m.s.autoconfigure.EmbeddedMongo    : {"t":{"$date":"2024-07-25T18:54:53.290+02:00"},"s":"I",  "c":"CONTROL",  "id":20609,   "ctx":"thread31","msg":"Shutting down free monitoring"}
2024-07-25T18:54:53.290+02:00  INFO 38737 --- [      Thread-11] d.f.e.m.s.autoconfigure.EmbeddedMongo    : {"t":{"$date":"2024-07-25T18:54:53.290+02:00"},"s":"I",  "c":"CONTROL",  "id":4784927, "ctx":"thread31","msg":"Shutting down the HealthLog"}
2024-07-25T18:54:53.291+02:00  INFO 38737 --- [      Thread-11] d.f.e.m.s.autoconfigure.EmbeddedMongo    : {"t":{"$date":"2024-07-25T18:54:53.290+02:00"},"s":"I",  "c":"CONTROL",  "id":4784928, "ctx":"thread31","msg":"Shutting down the TTL monitor"}
2024-07-25T18:54:53.291+02:00  INFO 38737 --- [      Thread-11] d.f.e.m.s.autoconfigure.EmbeddedMongo    : {"t":{"$date":"2024-07-25T18:54:53.290+02:00"},"s":"I",  "c":"INDEX",    "id":3684100, "ctx":"thread31","msg":"Shutting down TTL collection monitor thread"}
2024-07-25T18:54:53.291+02:00  INFO 38737 --- [      Thread-11] d.f.e.m.s.autoconfigure.EmbeddedMongo    : {"t":{"$date":"2024-07-25T18:54:53.290+02:00"},"s":"I",  "c":"INDEX",    "id":3684101, "ctx":"thread31","msg":"Finished shutting down TTL collection monitor thread"}
2024-07-25T18:54:53.291+02:00  INFO 38737 --- [      Thread-11] d.f.e.m.s.autoconfigure.EmbeddedMongo    : {"t":{"$date":"2024-07-25T18:54:53.290+02:00"},"s":"I",  "c":"CONTROL",  "id":6278511, "ctx":"thread31","msg":"Shutting down the Change Stream Expired Pre-images Remover"}
2024-07-25T18:54:53.291+02:00  INFO 38737 --- [      Thread-11] d.f.e.m.s.autoconfigure.EmbeddedMongo    : {"t":{"$date":"2024-07-25T18:54:53.290+02:00"},"s":"I",  "c":"CONTROL",  "id":4784929, "ctx":"thread31","msg":"Acquiring the global lock for shutdown"}
2024-07-25T18:54:53.291+02:00  INFO 38737 --- [      Thread-11] d.f.e.m.s.autoconfigure.EmbeddedMongo    : {"t":{"$date":"2024-07-25T18:54:53.290+02:00"},"s":"I",  "c":"CONTROL",  "id":4784930, "ctx":"thread31","msg":"Shutting down the storage engine"}
2024-07-25T18:54:53.291+02:00  INFO 38737 --- [      Thread-11] d.f.e.m.s.autoconfigure.EmbeddedMongo    : {"t":{"$date":"2024-07-25T18:54:53.290+02:00"},"s":"I",  "c":"STORAGE",  "id":22320,   "ctx":"thread31","msg":"Shutting down journal flusher thread"}
2024-07-25T18:54:53.291+02:00  INFO 38737 --- [      Thread-11] d.f.e.m.s.autoconfigure.EmbeddedMongo    : {"t":{"$date":"2024-07-25T18:54:53.290+02:00"},"s":"I",  "c":"NETWORK",  "id":22944,   "ctx":"conn1","msg":"Connection ended","attr":{"remote":"127.0.0.1:60302","uuid":"3d255d95-90ea-4582-b5d3-cef667fcf8d1","connectionId":1,"connectionCount":1}}
2024-07-25T18:54:53.332+02:00  INFO 38737 --- [      Thread-11] d.f.e.m.s.autoconfigure.EmbeddedMongo    : {"t":{"$date":"2024-07-25T18:54:53.332+02:00"},"s":"I",  "c":"STORAGE",  "id":22321,   "ctx":"thread31","msg":"Finished shutting down journal flusher thread"}
2024-07-25T18:54:53.332+02:00  INFO 38737 --- [      Thread-11] d.f.e.m.s.autoconfigure.EmbeddedMongo    : {"t":{"$date":"2024-07-25T18:54:53.332+02:00"},"s":"I",  "c":"STORAGE",  "id":22322,   "ctx":"thread31","msg":"Shutting down checkpoint thread"}
2024-07-25T18:54:53.332+02:00  INFO 38737 --- [      Thread-11] d.f.e.m.s.autoconfigure.EmbeddedMongo    : {"t":{"$date":"2024-07-25T18:54:53.332+02:00"},"s":"I",  "c":"STORAGE",  "id":22323,   "ctx":"thread31","msg":"Finished shutting down checkpoint thread"}
2024-07-25T18:54:53.332+02:00  INFO 38737 --- [      Thread-11] d.f.e.m.s.autoconfigure.EmbeddedMongo    : {"t":{"$date":"2024-07-25T18:54:53.332+02:00"},"s":"I",  "c":"STORAGE",  "id":20282,   "ctx":"thread31","msg":"Deregistering all the collections"}
2024-07-25T18:54:53.332+02:00  INFO 38737 --- [      Thread-11] d.f.e.m.s.autoconfigure.EmbeddedMongo    : {"t":{"$date":"2024-07-25T18:54:53.332+02:00"},"s":"I",  "c":"STORAGE",  "id":22261,   "ctx":"thread31","msg":"Timestamp monitor shutting down"}
2024-07-25T18:54:53.332+02:00  INFO 38737 --- [      Thread-11] d.f.e.m.s.autoconfigure.EmbeddedMongo    : {"t":{"$date":"2024-07-25T18:54:53.332+02:00"},"s":"I",  "c":"STORAGE",  "id":22317,   "ctx":"thread31","msg":"WiredTigerKVEngine shutting down"}
2024-07-25T18:54:53.332+02:00  INFO 38737 --- [      Thread-11] d.f.e.m.s.autoconfigure.EmbeddedMongo    : {"t":{"$date":"2024-07-25T18:54:53.332+02:00"},"s":"I",  "c":"STORAGE",  "id":22318,   "ctx":"thread31","msg":"Shutting down session sweeper thread"}
2024-07-25T18:54:53.332+02:00  INFO 38737 --- [      Thread-11] d.f.e.m.s.autoconfigure.EmbeddedMongo    : {"t":{"$date":"2024-07-25T18:54:53.332+02:00"},"s":"I",  "c":"STORAGE",  "id":22319,   "ctx":"thread31","msg":"Finished shutting down session sweeper thread"}
2024-07-25T18:54:53.332+02:00  INFO 38737 --- [      Thread-11] d.f.e.m.s.autoconfigure.EmbeddedMongo    : {"t":{"$date":"2024-07-25T18:54:53.332+02:00"},"s":"I",  "c":"STORAGE",  "id":4795902, "ctx":"thread31","msg":"Closing WiredTiger","attr":{"closeConfig":"leak_memory=true,"}}
2024-07-25T18:54:53.359+02:00  INFO 38737 --- [      Thread-11] d.f.e.m.s.autoconfigure.EmbeddedMongo    : {"t":{"$date":"2024-07-25T18:54:53.358+02:00"},"s":"I",  "c":"STORAGE",  "id":4795901, "ctx":"thread31","msg":"WiredTiger closed","attr":{"durationMillis":26}}
2024-07-25T18:54:53.359+02:00  INFO 38737 --- [      Thread-11] d.f.e.m.s.autoconfigure.EmbeddedMongo    : {"t":{"$date":"2024-07-25T18:54:53.358+02:00"},"s":"I",  "c":"STORAGE",  "id":22279,   "ctx":"thread31","msg":"shutdown: removing fs lock..."}
2024-07-25T18:54:53.359+02:00  INFO 38737 --- [      Thread-11] d.f.e.m.s.autoconfigure.EmbeddedMongo    : {"t":{"$date":"2024-07-25T18:54:53.358+02:00"},"s":"I",  "c":"-",        "id":4784931, "ctx":"thread31","msg":"Dropping the scope cache for shutdown"}
2024-07-25T18:54:53.359+02:00  INFO 38737 --- [      Thread-11] d.f.e.m.s.autoconfigure.EmbeddedMongo    : {"t":{"$date":"2024-07-25T18:54:53.358+02:00"},"s":"I",  "c":"FTDC",     "id":20626,   "ctx":"thread31","msg":"Shutting down full-time diagnostic data capture"}
2024-07-25T18:54:53.361+02:00  INFO 38737 --- [      Thread-11] d.f.e.m.s.autoconfigure.EmbeddedMongo    : {"t":{"$date":"2024-07-25T18:54:53.360+02:00"},"s":"I",  "c":"CONTROL",  "id":20565,   "ctx":"thread31","msg":"Now exiting"}
2024-07-25T18:54:53.361+02:00  INFO 38737 --- [      Thread-11] d.f.e.m.s.autoconfigure.EmbeddedMongo    : {"t":{"$date":"2024-07-25T18:54:53.361+02:00"},"s":"I",  "c":"CONTROL",  "id":23138,   "ctx":"thread31","msg":"Shutting down","attr":{"exitCode":0}}
2024-07-25T18:54:53.469+02:00  INFO 38737 --- [           main] j.LocalContainerEntityManagerFactoryBean : Closing JPA EntityManagerFactory for persistence unit 'default'
2024-07-25T18:54:53.470+02:00  INFO 38737 --- [           main] com.zaxxer.hikari.HikariDataSource       : HikariPool-3 - Shutdown initiated...
2024-07-25T18:54:53.470+02:00  INFO 38737 --- [           main] com.zaxxer.hikari.HikariDataSource       : HikariPool-3 - Shutdown completed.
]]></system-out>
  </testcase>
  <testcase name="loginUser_thenReturnStatus200" classname="de.neuefische.backend.controllers.UserControllerIntegrationTest" time="0.293">
    <system-out><![CDATA[
  .   ____          _            __ _ _
 /\\ / ___'_ __ _ _(_)_ __  __ _ \ \ \ \
( ( )\___ | '_ | '_| | '_ \/ _` | \ \ \ \
 \\/  ___)| |_)| | | | | || (_| |  ) ) ) )
  '  |____| .__|_| |_|_| |_\__, | / / / /
 =========|_|==============|___/=/_/_/_/
 :: Spring Boot ::                (v3.1.0)

2024-07-25T18:54:53.484+02:00  INFO 38737 --- [           main] d.n.b.c.UserControllerIntegrationTest    : Starting UserControllerIntegrationTest using Java 20.0.2 with PID 38737 (started by paffen in /Users/paffen/IdeaProjects/capstone-foodspot/backend)
2024-07-25T18:54:53.484+02:00  INFO 38737 --- [           main] d.n.b.c.UserControllerIntegrationTest    : No active profile set, falling back to 1 default profile: "default"
2024-07-25T18:54:53.647+02:00  INFO 38737 --- [           main] .s.d.r.c.RepositoryConfigurationDelegate : Multiple Spring Data modules found, entering strict repository configuration mode
2024-07-25T18:54:53.647+02:00  INFO 38737 --- [           main] .s.d.r.c.RepositoryConfigurationDelegate : Bootstrapping Spring Data JPA repositories in DEFAULT mode.
2024-07-25T18:54:53.651+02:00  INFO 38737 --- [           main] .RepositoryConfigurationExtensionSupport : Spring Data JPA - Could not safely identify store assignment for repository candidate interface de.neuefische.backend.repos.FoodSpotRepo; If you want this repository to be a JPA repository, consider annotating your entities with one of these annotations: jakarta.persistence.Entity, jakarta.persistence.MappedSuperclass (preferred), or consider extending one of the following types with your repository: org.springframework.data.jpa.repository.JpaRepository
2024-07-25T18:54:53.651+02:00  INFO 38737 --- [           main] .RepositoryConfigurationExtensionSupport : Spring Data JPA - Could not safely identify store assignment for repository candidate interface de.neuefische.backend.repos.UserRepo; If you want this repository to be a JPA repository, consider annotating your entities with one of these annotations: jakarta.persistence.Entity, jakarta.persistence.MappedSuperclass (preferred), or consider extending one of the following types with your repository: org.springframework.data.jpa.repository.JpaRepository
2024-07-25T18:54:53.652+02:00  INFO 38737 --- [           main] .s.d.r.c.RepositoryConfigurationDelegate : Finished Spring Data repository scanning in 4 ms. Found 0 JPA repository interfaces.
2024-07-25T18:54:53.656+02:00  INFO 38737 --- [           main] .s.d.r.c.RepositoryConfigurationDelegate : Multiple Spring Data modules found, entering strict repository configuration mode
2024-07-25T18:54:53.656+02:00  INFO 38737 --- [           main] .s.d.r.c.RepositoryConfigurationDelegate : Bootstrapping Spring Data MongoDB repositories in DEFAULT mode.
2024-07-25T18:54:53.660+02:00  INFO 38737 --- [           main] .s.d.r.c.RepositoryConfigurationDelegate : Finished Spring Data repository scanning in 3 ms. Found 2 MongoDB repository interfaces.
2024-07-25T18:54:53.690+02:00  INFO 38737 --- [           main] trationDelegate$BeanPostProcessorChecker : Bean 'de.flapdoodle.embed.mongo.spring.autoconfigure.EmbeddedMongoAutoConfiguration' of type [de.flapdoodle.embed.mongo.spring.autoconfigure.EmbeddedMongoAutoConfiguration] is not eligible for getting processed by all BeanPostProcessors (for example: not eligible for auto-proxying)
2024-07-25T18:54:53.692+02:00  INFO 38737 --- [           main] trationDelegate$BeanPostProcessorChecker : Bean 'de.flapdoodle.mongodb.embedded-de.flapdoodle.embed.mongo.spring.autoconfigure.EmbeddedMongoProperties' of type [de.flapdoodle.embed.mongo.spring.autoconfigure.EmbeddedMongoProperties] is not eligible for getting processed by all BeanPostProcessors (for example: not eligible for auto-proxying)
2024-07-25T18:54:53.694+02:00  INFO 38737 --- [           main] trationDelegate$BeanPostProcessorChecker : Bean 'spring.data.mongodb-org.springframework.boot.autoconfigure.mongo.MongoProperties' of type [org.springframework.boot.autoconfigure.mongo.MongoProperties] is not eligible for getting processed by all BeanPostProcessors (for example: not eligible for auto-proxying)
2024-07-25T18:54:53.709+02:00  INFO 38737 --- [           main] com.zaxxer.hikari.HikariDataSource       : HikariPool-4 - Starting...
2024-07-25T18:54:53.711+02:00  INFO 38737 --- [           main] com.zaxxer.hikari.pool.HikariPool        : HikariPool-4 - Added connection conn30: url=jdbc:h2:mem:c4084013-1f11-492e-9c03-d975382874e8 user=SA
2024-07-25T18:54:53.711+02:00  INFO 38737 --- [           main] com.zaxxer.hikari.HikariDataSource       : HikariPool-4 - Start completed.
2024-07-25T18:54:53.712+02:00  INFO 38737 --- [           main] o.hibernate.jpa.internal.util.LogHelper  : HHH000204: Processing PersistenceUnitInfo [name: default]
2024-07-25T18:54:53.715+02:00  INFO 38737 --- [           main] o.h.b.i.BytecodeProviderInitiator        : HHH000021: Bytecode provider name : bytebuddy
2024-07-25T18:54:53.716+02:00  INFO 38737 --- [           main] o.s.o.j.p.SpringPersistenceUnitInfo      : No LoadTimeWeaver setup: ignoring JPA class transformer
2024-07-25T18:54:53.716+02:00  INFO 38737 --- [           main] org.hibernate.orm.dialect                : HHH035001: Using dialect: org.hibernate.dialect.H2Dialect, version: 1.4.200
2024-07-25T18:54:53.720+02:00  INFO 38737 --- [           main] o.h.b.i.BytecodeProviderInitiator        : HHH000021: Bytecode provider name : bytebuddy
2024-07-25T18:54:53.723+02:00  INFO 38737 --- [           main] o.h.e.t.j.p.i.JtaPlatformInitiator       : HHH000490: Using JtaPlatform implementation: [org.hibernate.engine.transaction.jta.platform.internal.NoJtaPlatform]
2024-07-25T18:54:53.723+02:00  INFO 38737 --- [           main] j.LocalContainerEntityManagerFactoryBean : Initialized JPA EntityManagerFactory for persistence unit 'default'
2024-07-25T18:54:53.762+02:00  INFO 38737 --- [           main] d.f.e.m.s.a.SyncClientServerFactory      : sync server factory
2024-07-25T18:54:53.867+02:00  INFO 38737 --- [      Thread-15] d.f.e.m.s.autoconfigure.EmbeddedMongo    : {"t":{"$date":"2024-07-25T18:54:53.866+02:00"},"s":"I",  "c":"NETWORK",  "id":4915701, "ctx":"-","msg":"Initialized wire specification","attr":{"spec":{"incomingExternalClient":{"minWireVersion":0,"maxWireVersion":17},"incomingInternalClient":{"minWireVersion":0,"maxWireVersion":17},"outgoing":{"minWireVersion":6,"maxWireVersion":17},"isInternalClient":true}}}
2024-07-25T18:54:53.868+02:00  INFO 38737 --- [      Thread-15] d.f.e.m.s.autoconfigure.EmbeddedMongo    : {"t":{"$date":"2024-07-25T18:54:53.868+02:00"},"s":"I",  "c":"CONTROL",  "id":23285,   "ctx":"main","msg":"Automatically disabling TLS 1.0, to force-enable TLS 1.0 specify --sslDisabledProtocols 'none'"}
2024-07-25T18:54:53.870+02:00  INFO 38737 --- [      Thread-15] d.f.e.m.s.autoconfigure.EmbeddedMongo    : {"t":{"$date":"2024-07-25T18:54:53.870+02:00"},"s":"I",  "c":"NETWORK",  "id":4648602, "ctx":"main","msg":"Implicit TCP FastOpen in use."}
2024-07-25T18:54:53.871+02:00  INFO 38737 --- [      Thread-15] d.f.e.m.s.autoconfigure.EmbeddedMongo    : {"t":{"$date":"2024-07-25T18:54:53.871+02:00"},"s":"I",  "c":"REPL",     "id":5123008, "ctx":"main","msg":"Successfully registered PrimaryOnlyService","attr":{"service":"TenantMigrationDonorService","namespace":"config.tenantMigrationDonors"}}
2024-07-25T18:54:53.871+02:00  INFO 38737 --- [      Thread-15] d.f.e.m.s.autoconfigure.EmbeddedMongo    : {"t":{"$date":"2024-07-25T18:54:53.871+02:00"},"s":"I",  "c":"REPL",     "id":5123008, "ctx":"main","msg":"Successfully registered PrimaryOnlyService","attr":{"service":"TenantMigrationRecipientService","namespace":"config.tenantMigrationRecipients"}}
2024-07-25T18:54:53.871+02:00  INFO 38737 --- [      Thread-15] d.f.e.m.s.autoconfigure.EmbeddedMongo    : {"t":{"$date":"2024-07-25T18:54:53.871+02:00"},"s":"I",  "c":"REPL",     "id":5123008, "ctx":"main","msg":"Successfully registered PrimaryOnlyService","attr":{"service":"ShardSplitDonorService","namespace":"config.tenantSplitDonors"}}
2024-07-25T18:54:53.871+02:00  INFO 38737 --- [      Thread-15] d.f.e.m.s.autoconfigure.EmbeddedMongo    : {"t":{"$date":"2024-07-25T18:54:53.871+02:00"},"s":"I",  "c":"CONTROL",  "id":5945603, "ctx":"main","msg":"Multi threading initialized"}
2024-07-25T18:54:53.871+02:00  INFO 38737 --- [      Thread-15] d.f.e.m.s.autoconfigure.EmbeddedMongo    : {"t":{"$date":"2024-07-25T18:54:53.871+02:00"},"s":"I",  "c":"CONTROL",  "id":4615611, "ctx":"initandlisten","msg":"MongoDB starting","attr":{"pid":38763,"port":60315,"dbPath":"/var/folders/dr/fk5c4mdx63g076r3v55pvq740000gn/T/temp--54fbf5ba-5263-4799-be31-f532e89d0b6a/mongod-database13864614430057500288","architecture":"64-bit","host":"Pavel-laptop.fritz.box"}}
2024-07-25T18:54:53.871+02:00  INFO 38737 --- [      Thread-15] d.f.e.m.s.autoconfigure.EmbeddedMongo    : {"t":{"$date":"2024-07-25T18:54:53.871+02:00"},"s":"I",  "c":"CONTROL",  "id":23352,   "ctx":"initandlisten","msg":"Unable to resolve sysctl {sysctlName} (number) ","attr":{"sysctlName":"hw.cpufrequency"}}
2024-07-25T18:54:53.871+02:00  INFO 38737 --- [      Thread-15] d.f.e.m.s.autoconfigure.EmbeddedMongo    : {"t":{"$date":"2024-07-25T18:54:53.871+02:00"},"s":"I",  "c":"CONTROL",  "id":23351,   "ctx":"initandlisten","msg":"{sysctlName} unavailable","attr":{"sysctlName":"machdep.cpu.features"}}
2024-07-25T18:54:53.871+02:00  INFO 38737 --- [      Thread-15] d.f.e.m.s.autoconfigure.EmbeddedMongo    : {"t":{"$date":"2024-07-25T18:54:53.871+02:00"},"s":"I",  "c":"CONTROL",  "id":23403,   "ctx":"initandlisten","msg":"Build Info","attr":{"buildInfo":{"version":"6.0.1","gitVersion":"32f0f9c88dc44a2c8073a5bd47cf779d4bfdee6b","modules":[],"allocator":"system","environment":{"distarch":"aarch64","target_arch":"aarch64"}}}}
2024-07-25T18:54:53.871+02:00  INFO 38737 --- [      Thread-15] d.f.e.m.s.autoconfigure.EmbeddedMongo    : {"t":{"$date":"2024-07-25T18:54:53.871+02:00"},"s":"I",  "c":"CONTROL",  "id":51765,   "ctx":"initandlisten","msg":"Operating System","attr":{"os":{"name":"Mac OS X","version":"23.5.0"}}}
2024-07-25T18:54:53.872+02:00  INFO 38737 --- [      Thread-15] d.f.e.m.s.autoconfigure.EmbeddedMongo    : {"t":{"$date":"2024-07-25T18:54:53.871+02:00"},"s":"I",  "c":"CONTROL",  "id":21951,   "ctx":"initandlisten","msg":"Options set by command line","attr":{"options":{"net":{"bindIp":"127.0.0.1","port":60315},"security":{"authorization":"disabled"},"storage":{"dbPath":"/var/folders/dr/fk5c4mdx63g076r3v55pvq740000gn/T/temp--54fbf5ba-5263-4799-be31-f532e89d0b6a/mongod-database13864614430057500288","journal":{"enabled":false},"syncPeriodSecs":0}}}}
2024-07-25T18:54:53.872+02:00  INFO 38737 --- [      Thread-15] d.f.e.m.s.autoconfigure.EmbeddedMongo    : {"t":{"$date":"2024-07-25T18:54:53.872+02:00"},"s":"I",  "c":"NETWORK",  "id":5693100, "ctx":"initandlisten","msg":"Asio socket.set_option failed with std::system_error","attr":{"note":"acceptor TCP fast open","option":{"level":6,"name":261,"data":"00 04 00 00"},"error":{"what":"set_option: Invalid argument","message":"Invalid argument","category":"asio.system","value":22}}}
2024-07-25T18:54:53.872+02:00  INFO 38737 --- [      Thread-15] d.f.e.m.s.autoconfigure.EmbeddedMongo    : {"t":{"$date":"2024-07-25T18:54:53.872+02:00"},"s":"I",  "c":"STORAGE",  "id":22315,   "ctx":"initandlisten","msg":"Opening WiredTiger","attr":{"config":"create,cache_size=3584M,session_max=33000,eviction=(threads_min=4,threads_max=4),config_base=false,statistics=(fast),log=(enabled=true,remove=true,path=journal,compressor=snappy),builtin_extension_config=(zstd=(compression_level=6)),file_manager=(close_idle_time=600,close_scan_interval=10,close_handle_minimum=2000),statistics_log=(wait=0),json_output=(error,message),verbose=[recovery_progress:1,checkpoint_progress:1,compact_progress:1,backup:0,checkpoint:0,compact:0,evict:0,history_store:0,recovery:0,rts:0,salvage:0,tiered:0,timestamp:0,transaction:0,verify:0,log:0],,log=(enabled=false),"}}
2024-07-25T18:54:54.921+02:00  INFO 38737 --- [      Thread-15] d.f.e.m.s.autoconfigure.EmbeddedMongo    : {"t":{"$date":"2024-07-25T18:54:54.920+02:00"},"s":"I",  "c":"STORAGE",  "id":4795906, "ctx":"initandlisten","msg":"WiredTiger opened","attr":{"durationMillis":1048}}
2024-07-25T18:54:54.921+02:00  INFO 38737 --- [      Thread-15] d.f.e.m.s.autoconfigure.EmbeddedMongo    : {"t":{"$date":"2024-07-25T18:54:54.920+02:00"},"s":"I",  "c":"RECOVERY", "id":23987,   "ctx":"initandlisten","msg":"WiredTiger recoveryTimestamp","attr":{"recoveryTimestamp":{"$timestamp":{"t":0,"i":0}}}}
2024-07-25T18:54:54.958+02:00  INFO 38737 --- [      Thread-15] d.f.e.m.s.autoconfigure.EmbeddedMongo    : {"t":{"$date":"2024-07-25T18:54:54.958+02:00"},"s":"I",  "c":"WT",       "id":4366408, "ctx":"initandlisten","msg":"No table logging settings modifications are required for existing WiredTiger tables","attr":{"loggingEnabled":true}}
2024-07-25T18:54:54.959+02:00  INFO 38737 --- [      Thread-15] d.f.e.m.s.autoconfigure.EmbeddedMongo    : {"t":{"$date":"2024-07-25T18:54:54.959+02:00"},"s":"W",  "c":"CONTROL",  "id":22184,   "ctx":"initandlisten","msg":"Soft rlimits for open file descriptors too low","attr":{"currentValue":10240,"recommendedMinimum":64000},"tags":["startupWarnings"]}
2024-07-25T18:54:54.959+02:00  INFO 38737 --- [      Thread-15] d.f.e.m.s.autoconfigure.EmbeddedMongo    : {"t":{"$date":"2024-07-25T18:54:54.959+02:00"},"s":"I",  "c":"STORAGE",  "id":20320,   "ctx":"initandlisten","msg":"createCollection","attr":{"namespace":"admin.system.version","uuidDisposition":"provided","uuid":{"uuid":{"$uuid":"746c739d-25ca-4ed6-8608-9ae9046500b5"}},"options":{"uuid":{"$uuid":"746c739d-25ca-4ed6-8608-9ae9046500b5"}}}}
2024-07-25T18:54:54.993+02:00  INFO 38737 --- [      Thread-15] d.f.e.m.s.autoconfigure.EmbeddedMongo    : {"t":{"$date":"2024-07-25T18:54:54.993+02:00"},"s":"I",  "c":"INDEX",    "id":20345,   "ctx":"initandlisten","msg":"Index build: done building","attr":{"buildUUID":null,"collectionUUID":{"uuid":{"$uuid":"746c739d-25ca-4ed6-8608-9ae9046500b5"}},"namespace":"admin.system.version","index":"_id_","ident":"index-1-6521209081153160927","collectionIdent":"collection-0-6521209081153160927","commitTimestamp":null}}
2024-07-25T18:54:54.994+02:00  INFO 38737 --- [      Thread-15] d.f.e.m.s.autoconfigure.EmbeddedMongo    : {"t":{"$date":"2024-07-25T18:54:54.993+02:00"},"s":"I",  "c":"REPL",     "id":20459,   "ctx":"initandlisten","msg":"Setting featureCompatibilityVersion","attr":{"newVersion":"6.0"}}
2024-07-25T18:54:54.994+02:00  INFO 38737 --- [      Thread-15] d.f.e.m.s.autoconfigure.EmbeddedMongo    : {"t":{"$date":"2024-07-25T18:54:54.993+02:00"},"s":"I",  "c":"REPL",     "id":5853300, "ctx":"initandlisten","msg":"current featureCompatibilityVersion value","attr":{"featureCompatibilityVersion":"6.0","context":"setFCV"}}
2024-07-25T18:54:54.994+02:00  INFO 38737 --- [      Thread-15] d.f.e.m.s.autoconfigure.EmbeddedMongo    : {"t":{"$date":"2024-07-25T18:54:54.993+02:00"},"s":"I",  "c":"NETWORK",  "id":4915702, "ctx":"initandlisten","msg":"Updated wire specification","attr":{"oldSpec":{"incomingExternalClient":{"minWireVersion":0,"maxWireVersion":17},"incomingInternalClient":{"minWireVersion":0,"maxWireVersion":17},"outgoing":{"minWireVersion":6,"maxWireVersion":17},"isInternalClient":true},"newSpec":{"incomingExternalClient":{"minWireVersion":0,"maxWireVersion":17},"incomingInternalClient":{"minWireVersion":17,"maxWireVersion":17},"outgoing":{"minWireVersion":17,"maxWireVersion":17},"isInternalClient":true}}}
2024-07-25T18:54:54.994+02:00  INFO 38737 --- [      Thread-15] d.f.e.m.s.autoconfigure.EmbeddedMongo    : {"t":{"$date":"2024-07-25T18:54:54.993+02:00"},"s":"I",  "c":"NETWORK",  "id":4915702, "ctx":"initandlisten","msg":"Updated wire specification","attr":{"oldSpec":{"incomingExternalClient":{"minWireVersion":0,"maxWireVersion":17},"incomingInternalClient":{"minWireVersion":17,"maxWireVersion":17},"outgoing":{"minWireVersion":17,"maxWireVersion":17},"isInternalClient":true},"newSpec":{"incomingExternalClient":{"minWireVersion":0,"maxWireVersion":17},"incomingInternalClient":{"minWireVersion":17,"maxWireVersion":17},"outgoing":{"minWireVersion":17,"maxWireVersion":17},"isInternalClient":true}}}
2024-07-25T18:54:54.994+02:00  INFO 38737 --- [      Thread-15] d.f.e.m.s.autoconfigure.EmbeddedMongo    : {"t":{"$date":"2024-07-25T18:54:54.993+02:00"},"s":"I",  "c":"REPL",     "id":5853300, "ctx":"initandlisten","msg":"current featureCompatibilityVersion value","attr":{"featureCompatibilityVersion":"6.0","context":"startup"}}
2024-07-25T18:54:54.994+02:00  INFO 38737 --- [      Thread-15] d.f.e.m.s.autoconfigure.EmbeddedMongo    : {"t":{"$date":"2024-07-25T18:54:54.994+02:00"},"s":"I",  "c":"STORAGE",  "id":5071100, "ctx":"initandlisten","msg":"Clearing temp directory"}
2024-07-25T18:54:54.994+02:00  INFO 38737 --- [      Thread-15] d.f.e.m.s.autoconfigure.EmbeddedMongo    : {"t":{"$date":"2024-07-25T18:54:54.994+02:00"},"s":"I",  "c":"CONTROL",  "id":20536,   "ctx":"initandlisten","msg":"Flow Control is enabled on this deployment"}
2024-07-25T18:54:54.994+02:00  INFO 38737 --- [      Thread-15] d.f.e.m.s.autoconfigure.EmbeddedMongo    : {"t":{"$date":"2024-07-25T18:54:54.994+02:00"},"s":"I",  "c":"FTDC",     "id":20625,   "ctx":"initandlisten","msg":"Initializing full-time diagnostic data capture","attr":{"dataDirectory":"/var/folders/dr/fk5c4mdx63g076r3v55pvq740000gn/T/temp--54fbf5ba-5263-4799-be31-f532e89d0b6a/mongod-database13864614430057500288/diagnostic.data"}}
2024-07-25T18:54:54.995+02:00  INFO 38737 --- [      Thread-15] d.f.e.m.s.autoconfigure.EmbeddedMongo    : {"t":{"$date":"2024-07-25T18:54:54.995+02:00"},"s":"I",  "c":"STORAGE",  "id":20320,   "ctx":"initandlisten","msg":"createCollection","attr":{"namespace":"local.startup_log","uuidDisposition":"generated","uuid":{"uuid":{"$uuid":"88993bb9-13bf-4830-9365-e338efe8da27"}},"options":{"capped":true,"size":10485760}}}
2024-07-25T18:54:55.034+02:00  INFO 38737 --- [      Thread-15] d.f.e.m.s.autoconfigure.EmbeddedMongo    : {"t":{"$date":"2024-07-25T18:54:55.034+02:00"},"s":"I",  "c":"INDEX",    "id":20345,   "ctx":"initandlisten","msg":"Index build: done building","attr":{"buildUUID":null,"collectionUUID":{"uuid":{"$uuid":"88993bb9-13bf-4830-9365-e338efe8da27"}},"namespace":"local.startup_log","index":"_id_","ident":"index-3-6521209081153160927","collectionIdent":"collection-2-6521209081153160927","commitTimestamp":null}}
2024-07-25T18:54:55.034+02:00  INFO 38737 --- [      Thread-15] d.f.e.m.s.autoconfigure.EmbeddedMongo    : {"t":{"$date":"2024-07-25T18:54:55.034+02:00"},"s":"I",  "c":"REPL",     "id":6015317, "ctx":"initandlisten","msg":"Setting new configuration state","attr":{"newState":"ConfigReplicationDisabled","oldState":"ConfigPreStart"}}
2024-07-25T18:54:55.034+02:00  INFO 38737 --- [      Thread-15] d.f.e.m.s.autoconfigure.EmbeddedMongo    : {"t":{"$date":"2024-07-25T18:54:55.034+02:00"},"s":"I",  "c":"STORAGE",  "id":22262,   "ctx":"initandlisten","msg":"Timestamp monitor starting"}
2024-07-25T18:54:55.035+02:00  INFO 38737 --- [      Thread-15] d.f.e.m.s.autoconfigure.EmbeddedMongo    : {"t":{"$date":"2024-07-25T18:54:55.035+02:00"},"s":"I",  "c":"STORAGE",  "id":20320,   "ctx":"LogicalSessionCacheRefresh","msg":"createCollection","attr":{"namespace":"config.system.sessions","uuidDisposition":"generated","uuid":{"uuid":{"$uuid":"42ca13f7-3ba3-495a-9783-6422736937b4"}},"options":{}}}
2024-07-25T18:54:55.035+02:00  INFO 38737 --- [      Thread-15] d.f.e.m.s.autoconfigure.EmbeddedMongo    : {"t":{"$date":"2024-07-25T18:54:55.035+02:00"},"s":"I",  "c":"CONTROL",  "id":20712,   "ctx":"LogicalSessionCacheReap","msg":"Sessions collection is not set up; waiting until next sessions reap interval","attr":{"error":"NamespaceNotFound: config.system.sessions does not exist"}}
2024-07-25T18:54:55.035+02:00  INFO 38737 --- [      Thread-15] d.f.e.m.s.autoconfigure.EmbeddedMongo    : {"t":{"$date":"2024-07-25T18:54:55.035+02:00"},"s":"I",  "c":"NETWORK",  "id":23015,   "ctx":"listener","msg":"Listening on","attr":{"address":"/tmp/mongodb-60315.sock"}}
2024-07-25T18:54:55.036+02:00  INFO 38737 --- [      Thread-15] d.f.e.m.s.autoconfigure.EmbeddedMongo    : {"t":{"$date":"2024-07-25T18:54:55.035+02:00"},"s":"I",  "c":"NETWORK",  "id":23015,   "ctx":"listener","msg":"Listening on","attr":{"address":"127.0.0.1"}}
2024-07-25T18:54:55.036+02:00  INFO 38737 --- [      Thread-15] d.f.e.m.s.autoconfigure.EmbeddedMongo    : {"t":{"$date":"2024-07-25T18:54:55.035+02:00"},"s":"I",  "c":"NETWORK",  "id":23016,   "ctx":"listener","msg":"Waiting for connections","attr":{"port":60315,"ssl":"off"}}
2024-07-25T18:54:55.051+02:00  INFO 38737 --- [           main] org.mongodb.driver.client                : MongoClient with metadata {"driver": {"name": "mongo-java-driver|sync|spring-boot", "version": "4.9.1"}, "os": {"type": "Darwin", "name": "Mac OS X", "architecture": "aarch64", "version": "14.5"}, "platform": "Java/Amazon.com Inc./20.0.2+9-FR"} created with settings MongoClientSettings{readPreference=primary, writeConcern=WriteConcern{w=null, wTimeout=null ms, journal=null}, retryWrites=true, retryReads=true, readConcern=ReadConcern{level=null}, credential=null, streamFactoryFactory=null, commandListeners=[], codecRegistry=ProvidersCodecRegistry{codecProviders=[ValueCodecProvider{}, BsonValueCodecProvider{}, DBRefCodecProvider{}, DBObjectCodecProvider{}, DocumentCodecProvider{}, CollectionCodecProvider{}, IterableCodecProvider{}, MapCodecProvider{}, GeoJsonCodecProvider{}, GridFSFileCodecProvider{}, Jsr310CodecProvider{}, JsonObjectCodecProvider{}, BsonCodecProvider{}, EnumCodecProvider{}, com.mongodb.client.model.mql.ExpressionCodecProvider@71fc80df, com.mongodb.Jep395RecordCodecProvider@767e28e5]}, loggerSettings=LoggerSettings{maxDocumentLength=1000}, clusterSettings={hosts=[localhost:60315], srvServiceName=mongodb, mode=SINGLE, requiredClusterType=UNKNOWN, requiredReplicaSetName='null', serverSelector='null', clusterListeners='[]', serverSelectionTimeout='30000 ms', localThreshold='30000 ms'}, socketSettings=SocketSettings{connectTimeoutMS=10000, readTimeoutMS=0, receiveBufferSize=0, sendBufferSize=0}, heartbeatSocketSettings=SocketSettings{connectTimeoutMS=10000, readTimeoutMS=10000, receiveBufferSize=0, sendBufferSize=0}, connectionPoolSettings=ConnectionPoolSettings{maxSize=100, minSize=0, maxWaitTimeMS=120000, maxConnectionLifeTimeMS=0, maxConnectionIdleTimeMS=0, maintenanceInitialDelayMS=0, maintenanceFrequencyMS=60000, connectionPoolListeners=[], maxConnecting=2}, serverSettings=ServerSettings{heartbeatFrequencyMS=10000, minHeartbeatFrequencyMS=500, serverListeners='[]', serverMonitorListeners='[]'}, sslSettings=SslSettings{enabled=false, invalidHostNameAllowed=false, context=null}, applicationName='null', compressorList=[], uuidRepresentation=JAVA_LEGACY, serverApi=null, autoEncryptionSettings=null, contextProvider=null}
2024-07-25T18:54:55.051+02:00  INFO 38737 --- [      Thread-15] d.f.e.m.s.autoconfigure.EmbeddedMongo    : {"t":{"$date":"2024-07-25T18:54:55.051+02:00"},"s":"I",  "c":"NETWORK",  "id":22943,   "ctx":"listener","msg":"Connection accepted","attr":{"remote":"127.0.0.1:60320","uuid":"fde72dac-0a3d-4ff8-b37e-32da0d90c2e2","connectionId":1,"connectionCount":1}}
2024-07-25T18:54:55.051+02:00  INFO 38737 --- [      Thread-15] d.f.e.m.s.autoconfigure.EmbeddedMongo    : {"t":{"$date":"2024-07-25T18:54:55.051+02:00"},"s":"I",  "c":"NETWORK",  "id":22943,   "ctx":"listener","msg":"Connection accepted","attr":{"remote":"127.0.0.1:60321","uuid":"204e20ac-8d90-4c1f-930f-74bf1f6de264","connectionId":2,"connectionCount":2}}
2024-07-25T18:54:55.052+02:00  INFO 38737 --- [      Thread-15] d.f.e.m.s.autoconfigure.EmbeddedMongo    : {"t":{"$date":"2024-07-25T18:54:55.052+02:00"},"s":"I",  "c":"NETWORK",  "id":51800,   "ctx":"conn2","msg":"client metadata","attr":{"remote":"127.0.0.1:60321","client":"conn2","doc":{"driver":{"name":"mongo-java-driver|sync|spring-boot","version":"4.9.1"},"os":{"type":"Darwin","name":"Mac OS X","architecture":"aarch64","version":"14.5"},"platform":"Java/Amazon.com Inc./20.0.2+9-FR"}}}
2024-07-25T18:54:55.052+02:00  INFO 38737 --- [      Thread-15] d.f.e.m.s.autoconfigure.EmbeddedMongo    : {"t":{"$date":"2024-07-25T18:54:55.052+02:00"},"s":"I",  "c":"NETWORK",  "id":51800,   "ctx":"conn1","msg":"client metadata","attr":{"remote":"127.0.0.1:60320","client":"conn1","doc":{"driver":{"name":"mongo-java-driver|sync|spring-boot","version":"4.9.1"},"os":{"type":"Darwin","name":"Mac OS X","architecture":"aarch64","version":"14.5"},"platform":"Java/Amazon.com Inc./20.0.2+9-FR"}}}
2024-07-25T18:54:55.053+02:00  INFO 38737 --- [localhost:60315] org.mongodb.driver.cluster               : Monitor thread successfully connected to server with description ServerDescription{address=localhost:60315, type=STANDALONE, state=CONNECTED, ok=true, minWireVersion=0, maxWireVersion=17, maxDocumentSize=16777216, logicalSessionTimeoutMinutes=30, roundTripTimeNanos=2040542}
2024-07-25T18:54:55.087+02:00  INFO 38737 --- [      Thread-15] d.f.e.m.s.autoconfigure.EmbeddedMongo    : {"t":{"$date":"2024-07-25T18:54:55.087+02:00"},"s":"I",  "c":"INDEX",    "id":20345,   "ctx":"LogicalSessionCacheRefresh","msg":"Index build: done building","attr":{"buildUUID":null,"collectionUUID":{"uuid":{"$uuid":"42ca13f7-3ba3-495a-9783-6422736937b4"}},"namespace":"config.system.sessions","index":"_id_","ident":"index-5-6521209081153160927","collectionIdent":"collection-4-6521209081153160927","commitTimestamp":null}}
2024-07-25T18:54:55.087+02:00  INFO 38737 --- [      Thread-15] d.f.e.m.s.autoconfigure.EmbeddedMongo    : {"t":{"$date":"2024-07-25T18:54:55.087+02:00"},"s":"I",  "c":"INDEX",    "id":20345,   "ctx":"LogicalSessionCacheRefresh","msg":"Index build: done building","attr":{"buildUUID":null,"collectionUUID":{"uuid":{"$uuid":"42ca13f7-3ba3-495a-9783-6422736937b4"}},"namespace":"config.system.sessions","index":"lsidTTLIndex","ident":"index-6-6521209081153160927","collectionIdent":"collection-4-6521209081153160927","commitTimestamp":null}}
2024-07-25T18:54:55.093+02:00  WARN 38737 --- [           main] JpaBaseConfiguration$JpaWebConfiguration : spring.jpa.open-in-view is enabled by default. Therefore, database queries may be performed during view rendering. Explicitly configure spring.jpa.open-in-view to disable this warning
2024-07-25T18:54:55.103+02:00  INFO 38737 --- [           main] o.s.b.a.w.s.WelcomePageHandlerMapping    : Adding welcome page: class path resource [static/index.html]
2024-07-25T18:54:55.455+02:00  INFO 38737 --- [           main] o.s.s.web.DefaultSecurityFilterChain     : Will secure any request with [org.springframework.security.web.session.DisableEncodeUrlFilter@4813cd48, org.springframework.security.web.session.ForceEagerSessionCreationFilter@2840aea6, org.springframework.security.web.context.request.async.WebAsyncManagerIntegrationFilter@76254633, org.springframework.security.web.context.SecurityContextHolderFilter@5b61d0a8, org.springframework.security.web.header.HeaderWriterFilter@2cd8ccba, org.springframework.security.web.csrf.CsrfFilter@2a35b288, org.springframework.security.web.authentication.logout.LogoutFilter@41da8aa0, org.springframework.security.web.authentication.www.BasicAuthenticationFilter@133e61a5, org.springframework.security.web.savedrequest.RequestCacheAwareFilter@1e598deb, org.springframework.security.web.servletapi.SecurityContextHolderAwareRequestFilter@740e2f86, org.springframework.security.web.authentication.AnonymousAuthenticationFilter@652194ef, org.springframework.security.web.session.SessionManagementFilter@5c47985a, org.springframework.security.web.access.ExceptionTranslationFilter@6d250b04, org.springframework.security.web.access.intercept.AuthorizationFilter@5d09c3c3]
2024-07-25T18:54:55.500+02:00  INFO 38737 --- [           main] o.s.b.t.m.w.SpringBootMockServletContext : Initializing Spring TestDispatcherServlet ''
2024-07-25T18:54:55.500+02:00  INFO 38737 --- [           main] o.s.t.web.servlet.TestDispatcherServlet  : Initializing Servlet ''
2024-07-25T18:54:55.501+02:00  INFO 38737 --- [           main] o.s.t.web.servlet.TestDispatcherServlet  : Completed initialization in 1 ms
2024-07-25T18:54:55.507+02:00  INFO 38737 --- [           main] d.n.b.c.UserControllerIntegrationTest    : Started UserControllerIntegrationTest in 2.034 seconds (process running for 22.04)
2024-07-25T18:54:55.518+02:00  INFO 38737 --- [      Thread-15] d.f.e.m.s.autoconfigure.EmbeddedMongo    : {"t":{"$date":"2024-07-25T18:54:55.518+02:00"},"s":"I",  "c":"NETWORK",  "id":22944,   "ctx":"conn2","msg":"Connection ended","attr":{"remote":"127.0.0.1:60321","uuid":"204e20ac-8d90-4c1f-930f-74bf1f6de264","connectionId":2,"connectionCount":1}}
2024-07-25T18:54:55.518+02:00  INFO 38737 --- [      Thread-15] d.f.e.m.s.autoconfigure.EmbeddedMongo    : {"t":{"$date":"2024-07-25T18:54:55.518+02:00"},"s":"I",  "c":"NETWORK",  "id":22943,   "ctx":"listener","msg":"Connection accepted","attr":{"remote":"127.0.0.1:60322","uuid":"a00c4506-ede8-4e3c-8396-dd1db212042e","connectionId":3,"connectionCount":2}}
2024-07-25T18:54:55.518+02:00  INFO 38737 --- [      Thread-15] d.f.e.m.s.autoconfigure.EmbeddedMongo    : {"t":{"$date":"2024-07-25T18:54:55.518+02:00"},"s":"W",  "c":"COMMAND",  "id":5578800, "ctx":"conn3","msg":"Received wire protocol op code or command that is no longer supported. The client driver may require an upgrade. For more details see https://dochub.mongodb.org/core/legacy-opcode-removal","attr":{"op":"query","clientInfo":{"address":"127.0.0.1:60322"}}}
2024-07-25T18:54:55.518+02:00 ERROR 38737 --- [           main] d.flapdoodle.embed.mongo.runtime.Mongod  : Got some response, should be an error message
2024-07-25T18:54:55.518+02:00  INFO 38737 --- [      Thread-15] d.f.e.m.s.autoconfigure.EmbeddedMongo    : {"t":{"$date":"2024-07-25T18:54:55.518+02:00"},"s":"I",  "c":"NETWORK",  "id":22944,   "ctx":"conn3","msg":"Connection ended","attr":{"remote":"127.0.0.1:60322","uuid":"a00c4506-ede8-4e3c-8396-dd1db212042e","connectionId":3,"connectionCount":1}}
2024-07-25T18:54:55.624+02:00  INFO 38737 --- [      Thread-15] d.f.e.m.s.autoconfigure.EmbeddedMongo    : {"t":{"$date":"2024-07-25T18:54:55.624+02:00"},"s":"I",  "c":"NETWORK",  "id":22943,   "ctx":"listener","msg":"Connection accepted","attr":{"remote":"127.0.0.1:60323","uuid":"c4ad6e20-2bcd-46f7-b16f-6ad499bf4526","connectionId":4,"connectionCount":2}}
2024-07-25T18:54:55.624+02:00  INFO 38737 --- [      Thread-15] d.f.e.m.s.autoconfigure.EmbeddedMongo    : {"t":{"$date":"2024-07-25T18:54:55.624+02:00"},"s":"I",  "c":"COMMAND",  "id":4695400, "ctx":"conn4","msg":"Terminating via shutdown command","attr":{"force":false,"timeoutMillis":15000}}
2024-07-25T18:54:55.624+02:00  INFO 38737 --- [      Thread-15] d.f.e.m.s.autoconfigure.EmbeddedMongo    : {"t":{"$date":"2024-07-25T18:54:55.624+02:00"},"s":"I",  "c":"REPL",     "id":4794602, "ctx":"thread30","msg":"Attempting to enter quiesce mode"}
2024-07-25T18:54:55.624+02:00  INFO 38737 --- [      Thread-15] d.f.e.m.s.autoconfigure.EmbeddedMongo    : {"t":{"$date":"2024-07-25T18:54:55.624+02:00"},"s":"I",  "c":"-",        "id":6371601, "ctx":"thread30","msg":"Shutting down the FLE Crud thread pool"}
2024-07-25T18:54:55.624+02:00  INFO 38737 --- [      Thread-15] d.f.e.m.s.autoconfigure.EmbeddedMongo    : {"t":{"$date":"2024-07-25T18:54:55.624+02:00"},"s":"I",  "c":"COMMAND",  "id":4784901, "ctx":"thread30","msg":"Shutting down the MirrorMaestro"}
2024-07-25T18:54:55.624+02:00  INFO 38737 --- [      Thread-15] d.f.e.m.s.autoconfigure.EmbeddedMongo    : {"t":{"$date":"2024-07-25T18:54:55.624+02:00"},"s":"I",  "c":"SHARDING", "id":4784902, "ctx":"thread30","msg":"Shutting down the WaitForMajorityService"}
2024-07-25T18:54:55.624+02:00  INFO 38737 --- [      Thread-15] d.f.e.m.s.autoconfigure.EmbeddedMongo    : {"t":{"$date":"2024-07-25T18:54:55.624+02:00"},"s":"I",  "c":"CONTROL",  "id":4784903, "ctx":"thread30","msg":"Shutting down the LogicalSessionCache"}
2024-07-25T18:54:55.624+02:00  INFO 38737 --- [      Thread-15] d.f.e.m.s.autoconfigure.EmbeddedMongo    : {"t":{"$date":"2024-07-25T18:54:55.624+02:00"},"s":"I",  "c":"NETWORK",  "id":20562,   "ctx":"thread30","msg":"Shutdown: going to close listening sockets"}
2024-07-25T18:54:55.624+02:00  INFO 38737 --- [      Thread-15] d.f.e.m.s.autoconfigure.EmbeddedMongo    : {"t":{"$date":"2024-07-25T18:54:55.624+02:00"},"s":"I",  "c":"NETWORK",  "id":23017,   "ctx":"listener","msg":"removing socket file","attr":{"path":"/tmp/mongodb-60315.sock"}}
2024-07-25T18:54:55.624+02:00  INFO 38737 --- [      Thread-15] d.f.e.m.s.autoconfigure.EmbeddedMongo    : {"t":{"$date":"2024-07-25T18:54:55.624+02:00"},"s":"I",  "c":"NETWORK",  "id":4784905, "ctx":"thread30","msg":"Shutting down the global connection pool"}
2024-07-25T18:54:55.624+02:00  INFO 38737 --- [      Thread-15] d.f.e.m.s.autoconfigure.EmbeddedMongo    : {"t":{"$date":"2024-07-25T18:54:55.624+02:00"},"s":"I",  "c":"CONTROL",  "id":4784906, "ctx":"thread30","msg":"Shutting down the FlowControlTicketholder"}
2024-07-25T18:54:55.625+02:00  INFO 38737 --- [      Thread-15] d.f.e.m.s.autoconfigure.EmbeddedMongo    : {"t":{"$date":"2024-07-25T18:54:55.624+02:00"},"s":"I",  "c":"-",        "id":20520,   "ctx":"thread30","msg":"Stopping further Flow Control ticket acquisitions."}
2024-07-25T18:54:55.625+02:00  INFO 38737 --- [      Thread-15] d.f.e.m.s.autoconfigure.EmbeddedMongo    : {"t":{"$date":"2024-07-25T18:54:55.624+02:00"},"s":"I",  "c":"CONTROL",  "id":4784908, "ctx":"thread30","msg":"Shutting down the PeriodicThreadToAbortExpiredTransactions"}
2024-07-25T18:54:55.625+02:00  INFO 38737 --- [      Thread-15] d.f.e.m.s.autoconfigure.EmbeddedMongo    : {"t":{"$date":"2024-07-25T18:54:55.624+02:00"},"s":"I",  "c":"REPL",     "id":4784909, "ctx":"thread30","msg":"Shutting down the ReplicationCoordinator"}
2024-07-25T18:54:55.625+02:00  INFO 38737 --- [      Thread-15] d.f.e.m.s.autoconfigure.EmbeddedMongo    : {"t":{"$date":"2024-07-25T18:54:55.624+02:00"},"s":"I",  "c":"SHARDING", "id":4784910, "ctx":"thread30","msg":"Shutting down the ShardingInitializationMongoD"}
2024-07-25T18:54:55.625+02:00  INFO 38737 --- [      Thread-15] d.f.e.m.s.autoconfigure.EmbeddedMongo    : {"t":{"$date":"2024-07-25T18:54:55.624+02:00"},"s":"I",  "c":"REPL",     "id":4784911, "ctx":"thread30","msg":"Enqueuing the ReplicationStateTransitionLock for shutdown"}
2024-07-25T18:54:55.625+02:00  INFO 38737 --- [      Thread-15] d.f.e.m.s.autoconfigure.EmbeddedMongo    : {"t":{"$date":"2024-07-25T18:54:55.624+02:00"},"s":"I",  "c":"-",        "id":4784912, "ctx":"thread30","msg":"Killing all operations for shutdown"}
2024-07-25T18:54:55.625+02:00  INFO 38737 --- [      Thread-15] d.f.e.m.s.autoconfigure.EmbeddedMongo    : {"t":{"$date":"2024-07-25T18:54:55.624+02:00"},"s":"I",  "c":"-",        "id":4695300, "ctx":"thread30","msg":"Interrupted all currently running operations","attr":{"opsKilled":4}}
2024-07-25T18:54:55.625+02:00  INFO 38737 --- [      Thread-15] d.f.e.m.s.autoconfigure.EmbeddedMongo    : {"t":{"$date":"2024-07-25T18:54:55.625+02:00"},"s":"I",  "c":"TENANT_M", "id":5093807, "ctx":"thread30","msg":"Shutting down all TenantMigrationAccessBlockers on global shutdown"}
2024-07-25T18:54:55.625+02:00  INFO 38737 --- [      Thread-15] d.f.e.m.s.autoconfigure.EmbeddedMongo    : {"t":{"$date":"2024-07-25T18:54:55.625+02:00"},"s":"I",  "c":"COMMAND",  "id":4784913, "ctx":"thread30","msg":"Shutting down all open transactions"}
2024-07-25T18:54:55.625+02:00  INFO 38737 --- [      Thread-15] d.f.e.m.s.autoconfigure.EmbeddedMongo    : {"t":{"$date":"2024-07-25T18:54:55.625+02:00"},"s":"I",  "c":"REPL",     "id":4784914, "ctx":"thread30","msg":"Acquiring the ReplicationStateTransitionLock for shutdown"}
2024-07-25T18:54:55.625+02:00  INFO 38737 --- [      Thread-15] d.f.e.m.s.autoconfigure.EmbeddedMongo    : {"t":{"$date":"2024-07-25T18:54:55.625+02:00"},"s":"I",  "c":"INDEX",    "id":4784915, "ctx":"thread30","msg":"Shutting down the IndexBuildsCoordinator"}
2024-07-25T18:54:55.625+02:00  INFO 38737 --- [      Thread-15] d.f.e.m.s.autoconfigure.EmbeddedMongo    : {"t":{"$date":"2024-07-25T18:54:55.625+02:00"},"s":"I",  "c":"NETWORK",  "id":4784918, "ctx":"thread30","msg":"Shutting down the ReplicaSetMonitor"}
2024-07-25T18:54:55.625+02:00  INFO 38737 --- [      Thread-15] d.f.e.m.s.autoconfigure.EmbeddedMongo    : {"t":{"$date":"2024-07-25T18:54:55.625+02:00"},"s":"I",  "c":"SHARDING", "id":4784921, "ctx":"thread30","msg":"Shutting down the MigrationUtilExecutor"}
2024-07-25T18:54:55.625+02:00  INFO 38737 --- [      Thread-15] d.f.e.m.s.autoconfigure.EmbeddedMongo    : {"t":{"$date":"2024-07-25T18:54:55.625+02:00"},"s":"I",  "c":"ASIO",     "id":22582,   "ctx":"MigrationUtil-TaskExecutor","msg":"Killing all outstanding egress activity."}
2024-07-25T18:54:55.625+02:00  INFO 38737 --- [      Thread-15] d.f.e.m.s.autoconfigure.EmbeddedMongo    : {"t":{"$date":"2024-07-25T18:54:55.625+02:00"},"s":"I",  "c":"COMMAND",  "id":4784923, "ctx":"thread30","msg":"Shutting down the ServiceEntryPoint"}
2024-07-25T18:54:55.625+02:00  INFO 38737 --- [      Thread-15] d.f.e.m.s.autoconfigure.EmbeddedMongo    : {"t":{"$date":"2024-07-25T18:54:55.625+02:00"},"s":"I",  "c":"CONTROL",  "id":4784925, "ctx":"thread30","msg":"Shutting down free monitoring"}
2024-07-25T18:54:55.625+02:00  INFO 38737 --- [      Thread-15] d.f.e.m.s.autoconfigure.EmbeddedMongo    : {"t":{"$date":"2024-07-25T18:54:55.625+02:00"},"s":"I",  "c":"CONTROL",  "id":20609,   "ctx":"thread30","msg":"Shutting down free monitoring"}
2024-07-25T18:54:55.625+02:00  INFO 38737 --- [      Thread-15] d.f.e.m.s.autoconfigure.EmbeddedMongo    : {"t":{"$date":"2024-07-25T18:54:55.625+02:00"},"s":"I",  "c":"CONTROL",  "id":4784927, "ctx":"thread30","msg":"Shutting down the HealthLog"}
2024-07-25T18:54:55.625+02:00  INFO 38737 --- [      Thread-15] d.f.e.m.s.autoconfigure.EmbeddedMongo    : {"t":{"$date":"2024-07-25T18:54:55.625+02:00"},"s":"I",  "c":"CONTROL",  "id":4784928, "ctx":"thread30","msg":"Shutting down the TTL monitor"}
2024-07-25T18:54:55.625+02:00  INFO 38737 --- [      Thread-15] d.f.e.m.s.autoconfigure.EmbeddedMongo    : {"t":{"$date":"2024-07-25T18:54:55.625+02:00"},"s":"I",  "c":"INDEX",    "id":3684100, "ctx":"thread30","msg":"Shutting down TTL collection monitor thread"}
2024-07-25T18:54:55.625+02:00  INFO 38737 --- [      Thread-15] d.f.e.m.s.autoconfigure.EmbeddedMongo    : {"t":{"$date":"2024-07-25T18:54:55.625+02:00"},"s":"I",  "c":"INDEX",    "id":3684101, "ctx":"thread30","msg":"Finished shutting down TTL collection monitor thread"}
2024-07-25T18:54:55.625+02:00  INFO 38737 --- [      Thread-15] d.f.e.m.s.autoconfigure.EmbeddedMongo    : {"t":{"$date":"2024-07-25T18:54:55.625+02:00"},"s":"I",  "c":"NETWORK",  "id":22944,   "ctx":"conn1","msg":"Connection ended","attr":{"remote":"127.0.0.1:60320","uuid":"fde72dac-0a3d-4ff8-b37e-32da0d90c2e2","connectionId":1,"connectionCount":1}}
2024-07-25T18:54:55.625+02:00  INFO 38737 --- [      Thread-15] d.f.e.m.s.autoconfigure.EmbeddedMongo    : {"t":{"$date":"2024-07-25T18:54:55.625+02:00"},"s":"I",  "c":"CONTROL",  "id":6278511, "ctx":"thread30","msg":"Shutting down the Change Stream Expired Pre-images Remover"}
2024-07-25T18:54:55.625+02:00  INFO 38737 --- [      Thread-15] d.f.e.m.s.autoconfigure.EmbeddedMongo    : {"t":{"$date":"2024-07-25T18:54:55.625+02:00"},"s":"I",  "c":"CONTROL",  "id":4784929, "ctx":"thread30","msg":"Acquiring the global lock for shutdown"}
2024-07-25T18:54:55.625+02:00  INFO 38737 --- [      Thread-15] d.f.e.m.s.autoconfigure.EmbeddedMongo    : {"t":{"$date":"2024-07-25T18:54:55.625+02:00"},"s":"I",  "c":"CONTROL",  "id":4784930, "ctx":"thread30","msg":"Shutting down the storage engine"}
2024-07-25T18:54:55.625+02:00  INFO 38737 --- [      Thread-15] d.f.e.m.s.autoconfigure.EmbeddedMongo    : {"t":{"$date":"2024-07-25T18:54:55.625+02:00"},"s":"I",  "c":"STORAGE",  "id":22320,   "ctx":"thread30","msg":"Shutting down journal flusher thread"}
2024-07-25T18:54:55.665+02:00  INFO 38737 --- [      Thread-15] d.f.e.m.s.autoconfigure.EmbeddedMongo    : {"t":{"$date":"2024-07-25T18:54:55.665+02:00"},"s":"I",  "c":"STORAGE",  "id":22321,   "ctx":"thread30","msg":"Finished shutting down journal flusher thread"}
2024-07-25T18:54:55.665+02:00  INFO 38737 --- [      Thread-15] d.f.e.m.s.autoconfigure.EmbeddedMongo    : {"t":{"$date":"2024-07-25T18:54:55.665+02:00"},"s":"I",  "c":"STORAGE",  "id":22322,   "ctx":"thread30","msg":"Shutting down checkpoint thread"}
2024-07-25T18:54:55.665+02:00  INFO 38737 --- [      Thread-15] d.f.e.m.s.autoconfigure.EmbeddedMongo    : {"t":{"$date":"2024-07-25T18:54:55.665+02:00"},"s":"I",  "c":"STORAGE",  "id":22323,   "ctx":"thread30","msg":"Finished shutting down checkpoint thread"}
2024-07-25T18:54:55.665+02:00  INFO 38737 --- [      Thread-15] d.f.e.m.s.autoconfigure.EmbeddedMongo    : {"t":{"$date":"2024-07-25T18:54:55.665+02:00"},"s":"I",  "c":"STORAGE",  "id":20282,   "ctx":"thread30","msg":"Deregistering all the collections"}
2024-07-25T18:54:55.665+02:00  INFO 38737 --- [      Thread-15] d.f.e.m.s.autoconfigure.EmbeddedMongo    : {"t":{"$date":"2024-07-25T18:54:55.665+02:00"},"s":"I",  "c":"STORAGE",  "id":22261,   "ctx":"thread30","msg":"Timestamp monitor shutting down"}
2024-07-25T18:54:55.665+02:00  INFO 38737 --- [      Thread-15] d.f.e.m.s.autoconfigure.EmbeddedMongo    : {"t":{"$date":"2024-07-25T18:54:55.665+02:00"},"s":"I",  "c":"STORAGE",  "id":22317,   "ctx":"thread30","msg":"WiredTigerKVEngine shutting down"}
2024-07-25T18:54:55.665+02:00  INFO 38737 --- [      Thread-15] d.f.e.m.s.autoconfigure.EmbeddedMongo    : {"t":{"$date":"2024-07-25T18:54:55.665+02:00"},"s":"I",  "c":"STORAGE",  "id":22318,   "ctx":"thread30","msg":"Shutting down session sweeper thread"}
2024-07-25T18:54:55.665+02:00  INFO 38737 --- [      Thread-15] d.f.e.m.s.autoconfigure.EmbeddedMongo    : {"t":{"$date":"2024-07-25T18:54:55.665+02:00"},"s":"I",  "c":"STORAGE",  "id":22319,   "ctx":"thread30","msg":"Finished shutting down session sweeper thread"}
2024-07-25T18:54:55.665+02:00  INFO 38737 --- [      Thread-15] d.f.e.m.s.autoconfigure.EmbeddedMongo    : {"t":{"$date":"2024-07-25T18:54:55.665+02:00"},"s":"I",  "c":"STORAGE",  "id":4795902, "ctx":"thread30","msg":"Closing WiredTiger","attr":{"closeConfig":"leak_memory=true,"}}
2024-07-25T18:54:55.692+02:00  INFO 38737 --- [      Thread-15] d.f.e.m.s.autoconfigure.EmbeddedMongo    : {"t":{"$date":"2024-07-25T18:54:55.692+02:00"},"s":"I",  "c":"STORAGE",  "id":4795901, "ctx":"thread30","msg":"WiredTiger closed","attr":{"durationMillis":27}}
2024-07-25T18:54:55.692+02:00  INFO 38737 --- [      Thread-15] d.f.e.m.s.autoconfigure.EmbeddedMongo    : {"t":{"$date":"2024-07-25T18:54:55.692+02:00"},"s":"I",  "c":"STORAGE",  "id":22279,   "ctx":"thread30","msg":"shutdown: removing fs lock..."}
2024-07-25T18:54:55.693+02:00  INFO 38737 --- [      Thread-15] d.f.e.m.s.autoconfigure.EmbeddedMongo    : {"t":{"$date":"2024-07-25T18:54:55.692+02:00"},"s":"I",  "c":"-",        "id":4784931, "ctx":"thread30","msg":"Dropping the scope cache for shutdown"}
2024-07-25T18:54:55.693+02:00  INFO 38737 --- [      Thread-15] d.f.e.m.s.autoconfigure.EmbeddedMongo    : {"t":{"$date":"2024-07-25T18:54:55.692+02:00"},"s":"I",  "c":"FTDC",     "id":20626,   "ctx":"thread30","msg":"Shutting down full-time diagnostic data capture"}
2024-07-25T18:54:55.693+02:00  INFO 38737 --- [      Thread-15] d.f.e.m.s.autoconfigure.EmbeddedMongo    : {"t":{"$date":"2024-07-25T18:54:55.693+02:00"},"s":"I",  "c":"CONTROL",  "id":20565,   "ctx":"thread30","msg":"Now exiting"}
2024-07-25T18:54:55.693+02:00  INFO 38737 --- [      Thread-15] d.f.e.m.s.autoconfigure.EmbeddedMongo    : {"t":{"$date":"2024-07-25T18:54:55.693+02:00"},"s":"I",  "c":"CONTROL",  "id":23138,   "ctx":"thread30","msg":"Shutting down","attr":{"exitCode":0}}
2024-07-25T18:54:55.799+02:00  INFO 38737 --- [           main] j.LocalContainerEntityManagerFactoryBean : Closing JPA EntityManagerFactory for persistence unit 'default'
2024-07-25T18:54:55.800+02:00  INFO 38737 --- [           main] com.zaxxer.hikari.HikariDataSource       : HikariPool-4 - Shutdown initiated...
2024-07-25T18:54:55.801+02:00  INFO 38737 --- [           main] com.zaxxer.hikari.HikariDataSource       : HikariPool-4 - Shutdown completed.
]]></system-out>
  </testcase>
  <testcase name="userLogin_returnStatus200" classname="de.neuefische.backend.controllers.UserControllerIntegrationTest" time="0.629">
    <system-out><![CDATA[
  .   ____          _            __ _ _
 /\\ / ___'_ __ _ _(_)_ __  __ _ \ \ \ \
( ( )\___ | '_ | '_| | '_ \/ _` | \ \ \ \
 \\/  ___)| |_)| | | | | || (_| |  ) ) ) )
  '  |____| .__|_| |_|_| |_\__, | / / / /
 =========|_|==============|___/=/_/_/_/
 :: Spring Boot ::                (v3.1.0)

2024-07-25T18:54:55.814+02:00  INFO 38737 --- [           main] d.n.b.c.UserControllerIntegrationTest    : Starting UserControllerIntegrationTest using Java 20.0.2 with PID 38737 (started by paffen in /Users/paffen/IdeaProjects/capstone-foodspot/backend)
2024-07-25T18:54:55.814+02:00  INFO 38737 --- [           main] d.n.b.c.UserControllerIntegrationTest    : No active profile set, falling back to 1 default profile: "default"
2024-07-25T18:54:55.961+02:00  INFO 38737 --- [           main] .s.d.r.c.RepositoryConfigurationDelegate : Multiple Spring Data modules found, entering strict repository configuration mode
2024-07-25T18:54:55.961+02:00  INFO 38737 --- [           main] .s.d.r.c.RepositoryConfigurationDelegate : Bootstrapping Spring Data JPA repositories in DEFAULT mode.
2024-07-25T18:54:55.965+02:00  INFO 38737 --- [           main] .RepositoryConfigurationExtensionSupport : Spring Data JPA - Could not safely identify store assignment for repository candidate interface de.neuefische.backend.repos.FoodSpotRepo; If you want this repository to be a JPA repository, consider annotating your entities with one of these annotations: jakarta.persistence.Entity, jakarta.persistence.MappedSuperclass (preferred), or consider extending one of the following types with your repository: org.springframework.data.jpa.repository.JpaRepository
2024-07-25T18:54:55.965+02:00  INFO 38737 --- [           main] .RepositoryConfigurationExtensionSupport : Spring Data JPA - Could not safely identify store assignment for repository candidate interface de.neuefische.backend.repos.UserRepo; If you want this repository to be a JPA repository, consider annotating your entities with one of these annotations: jakarta.persistence.Entity, jakarta.persistence.MappedSuperclass (preferred), or consider extending one of the following types with your repository: org.springframework.data.jpa.repository.JpaRepository
2024-07-25T18:54:55.965+02:00  INFO 38737 --- [           main] .s.d.r.c.RepositoryConfigurationDelegate : Finished Spring Data repository scanning in 3 ms. Found 0 JPA repository interfaces.
2024-07-25T18:54:55.969+02:00  INFO 38737 --- [           main] .s.d.r.c.RepositoryConfigurationDelegate : Multiple Spring Data modules found, entering strict repository configuration mode
2024-07-25T18:54:55.969+02:00  INFO 38737 --- [           main] .s.d.r.c.RepositoryConfigurationDelegate : Bootstrapping Spring Data MongoDB repositories in DEFAULT mode.
2024-07-25T18:54:55.973+02:00  INFO 38737 --- [           main] .s.d.r.c.RepositoryConfigurationDelegate : Finished Spring Data repository scanning in 3 ms. Found 2 MongoDB repository interfaces.
2024-07-25T18:54:56.003+02:00  INFO 38737 --- [           main] trationDelegate$BeanPostProcessorChecker : Bean 'de.flapdoodle.embed.mongo.spring.autoconfigure.EmbeddedMongoAutoConfiguration' of type [de.flapdoodle.embed.mongo.spring.autoconfigure.EmbeddedMongoAutoConfiguration] is not eligible for getting processed by all BeanPostProcessors (for example: not eligible for auto-proxying)
2024-07-25T18:54:56.005+02:00  INFO 38737 --- [           main] trationDelegate$BeanPostProcessorChecker : Bean 'de.flapdoodle.mongodb.embedded-de.flapdoodle.embed.mongo.spring.autoconfigure.EmbeddedMongoProperties' of type [de.flapdoodle.embed.mongo.spring.autoconfigure.EmbeddedMongoProperties] is not eligible for getting processed by all BeanPostProcessors (for example: not eligible for auto-proxying)
2024-07-25T18:54:56.007+02:00  INFO 38737 --- [           main] trationDelegate$BeanPostProcessorChecker : Bean 'spring.data.mongodb-org.springframework.boot.autoconfigure.mongo.MongoProperties' of type [org.springframework.boot.autoconfigure.mongo.MongoProperties] is not eligible for getting processed by all BeanPostProcessors (for example: not eligible for auto-proxying)
2024-07-25T18:54:56.021+02:00  INFO 38737 --- [           main] com.zaxxer.hikari.HikariDataSource       : HikariPool-5 - Starting...
2024-07-25T18:54:56.023+02:00  INFO 38737 --- [           main] com.zaxxer.hikari.pool.HikariPool        : HikariPool-5 - Added connection conn40: url=jdbc:h2:mem:cd7b121a-e0f7-4f14-97f9-9878baf83194 user=SA
2024-07-25T18:54:56.024+02:00  INFO 38737 --- [           main] com.zaxxer.hikari.HikariDataSource       : HikariPool-5 - Start completed.
2024-07-25T18:54:56.025+02:00  INFO 38737 --- [           main] o.hibernate.jpa.internal.util.LogHelper  : HHH000204: Processing PersistenceUnitInfo [name: default]
2024-07-25T18:54:56.028+02:00  INFO 38737 --- [           main] o.h.b.i.BytecodeProviderInitiator        : HHH000021: Bytecode provider name : bytebuddy
2024-07-25T18:54:56.028+02:00  INFO 38737 --- [           main] o.s.o.j.p.SpringPersistenceUnitInfo      : No LoadTimeWeaver setup: ignoring JPA class transformer
2024-07-25T18:54:56.029+02:00  INFO 38737 --- [           main] org.hibernate.orm.dialect                : HHH035001: Using dialect: org.hibernate.dialect.H2Dialect, version: 1.4.200
2024-07-25T18:54:56.032+02:00  INFO 38737 --- [           main] o.h.b.i.BytecodeProviderInitiator        : HHH000021: Bytecode provider name : bytebuddy
2024-07-25T18:54:56.036+02:00  INFO 38737 --- [           main] o.h.e.t.j.p.i.JtaPlatformInitiator       : HHH000490: Using JtaPlatform implementation: [org.hibernate.engine.transaction.jta.platform.internal.NoJtaPlatform]
2024-07-25T18:54:56.037+02:00  INFO 38737 --- [           main] j.LocalContainerEntityManagerFactoryBean : Initialized JPA EntityManagerFactory for persistence unit 'default'
2024-07-25T18:54:56.046+02:00  INFO 38737 --- [           main] d.f.e.m.s.a.SyncClientServerFactory      : sync server factory
2024-07-25T18:54:56.150+02:00  INFO 38737 --- [      Thread-19] d.f.e.m.s.autoconfigure.EmbeddedMongo    : {"t":{"$date":"2024-07-25T18:54:56.150+02:00"},"s":"I",  "c":"NETWORK",  "id":4915701, "ctx":"-","msg":"Initialized wire specification","attr":{"spec":{"incomingExternalClient":{"minWireVersion":0,"maxWireVersion":17},"incomingInternalClient":{"minWireVersion":0,"maxWireVersion":17},"outgoing":{"minWireVersion":6,"maxWireVersion":17},"isInternalClient":true}}}
2024-07-25T18:54:56.151+02:00  INFO 38737 --- [      Thread-19] d.f.e.m.s.autoconfigure.EmbeddedMongo    : {"t":{"$date":"2024-07-25T18:54:56.150+02:00"},"s":"I",  "c":"CONTROL",  "id":23285,   "ctx":"main","msg":"Automatically disabling TLS 1.0, to force-enable TLS 1.0 specify --sslDisabledProtocols 'none'"}
2024-07-25T18:54:56.152+02:00  INFO 38737 --- [      Thread-19] d.f.e.m.s.autoconfigure.EmbeddedMongo    : {"t":{"$date":"2024-07-25T18:54:56.152+02:00"},"s":"I",  "c":"NETWORK",  "id":4648602, "ctx":"main","msg":"Implicit TCP FastOpen in use."}
2024-07-25T18:54:56.153+02:00  INFO 38737 --- [      Thread-19] d.f.e.m.s.autoconfigure.EmbeddedMongo    : {"t":{"$date":"2024-07-25T18:54:56.152+02:00"},"s":"I",  "c":"REPL",     "id":5123008, "ctx":"main","msg":"Successfully registered PrimaryOnlyService","attr":{"service":"TenantMigrationDonorService","namespace":"config.tenantMigrationDonors"}}
2024-07-25T18:54:56.153+02:00  INFO 38737 --- [      Thread-19] d.f.e.m.s.autoconfigure.EmbeddedMongo    : {"t":{"$date":"2024-07-25T18:54:56.152+02:00"},"s":"I",  "c":"REPL",     "id":5123008, "ctx":"main","msg":"Successfully registered PrimaryOnlyService","attr":{"service":"TenantMigrationRecipientService","namespace":"config.tenantMigrationRecipients"}}
2024-07-25T18:54:56.153+02:00  INFO 38737 --- [      Thread-19] d.f.e.m.s.autoconfigure.EmbeddedMongo    : {"t":{"$date":"2024-07-25T18:54:56.152+02:00"},"s":"I",  "c":"REPL",     "id":5123008, "ctx":"main","msg":"Successfully registered PrimaryOnlyService","attr":{"service":"ShardSplitDonorService","namespace":"config.tenantSplitDonors"}}
2024-07-25T18:54:56.153+02:00  INFO 38737 --- [      Thread-19] d.f.e.m.s.autoconfigure.EmbeddedMongo    : {"t":{"$date":"2024-07-25T18:54:56.153+02:00"},"s":"I",  "c":"CONTROL",  "id":5945603, "ctx":"main","msg":"Multi threading initialized"}
2024-07-25T18:54:56.153+02:00  INFO 38737 --- [      Thread-19] d.f.e.m.s.autoconfigure.EmbeddedMongo    : {"t":{"$date":"2024-07-25T18:54:56.153+02:00"},"s":"I",  "c":"CONTROL",  "id":4615611, "ctx":"initandlisten","msg":"MongoDB starting","attr":{"pid":38764,"port":60328,"dbPath":"/var/folders/dr/fk5c4mdx63g076r3v55pvq740000gn/T/temp--5ca8961b-de7f-4f93-9620-7ac0cae6b0e4/mongod-database1165207752320573657","architecture":"64-bit","host":"Pavel-laptop.fritz.box"}}
2024-07-25T18:54:56.153+02:00  INFO 38737 --- [      Thread-19] d.f.e.m.s.autoconfigure.EmbeddedMongo    : {"t":{"$date":"2024-07-25T18:54:56.153+02:00"},"s":"I",  "c":"CONTROL",  "id":23352,   "ctx":"initandlisten","msg":"Unable to resolve sysctl {sysctlName} (number) ","attr":{"sysctlName":"hw.cpufrequency"}}
2024-07-25T18:54:56.153+02:00  INFO 38737 --- [      Thread-19] d.f.e.m.s.autoconfigure.EmbeddedMongo    : {"t":{"$date":"2024-07-25T18:54:56.153+02:00"},"s":"I",  "c":"CONTROL",  "id":23351,   "ctx":"initandlisten","msg":"{sysctlName} unavailable","attr":{"sysctlName":"machdep.cpu.features"}}
2024-07-25T18:54:56.153+02:00  INFO 38737 --- [      Thread-19] d.f.e.m.s.autoconfigure.EmbeddedMongo    : {"t":{"$date":"2024-07-25T18:54:56.153+02:00"},"s":"I",  "c":"CONTROL",  "id":23403,   "ctx":"initandlisten","msg":"Build Info","attr":{"buildInfo":{"version":"6.0.1","gitVersion":"32f0f9c88dc44a2c8073a5bd47cf779d4bfdee6b","modules":[],"allocator":"system","environment":{"distarch":"aarch64","target_arch":"aarch64"}}}}
2024-07-25T18:54:56.153+02:00  INFO 38737 --- [      Thread-19] d.f.e.m.s.autoconfigure.EmbeddedMongo    : {"t":{"$date":"2024-07-25T18:54:56.153+02:00"},"s":"I",  "c":"CONTROL",  "id":51765,   "ctx":"initandlisten","msg":"Operating System","attr":{"os":{"name":"Mac OS X","version":"23.5.0"}}}
2024-07-25T18:54:56.153+02:00  INFO 38737 --- [      Thread-19] d.f.e.m.s.autoconfigure.EmbeddedMongo    : {"t":{"$date":"2024-07-25T18:54:56.153+02:00"},"s":"I",  "c":"CONTROL",  "id":21951,   "ctx":"initandlisten","msg":"Options set by command line","attr":{"options":{"net":{"bindIp":"127.0.0.1","port":60328},"security":{"authorization":"disabled"},"storage":{"dbPath":"/var/folders/dr/fk5c4mdx63g076r3v55pvq740000gn/T/temp--5ca8961b-de7f-4f93-9620-7ac0cae6b0e4/mongod-database1165207752320573657","journal":{"enabled":false},"syncPeriodSecs":0}}}}
2024-07-25T18:54:56.153+02:00  INFO 38737 --- [      Thread-19] d.f.e.m.s.autoconfigure.EmbeddedMongo    : {"t":{"$date":"2024-07-25T18:54:56.153+02:00"},"s":"I",  "c":"NETWORK",  "id":5693100, "ctx":"initandlisten","msg":"Asio socket.set_option failed with std::system_error","attr":{"note":"acceptor TCP fast open","option":{"level":6,"name":261,"data":"00 04 00 00"},"error":{"what":"set_option: Invalid argument","message":"Invalid argument","category":"asio.system","value":22}}}
2024-07-25T18:54:56.154+02:00  INFO 38737 --- [      Thread-19] d.f.e.m.s.autoconfigure.EmbeddedMongo    : {"t":{"$date":"2024-07-25T18:54:56.153+02:00"},"s":"I",  "c":"STORAGE",  "id":22315,   "ctx":"initandlisten","msg":"Opening WiredTiger","attr":{"config":"create,cache_size=3584M,session_max=33000,eviction=(threads_min=4,threads_max=4),config_base=false,statistics=(fast),log=(enabled=true,remove=true,path=journal,compressor=snappy),builtin_extension_config=(zstd=(compression_level=6)),file_manager=(close_idle_time=600,close_scan_interval=10,close_handle_minimum=2000),statistics_log=(wait=0),json_output=(error,message),verbose=[recovery_progress:1,checkpoint_progress:1,compact_progress:1,backup:0,checkpoint:0,compact:0,evict:0,history_store:0,recovery:0,rts:0,salvage:0,tiered:0,timestamp:0,transaction:0,verify:0,log:0],,log=(enabled=false),"}}
2024-07-25T18:54:57.202+02:00  INFO 38737 --- [      Thread-19] d.f.e.m.s.autoconfigure.EmbeddedMongo    : {"t":{"$date":"2024-07-25T18:54:57.201+02:00"},"s":"I",  "c":"STORAGE",  "id":4795906, "ctx":"initandlisten","msg":"WiredTiger opened","attr":{"durationMillis":1048}}
2024-07-25T18:54:57.202+02:00  INFO 38737 --- [      Thread-19] d.f.e.m.s.autoconfigure.EmbeddedMongo    : {"t":{"$date":"2024-07-25T18:54:57.201+02:00"},"s":"I",  "c":"RECOVERY", "id":23987,   "ctx":"initandlisten","msg":"WiredTiger recoveryTimestamp","attr":{"recoveryTimestamp":{"$timestamp":{"t":0,"i":0}}}}
2024-07-25T18:54:57.240+02:00  INFO 38737 --- [      Thread-19] d.f.e.m.s.autoconfigure.EmbeddedMongo    : {"t":{"$date":"2024-07-25T18:54:57.240+02:00"},"s":"I",  "c":"WT",       "id":4366408, "ctx":"initandlisten","msg":"No table logging settings modifications are required for existing WiredTiger tables","attr":{"loggingEnabled":true}}
2024-07-25T18:54:57.241+02:00  INFO 38737 --- [      Thread-19] d.f.e.m.s.autoconfigure.EmbeddedMongo    : {"t":{"$date":"2024-07-25T18:54:57.241+02:00"},"s":"W",  "c":"CONTROL",  "id":22184,   "ctx":"initandlisten","msg":"Soft rlimits for open file descriptors too low","attr":{"currentValue":10240,"recommendedMinimum":64000},"tags":["startupWarnings"]}
2024-07-25T18:54:57.241+02:00  INFO 38737 --- [      Thread-19] d.f.e.m.s.autoconfigure.EmbeddedMongo    : {"t":{"$date":"2024-07-25T18:54:57.241+02:00"},"s":"I",  "c":"STORAGE",  "id":20320,   "ctx":"initandlisten","msg":"createCollection","attr":{"namespace":"admin.system.version","uuidDisposition":"provided","uuid":{"uuid":{"$uuid":"bce7144e-9238-499a-9189-484e12189544"}},"options":{"uuid":{"$uuid":"bce7144e-9238-499a-9189-484e12189544"}}}}
2024-07-25T18:54:57.277+02:00  INFO 38737 --- [      Thread-19] d.f.e.m.s.autoconfigure.EmbeddedMongo    : {"t":{"$date":"2024-07-25T18:54:57.277+02:00"},"s":"I",  "c":"INDEX",    "id":20345,   "ctx":"initandlisten","msg":"Index build: done building","attr":{"buildUUID":null,"collectionUUID":{"uuid":{"$uuid":"bce7144e-9238-499a-9189-484e12189544"}},"namespace":"admin.system.version","index":"_id_","ident":"index-1--7501346877996036915","collectionIdent":"collection-0--7501346877996036915","commitTimestamp":null}}
2024-07-25T18:54:57.277+02:00  INFO 38737 --- [      Thread-19] d.f.e.m.s.autoconfigure.EmbeddedMongo    : {"t":{"$date":"2024-07-25T18:54:57.277+02:00"},"s":"I",  "c":"REPL",     "id":20459,   "ctx":"initandlisten","msg":"Setting featureCompatibilityVersion","attr":{"newVersion":"6.0"}}
2024-07-25T18:54:57.277+02:00  INFO 38737 --- [      Thread-19] d.f.e.m.s.autoconfigure.EmbeddedMongo    : {"t":{"$date":"2024-07-25T18:54:57.277+02:00"},"s":"I",  "c":"REPL",     "id":5853300, "ctx":"initandlisten","msg":"current featureCompatibilityVersion value","attr":{"featureCompatibilityVersion":"6.0","context":"setFCV"}}
2024-07-25T18:54:57.277+02:00  INFO 38737 --- [      Thread-19] d.f.e.m.s.autoconfigure.EmbeddedMongo    : {"t":{"$date":"2024-07-25T18:54:57.277+02:00"},"s":"I",  "c":"NETWORK",  "id":4915702, "ctx":"initandlisten","msg":"Updated wire specification","attr":{"oldSpec":{"incomingExternalClient":{"minWireVersion":0,"maxWireVersion":17},"incomingInternalClient":{"minWireVersion":0,"maxWireVersion":17},"outgoing":{"minWireVersion":6,"maxWireVersion":17},"isInternalClient":true},"newSpec":{"incomingExternalClient":{"minWireVersion":0,"maxWireVersion":17},"incomingInternalClient":{"minWireVersion":17,"maxWireVersion":17},"outgoing":{"minWireVersion":17,"maxWireVersion":17},"isInternalClient":true}}}
2024-07-25T18:54:57.278+02:00  INFO 38737 --- [      Thread-19] d.f.e.m.s.autoconfigure.EmbeddedMongo    : {"t":{"$date":"2024-07-25T18:54:57.277+02:00"},"s":"I",  "c":"NETWORK",  "id":4915702, "ctx":"initandlisten","msg":"Updated wire specification","attr":{"oldSpec":{"incomingExternalClient":{"minWireVersion":0,"maxWireVersion":17},"incomingInternalClient":{"minWireVersion":17,"maxWireVersion":17},"outgoing":{"minWireVersion":17,"maxWireVersion":17},"isInternalClient":true},"newSpec":{"incomingExternalClient":{"minWireVersion":0,"maxWireVersion":17},"incomingInternalClient":{"minWireVersion":17,"maxWireVersion":17},"outgoing":{"minWireVersion":17,"maxWireVersion":17},"isInternalClient":true}}}
2024-07-25T18:54:57.278+02:00  INFO 38737 --- [      Thread-19] d.f.e.m.s.autoconfigure.EmbeddedMongo    : {"t":{"$date":"2024-07-25T18:54:57.277+02:00"},"s":"I",  "c":"REPL",     "id":5853300, "ctx":"initandlisten","msg":"current featureCompatibilityVersion value","attr":{"featureCompatibilityVersion":"6.0","context":"startup"}}
2024-07-25T18:54:57.278+02:00  INFO 38737 --- [      Thread-19] d.f.e.m.s.autoconfigure.EmbeddedMongo    : {"t":{"$date":"2024-07-25T18:54:57.277+02:00"},"s":"I",  "c":"STORAGE",  "id":5071100, "ctx":"initandlisten","msg":"Clearing temp directory"}
2024-07-25T18:54:57.278+02:00  INFO 38737 --- [      Thread-19] d.f.e.m.s.autoconfigure.EmbeddedMongo    : {"t":{"$date":"2024-07-25T18:54:57.277+02:00"},"s":"I",  "c":"CONTROL",  "id":20536,   "ctx":"initandlisten","msg":"Flow Control is enabled on this deployment"}
2024-07-25T18:54:57.278+02:00  INFO 38737 --- [      Thread-19] d.f.e.m.s.autoconfigure.EmbeddedMongo    : {"t":{"$date":"2024-07-25T18:54:57.278+02:00"},"s":"I",  "c":"FTDC",     "id":20625,   "ctx":"initandlisten","msg":"Initializing full-time diagnostic data capture","attr":{"dataDirectory":"/var/folders/dr/fk5c4mdx63g076r3v55pvq740000gn/T/temp--5ca8961b-de7f-4f93-9620-7ac0cae6b0e4/mongod-database1165207752320573657/diagnostic.data"}}
2024-07-25T18:54:57.278+02:00  INFO 38737 --- [      Thread-19] d.f.e.m.s.autoconfigure.EmbeddedMongo    : {"t":{"$date":"2024-07-25T18:54:57.278+02:00"},"s":"I",  "c":"STORAGE",  "id":20320,   "ctx":"initandlisten","msg":"createCollection","attr":{"namespace":"local.startup_log","uuidDisposition":"generated","uuid":{"uuid":{"$uuid":"f50f0cdf-0dc1-481a-a02f-699fc6bb9190"}},"options":{"capped":true,"size":10485760}}}
2024-07-25T18:54:57.314+02:00  INFO 38737 --- [      Thread-19] d.f.e.m.s.autoconfigure.EmbeddedMongo    : {"t":{"$date":"2024-07-25T18:54:57.314+02:00"},"s":"I",  "c":"INDEX",    "id":20345,   "ctx":"initandlisten","msg":"Index build: done building","attr":{"buildUUID":null,"collectionUUID":{"uuid":{"$uuid":"f50f0cdf-0dc1-481a-a02f-699fc6bb9190"}},"namespace":"local.startup_log","index":"_id_","ident":"index-3--7501346877996036915","collectionIdent":"collection-2--7501346877996036915","commitTimestamp":null}}
2024-07-25T18:54:57.314+02:00  INFO 38737 --- [      Thread-19] d.f.e.m.s.autoconfigure.EmbeddedMongo    : {"t":{"$date":"2024-07-25T18:54:57.314+02:00"},"s":"I",  "c":"REPL",     "id":6015317, "ctx":"initandlisten","msg":"Setting new configuration state","attr":{"newState":"ConfigReplicationDisabled","oldState":"ConfigPreStart"}}
2024-07-25T18:54:57.314+02:00  INFO 38737 --- [      Thread-19] d.f.e.m.s.autoconfigure.EmbeddedMongo    : {"t":{"$date":"2024-07-25T18:54:57.314+02:00"},"s":"I",  "c":"STORAGE",  "id":22262,   "ctx":"initandlisten","msg":"Timestamp monitor starting"}
2024-07-25T18:54:57.314+02:00  INFO 38737 --- [      Thread-19] d.f.e.m.s.autoconfigure.EmbeddedMongo    : {"t":{"$date":"2024-07-25T18:54:57.314+02:00"},"s":"I",  "c":"NETWORK",  "id":23015,   "ctx":"listener","msg":"Listening on","attr":{"address":"/tmp/mongodb-60328.sock"}}
2024-07-25T18:54:57.315+02:00  INFO 38737 --- [      Thread-19] d.f.e.m.s.autoconfigure.EmbeddedMongo    : {"t":{"$date":"2024-07-25T18:54:57.314+02:00"},"s":"I",  "c":"NETWORK",  "id":23015,   "ctx":"listener","msg":"Listening on","attr":{"address":"127.0.0.1"}}
2024-07-25T18:54:57.315+02:00  INFO 38737 --- [      Thread-19] d.f.e.m.s.autoconfigure.EmbeddedMongo    : {"t":{"$date":"2024-07-25T18:54:57.314+02:00"},"s":"I",  "c":"NETWORK",  "id":23016,   "ctx":"listener","msg":"Waiting for connections","attr":{"port":60328,"ssl":"off"}}
2024-07-25T18:54:57.315+02:00  INFO 38737 --- [      Thread-19] d.f.e.m.s.autoconfigure.EmbeddedMongo    : {"t":{"$date":"2024-07-25T18:54:57.314+02:00"},"s":"I",  "c":"CONTROL",  "id":20712,   "ctx":"LogicalSessionCacheReap","msg":"Sessions collection is not set up; waiting until next sessions reap interval","attr":{"error":"NamespaceNotFound: config.system.sessions does not exist"}}
2024-07-25T18:54:57.315+02:00  INFO 38737 --- [      Thread-19] d.f.e.m.s.autoconfigure.EmbeddedMongo    : {"t":{"$date":"2024-07-25T18:54:57.315+02:00"},"s":"I",  "c":"STORAGE",  "id":20320,   "ctx":"LogicalSessionCacheRefresh","msg":"createCollection","attr":{"namespace":"config.system.sessions","uuidDisposition":"generated","uuid":{"uuid":{"$uuid":"719f8604-c9e6-4bdc-b9e2-b70fb7ae0a56"}},"options":{}}}
2024-07-25T18:54:57.321+02:00  INFO 38737 --- [           main] org.mongodb.driver.client                : MongoClient with metadata {"driver": {"name": "mongo-java-driver|sync|spring-boot", "version": "4.9.1"}, "os": {"type": "Darwin", "name": "Mac OS X", "architecture": "aarch64", "version": "14.5"}, "platform": "Java/Amazon.com Inc./20.0.2+9-FR"} created with settings MongoClientSettings{readPreference=primary, writeConcern=WriteConcern{w=null, wTimeout=null ms, journal=null}, retryWrites=true, retryReads=true, readConcern=ReadConcern{level=null}, credential=null, streamFactoryFactory=null, commandListeners=[], codecRegistry=ProvidersCodecRegistry{codecProviders=[ValueCodecProvider{}, BsonValueCodecProvider{}, DBRefCodecProvider{}, DBObjectCodecProvider{}, DocumentCodecProvider{}, CollectionCodecProvider{}, IterableCodecProvider{}, MapCodecProvider{}, GeoJsonCodecProvider{}, GridFSFileCodecProvider{}, Jsr310CodecProvider{}, JsonObjectCodecProvider{}, BsonCodecProvider{}, EnumCodecProvider{}, com.mongodb.client.model.mql.ExpressionCodecProvider@71fc80df, com.mongodb.Jep395RecordCodecProvider@767e28e5]}, loggerSettings=LoggerSettings{maxDocumentLength=1000}, clusterSettings={hosts=[localhost:60328], srvServiceName=mongodb, mode=SINGLE, requiredClusterType=UNKNOWN, requiredReplicaSetName='null', serverSelector='null', clusterListeners='[]', serverSelectionTimeout='30000 ms', localThreshold='30000 ms'}, socketSettings=SocketSettings{connectTimeoutMS=10000, readTimeoutMS=0, receiveBufferSize=0, sendBufferSize=0}, heartbeatSocketSettings=SocketSettings{connectTimeoutMS=10000, readTimeoutMS=10000, receiveBufferSize=0, sendBufferSize=0}, connectionPoolSettings=ConnectionPoolSettings{maxSize=100, minSize=0, maxWaitTimeMS=120000, maxConnectionLifeTimeMS=0, maxConnectionIdleTimeMS=0, maintenanceInitialDelayMS=0, maintenanceFrequencyMS=60000, connectionPoolListeners=[], maxConnecting=2}, serverSettings=ServerSettings{heartbeatFrequencyMS=10000, minHeartbeatFrequencyMS=500, serverListeners='[]', serverMonitorListeners='[]'}, sslSettings=SslSettings{enabled=false, invalidHostNameAllowed=false, context=null}, applicationName='null', compressorList=[], uuidRepresentation=JAVA_LEGACY, serverApi=null, autoEncryptionSettings=null, contextProvider=null}
2024-07-25T18:54:57.322+02:00  INFO 38737 --- [      Thread-19] d.f.e.m.s.autoconfigure.EmbeddedMongo    : {"t":{"$date":"2024-07-25T18:54:57.321+02:00"},"s":"I",  "c":"NETWORK",  "id":22943,   "ctx":"listener","msg":"Connection accepted","attr":{"remote":"127.0.0.1:60333","uuid":"71a005cf-93d5-48af-b12b-60759b9768db","connectionId":1,"connectionCount":1}}
2024-07-25T18:54:57.322+02:00  INFO 38737 --- [      Thread-19] d.f.e.m.s.autoconfigure.EmbeddedMongo    : {"t":{"$date":"2024-07-25T18:54:57.322+02:00"},"s":"I",  "c":"NETWORK",  "id":22943,   "ctx":"listener","msg":"Connection accepted","attr":{"remote":"127.0.0.1:60334","uuid":"c07b855c-8e9a-4e3c-9c17-1a547780770a","connectionId":2,"connectionCount":2}}
2024-07-25T18:54:57.322+02:00  INFO 38737 --- [      Thread-19] d.f.e.m.s.autoconfigure.EmbeddedMongo    : {"t":{"$date":"2024-07-25T18:54:57.322+02:00"},"s":"I",  "c":"NETWORK",  "id":51800,   "ctx":"conn1","msg":"client metadata","attr":{"remote":"127.0.0.1:60333","client":"conn1","doc":{"driver":{"name":"mongo-java-driver|sync|spring-boot","version":"4.9.1"},"os":{"type":"Darwin","name":"Mac OS X","architecture":"aarch64","version":"14.5"},"platform":"Java/Amazon.com Inc./20.0.2+9-FR"}}}
2024-07-25T18:54:57.322+02:00  INFO 38737 --- [      Thread-19] d.f.e.m.s.autoconfigure.EmbeddedMongo    : {"t":{"$date":"2024-07-25T18:54:57.322+02:00"},"s":"I",  "c":"NETWORK",  "id":51800,   "ctx":"conn2","msg":"client metadata","attr":{"remote":"127.0.0.1:60334","client":"conn2","doc":{"driver":{"name":"mongo-java-driver|sync|spring-boot","version":"4.9.1"},"os":{"type":"Darwin","name":"Mac OS X","architecture":"aarch64","version":"14.5"},"platform":"Java/Amazon.com Inc./20.0.2+9-FR"}}}
2024-07-25T18:54:57.323+02:00  INFO 38737 --- [localhost:60328] org.mongodb.driver.cluster               : Monitor thread successfully connected to server with description ServerDescription{address=localhost:60328, type=STANDALONE, state=CONNECTED, ok=true, minWireVersion=0, maxWireVersion=17, maxDocumentSize=16777216, logicalSessionTimeoutMinutes=30, roundTripTimeNanos=1651750}
2024-07-25T18:54:57.359+02:00  WARN 38737 --- [           main] JpaBaseConfiguration$JpaWebConfiguration : spring.jpa.open-in-view is enabled by default. Therefore, database queries may be performed during view rendering. Explicitly configure spring.jpa.open-in-view to disable this warning
2024-07-25T18:54:57.366+02:00  INFO 38737 --- [      Thread-19] d.f.e.m.s.autoconfigure.EmbeddedMongo    : {"t":{"$date":"2024-07-25T18:54:57.365+02:00"},"s":"I",  "c":"INDEX",    "id":20345,   "ctx":"LogicalSessionCacheRefresh","msg":"Index build: done building","attr":{"buildUUID":null,"collectionUUID":{"uuid":{"$uuid":"719f8604-c9e6-4bdc-b9e2-b70fb7ae0a56"}},"namespace":"config.system.sessions","index":"_id_","ident":"index-5--7501346877996036915","collectionIdent":"collection-4--7501346877996036915","commitTimestamp":null}}
2024-07-25T18:54:57.366+02:00  INFO 38737 --- [      Thread-19] d.f.e.m.s.autoconfigure.EmbeddedMongo    : {"t":{"$date":"2024-07-25T18:54:57.365+02:00"},"s":"I",  "c":"INDEX",    "id":20345,   "ctx":"LogicalSessionCacheRefresh","msg":"Index build: done building","attr":{"buildUUID":null,"collectionUUID":{"uuid":{"$uuid":"719f8604-c9e6-4bdc-b9e2-b70fb7ae0a56"}},"namespace":"config.system.sessions","index":"lsidTTLIndex","ident":"index-6--7501346877996036915","collectionIdent":"collection-4--7501346877996036915","commitTimestamp":null}}
2024-07-25T18:54:57.369+02:00  INFO 38737 --- [           main] o.s.b.a.w.s.WelcomePageHandlerMapping    : Adding welcome page: class path resource [static/index.html]
2024-07-25T18:54:57.719+02:00  INFO 38737 --- [           main] o.s.s.web.DefaultSecurityFilterChain     : Will secure any request with [org.springframework.security.web.session.DisableEncodeUrlFilter@6e848fd1, org.springframework.security.web.session.ForceEagerSessionCreationFilter@191dc681, org.springframework.security.web.context.request.async.WebAsyncManagerIntegrationFilter@71e67a9b, org.springframework.security.web.context.SecurityContextHolderFilter@3319792d, org.springframework.security.web.header.HeaderWriterFilter@4098302, org.springframework.security.web.csrf.CsrfFilter@54f1c59c, org.springframework.security.web.authentication.logout.LogoutFilter@54873aa4, org.springframework.security.web.authentication.www.BasicAuthenticationFilter@283beaba, org.springframework.security.web.savedrequest.RequestCacheAwareFilter@7910aa04, org.springframework.security.web.servletapi.SecurityContextHolderAwareRequestFilter@314927b7, org.springframework.security.web.authentication.AnonymousAuthenticationFilter@2c38e028, org.springframework.security.web.session.SessionManagementFilter@691e9cb7, org.springframework.security.web.access.ExceptionTranslationFilter@61f576dc, org.springframework.security.web.access.intercept.AuthorizationFilter@33bc708]
2024-07-25T18:54:57.780+02:00  INFO 38737 --- [           main] o.s.b.t.m.w.SpringBootMockServletContext : Initializing Spring TestDispatcherServlet ''
2024-07-25T18:54:57.780+02:00  INFO 38737 --- [           main] o.s.t.web.servlet.TestDispatcherServlet  : Initializing Servlet ''
2024-07-25T18:54:57.781+02:00  INFO 38737 --- [           main] o.s.t.web.servlet.TestDispatcherServlet  : Completed initialization in 1 ms
2024-07-25T18:54:57.789+02:00  INFO 38737 --- [           main] d.n.b.c.UserControllerIntegrationTest    : Started UserControllerIntegrationTest in 1.986 seconds (process running for 24.322)
2024-07-25T18:54:58.076+02:00  INFO 38737 --- [      Thread-19] d.f.e.m.s.autoconfigure.EmbeddedMongo    : {"t":{"$date":"2024-07-25T18:54:58.076+02:00"},"s":"I",  "c":"NETWORK",  "id":22943,   "ctx":"listener","msg":"Connection accepted","attr":{"remote":"127.0.0.1:60339","uuid":"19148760-26f0-4eb2-9b39-565c35cea7d0","connectionId":3,"connectionCount":3}}
2024-07-25T18:54:58.077+02:00  INFO 38737 --- [      Thread-19] d.f.e.m.s.autoconfigure.EmbeddedMongo    : {"t":{"$date":"2024-07-25T18:54:58.076+02:00"},"s":"I",  "c":"NETWORK",  "id":51800,   "ctx":"conn3","msg":"client metadata","attr":{"remote":"127.0.0.1:60339","client":"conn3","doc":{"driver":{"name":"mongo-java-driver|sync|spring-boot","version":"4.9.1"},"os":{"type":"Darwin","name":"Mac OS X","architecture":"aarch64","version":"14.5"},"platform":"Java/Amazon.com Inc./20.0.2+9-FR"}}}
2024-07-25T18:54:58.084+02:00  INFO 38737 --- [      Thread-19] d.f.e.m.s.autoconfigure.EmbeddedMongo    : {"t":{"$date":"2024-07-25T18:54:58.084+02:00"},"s":"I",  "c":"STORAGE",  "id":20320,   "ctx":"conn3","msg":"createCollection","attr":{"namespace":"test.users","uuidDisposition":"generated","uuid":{"uuid":{"$uuid":"81f321fa-cc46-4092-a5e0-86cebb902e51"}},"options":{}}}
2024-07-25T18:54:58.127+02:00  INFO 38737 --- [      Thread-19] d.f.e.m.s.autoconfigure.EmbeddedMongo    : {"t":{"$date":"2024-07-25T18:54:58.127+02:00"},"s":"I",  "c":"INDEX",    "id":20345,   "ctx":"conn3","msg":"Index build: done building","attr":{"buildUUID":null,"collectionUUID":{"uuid":{"$uuid":"81f321fa-cc46-4092-a5e0-86cebb902e51"}},"namespace":"test.users","index":"_id_","ident":"index-8--7501346877996036915","collectionIdent":"collection-7--7501346877996036915","commitTimestamp":null}}
2024-07-25T18:54:58.137+02:00  INFO 38737 --- [      Thread-19] d.f.e.m.s.autoconfigure.EmbeddedMongo    : {"t":{"$date":"2024-07-25T18:54:58.137+02:00"},"s":"I",  "c":"NETWORK",  "id":22944,   "ctx":"conn3","msg":"Connection ended","attr":{"remote":"127.0.0.1:60339","uuid":"19148760-26f0-4eb2-9b39-565c35cea7d0","connectionId":3,"connectionCount":2}}
2024-07-25T18:54:58.138+02:00  INFO 38737 --- [      Thread-19] d.f.e.m.s.autoconfigure.EmbeddedMongo    : {"t":{"$date":"2024-07-25T18:54:58.137+02:00"},"s":"I",  "c":"NETWORK",  "id":22944,   "ctx":"conn2","msg":"Connection ended","attr":{"remote":"127.0.0.1:60334","uuid":"c07b855c-8e9a-4e3c-9c17-1a547780770a","connectionId":2,"connectionCount":1}}
2024-07-25T18:54:58.138+02:00  INFO 38737 --- [      Thread-19] d.f.e.m.s.autoconfigure.EmbeddedMongo    : {"t":{"$date":"2024-07-25T18:54:58.138+02:00"},"s":"I",  "c":"NETWORK",  "id":22943,   "ctx":"listener","msg":"Connection accepted","attr":{"remote":"127.0.0.1:60340","uuid":"f53f0935-8a9b-4ff1-8445-c696cf69f481","connectionId":4,"connectionCount":2}}
2024-07-25T18:54:58.138+02:00  INFO 38737 --- [      Thread-19] d.f.e.m.s.autoconfigure.EmbeddedMongo    : {"t":{"$date":"2024-07-25T18:54:58.138+02:00"},"s":"W",  "c":"COMMAND",  "id":5578800, "ctx":"conn4","msg":"Received wire protocol op code or command that is no longer supported. The client driver may require an upgrade. For more details see https://dochub.mongodb.org/core/legacy-opcode-removal","attr":{"op":"query","clientInfo":{"address":"127.0.0.1:60340"}}}
2024-07-25T18:54:58.138+02:00 ERROR 38737 --- [           main] d.flapdoodle.embed.mongo.runtime.Mongod  : Got some response, should be an error message
2024-07-25T18:54:58.138+02:00  INFO 38737 --- [      Thread-19] d.f.e.m.s.autoconfigure.EmbeddedMongo    : {"t":{"$date":"2024-07-25T18:54:58.138+02:00"},"s":"I",  "c":"NETWORK",  "id":22944,   "ctx":"conn4","msg":"Connection ended","attr":{"remote":"127.0.0.1:60340","uuid":"f53f0935-8a9b-4ff1-8445-c696cf69f481","connectionId":4,"connectionCount":1}}
2024-07-25T18:54:58.244+02:00  INFO 38737 --- [      Thread-19] d.f.e.m.s.autoconfigure.EmbeddedMongo    : {"t":{"$date":"2024-07-25T18:54:58.244+02:00"},"s":"I",  "c":"NETWORK",  "id":22943,   "ctx":"listener","msg":"Connection accepted","attr":{"remote":"127.0.0.1:60341","uuid":"5889a5d7-7020-4260-ab9b-b8da0fbdef97","connectionId":5,"connectionCount":2}}
2024-07-25T18:54:58.244+02:00  INFO 38737 --- [      Thread-19] d.f.e.m.s.autoconfigure.EmbeddedMongo    : {"t":{"$date":"2024-07-25T18:54:58.244+02:00"},"s":"I",  "c":"COMMAND",  "id":4695400, "ctx":"conn5","msg":"Terminating via shutdown command","attr":{"force":false,"timeoutMillis":15000}}
2024-07-25T18:54:58.244+02:00  INFO 38737 --- [      Thread-19] d.f.e.m.s.autoconfigure.EmbeddedMongo    : {"t":{"$date":"2024-07-25T18:54:58.244+02:00"},"s":"I",  "c":"REPL",     "id":4794602, "ctx":"thread31","msg":"Attempting to enter quiesce mode"}
2024-07-25T18:54:58.244+02:00  INFO 38737 --- [      Thread-19] d.f.e.m.s.autoconfigure.EmbeddedMongo    : {"t":{"$date":"2024-07-25T18:54:58.244+02:00"},"s":"I",  "c":"-",        "id":6371601, "ctx":"thread31","msg":"Shutting down the FLE Crud thread pool"}
2024-07-25T18:54:58.244+02:00  INFO 38737 --- [      Thread-19] d.f.e.m.s.autoconfigure.EmbeddedMongo    : {"t":{"$date":"2024-07-25T18:54:58.244+02:00"},"s":"I",  "c":"COMMAND",  "id":4784901, "ctx":"thread31","msg":"Shutting down the MirrorMaestro"}
2024-07-25T18:54:58.244+02:00  INFO 38737 --- [      Thread-19] d.f.e.m.s.autoconfigure.EmbeddedMongo    : {"t":{"$date":"2024-07-25T18:54:58.244+02:00"},"s":"I",  "c":"SHARDING", "id":4784902, "ctx":"thread31","msg":"Shutting down the WaitForMajorityService"}
2024-07-25T18:54:58.244+02:00  INFO 38737 --- [      Thread-19] d.f.e.m.s.autoconfigure.EmbeddedMongo    : {"t":{"$date":"2024-07-25T18:54:58.244+02:00"},"s":"I",  "c":"CONTROL",  "id":4784903, "ctx":"thread31","msg":"Shutting down the LogicalSessionCache"}
2024-07-25T18:54:58.244+02:00  INFO 38737 --- [      Thread-19] d.f.e.m.s.autoconfigure.EmbeddedMongo    : {"t":{"$date":"2024-07-25T18:54:58.244+02:00"},"s":"I",  "c":"NETWORK",  "id":20562,   "ctx":"thread31","msg":"Shutdown: going to close listening sockets"}
2024-07-25T18:54:58.244+02:00  INFO 38737 --- [      Thread-19] d.f.e.m.s.autoconfigure.EmbeddedMongo    : {"t":{"$date":"2024-07-25T18:54:58.244+02:00"},"s":"I",  "c":"NETWORK",  "id":23017,   "ctx":"listener","msg":"removing socket file","attr":{"path":"/tmp/mongodb-60328.sock"}}
2024-07-25T18:54:58.245+02:00  INFO 38737 --- [      Thread-19] d.f.e.m.s.autoconfigure.EmbeddedMongo    : {"t":{"$date":"2024-07-25T18:54:58.245+02:00"},"s":"I",  "c":"NETWORK",  "id":4784905, "ctx":"thread31","msg":"Shutting down the global connection pool"}
2024-07-25T18:54:58.245+02:00  INFO 38737 --- [      Thread-19] d.f.e.m.s.autoconfigure.EmbeddedMongo    : {"t":{"$date":"2024-07-25T18:54:58.245+02:00"},"s":"I",  "c":"CONTROL",  "id":4784906, "ctx":"thread31","msg":"Shutting down the FlowControlTicketholder"}
2024-07-25T18:54:58.245+02:00  INFO 38737 --- [      Thread-19] d.f.e.m.s.autoconfigure.EmbeddedMongo    : {"t":{"$date":"2024-07-25T18:54:58.245+02:00"},"s":"I",  "c":"-",        "id":20520,   "ctx":"thread31","msg":"Stopping further Flow Control ticket acquisitions."}
2024-07-25T18:54:58.245+02:00  INFO 38737 --- [      Thread-19] d.f.e.m.s.autoconfigure.EmbeddedMongo    : {"t":{"$date":"2024-07-25T18:54:58.245+02:00"},"s":"I",  "c":"CONTROL",  "id":4784908, "ctx":"thread31","msg":"Shutting down the PeriodicThreadToAbortExpiredTransactions"}
2024-07-25T18:54:58.245+02:00  INFO 38737 --- [      Thread-19] d.f.e.m.s.autoconfigure.EmbeddedMongo    : {"t":{"$date":"2024-07-25T18:54:58.245+02:00"},"s":"I",  "c":"REPL",     "id":4784909, "ctx":"thread31","msg":"Shutting down the ReplicationCoordinator"}
2024-07-25T18:54:58.245+02:00  INFO 38737 --- [      Thread-19] d.f.e.m.s.autoconfigure.EmbeddedMongo    : {"t":{"$date":"2024-07-25T18:54:58.245+02:00"},"s":"I",  "c":"SHARDING", "id":4784910, "ctx":"thread31","msg":"Shutting down the ShardingInitializationMongoD"}
2024-07-25T18:54:58.245+02:00  INFO 38737 --- [      Thread-19] d.f.e.m.s.autoconfigure.EmbeddedMongo    : {"t":{"$date":"2024-07-25T18:54:58.245+02:00"},"s":"I",  "c":"REPL",     "id":4784911, "ctx":"thread31","msg":"Enqueuing the ReplicationStateTransitionLock for shutdown"}
2024-07-25T18:54:58.245+02:00  INFO 38737 --- [      Thread-19] d.f.e.m.s.autoconfigure.EmbeddedMongo    : {"t":{"$date":"2024-07-25T18:54:58.245+02:00"},"s":"I",  "c":"-",        "id":4784912, "ctx":"thread31","msg":"Killing all operations for shutdown"}
2024-07-25T18:54:58.245+02:00  INFO 38737 --- [      Thread-19] d.f.e.m.s.autoconfigure.EmbeddedMongo    : {"t":{"$date":"2024-07-25T18:54:58.245+02:00"},"s":"I",  "c":"-",        "id":4695300, "ctx":"thread31","msg":"Interrupted all currently running operations","attr":{"opsKilled":4}}
2024-07-25T18:54:58.245+02:00  INFO 38737 --- [      Thread-19] d.f.e.m.s.autoconfigure.EmbeddedMongo    : {"t":{"$date":"2024-07-25T18:54:58.245+02:00"},"s":"I",  "c":"TENANT_M", "id":5093807, "ctx":"thread31","msg":"Shutting down all TenantMigrationAccessBlockers on global shutdown"}
2024-07-25T18:54:58.245+02:00  INFO 38737 --- [      Thread-19] d.f.e.m.s.autoconfigure.EmbeddedMongo    : {"t":{"$date":"2024-07-25T18:54:58.245+02:00"},"s":"I",  "c":"COMMAND",  "id":4784913, "ctx":"thread31","msg":"Shutting down all open transactions"}
2024-07-25T18:54:58.245+02:00  INFO 38737 --- [      Thread-19] d.f.e.m.s.autoconfigure.EmbeddedMongo    : {"t":{"$date":"2024-07-25T18:54:58.245+02:00"},"s":"I",  "c":"REPL",     "id":4784914, "ctx":"thread31","msg":"Acquiring the ReplicationStateTransitionLock for shutdown"}
2024-07-25T18:54:58.245+02:00  INFO 38737 --- [      Thread-19] d.f.e.m.s.autoconfigure.EmbeddedMongo    : {"t":{"$date":"2024-07-25T18:54:58.245+02:00"},"s":"I",  "c":"INDEX",    "id":4784915, "ctx":"thread31","msg":"Shutting down the IndexBuildsCoordinator"}
2024-07-25T18:54:58.245+02:00  INFO 38737 --- [      Thread-19] d.f.e.m.s.autoconfigure.EmbeddedMongo    : {"t":{"$date":"2024-07-25T18:54:58.245+02:00"},"s":"I",  "c":"NETWORK",  "id":4784918, "ctx":"thread31","msg":"Shutting down the ReplicaSetMonitor"}
2024-07-25T18:54:58.245+02:00  INFO 38737 --- [      Thread-19] d.f.e.m.s.autoconfigure.EmbeddedMongo    : {"t":{"$date":"2024-07-25T18:54:58.245+02:00"},"s":"I",  "c":"SHARDING", "id":4784921, "ctx":"thread31","msg":"Shutting down the MigrationUtilExecutor"}
2024-07-25T18:54:58.245+02:00  INFO 38737 --- [      Thread-19] d.f.e.m.s.autoconfigure.EmbeddedMongo    : {"t":{"$date":"2024-07-25T18:54:58.245+02:00"},"s":"I",  "c":"ASIO",     "id":22582,   "ctx":"MigrationUtil-TaskExecutor","msg":"Killing all outstanding egress activity."}
2024-07-25T18:54:58.245+02:00  INFO 38737 --- [      Thread-19] d.f.e.m.s.autoconfigure.EmbeddedMongo    : {"t":{"$date":"2024-07-25T18:54:58.245+02:00"},"s":"I",  "c":"COMMAND",  "id":4784923, "ctx":"thread31","msg":"Shutting down the ServiceEntryPoint"}
2024-07-25T18:54:58.245+02:00  INFO 38737 --- [      Thread-19] d.f.e.m.s.autoconfigure.EmbeddedMongo    : {"t":{"$date":"2024-07-25T18:54:58.245+02:00"},"s":"I",  "c":"CONTROL",  "id":4784925, "ctx":"thread31","msg":"Shutting down free monitoring"}
2024-07-25T18:54:58.245+02:00  INFO 38737 --- [      Thread-19] d.f.e.m.s.autoconfigure.EmbeddedMongo    : {"t":{"$date":"2024-07-25T18:54:58.245+02:00"},"s":"I",  "c":"CONTROL",  "id":20609,   "ctx":"thread31","msg":"Shutting down free monitoring"}
2024-07-25T18:54:58.245+02:00  INFO 38737 --- [      Thread-19] d.f.e.m.s.autoconfigure.EmbeddedMongo    : {"t":{"$date":"2024-07-25T18:54:58.245+02:00"},"s":"I",  "c":"CONTROL",  "id":4784927, "ctx":"thread31","msg":"Shutting down the HealthLog"}
2024-07-25T18:54:58.245+02:00  INFO 38737 --- [      Thread-19] d.f.e.m.s.autoconfigure.EmbeddedMongo    : {"t":{"$date":"2024-07-25T18:54:58.245+02:00"},"s":"I",  "c":"CONTROL",  "id":4784928, "ctx":"thread31","msg":"Shutting down the TTL monitor"}
2024-07-25T18:54:58.245+02:00  INFO 38737 --- [      Thread-19] d.f.e.m.s.autoconfigure.EmbeddedMongo    : {"t":{"$date":"2024-07-25T18:54:58.245+02:00"},"s":"I",  "c":"INDEX",    "id":3684100, "ctx":"thread31","msg":"Shutting down TTL collection monitor thread"}
2024-07-25T18:54:58.245+02:00  INFO 38737 --- [      Thread-19] d.f.e.m.s.autoconfigure.EmbeddedMongo    : {"t":{"$date":"2024-07-25T18:54:58.245+02:00"},"s":"I",  "c":"INDEX",    "id":3684101, "ctx":"thread31","msg":"Finished shutting down TTL collection monitor thread"}
2024-07-25T18:54:58.245+02:00  INFO 38737 --- [      Thread-19] d.f.e.m.s.autoconfigure.EmbeddedMongo    : {"t":{"$date":"2024-07-25T18:54:58.245+02:00"},"s":"I",  "c":"CONTROL",  "id":6278511, "ctx":"thread31","msg":"Shutting down the Change Stream Expired Pre-images Remover"}
2024-07-25T18:54:58.245+02:00  INFO 38737 --- [      Thread-19] d.f.e.m.s.autoconfigure.EmbeddedMongo    : {"t":{"$date":"2024-07-25T18:54:58.245+02:00"},"s":"I",  "c":"CONTROL",  "id":4784929, "ctx":"thread31","msg":"Acquiring the global lock for shutdown"}
2024-07-25T18:54:58.245+02:00  INFO 38737 --- [      Thread-19] d.f.e.m.s.autoconfigure.EmbeddedMongo    : {"t":{"$date":"2024-07-25T18:54:58.245+02:00"},"s":"I",  "c":"CONTROL",  "id":4784930, "ctx":"thread31","msg":"Shutting down the storage engine"}
2024-07-25T18:54:58.245+02:00  INFO 38737 --- [      Thread-19] d.f.e.m.s.autoconfigure.EmbeddedMongo    : {"t":{"$date":"2024-07-25T18:54:58.245+02:00"},"s":"I",  "c":"STORAGE",  "id":22320,   "ctx":"thread31","msg":"Shutting down journal flusher thread"}
2024-07-25T18:54:58.245+02:00  INFO 38737 --- [      Thread-19] d.f.e.m.s.autoconfigure.EmbeddedMongo    : {"t":{"$date":"2024-07-25T18:54:58.245+02:00"},"s":"I",  "c":"NETWORK",  "id":22944,   "ctx":"conn1","msg":"Connection ended","attr":{"remote":"127.0.0.1:60333","uuid":"71a005cf-93d5-48af-b12b-60759b9768db","connectionId":1,"connectionCount":1}}
2024-07-25T18:54:58.285+02:00  INFO 38737 --- [      Thread-19] d.f.e.m.s.autoconfigure.EmbeddedMongo    : {"t":{"$date":"2024-07-25T18:54:58.285+02:00"},"s":"I",  "c":"STORAGE",  "id":22321,   "ctx":"thread31","msg":"Finished shutting down journal flusher thread"}
2024-07-25T18:54:58.286+02:00  INFO 38737 --- [      Thread-19] d.f.e.m.s.autoconfigure.EmbeddedMongo    : {"t":{"$date":"2024-07-25T18:54:58.285+02:00"},"s":"I",  "c":"STORAGE",  "id":22322,   "ctx":"thread31","msg":"Shutting down checkpoint thread"}
2024-07-25T18:54:58.286+02:00  INFO 38737 --- [      Thread-19] d.f.e.m.s.autoconfigure.EmbeddedMongo    : {"t":{"$date":"2024-07-25T18:54:58.285+02:00"},"s":"I",  "c":"STORAGE",  "id":22323,   "ctx":"thread31","msg":"Finished shutting down checkpoint thread"}
2024-07-25T18:54:58.286+02:00  INFO 38737 --- [      Thread-19] d.f.e.m.s.autoconfigure.EmbeddedMongo    : {"t":{"$date":"2024-07-25T18:54:58.285+02:00"},"s":"I",  "c":"STORAGE",  "id":20282,   "ctx":"thread31","msg":"Deregistering all the collections"}
2024-07-25T18:54:58.286+02:00  INFO 38737 --- [      Thread-19] d.f.e.m.s.autoconfigure.EmbeddedMongo    : {"t":{"$date":"2024-07-25T18:54:58.286+02:00"},"s":"I",  "c":"STORAGE",  "id":22261,   "ctx":"thread31","msg":"Timestamp monitor shutting down"}
2024-07-25T18:54:58.286+02:00  INFO 38737 --- [      Thread-19] d.f.e.m.s.autoconfigure.EmbeddedMongo    : {"t":{"$date":"2024-07-25T18:54:58.286+02:00"},"s":"I",  "c":"STORAGE",  "id":22317,   "ctx":"thread31","msg":"WiredTigerKVEngine shutting down"}
2024-07-25T18:54:58.286+02:00  INFO 38737 --- [      Thread-19] d.f.e.m.s.autoconfigure.EmbeddedMongo    : {"t":{"$date":"2024-07-25T18:54:58.286+02:00"},"s":"I",  "c":"STORAGE",  "id":22318,   "ctx":"thread31","msg":"Shutting down session sweeper thread"}
2024-07-25T18:54:58.286+02:00  INFO 38737 --- [      Thread-19] d.f.e.m.s.autoconfigure.EmbeddedMongo    : {"t":{"$date":"2024-07-25T18:54:58.286+02:00"},"s":"I",  "c":"STORAGE",  "id":22319,   "ctx":"thread31","msg":"Finished shutting down session sweeper thread"}
2024-07-25T18:54:58.286+02:00  INFO 38737 --- [      Thread-19] d.f.e.m.s.autoconfigure.EmbeddedMongo    : {"t":{"$date":"2024-07-25T18:54:58.286+02:00"},"s":"I",  "c":"STORAGE",  "id":4795902, "ctx":"thread31","msg":"Closing WiredTiger","attr":{"closeConfig":"leak_memory=true,"}}
2024-07-25T18:54:58.310+02:00  INFO 38737 --- [      Thread-19] d.f.e.m.s.autoconfigure.EmbeddedMongo    : {"t":{"$date":"2024-07-25T18:54:58.310+02:00"},"s":"I",  "c":"STORAGE",  "id":4795901, "ctx":"thread31","msg":"WiredTiger closed","attr":{"durationMillis":24}}
2024-07-25T18:54:58.311+02:00  INFO 38737 --- [      Thread-19] d.f.e.m.s.autoconfigure.EmbeddedMongo    : {"t":{"$date":"2024-07-25T18:54:58.310+02:00"},"s":"I",  "c":"STORAGE",  "id":22279,   "ctx":"thread31","msg":"shutdown: removing fs lock..."}
2024-07-25T18:54:58.311+02:00  INFO 38737 --- [      Thread-19] d.f.e.m.s.autoconfigure.EmbeddedMongo    : {"t":{"$date":"2024-07-25T18:54:58.310+02:00"},"s":"I",  "c":"-",        "id":4784931, "ctx":"thread31","msg":"Dropping the scope cache for shutdown"}
2024-07-25T18:54:58.311+02:00  INFO 38737 --- [      Thread-19] d.f.e.m.s.autoconfigure.EmbeddedMongo    : {"t":{"$date":"2024-07-25T18:54:58.310+02:00"},"s":"I",  "c":"FTDC",     "id":20626,   "ctx":"thread31","msg":"Shutting down full-time diagnostic data capture"}
2024-07-25T18:54:58.313+02:00  INFO 38737 --- [      Thread-19] d.f.e.m.s.autoconfigure.EmbeddedMongo    : {"t":{"$date":"2024-07-25T18:54:58.312+02:00"},"s":"I",  "c":"CONTROL",  "id":20565,   "ctx":"thread31","msg":"Now exiting"}
2024-07-25T18:54:58.313+02:00  INFO 38737 --- [      Thread-19] d.f.e.m.s.autoconfigure.EmbeddedMongo    : {"t":{"$date":"2024-07-25T18:54:58.313+02:00"},"s":"I",  "c":"CONTROL",  "id":23138,   "ctx":"thread31","msg":"Shutting down","attr":{"exitCode":0}}
2024-07-25T18:54:58.418+02:00  INFO 38737 --- [           main] j.LocalContainerEntityManagerFactoryBean : Closing JPA EntityManagerFactory for persistence unit 'default'
2024-07-25T18:54:58.419+02:00  INFO 38737 --- [           main] com.zaxxer.hikari.HikariDataSource       : HikariPool-5 - Shutdown initiated...
2024-07-25T18:54:58.419+02:00  INFO 38737 --- [           main] com.zaxxer.hikari.HikariDataSource       : HikariPool-5 - Shutdown completed.
]]></system-out>
  </testcase>
  <testcase name="test_GetUsername" classname="de.neuefische.backend.controllers.UserControllerIntegrationTest" time="0.007">
    <system-out><![CDATA[
  .   ____          _            __ _ _
 /\\ / ___'_ __ _ _(_)_ __  __ _ \ \ \ \
( ( )\___ | '_ | '_| | '_ \/ _` | \ \ \ \
 \\/  ___)| |_)| | | | | || (_| |  ) ) ) )
  '  |____| .__|_| |_|_| |_\__, | / / / /
 =========|_|==============|___/=/_/_/_/
 :: Spring Boot ::                (v3.1.0)

2024-07-25T18:54:58.433+02:00  INFO 38737 --- [           main] d.n.b.c.UserControllerIntegrationTest    : Starting UserControllerIntegrationTest using Java 20.0.2 with PID 38737 (started by paffen in /Users/paffen/IdeaProjects/capstone-foodspot/backend)
2024-07-25T18:54:58.433+02:00  INFO 38737 --- [           main] d.n.b.c.UserControllerIntegrationTest    : No active profile set, falling back to 1 default profile: "default"
2024-07-25T18:54:58.551+02:00  INFO 38737 --- [           main] .s.d.r.c.RepositoryConfigurationDelegate : Multiple Spring Data modules found, entering strict repository configuration mode
2024-07-25T18:54:58.551+02:00  INFO 38737 --- [           main] .s.d.r.c.RepositoryConfigurationDelegate : Bootstrapping Spring Data JPA repositories in DEFAULT mode.
2024-07-25T18:54:58.554+02:00  INFO 38737 --- [           main] .RepositoryConfigurationExtensionSupport : Spring Data JPA - Could not safely identify store assignment for repository candidate interface de.neuefische.backend.repos.FoodSpotRepo; If you want this repository to be a JPA repository, consider annotating your entities with one of these annotations: jakarta.persistence.Entity, jakarta.persistence.MappedSuperclass (preferred), or consider extending one of the following types with your repository: org.springframework.data.jpa.repository.JpaRepository
2024-07-25T18:54:58.554+02:00  INFO 38737 --- [           main] .RepositoryConfigurationExtensionSupport : Spring Data JPA - Could not safely identify store assignment for repository candidate interface de.neuefische.backend.repos.UserRepo; If you want this repository to be a JPA repository, consider annotating your entities with one of these annotations: jakarta.persistence.Entity, jakarta.persistence.MappedSuperclass (preferred), or consider extending one of the following types with your repository: org.springframework.data.jpa.repository.JpaRepository
2024-07-25T18:54:58.554+02:00  INFO 38737 --- [           main] .s.d.r.c.RepositoryConfigurationDelegate : Finished Spring Data repository scanning in 2 ms. Found 0 JPA repository interfaces.
2024-07-25T18:54:58.557+02:00  INFO 38737 --- [           main] .s.d.r.c.RepositoryConfigurationDelegate : Multiple Spring Data modules found, entering strict repository configuration mode
2024-07-25T18:54:58.557+02:00  INFO 38737 --- [           main] .s.d.r.c.RepositoryConfigurationDelegate : Bootstrapping Spring Data MongoDB repositories in DEFAULT mode.
2024-07-25T18:54:58.560+02:00  INFO 38737 --- [           main] .s.d.r.c.RepositoryConfigurationDelegate : Finished Spring Data repository scanning in 3 ms. Found 2 MongoDB repository interfaces.
2024-07-25T18:54:58.584+02:00  INFO 38737 --- [           main] trationDelegate$BeanPostProcessorChecker : Bean 'de.flapdoodle.embed.mongo.spring.autoconfigure.EmbeddedMongoAutoConfiguration' of type [de.flapdoodle.embed.mongo.spring.autoconfigure.EmbeddedMongoAutoConfiguration] is not eligible for getting processed by all BeanPostProcessors (for example: not eligible for auto-proxying)
2024-07-25T18:54:58.586+02:00  INFO 38737 --- [           main] trationDelegate$BeanPostProcessorChecker : Bean 'de.flapdoodle.mongodb.embedded-de.flapdoodle.embed.mongo.spring.autoconfigure.EmbeddedMongoProperties' of type [de.flapdoodle.embed.mongo.spring.autoconfigure.EmbeddedMongoProperties] is not eligible for getting processed by all BeanPostProcessors (for example: not eligible for auto-proxying)
2024-07-25T18:54:58.587+02:00  INFO 38737 --- [           main] trationDelegate$BeanPostProcessorChecker : Bean 'spring.data.mongodb-org.springframework.boot.autoconfigure.mongo.MongoProperties' of type [org.springframework.boot.autoconfigure.mongo.MongoProperties] is not eligible for getting processed by all BeanPostProcessors (for example: not eligible for auto-proxying)
2024-07-25T18:54:58.598+02:00  INFO 38737 --- [           main] com.zaxxer.hikari.HikariDataSource       : HikariPool-6 - Starting...
2024-07-25T18:54:58.600+02:00  INFO 38737 --- [           main] com.zaxxer.hikari.pool.HikariPool        : HikariPool-6 - Added connection conn50: url=jdbc:h2:mem:f544d3fc-486b-49bd-82cf-bef44047e049 user=SA
2024-07-25T18:54:58.600+02:00  INFO 38737 --- [           main] com.zaxxer.hikari.HikariDataSource       : HikariPool-6 - Start completed.
2024-07-25T18:54:58.601+02:00  INFO 38737 --- [           main] o.hibernate.jpa.internal.util.LogHelper  : HHH000204: Processing PersistenceUnitInfo [name: default]
2024-07-25T18:54:58.603+02:00  INFO 38737 --- [           main] o.h.b.i.BytecodeProviderInitiator        : HHH000021: Bytecode provider name : bytebuddy
2024-07-25T18:54:58.604+02:00  INFO 38737 --- [           main] o.s.o.j.p.SpringPersistenceUnitInfo      : No LoadTimeWeaver setup: ignoring JPA class transformer
2024-07-25T18:54:58.604+02:00  INFO 38737 --- [           main] org.hibernate.orm.dialect                : HHH035001: Using dialect: org.hibernate.dialect.H2Dialect, version: 1.4.200
2024-07-25T18:54:58.606+02:00  INFO 38737 --- [           main] o.h.b.i.BytecodeProviderInitiator        : HHH000021: Bytecode provider name : bytebuddy
2024-07-25T18:54:58.610+02:00  INFO 38737 --- [           main] o.h.e.t.j.p.i.JtaPlatformInitiator       : HHH000490: Using JtaPlatform implementation: [org.hibernate.engine.transaction.jta.platform.internal.NoJtaPlatform]
2024-07-25T18:54:58.610+02:00  INFO 38737 --- [           main] j.LocalContainerEntityManagerFactoryBean : Initialized JPA EntityManagerFactory for persistence unit 'default'
2024-07-25T18:54:58.617+02:00  INFO 38737 --- [           main] d.f.e.m.s.a.SyncClientServerFactory      : sync server factory
2024-07-25T18:54:58.720+02:00  INFO 38737 --- [      Thread-23] d.f.e.m.s.autoconfigure.EmbeddedMongo    : {"t":{"$date":"2024-07-25T18:54:58.719+02:00"},"s":"I",  "c":"CONTROL",  "id":23285,   "ctx":"thread1","msg":"Automatically disabling TLS 1.0, to force-enable TLS 1.0 specify --sslDisabledProtocols 'none'"}
2024-07-25T18:54:58.720+02:00  INFO 38737 --- [      Thread-23] d.f.e.m.s.autoconfigure.EmbeddedMongo    : {"t":{"$date":"2024-07-25T18:54:58.720+02:00"},"s":"I",  "c":"NETWORK",  "id":4915701, "ctx":"thread1","msg":"Initialized wire specification","attr":{"spec":{"incomingExternalClient":{"minWireVersion":0,"maxWireVersion":17},"incomingInternalClient":{"minWireVersion":0,"maxWireVersion":17},"outgoing":{"minWireVersion":6,"maxWireVersion":17},"isInternalClient":true}}}
2024-07-25T18:54:58.723+02:00  INFO 38737 --- [      Thread-23] d.f.e.m.s.autoconfigure.EmbeddedMongo    : {"t":{"$date":"2024-07-25T18:54:58.723+02:00"},"s":"I",  "c":"NETWORK",  "id":4648602, "ctx":"thread1","msg":"Implicit TCP FastOpen in use."}
2024-07-25T18:54:58.723+02:00  INFO 38737 --- [      Thread-23] d.f.e.m.s.autoconfigure.EmbeddedMongo    : {"t":{"$date":"2024-07-25T18:54:58.723+02:00"},"s":"I",  "c":"REPL",     "id":5123008, "ctx":"thread1","msg":"Successfully registered PrimaryOnlyService","attr":{"service":"TenantMigrationDonorService","namespace":"config.tenantMigrationDonors"}}
2024-07-25T18:54:58.723+02:00  INFO 38737 --- [      Thread-23] d.f.e.m.s.autoconfigure.EmbeddedMongo    : {"t":{"$date":"2024-07-25T18:54:58.723+02:00"},"s":"I",  "c":"REPL",     "id":5123008, "ctx":"thread1","msg":"Successfully registered PrimaryOnlyService","attr":{"service":"TenantMigrationRecipientService","namespace":"config.tenantMigrationRecipients"}}
2024-07-25T18:54:58.723+02:00  INFO 38737 --- [      Thread-23] d.f.e.m.s.autoconfigure.EmbeddedMongo    : {"t":{"$date":"2024-07-25T18:54:58.723+02:00"},"s":"I",  "c":"REPL",     "id":5123008, "ctx":"thread1","msg":"Successfully registered PrimaryOnlyService","attr":{"service":"ShardSplitDonorService","namespace":"config.tenantSplitDonors"}}
2024-07-25T18:54:58.724+02:00  INFO 38737 --- [      Thread-23] d.f.e.m.s.autoconfigure.EmbeddedMongo    : {"t":{"$date":"2024-07-25T18:54:58.723+02:00"},"s":"I",  "c":"CONTROL",  "id":5945603, "ctx":"thread1","msg":"Multi threading initialized"}
2024-07-25T18:54:58.724+02:00  INFO 38737 --- [      Thread-23] d.f.e.m.s.autoconfigure.EmbeddedMongo    : {"t":{"$date":"2024-07-25T18:54:58.724+02:00"},"s":"I",  "c":"CONTROL",  "id":4615611, "ctx":"initandlisten","msg":"MongoDB starting","attr":{"pid":38765,"port":60342,"dbPath":"/var/folders/dr/fk5c4mdx63g076r3v55pvq740000gn/T/temp--ef045002-2ba3-4d38-a2b5-0a37cb60b04c/mongod-database11021364014369011943","architecture":"64-bit","host":"Pavel-laptop.fritz.box"}}
2024-07-25T18:54:58.724+02:00  INFO 38737 --- [      Thread-23] d.f.e.m.s.autoconfigure.EmbeddedMongo    : {"t":{"$date":"2024-07-25T18:54:58.724+02:00"},"s":"I",  "c":"CONTROL",  "id":23352,   "ctx":"initandlisten","msg":"Unable to resolve sysctl {sysctlName} (number) ","attr":{"sysctlName":"hw.cpufrequency"}}
2024-07-25T18:54:58.724+02:00  INFO 38737 --- [      Thread-23] d.f.e.m.s.autoconfigure.EmbeddedMongo    : {"t":{"$date":"2024-07-25T18:54:58.724+02:00"},"s":"I",  "c":"CONTROL",  "id":23351,   "ctx":"initandlisten","msg":"{sysctlName} unavailable","attr":{"sysctlName":"machdep.cpu.features"}}
2024-07-25T18:54:58.724+02:00  INFO 38737 --- [      Thread-23] d.f.e.m.s.autoconfigure.EmbeddedMongo    : {"t":{"$date":"2024-07-25T18:54:58.724+02:00"},"s":"I",  "c":"CONTROL",  "id":23403,   "ctx":"initandlisten","msg":"Build Info","attr":{"buildInfo":{"version":"6.0.1","gitVersion":"32f0f9c88dc44a2c8073a5bd47cf779d4bfdee6b","modules":[],"allocator":"system","environment":{"distarch":"aarch64","target_arch":"aarch64"}}}}
2024-07-25T18:54:58.724+02:00  INFO 38737 --- [      Thread-23] d.f.e.m.s.autoconfigure.EmbeddedMongo    : {"t":{"$date":"2024-07-25T18:54:58.724+02:00"},"s":"I",  "c":"CONTROL",  "id":51765,   "ctx":"initandlisten","msg":"Operating System","attr":{"os":{"name":"Mac OS X","version":"23.5.0"}}}
2024-07-25T18:54:58.724+02:00  INFO 38737 --- [      Thread-23] d.f.e.m.s.autoconfigure.EmbeddedMongo    : {"t":{"$date":"2024-07-25T18:54:58.724+02:00"},"s":"I",  "c":"CONTROL",  "id":21951,   "ctx":"initandlisten","msg":"Options set by command line","attr":{"options":{"net":{"bindIp":"127.0.0.1","port":60342},"security":{"authorization":"disabled"},"storage":{"dbPath":"/var/folders/dr/fk5c4mdx63g076r3v55pvq740000gn/T/temp--ef045002-2ba3-4d38-a2b5-0a37cb60b04c/mongod-database11021364014369011943","journal":{"enabled":false},"syncPeriodSecs":0}}}}
2024-07-25T18:54:58.724+02:00  INFO 38737 --- [      Thread-23] d.f.e.m.s.autoconfigure.EmbeddedMongo    : {"t":{"$date":"2024-07-25T18:54:58.724+02:00"},"s":"I",  "c":"NETWORK",  "id":5693100, "ctx":"initandlisten","msg":"Asio socket.set_option failed with std::system_error","attr":{"note":"acceptor TCP fast open","option":{"level":6,"name":261,"data":"00 04 00 00"},"error":{"what":"set_option: Invalid argument","message":"Invalid argument","category":"asio.system","value":22}}}
2024-07-25T18:54:58.725+02:00  INFO 38737 --- [      Thread-23] d.f.e.m.s.autoconfigure.EmbeddedMongo    : {"t":{"$date":"2024-07-25T18:54:58.724+02:00"},"s":"I",  "c":"STORAGE",  "id":22315,   "ctx":"initandlisten","msg":"Opening WiredTiger","attr":{"config":"create,cache_size=3584M,session_max=33000,eviction=(threads_min=4,threads_max=4),config_base=false,statistics=(fast),log=(enabled=true,remove=true,path=journal,compressor=snappy),builtin_extension_config=(zstd=(compression_level=6)),file_manager=(close_idle_time=600,close_scan_interval=10,close_handle_minimum=2000),statistics_log=(wait=0),json_output=(error,message),verbose=[recovery_progress:1,checkpoint_progress:1,compact_progress:1,backup:0,checkpoint:0,compact:0,evict:0,history_store:0,recovery:0,rts:0,salvage:0,tiered:0,timestamp:0,transaction:0,verify:0,log:0],,log=(enabled=false),"}}
2024-07-25T18:54:59.777+02:00  INFO 38737 --- [      Thread-23] d.f.e.m.s.autoconfigure.EmbeddedMongo    : {"t":{"$date":"2024-07-25T18:54:59.776+02:00"},"s":"I",  "c":"STORAGE",  "id":4795906, "ctx":"initandlisten","msg":"WiredTiger opened","attr":{"durationMillis":1052}}
2024-07-25T18:54:59.777+02:00  INFO 38737 --- [      Thread-23] d.f.e.m.s.autoconfigure.EmbeddedMongo    : {"t":{"$date":"2024-07-25T18:54:59.776+02:00"},"s":"I",  "c":"RECOVERY", "id":23987,   "ctx":"initandlisten","msg":"WiredTiger recoveryTimestamp","attr":{"recoveryTimestamp":{"$timestamp":{"t":0,"i":0}}}}
2024-07-25T18:54:59.813+02:00  INFO 38737 --- [      Thread-23] d.f.e.m.s.autoconfigure.EmbeddedMongo    : {"t":{"$date":"2024-07-25T18:54:59.813+02:00"},"s":"I",  "c":"WT",       "id":4366408, "ctx":"initandlisten","msg":"No table logging settings modifications are required for existing WiredTiger tables","attr":{"loggingEnabled":true}}
2024-07-25T18:54:59.814+02:00  INFO 38737 --- [      Thread-23] d.f.e.m.s.autoconfigure.EmbeddedMongo    : {"t":{"$date":"2024-07-25T18:54:59.814+02:00"},"s":"W",  "c":"CONTROL",  "id":22184,   "ctx":"initandlisten","msg":"Soft rlimits for open file descriptors too low","attr":{"currentValue":10240,"recommendedMinimum":64000},"tags":["startupWarnings"]}
2024-07-25T18:54:59.814+02:00  INFO 38737 --- [      Thread-23] d.f.e.m.s.autoconfigure.EmbeddedMongo    : {"t":{"$date":"2024-07-25T18:54:59.814+02:00"},"s":"I",  "c":"STORAGE",  "id":20320,   "ctx":"initandlisten","msg":"createCollection","attr":{"namespace":"admin.system.version","uuidDisposition":"provided","uuid":{"uuid":{"$uuid":"3fc78a25-b6a5-422f-8f04-23a52bf6babf"}},"options":{"uuid":{"$uuid":"3fc78a25-b6a5-422f-8f04-23a52bf6babf"}}}}
2024-07-25T18:54:59.849+02:00  INFO 38737 --- [      Thread-23] d.f.e.m.s.autoconfigure.EmbeddedMongo    : {"t":{"$date":"2024-07-25T18:54:59.849+02:00"},"s":"I",  "c":"INDEX",    "id":20345,   "ctx":"initandlisten","msg":"Index build: done building","attr":{"buildUUID":null,"collectionUUID":{"uuid":{"$uuid":"3fc78a25-b6a5-422f-8f04-23a52bf6babf"}},"namespace":"admin.system.version","index":"_id_","ident":"index-1--5764641233639264698","collectionIdent":"collection-0--5764641233639264698","commitTimestamp":null}}
2024-07-25T18:54:59.849+02:00  INFO 38737 --- [      Thread-23] d.f.e.m.s.autoconfigure.EmbeddedMongo    : {"t":{"$date":"2024-07-25T18:54:59.849+02:00"},"s":"I",  "c":"REPL",     "id":20459,   "ctx":"initandlisten","msg":"Setting featureCompatibilityVersion","attr":{"newVersion":"6.0"}}
2024-07-25T18:54:59.849+02:00  INFO 38737 --- [      Thread-23] d.f.e.m.s.autoconfigure.EmbeddedMongo    : {"t":{"$date":"2024-07-25T18:54:59.849+02:00"},"s":"I",  "c":"REPL",     "id":5853300, "ctx":"initandlisten","msg":"current featureCompatibilityVersion value","attr":{"featureCompatibilityVersion":"6.0","context":"setFCV"}}
2024-07-25T18:54:59.849+02:00  INFO 38737 --- [      Thread-23] d.f.e.m.s.autoconfigure.EmbeddedMongo    : {"t":{"$date":"2024-07-25T18:54:59.849+02:00"},"s":"I",  "c":"NETWORK",  "id":4915702, "ctx":"initandlisten","msg":"Updated wire specification","attr":{"oldSpec":{"incomingExternalClient":{"minWireVersion":0,"maxWireVersion":17},"incomingInternalClient":{"minWireVersion":0,"maxWireVersion":17},"outgoing":{"minWireVersion":6,"maxWireVersion":17},"isInternalClient":true},"newSpec":{"incomingExternalClient":{"minWireVersion":0,"maxWireVersion":17},"incomingInternalClient":{"minWireVersion":17,"maxWireVersion":17},"outgoing":{"minWireVersion":17,"maxWireVersion":17},"isInternalClient":true}}}
2024-07-25T18:54:59.849+02:00  INFO 38737 --- [      Thread-23] d.f.e.m.s.autoconfigure.EmbeddedMongo    : {"t":{"$date":"2024-07-25T18:54:59.849+02:00"},"s":"I",  "c":"NETWORK",  "id":4915702, "ctx":"initandlisten","msg":"Updated wire specification","attr":{"oldSpec":{"incomingExternalClient":{"minWireVersion":0,"maxWireVersion":17},"incomingInternalClient":{"minWireVersion":17,"maxWireVersion":17},"outgoing":{"minWireVersion":17,"maxWireVersion":17},"isInternalClient":true},"newSpec":{"incomingExternalClient":{"minWireVersion":0,"maxWireVersion":17},"incomingInternalClient":{"minWireVersion":17,"maxWireVersion":17},"outgoing":{"minWireVersion":17,"maxWireVersion":17},"isInternalClient":true}}}
2024-07-25T18:54:59.849+02:00  INFO 38737 --- [      Thread-23] d.f.e.m.s.autoconfigure.EmbeddedMongo    : {"t":{"$date":"2024-07-25T18:54:59.849+02:00"},"s":"I",  "c":"REPL",     "id":5853300, "ctx":"initandlisten","msg":"current featureCompatibilityVersion value","attr":{"featureCompatibilityVersion":"6.0","context":"startup"}}
2024-07-25T18:54:59.849+02:00  INFO 38737 --- [      Thread-23] d.f.e.m.s.autoconfigure.EmbeddedMongo    : {"t":{"$date":"2024-07-25T18:54:59.849+02:00"},"s":"I",  "c":"STORAGE",  "id":5071100, "ctx":"initandlisten","msg":"Clearing temp directory"}
2024-07-25T18:54:59.849+02:00  INFO 38737 --- [      Thread-23] d.f.e.m.s.autoconfigure.EmbeddedMongo    : {"t":{"$date":"2024-07-25T18:54:59.849+02:00"},"s":"I",  "c":"CONTROL",  "id":20536,   "ctx":"initandlisten","msg":"Flow Control is enabled on this deployment"}
2024-07-25T18:54:59.849+02:00  INFO 38737 --- [      Thread-23] d.f.e.m.s.autoconfigure.EmbeddedMongo    : {"t":{"$date":"2024-07-25T18:54:59.849+02:00"},"s":"I",  "c":"FTDC",     "id":20625,   "ctx":"initandlisten","msg":"Initializing full-time diagnostic data capture","attr":{"dataDirectory":"/var/folders/dr/fk5c4mdx63g076r3v55pvq740000gn/T/temp--ef045002-2ba3-4d38-a2b5-0a37cb60b04c/mongod-database11021364014369011943/diagnostic.data"}}
2024-07-25T18:54:59.850+02:00  INFO 38737 --- [      Thread-23] d.f.e.m.s.autoconfigure.EmbeddedMongo    : {"t":{"$date":"2024-07-25T18:54:59.850+02:00"},"s":"I",  "c":"STORAGE",  "id":20320,   "ctx":"initandlisten","msg":"createCollection","attr":{"namespace":"local.startup_log","uuidDisposition":"generated","uuid":{"uuid":{"$uuid":"964713cc-42da-4528-99a8-10fbd736b430"}},"options":{"capped":true,"size":10485760}}}
2024-07-25T18:54:59.886+02:00  INFO 38737 --- [      Thread-23] d.f.e.m.s.autoconfigure.EmbeddedMongo    : {"t":{"$date":"2024-07-25T18:54:59.885+02:00"},"s":"I",  "c":"INDEX",    "id":20345,   "ctx":"initandlisten","msg":"Index build: done building","attr":{"buildUUID":null,"collectionUUID":{"uuid":{"$uuid":"964713cc-42da-4528-99a8-10fbd736b430"}},"namespace":"local.startup_log","index":"_id_","ident":"index-3--5764641233639264698","collectionIdent":"collection-2--5764641233639264698","commitTimestamp":null}}
2024-07-25T18:54:59.886+02:00  INFO 38737 --- [      Thread-23] d.f.e.m.s.autoconfigure.EmbeddedMongo    : {"t":{"$date":"2024-07-25T18:54:59.886+02:00"},"s":"I",  "c":"REPL",     "id":6015317, "ctx":"initandlisten","msg":"Setting new configuration state","attr":{"newState":"ConfigReplicationDisabled","oldState":"ConfigPreStart"}}
2024-07-25T18:54:59.886+02:00  INFO 38737 --- [      Thread-23] d.f.e.m.s.autoconfigure.EmbeddedMongo    : {"t":{"$date":"2024-07-25T18:54:59.886+02:00"},"s":"I",  "c":"STORAGE",  "id":22262,   "ctx":"initandlisten","msg":"Timestamp monitor starting"}
2024-07-25T18:54:59.886+02:00  INFO 38737 --- [      Thread-23] d.f.e.m.s.autoconfigure.EmbeddedMongo    : {"t":{"$date":"2024-07-25T18:54:59.886+02:00"},"s":"I",  "c":"NETWORK",  "id":23015,   "ctx":"listener","msg":"Listening on","attr":{"address":"/tmp/mongodb-60342.sock"}}
2024-07-25T18:54:59.886+02:00  INFO 38737 --- [      Thread-23] d.f.e.m.s.autoconfigure.EmbeddedMongo    : {"t":{"$date":"2024-07-25T18:54:59.886+02:00"},"s":"I",  "c":"NETWORK",  "id":23015,   "ctx":"listener","msg":"Listening on","attr":{"address":"127.0.0.1"}}
2024-07-25T18:54:59.886+02:00  INFO 38737 --- [      Thread-23] d.f.e.m.s.autoconfigure.EmbeddedMongo    : {"t":{"$date":"2024-07-25T18:54:59.886+02:00"},"s":"I",  "c":"NETWORK",  "id":23016,   "ctx":"listener","msg":"Waiting for connections","attr":{"port":60342,"ssl":"off"}}
2024-07-25T18:54:59.886+02:00  INFO 38737 --- [      Thread-23] d.f.e.m.s.autoconfigure.EmbeddedMongo    : {"t":{"$date":"2024-07-25T18:54:59.886+02:00"},"s":"I",  "c":"CONTROL",  "id":20712,   "ctx":"LogicalSessionCacheReap","msg":"Sessions collection is not set up; waiting until next sessions reap interval","attr":{"error":"NamespaceNotFound: config.system.sessions does not exist"}}
2024-07-25T18:54:59.886+02:00  INFO 38737 --- [      Thread-23] d.f.e.m.s.autoconfigure.EmbeddedMongo    : {"t":{"$date":"2024-07-25T18:54:59.886+02:00"},"s":"I",  "c":"STORAGE",  "id":20320,   "ctx":"LogicalSessionCacheRefresh","msg":"createCollection","attr":{"namespace":"config.system.sessions","uuidDisposition":"generated","uuid":{"uuid":{"$uuid":"25243deb-ac6d-4b31-adad-014cf455b7ea"}},"options":{}}}
2024-07-25T18:54:59.896+02:00  INFO 38737 --- [           main] org.mongodb.driver.client                : MongoClient with metadata {"driver": {"name": "mongo-java-driver|sync|spring-boot", "version": "4.9.1"}, "os": {"type": "Darwin", "name": "Mac OS X", "architecture": "aarch64", "version": "14.5"}, "platform": "Java/Amazon.com Inc./20.0.2+9-FR"} created with settings MongoClientSettings{readPreference=primary, writeConcern=WriteConcern{w=null, wTimeout=null ms, journal=null}, retryWrites=true, retryReads=true, readConcern=ReadConcern{level=null}, credential=null, streamFactoryFactory=null, commandListeners=[], codecRegistry=ProvidersCodecRegistry{codecProviders=[ValueCodecProvider{}, BsonValueCodecProvider{}, DBRefCodecProvider{}, DBObjectCodecProvider{}, DocumentCodecProvider{}, CollectionCodecProvider{}, IterableCodecProvider{}, MapCodecProvider{}, GeoJsonCodecProvider{}, GridFSFileCodecProvider{}, Jsr310CodecProvider{}, JsonObjectCodecProvider{}, BsonCodecProvider{}, EnumCodecProvider{}, com.mongodb.client.model.mql.ExpressionCodecProvider@71fc80df, com.mongodb.Jep395RecordCodecProvider@767e28e5]}, loggerSettings=LoggerSettings{maxDocumentLength=1000}, clusterSettings={hosts=[localhost:60342], srvServiceName=mongodb, mode=SINGLE, requiredClusterType=UNKNOWN, requiredReplicaSetName='null', serverSelector='null', clusterListeners='[]', serverSelectionTimeout='30000 ms', localThreshold='30000 ms'}, socketSettings=SocketSettings{connectTimeoutMS=10000, readTimeoutMS=0, receiveBufferSize=0, sendBufferSize=0}, heartbeatSocketSettings=SocketSettings{connectTimeoutMS=10000, readTimeoutMS=10000, receiveBufferSize=0, sendBufferSize=0}, connectionPoolSettings=ConnectionPoolSettings{maxSize=100, minSize=0, maxWaitTimeMS=120000, maxConnectionLifeTimeMS=0, maxConnectionIdleTimeMS=0, maintenanceInitialDelayMS=0, maintenanceFrequencyMS=60000, connectionPoolListeners=[], maxConnecting=2}, serverSettings=ServerSettings{heartbeatFrequencyMS=10000, minHeartbeatFrequencyMS=500, serverListeners='[]', serverMonitorListeners='[]'}, sslSettings=SslSettings{enabled=false, invalidHostNameAllowed=false, context=null}, applicationName='null', compressorList=[], uuidRepresentation=JAVA_LEGACY, serverApi=null, autoEncryptionSettings=null, contextProvider=null}
2024-07-25T18:54:59.896+02:00  INFO 38737 --- [      Thread-23] d.f.e.m.s.autoconfigure.EmbeddedMongo    : {"t":{"$date":"2024-07-25T18:54:59.896+02:00"},"s":"I",  "c":"NETWORK",  "id":22943,   "ctx":"listener","msg":"Connection accepted","attr":{"remote":"127.0.0.1:60352","uuid":"e1848df2-9d7a-451b-8a1a-5759f693a802","connectionId":1,"connectionCount":1}}
2024-07-25T18:54:59.896+02:00  INFO 38737 --- [      Thread-23] d.f.e.m.s.autoconfigure.EmbeddedMongo    : {"t":{"$date":"2024-07-25T18:54:59.896+02:00"},"s":"I",  "c":"NETWORK",  "id":22943,   "ctx":"listener","msg":"Connection accepted","attr":{"remote":"127.0.0.1:60351","uuid":"6049d3cb-6491-4b95-9838-638d2db9e862","connectionId":2,"connectionCount":2}}
2024-07-25T18:54:59.896+02:00  INFO 38737 --- [      Thread-23] d.f.e.m.s.autoconfigure.EmbeddedMongo    : {"t":{"$date":"2024-07-25T18:54:59.896+02:00"},"s":"I",  "c":"NETWORK",  "id":51800,   "ctx":"conn1","msg":"client metadata","attr":{"remote":"127.0.0.1:60352","client":"conn1","doc":{"driver":{"name":"mongo-java-driver|sync|spring-boot","version":"4.9.1"},"os":{"type":"Darwin","name":"Mac OS X","architecture":"aarch64","version":"14.5"},"platform":"Java/Amazon.com Inc./20.0.2+9-FR"}}}
2024-07-25T18:54:59.896+02:00  INFO 38737 --- [      Thread-23] d.f.e.m.s.autoconfigure.EmbeddedMongo    : {"t":{"$date":"2024-07-25T18:54:59.896+02:00"},"s":"I",  "c":"NETWORK",  "id":51800,   "ctx":"conn2","msg":"client metadata","attr":{"remote":"127.0.0.1:60351","client":"conn2","doc":{"driver":{"name":"mongo-java-driver|sync|spring-boot","version":"4.9.1"},"os":{"type":"Darwin","name":"Mac OS X","architecture":"aarch64","version":"14.5"},"platform":"Java/Amazon.com Inc./20.0.2+9-FR"}}}
2024-07-25T18:54:59.897+02:00  INFO 38737 --- [localhost:60342] org.mongodb.driver.cluster               : Monitor thread successfully connected to server with description ServerDescription{address=localhost:60342, type=STANDALONE, state=CONNECTED, ok=true, minWireVersion=0, maxWireVersion=17, maxDocumentSize=16777216, logicalSessionTimeoutMinutes=30, roundTripTimeNanos=1569542}
2024-07-25T18:54:59.938+02:00  INFO 38737 --- [      Thread-23] d.f.e.m.s.autoconfigure.EmbeddedMongo    : {"t":{"$date":"2024-07-25T18:54:59.937+02:00"},"s":"I",  "c":"INDEX",    "id":20345,   "ctx":"LogicalSessionCacheRefresh","msg":"Index build: done building","attr":{"buildUUID":null,"collectionUUID":{"uuid":{"$uuid":"25243deb-ac6d-4b31-adad-014cf455b7ea"}},"namespace":"config.system.sessions","index":"_id_","ident":"index-5--5764641233639264698","collectionIdent":"collection-4--5764641233639264698","commitTimestamp":null}}
2024-07-25T18:54:59.938+02:00  INFO 38737 --- [      Thread-23] d.f.e.m.s.autoconfigure.EmbeddedMongo    : {"t":{"$date":"2024-07-25T18:54:59.937+02:00"},"s":"I",  "c":"INDEX",    "id":20345,   "ctx":"LogicalSessionCacheRefresh","msg":"Index build: done building","attr":{"buildUUID":null,"collectionUUID":{"uuid":{"$uuid":"25243deb-ac6d-4b31-adad-014cf455b7ea"}},"namespace":"config.system.sessions","index":"lsidTTLIndex","ident":"index-6--5764641233639264698","collectionIdent":"collection-4--5764641233639264698","commitTimestamp":null}}
2024-07-25T18:54:59.948+02:00  WARN 38737 --- [           main] JpaBaseConfiguration$JpaWebConfiguration : spring.jpa.open-in-view is enabled by default. Therefore, database queries may be performed during view rendering. Explicitly configure spring.jpa.open-in-view to disable this warning
2024-07-25T18:54:59.958+02:00  INFO 38737 --- [           main] o.s.b.a.w.s.WelcomePageHandlerMapping    : Adding welcome page: class path resource [static/index.html]
2024-07-25T18:55:00.213+02:00  INFO 38737 --- [           main] o.s.s.web.DefaultSecurityFilterChain     : Will secure any request with [org.springframework.security.web.session.DisableEncodeUrlFilter@318c0f14, org.springframework.security.web.session.ForceEagerSessionCreationFilter@46222027, org.springframework.security.web.context.request.async.WebAsyncManagerIntegrationFilter@5b4319b8, org.springframework.security.web.context.SecurityContextHolderFilter@4a630349, org.springframework.security.web.header.HeaderWriterFilter@3756c3f5, org.springframework.security.web.csrf.CsrfFilter@7481c0ac, org.springframework.security.web.authentication.logout.LogoutFilter@7af8c65a, org.springframework.security.web.authentication.www.BasicAuthenticationFilter@24da7062, org.springframework.security.web.savedrequest.RequestCacheAwareFilter@70d5c532, org.springframework.security.web.servletapi.SecurityContextHolderAwareRequestFilter@719de9b6, org.springframework.security.web.authentication.AnonymousAuthenticationFilter@75055d, org.springframework.security.web.session.SessionManagementFilter@309d2156, org.springframework.security.web.access.ExceptionTranslationFilter@597e374, org.springframework.security.web.access.intercept.AuthorizationFilter@d7ac2f7]
2024-07-25T18:55:00.257+02:00  INFO 38737 --- [           main] o.s.b.t.m.w.SpringBootMockServletContext : Initializing Spring TestDispatcherServlet ''
2024-07-25T18:55:00.257+02:00  INFO 38737 --- [           main] o.s.t.web.servlet.TestDispatcherServlet  : Initializing Servlet ''
2024-07-25T18:55:00.257+02:00  INFO 38737 --- [           main] o.s.t.web.servlet.TestDispatcherServlet  : Completed initialization in 0 ms
2024-07-25T18:55:00.263+02:00  INFO 38737 --- [           main] d.n.b.c.UserControllerIntegrationTest    : Started UserControllerIntegrationTest in 1.841 seconds (process running for 26.797)
]]></system-out>
  </testcase>
  <testcase name="registerUser_thenReturnStatus200" classname="de.neuefische.backend.controllers.UserControllerIntegrationTest" time="0.561">
    <system-out><![CDATA[2024-07-25T18:55:00.497+02:00  INFO 38737 --- [      Thread-23] d.f.e.m.s.autoconfigure.EmbeddedMongo    : {"t":{"$date":"2024-07-25T18:55:00.497+02:00"},"s":"I",  "c":"NETWORK",  "id":22943,   "ctx":"listener","msg":"Connection accepted","attr":{"remote":"127.0.0.1:60353","uuid":"83afdb9c-608f-46f0-add9-80ecf7f96aa3","connectionId":3,"connectionCount":3}}
2024-07-25T18:55:00.497+02:00  INFO 38737 --- [      Thread-23] d.f.e.m.s.autoconfigure.EmbeddedMongo    : {"t":{"$date":"2024-07-25T18:55:00.497+02:00"},"s":"I",  "c":"NETWORK",  "id":51800,   "ctx":"conn3","msg":"client metadata","attr":{"remote":"127.0.0.1:60353","client":"conn3","doc":{"driver":{"name":"mongo-java-driver|sync|spring-boot","version":"4.9.1"},"os":{"type":"Darwin","name":"Mac OS X","architecture":"aarch64","version":"14.5"},"platform":"Java/Amazon.com Inc./20.0.2+9-FR"}}}
2024-07-25T18:55:00.504+02:00  INFO 38737 --- [      Thread-23] d.f.e.m.s.autoconfigure.EmbeddedMongo    : {"t":{"$date":"2024-07-25T18:55:00.504+02:00"},"s":"I",  "c":"STORAGE",  "id":20320,   "ctx":"conn3","msg":"createCollection","attr":{"namespace":"test.users","uuidDisposition":"generated","uuid":{"uuid":{"$uuid":"67413870-97cc-4fcb-b8c1-19de42e02109"}},"options":{}}}
2024-07-25T18:55:00.542+02:00  INFO 38737 --- [      Thread-23] d.f.e.m.s.autoconfigure.EmbeddedMongo    : {"t":{"$date":"2024-07-25T18:55:00.542+02:00"},"s":"I",  "c":"INDEX",    "id":20345,   "ctx":"conn3","msg":"Index build: done building","attr":{"buildUUID":null,"collectionUUID":{"uuid":{"$uuid":"67413870-97cc-4fcb-b8c1-19de42e02109"}},"namespace":"test.users","index":"_id_","ident":"index-8--5764641233639264698","collectionIdent":"collection-7--5764641233639264698","commitTimestamp":null}}
2024-07-25T18:55:00.549+02:00  INFO 38737 --- [      Thread-23] d.f.e.m.s.autoconfigure.EmbeddedMongo    : {"t":{"$date":"2024-07-25T18:55:00.548+02:00"},"s":"I",  "c":"NETWORK",  "id":22944,   "ctx":"conn3","msg":"Connection ended","attr":{"remote":"127.0.0.1:60353","uuid":"83afdb9c-608f-46f0-add9-80ecf7f96aa3","connectionId":3,"connectionCount":2}}
2024-07-25T18:55:00.549+02:00  INFO 38737 --- [      Thread-23] d.f.e.m.s.autoconfigure.EmbeddedMongo    : {"t":{"$date":"2024-07-25T18:55:00.549+02:00"},"s":"I",  "c":"NETWORK",  "id":22944,   "ctx":"conn1","msg":"Connection ended","attr":{"remote":"127.0.0.1:60352","uuid":"e1848df2-9d7a-451b-8a1a-5759f693a802","connectionId":1,"connectionCount":1}}
2024-07-25T18:55:00.549+02:00  INFO 38737 --- [      Thread-23] d.f.e.m.s.autoconfigure.EmbeddedMongo    : {"t":{"$date":"2024-07-25T18:55:00.549+02:00"},"s":"I",  "c":"NETWORK",  "id":22943,   "ctx":"listener","msg":"Connection accepted","attr":{"remote":"127.0.0.1:60354","uuid":"599bf1b6-2a4f-44eb-af67-2c0e94e26221","connectionId":4,"connectionCount":2}}
2024-07-25T18:55:00.549+02:00  INFO 38737 --- [      Thread-23] d.f.e.m.s.autoconfigure.EmbeddedMongo    : {"t":{"$date":"2024-07-25T18:55:00.549+02:00"},"s":"W",  "c":"COMMAND",  "id":5578800, "ctx":"conn4","msg":"Received wire protocol op code or command that is no longer supported. The client driver may require an upgrade. For more details see https://dochub.mongodb.org/core/legacy-opcode-removal","attr":{"op":"query","clientInfo":{"address":"127.0.0.1:60354"}}}
2024-07-25T18:55:00.549+02:00 ERROR 38737 --- [           main] d.flapdoodle.embed.mongo.runtime.Mongod  : Got some response, should be an error message
2024-07-25T18:55:00.550+02:00  INFO 38737 --- [      Thread-23] d.f.e.m.s.autoconfigure.EmbeddedMongo    : {"t":{"$date":"2024-07-25T18:55:00.549+02:00"},"s":"I",  "c":"NETWORK",  "id":22944,   "ctx":"conn4","msg":"Connection ended","attr":{"remote":"127.0.0.1:60354","uuid":"599bf1b6-2a4f-44eb-af67-2c0e94e26221","connectionId":4,"connectionCount":1}}
2024-07-25T18:55:00.655+02:00  INFO 38737 --- [      Thread-23] d.f.e.m.s.autoconfigure.EmbeddedMongo    : {"t":{"$date":"2024-07-25T18:55:00.655+02:00"},"s":"I",  "c":"NETWORK",  "id":22943,   "ctx":"listener","msg":"Connection accepted","attr":{"remote":"127.0.0.1:60355","uuid":"3b700e72-27da-497d-a661-4da600f638d0","connectionId":5,"connectionCount":2}}
2024-07-25T18:55:00.655+02:00  INFO 38737 --- [      Thread-23] d.f.e.m.s.autoconfigure.EmbeddedMongo    : {"t":{"$date":"2024-07-25T18:55:00.655+02:00"},"s":"I",  "c":"COMMAND",  "id":4695400, "ctx":"conn5","msg":"Terminating via shutdown command","attr":{"force":false,"timeoutMillis":15000}}
2024-07-25T18:55:00.655+02:00  INFO 38737 --- [      Thread-23] d.f.e.m.s.autoconfigure.EmbeddedMongo    : {"t":{"$date":"2024-07-25T18:55:00.655+02:00"},"s":"I",  "c":"REPL",     "id":4794602, "ctx":"thread32","msg":"Attempting to enter quiesce mode"}
2024-07-25T18:55:00.655+02:00  INFO 38737 --- [      Thread-23] d.f.e.m.s.autoconfigure.EmbeddedMongo    : {"t":{"$date":"2024-07-25T18:55:00.655+02:00"},"s":"I",  "c":"-",        "id":6371601, "ctx":"thread32","msg":"Shutting down the FLE Crud thread pool"}
2024-07-25T18:55:00.655+02:00  INFO 38737 --- [      Thread-23] d.f.e.m.s.autoconfigure.EmbeddedMongo    : {"t":{"$date":"2024-07-25T18:55:00.655+02:00"},"s":"I",  "c":"COMMAND",  "id":4784901, "ctx":"thread32","msg":"Shutting down the MirrorMaestro"}
2024-07-25T18:55:00.655+02:00  INFO 38737 --- [      Thread-23] d.f.e.m.s.autoconfigure.EmbeddedMongo    : {"t":{"$date":"2024-07-25T18:55:00.655+02:00"},"s":"I",  "c":"SHARDING", "id":4784902, "ctx":"thread32","msg":"Shutting down the WaitForMajorityService"}
2024-07-25T18:55:00.655+02:00  INFO 38737 --- [      Thread-23] d.f.e.m.s.autoconfigure.EmbeddedMongo    : {"t":{"$date":"2024-07-25T18:55:00.655+02:00"},"s":"I",  "c":"CONTROL",  "id":4784903, "ctx":"thread32","msg":"Shutting down the LogicalSessionCache"}
2024-07-25T18:55:00.655+02:00  INFO 38737 --- [      Thread-23] d.f.e.m.s.autoconfigure.EmbeddedMongo    : {"t":{"$date":"2024-07-25T18:55:00.655+02:00"},"s":"I",  "c":"NETWORK",  "id":20562,   "ctx":"thread32","msg":"Shutdown: going to close listening sockets"}
2024-07-25T18:55:00.656+02:00  INFO 38737 --- [      Thread-23] d.f.e.m.s.autoconfigure.EmbeddedMongo    : {"t":{"$date":"2024-07-25T18:55:00.655+02:00"},"s":"I",  "c":"NETWORK",  "id":23017,   "ctx":"listener","msg":"removing socket file","attr":{"path":"/tmp/mongodb-60342.sock"}}
2024-07-25T18:55:00.656+02:00  INFO 38737 --- [      Thread-23] d.f.e.m.s.autoconfigure.EmbeddedMongo    : {"t":{"$date":"2024-07-25T18:55:00.656+02:00"},"s":"I",  "c":"NETWORK",  "id":4784905, "ctx":"thread32","msg":"Shutting down the global connection pool"}
2024-07-25T18:55:00.656+02:00  INFO 38737 --- [      Thread-23] d.f.e.m.s.autoconfigure.EmbeddedMongo    : {"t":{"$date":"2024-07-25T18:55:00.656+02:00"},"s":"I",  "c":"CONTROL",  "id":4784906, "ctx":"thread32","msg":"Shutting down the FlowControlTicketholder"}
2024-07-25T18:55:00.656+02:00  INFO 38737 --- [      Thread-23] d.f.e.m.s.autoconfigure.EmbeddedMongo    : {"t":{"$date":"2024-07-25T18:55:00.656+02:00"},"s":"I",  "c":"-",        "id":20520,   "ctx":"thread32","msg":"Stopping further Flow Control ticket acquisitions."}
2024-07-25T18:55:00.656+02:00  INFO 38737 --- [      Thread-23] d.f.e.m.s.autoconfigure.EmbeddedMongo    : {"t":{"$date":"2024-07-25T18:55:00.656+02:00"},"s":"I",  "c":"CONTROL",  "id":4784908, "ctx":"thread32","msg":"Shutting down the PeriodicThreadToAbortExpiredTransactions"}
2024-07-25T18:55:00.656+02:00  INFO 38737 --- [      Thread-23] d.f.e.m.s.autoconfigure.EmbeddedMongo    : {"t":{"$date":"2024-07-25T18:55:00.656+02:00"},"s":"I",  "c":"REPL",     "id":4784909, "ctx":"thread32","msg":"Shutting down the ReplicationCoordinator"}
2024-07-25T18:55:00.656+02:00  INFO 38737 --- [      Thread-23] d.f.e.m.s.autoconfigure.EmbeddedMongo    : {"t":{"$date":"2024-07-25T18:55:00.656+02:00"},"s":"I",  "c":"SHARDING", "id":4784910, "ctx":"thread32","msg":"Shutting down the ShardingInitializationMongoD"}
2024-07-25T18:55:00.656+02:00  INFO 38737 --- [      Thread-23] d.f.e.m.s.autoconfigure.EmbeddedMongo    : {"t":{"$date":"2024-07-25T18:55:00.656+02:00"},"s":"I",  "c":"REPL",     "id":4784911, "ctx":"thread32","msg":"Enqueuing the ReplicationStateTransitionLock for shutdown"}
2024-07-25T18:55:00.656+02:00  INFO 38737 --- [      Thread-23] d.f.e.m.s.autoconfigure.EmbeddedMongo    : {"t":{"$date":"2024-07-25T18:55:00.656+02:00"},"s":"I",  "c":"-",        "id":4784912, "ctx":"thread32","msg":"Killing all operations for shutdown"}
2024-07-25T18:55:00.656+02:00  INFO 38737 --- [      Thread-23] d.f.e.m.s.autoconfigure.EmbeddedMongo    : {"t":{"$date":"2024-07-25T18:55:00.656+02:00"},"s":"I",  "c":"-",        "id":4695300, "ctx":"thread32","msg":"Interrupted all currently running operations","attr":{"opsKilled":4}}
2024-07-25T18:55:00.656+02:00  INFO 38737 --- [      Thread-23] d.f.e.m.s.autoconfigure.EmbeddedMongo    : {"t":{"$date":"2024-07-25T18:55:00.656+02:00"},"s":"I",  "c":"TENANT_M", "id":5093807, "ctx":"thread32","msg":"Shutting down all TenantMigrationAccessBlockers on global shutdown"}
2024-07-25T18:55:00.656+02:00  INFO 38737 --- [      Thread-23] d.f.e.m.s.autoconfigure.EmbeddedMongo    : {"t":{"$date":"2024-07-25T18:55:00.656+02:00"},"s":"I",  "c":"COMMAND",  "id":4784913, "ctx":"thread32","msg":"Shutting down all open transactions"}
2024-07-25T18:55:00.656+02:00  INFO 38737 --- [      Thread-23] d.f.e.m.s.autoconfigure.EmbeddedMongo    : {"t":{"$date":"2024-07-25T18:55:00.656+02:00"},"s":"I",  "c":"REPL",     "id":4784914, "ctx":"thread32","msg":"Acquiring the ReplicationStateTransitionLock for shutdown"}
2024-07-25T18:55:00.656+02:00  INFO 38737 --- [      Thread-23] d.f.e.m.s.autoconfigure.EmbeddedMongo    : {"t":{"$date":"2024-07-25T18:55:00.656+02:00"},"s":"I",  "c":"INDEX",    "id":4784915, "ctx":"thread32","msg":"Shutting down the IndexBuildsCoordinator"}
2024-07-25T18:55:00.656+02:00  INFO 38737 --- [      Thread-23] d.f.e.m.s.autoconfigure.EmbeddedMongo    : {"t":{"$date":"2024-07-25T18:55:00.656+02:00"},"s":"I",  "c":"NETWORK",  "id":4784918, "ctx":"thread32","msg":"Shutting down the ReplicaSetMonitor"}
2024-07-25T18:55:00.656+02:00  INFO 38737 --- [      Thread-23] d.f.e.m.s.autoconfigure.EmbeddedMongo    : {"t":{"$date":"2024-07-25T18:55:00.656+02:00"},"s":"I",  "c":"SHARDING", "id":4784921, "ctx":"thread32","msg":"Shutting down the MigrationUtilExecutor"}
2024-07-25T18:55:00.656+02:00  INFO 38737 --- [      Thread-23] d.f.e.m.s.autoconfigure.EmbeddedMongo    : {"t":{"$date":"2024-07-25T18:55:00.656+02:00"},"s":"I",  "c":"ASIO",     "id":22582,   "ctx":"MigrationUtil-TaskExecutor","msg":"Killing all outstanding egress activity."}
2024-07-25T18:55:00.656+02:00  INFO 38737 --- [      Thread-23] d.f.e.m.s.autoconfigure.EmbeddedMongo    : {"t":{"$date":"2024-07-25T18:55:00.656+02:00"},"s":"I",  "c":"COMMAND",  "id":4784923, "ctx":"thread32","msg":"Shutting down the ServiceEntryPoint"}
2024-07-25T18:55:00.656+02:00  INFO 38737 --- [      Thread-23] d.f.e.m.s.autoconfigure.EmbeddedMongo    : {"t":{"$date":"2024-07-25T18:55:00.656+02:00"},"s":"I",  "c":"CONTROL",  "id":4784925, "ctx":"thread32","msg":"Shutting down free monitoring"}
2024-07-25T18:55:00.656+02:00  INFO 38737 --- [      Thread-23] d.f.e.m.s.autoconfigure.EmbeddedMongo    : {"t":{"$date":"2024-07-25T18:55:00.656+02:00"},"s":"I",  "c":"CONTROL",  "id":20609,   "ctx":"thread32","msg":"Shutting down free monitoring"}
2024-07-25T18:55:00.656+02:00  INFO 38737 --- [      Thread-23] d.f.e.m.s.autoconfigure.EmbeddedMongo    : {"t":{"$date":"2024-07-25T18:55:00.656+02:00"},"s":"I",  "c":"CONTROL",  "id":4784927, "ctx":"thread32","msg":"Shutting down the HealthLog"}
2024-07-25T18:55:00.656+02:00  INFO 38737 --- [      Thread-23] d.f.e.m.s.autoconfigure.EmbeddedMongo    : {"t":{"$date":"2024-07-25T18:55:00.656+02:00"},"s":"I",  "c":"CONTROL",  "id":4784928, "ctx":"thread32","msg":"Shutting down the TTL monitor"}
2024-07-25T18:55:00.656+02:00  INFO 38737 --- [      Thread-23] d.f.e.m.s.autoconfigure.EmbeddedMongo    : {"t":{"$date":"2024-07-25T18:55:00.656+02:00"},"s":"I",  "c":"INDEX",    "id":3684100, "ctx":"thread32","msg":"Shutting down TTL collection monitor thread"}
2024-07-25T18:55:00.656+02:00  INFO 38737 --- [      Thread-23] d.f.e.m.s.autoconfigure.EmbeddedMongo    : {"t":{"$date":"2024-07-25T18:55:00.656+02:00"},"s":"I",  "c":"NETWORK",  "id":22944,   "ctx":"conn2","msg":"Connection ended","attr":{"remote":"127.0.0.1:60351","uuid":"6049d3cb-6491-4b95-9838-638d2db9e862","connectionId":2,"connectionCount":1}}
2024-07-25T18:55:00.656+02:00  INFO 38737 --- [      Thread-23] d.f.e.m.s.autoconfigure.EmbeddedMongo    : {"t":{"$date":"2024-07-25T18:55:00.656+02:00"},"s":"I",  "c":"INDEX",    "id":3684101, "ctx":"thread32","msg":"Finished shutting down TTL collection monitor thread"}
2024-07-25T18:55:00.656+02:00  INFO 38737 --- [      Thread-23] d.f.e.m.s.autoconfigure.EmbeddedMongo    : {"t":{"$date":"2024-07-25T18:55:00.656+02:00"},"s":"I",  "c":"CONTROL",  "id":6278511, "ctx":"thread32","msg":"Shutting down the Change Stream Expired Pre-images Remover"}
2024-07-25T18:55:00.656+02:00  INFO 38737 --- [      Thread-23] d.f.e.m.s.autoconfigure.EmbeddedMongo    : {"t":{"$date":"2024-07-25T18:55:00.656+02:00"},"s":"I",  "c":"CONTROL",  "id":4784929, "ctx":"thread32","msg":"Acquiring the global lock for shutdown"}
2024-07-25T18:55:00.656+02:00  INFO 38737 --- [      Thread-23] d.f.e.m.s.autoconfigure.EmbeddedMongo    : {"t":{"$date":"2024-07-25T18:55:00.656+02:00"},"s":"I",  "c":"CONTROL",  "id":4784930, "ctx":"thread32","msg":"Shutting down the storage engine"}
2024-07-25T18:55:00.656+02:00  INFO 38737 --- [      Thread-23] d.f.e.m.s.autoconfigure.EmbeddedMongo    : {"t":{"$date":"2024-07-25T18:55:00.656+02:00"},"s":"I",  "c":"STORAGE",  "id":22320,   "ctx":"thread32","msg":"Shutting down journal flusher thread"}
2024-07-25T18:55:00.697+02:00  INFO 38737 --- [      Thread-23] d.f.e.m.s.autoconfigure.EmbeddedMongo    : {"t":{"$date":"2024-07-25T18:55:00.696+02:00"},"s":"I",  "c":"STORAGE",  "id":22321,   "ctx":"thread32","msg":"Finished shutting down journal flusher thread"}
2024-07-25T18:55:00.697+02:00  INFO 38737 --- [      Thread-23] d.f.e.m.s.autoconfigure.EmbeddedMongo    : {"t":{"$date":"2024-07-25T18:55:00.696+02:00"},"s":"I",  "c":"STORAGE",  "id":22322,   "ctx":"thread32","msg":"Shutting down checkpoint thread"}
2024-07-25T18:55:00.697+02:00  INFO 38737 --- [      Thread-23] d.f.e.m.s.autoconfigure.EmbeddedMongo    : {"t":{"$date":"2024-07-25T18:55:00.696+02:00"},"s":"I",  "c":"STORAGE",  "id":22323,   "ctx":"thread32","msg":"Finished shutting down checkpoint thread"}
2024-07-25T18:55:00.697+02:00  INFO 38737 --- [      Thread-23] d.f.e.m.s.autoconfigure.EmbeddedMongo    : {"t":{"$date":"2024-07-25T18:55:00.697+02:00"},"s":"I",  "c":"STORAGE",  "id":20282,   "ctx":"thread32","msg":"Deregistering all the collections"}
2024-07-25T18:55:00.697+02:00  INFO 38737 --- [      Thread-23] d.f.e.m.s.autoconfigure.EmbeddedMongo    : {"t":{"$date":"2024-07-25T18:55:00.697+02:00"},"s":"I",  "c":"STORAGE",  "id":22261,   "ctx":"thread32","msg":"Timestamp monitor shutting down"}
2024-07-25T18:55:00.697+02:00  INFO 38737 --- [      Thread-23] d.f.e.m.s.autoconfigure.EmbeddedMongo    : {"t":{"$date":"2024-07-25T18:55:00.697+02:00"},"s":"I",  "c":"STORAGE",  "id":22317,   "ctx":"thread32","msg":"WiredTigerKVEngine shutting down"}
2024-07-25T18:55:00.697+02:00  INFO 38737 --- [      Thread-23] d.f.e.m.s.autoconfigure.EmbeddedMongo    : {"t":{"$date":"2024-07-25T18:55:00.697+02:00"},"s":"I",  "c":"STORAGE",  "id":22318,   "ctx":"thread32","msg":"Shutting down session sweeper thread"}
2024-07-25T18:55:00.697+02:00  INFO 38737 --- [      Thread-23] d.f.e.m.s.autoconfigure.EmbeddedMongo    : {"t":{"$date":"2024-07-25T18:55:00.697+02:00"},"s":"I",  "c":"STORAGE",  "id":22319,   "ctx":"thread32","msg":"Finished shutting down session sweeper thread"}
2024-07-25T18:55:00.697+02:00  INFO 38737 --- [      Thread-23] d.f.e.m.s.autoconfigure.EmbeddedMongo    : {"t":{"$date":"2024-07-25T18:55:00.697+02:00"},"s":"I",  "c":"STORAGE",  "id":4795902, "ctx":"thread32","msg":"Closing WiredTiger","attr":{"closeConfig":"leak_memory=true,"}}
2024-07-25T18:55:00.721+02:00  INFO 38737 --- [      Thread-23] d.f.e.m.s.autoconfigure.EmbeddedMongo    : {"t":{"$date":"2024-07-25T18:55:00.721+02:00"},"s":"I",  "c":"STORAGE",  "id":4795901, "ctx":"thread32","msg":"WiredTiger closed","attr":{"durationMillis":24}}
2024-07-25T18:55:00.722+02:00  INFO 38737 --- [      Thread-23] d.f.e.m.s.autoconfigure.EmbeddedMongo    : {"t":{"$date":"2024-07-25T18:55:00.721+02:00"},"s":"I",  "c":"STORAGE",  "id":22279,   "ctx":"thread32","msg":"shutdown: removing fs lock..."}
2024-07-25T18:55:00.722+02:00  INFO 38737 --- [      Thread-23] d.f.e.m.s.autoconfigure.EmbeddedMongo    : {"t":{"$date":"2024-07-25T18:55:00.721+02:00"},"s":"I",  "c":"-",        "id":4784931, "ctx":"thread32","msg":"Dropping the scope cache for shutdown"}
2024-07-25T18:55:00.722+02:00  INFO 38737 --- [      Thread-23] d.f.e.m.s.autoconfigure.EmbeddedMongo    : {"t":{"$date":"2024-07-25T18:55:00.721+02:00"},"s":"I",  "c":"FTDC",     "id":20626,   "ctx":"thread32","msg":"Shutting down full-time diagnostic data capture"}
2024-07-25T18:55:00.725+02:00  INFO 38737 --- [      Thread-23] d.f.e.m.s.autoconfigure.EmbeddedMongo    : {"t":{"$date":"2024-07-25T18:55:00.725+02:00"},"s":"I",  "c":"CONTROL",  "id":20565,   "ctx":"thread32","msg":"Now exiting"}
2024-07-25T18:55:00.725+02:00  INFO 38737 --- [      Thread-23] d.f.e.m.s.autoconfigure.EmbeddedMongo    : {"t":{"$date":"2024-07-25T18:55:00.725+02:00"},"s":"I",  "c":"CONTROL",  "id":23138,   "ctx":"thread32","msg":"Shutting down","attr":{"exitCode":0}}
2024-07-25T18:55:00.831+02:00  INFO 38737 --- [           main] j.LocalContainerEntityManagerFactoryBean : Closing JPA EntityManagerFactory for persistence unit 'default'
2024-07-25T18:55:00.832+02:00  INFO 38737 --- [           main] com.zaxxer.hikari.HikariDataSource       : HikariPool-6 - Shutdown initiated...
2024-07-25T18:55:00.832+02:00  INFO 38737 --- [           main] com.zaxxer.hikari.HikariDataSource       : HikariPool-6 - Shutdown completed.
]]></system-out>
  </testcase>
</testsuite>