<?xml version="1.0" encoding="UTF-8"?>
<testsuite xmlns:xsi="http://www.w3.org/2001/XMLSchema-instance" xsi:noNamespaceSchemaLocation="https://maven.apache.org/surefire/maven-surefire-plugin/xsd/surefire-test-report-3.0.xsd" version="3.0" name="de.neuefische.backend.controllers.UserControllerIntegrationTest" time="8.138" tests="6" errors="0" skipped="0" failures="0">
  <properties>
    <property name="java.specification.version" value="20"/>
    <property name="sun.jnu.encoding" value="UTF-8"/>
    <property name="java.class.path" value="/Users/paffen/IdeaProjects/capstone-foodspot/backend/target/test-classes:/Users/paffen/IdeaProjects/capstone-foodspot/backend/target/classes:/Users/paffen/.m2/repository/org/springframework/boot/spring-boot-starter-web/3.1.0/spring-boot-starter-web-3.1.0.jar:/Users/paffen/.m2/repository/org/springframework/boot/spring-boot-starter/3.1.0/spring-boot-starter-3.1.0.jar:/Users/paffen/.m2/repository/org/springframework/boot/spring-boot/3.1.0/spring-boot-3.1.0.jar:/Users/paffen/.m2/repository/org/springframework/boot/spring-boot-autoconfigure/3.1.0/spring-boot-autoconfigure-3.1.0.jar:/Users/paffen/.m2/repository/org/springframework/boot/spring-boot-starter-logging/3.1.0/spring-boot-starter-logging-3.1.0.jar:/Users/paffen/.m2/repository/ch/qos/logback/logback-classic/1.4.7/logback-classic-1.4.7.jar:/Users/paffen/.m2/repository/ch/qos/logback/logback-core/1.4.7/logback-core-1.4.7.jar:/Users/paffen/.m2/repository/org/apache/logging/log4j/log4j-to-slf4j/2.20.0/log4j-to-slf4j-2.20.0.jar:/Users/paffen/.m2/repository/org/apache/logging/log4j/log4j-api/2.20.0/log4j-api-2.20.0.jar:/Users/paffen/.m2/repository/org/slf4j/jul-to-slf4j/2.0.7/jul-to-slf4j-2.0.7.jar:/Users/paffen/.m2/repository/jakarta/annotation/jakarta.annotation-api/2.1.1/jakarta.annotation-api-2.1.1.jar:/Users/paffen/.m2/repository/org/yaml/snakeyaml/1.33/snakeyaml-1.33.jar:/Users/paffen/.m2/repository/org/springframework/boot/spring-boot-starter-json/3.1.0/spring-boot-starter-json-3.1.0.jar:/Users/paffen/.m2/repository/com/fasterxml/jackson/core/jackson-databind/2.15.0/jackson-databind-2.15.0.jar:/Users/paffen/.m2/repository/com/fasterxml/jackson/core/jackson-annotations/2.15.0/jackson-annotations-2.15.0.jar:/Users/paffen/.m2/repository/com/fasterxml/jackson/core/jackson-core/2.15.0/jackson-core-2.15.0.jar:/Users/paffen/.m2/repository/com/fasterxml/jackson/datatype/jackson-datatype-jdk8/2.15.0/jackson-datatype-jdk8-2.15.0.jar:/Users/paffen/.m2/repository/com/fasterxml/jackson/datatype/jackson-datatype-jsr310/2.15.0/jackson-datatype-jsr310-2.15.0.jar:/Users/paffen/.m2/repository/com/fasterxml/jackson/module/jackson-module-parameter-names/2.15.0/jackson-module-parameter-names-2.15.0.jar:/Users/paffen/.m2/repository/org/springframework/boot/spring-boot-starter-tomcat/3.1.0/spring-boot-starter-tomcat-3.1.0.jar:/Users/paffen/.m2/repository/org/apache/tomcat/embed/tomcat-embed-core/10.1.8/tomcat-embed-core-10.1.8.jar:/Users/paffen/.m2/repository/org/apache/tomcat/embed/tomcat-embed-websocket/10.1.8/tomcat-embed-websocket-10.1.8.jar:/Users/paffen/.m2/repository/org/springframework/spring-web/6.0.9/spring-web-6.0.9.jar:/Users/paffen/.m2/repository/io/micrometer/micrometer-observation/1.11.0/micrometer-observation-1.11.0.jar:/Users/paffen/.m2/repository/io/micrometer/micrometer-commons/1.11.0/micrometer-commons-1.11.0.jar:/Users/paffen/.m2/repository/org/springframework/spring-webmvc/6.0.9/spring-webmvc-6.0.9.jar:/Users/paffen/.m2/repository/org/projectlombok/lombok/1.18.26/lombok-1.18.26.jar:/Users/paffen/.m2/repository/org/springframework/boot/spring-boot-starter-data-mongodb/3.1.0/spring-boot-starter-data-mongodb-3.1.0.jar:/Users/paffen/.m2/repository/org/mongodb/mongodb-driver-sync/4.9.1/mongodb-driver-sync-4.9.1.jar:/Users/paffen/.m2/repository/org/mongodb/bson/4.9.1/bson-4.9.1.jar:/Users/paffen/.m2/repository/org/springframework/boot/spring-boot-starter-security/3.1.0/spring-boot-starter-security-3.1.0.jar:/Users/paffen/.m2/repository/org/springframework/spring-aop/6.0.9/spring-aop-6.0.9.jar:/Users/paffen/.m2/repository/org/springframework/security/spring-security-config/6.1.0/spring-security-config-6.1.0.jar:/Users/paffen/.m2/repository/org/springframework/security/spring-security-web/6.1.0/spring-security-web-6.1.0.jar:/Users/paffen/.m2/repository/de/flapdoodle/embed/de.flapdoodle.embed.mongo/4.6.2/de.flapdoodle.embed.mongo-4.6.2.jar:/Users/paffen/.m2/repository/de/flapdoodle/embed/de.flapdoodle.embed.process/4.6.1/de.flapdoodle.embed.process-4.6.1.jar:/Users/paffen/.m2/repository/de/flapdoodle/reverse/de.flapdoodle.reverse/1.5.2/de.flapdoodle.reverse-1.5.2.jar:/Users/paffen/.m2/repository/de/flapdoodle/graph/de.flapdoodle.graph/1.2.3/de.flapdoodle.graph-1.2.3.jar:/Users/paffen/.m2/repository/org/jgrapht/jgrapht-core/1.4.0/jgrapht-core-1.4.0.jar:/Users/paffen/.m2/repository/org/jheaps/jheaps/0.11/jheaps-0.11.jar:/Users/paffen/.m2/repository/de/flapdoodle/java8/de.flapdoodle.java8/1.3.2/de.flapdoodle.java8-1.3.2.jar:/Users/paffen/.m2/repository/org/apache/commons/commons-lang3/3.12.0/commons-lang3-3.12.0.jar:/Users/paffen/.m2/repository/org/apache/commons/commons-compress/1.22/commons-compress-1.22.jar:/Users/paffen/.m2/repository/net/java/dev/jna/jna/5.13.0/jna-5.13.0.jar:/Users/paffen/.m2/repository/net/java/dev/jna/jna-platform/5.13.0/jna-platform-5.13.0.jar:/Users/paffen/.m2/repository/de/flapdoodle/de.flapdoodle.os-api/1.3.1/de.flapdoodle.os-api-1.3.1.jar:/Users/paffen/.m2/repository/de/flapdoodle/embed/de.flapdoodle.embed.mongo.packageresolver/4.5.3/de.flapdoodle.embed.mongo.packageresolver-4.5.3.jar:/Users/paffen/.m2/repository/de/flapdoodle/de.flapdoodle.os/1.3.3/de.flapdoodle.os-1.3.3.jar:/Users/paffen/.m2/repository/org/apache/maven/plugins/maven-surefire-plugin/2.22.2/maven-surefire-plugin-2.22.2.jar:/Users/paffen/.m2/repository/org/apache/maven/surefire/maven-surefire-common/2.22.2/maven-surefire-common-2.22.2.jar:/Users/paffen/.m2/repository/org/apache/maven/maven-plugin-api/2.2.1/maven-plugin-api-2.2.1.jar:/Users/paffen/.m2/repository/org/apache/maven/plugin-tools/maven-plugin-annotations/3.6.4/maven-plugin-annotations-3.6.4.jar:/Users/paffen/.m2/repository/org/apache/maven/surefire/surefire-api/2.22.2/surefire-api-2.22.2.jar:/Users/paffen/.m2/repository/org/apache/maven/surefire/surefire-logger-api/2.22.2/surefire-logger-api-2.22.2.jar:/Users/paffen/.m2/repository/org/apache/maven/surefire/surefire-booter/2.22.2/surefire-booter-2.22.2.jar:/Users/paffen/.m2/repository/org/apache/maven/maven-artifact/2.2.1/maven-artifact-2.2.1.jar:/Users/paffen/.m2/repository/org/codehaus/plexus/plexus-utils/1.5.15/plexus-utils-1.5.15.jar:/Users/paffen/.m2/repository/org/apache/maven/maven-plugin-descriptor/2.2.1/maven-plugin-descriptor-2.2.1.jar:/Users/paffen/.m2/repository/org/codehaus/plexus/plexus-container-default/1.0-alpha-9-stable-1/plexus-container-default-1.0-alpha-9-stable-1.jar:/Users/paffen/.m2/repository/org/apache/maven/maven-project/2.2.1/maven-project-2.2.1.jar:/Users/paffen/.m2/repository/org/apache/maven/maven-settings/2.2.1/maven-settings-2.2.1.jar:/Users/paffen/.m2/repository/org/apache/maven/maven-profile/2.2.1/maven-profile-2.2.1.jar:/Users/paffen/.m2/repository/org/apache/maven/maven-artifact-manager/2.2.1/maven-artifact-manager-2.2.1.jar:/Users/paffen/.m2/repository/backport-util-concurrent/backport-util-concurrent/3.1/backport-util-concurrent-3.1.jar:/Users/paffen/.m2/repository/org/apache/maven/maven-plugin-registry/2.2.1/maven-plugin-registry-2.2.1.jar:/Users/paffen/.m2/repository/org/codehaus/plexus/plexus-interpolation/1.11/plexus-interpolation-1.11.jar:/Users/paffen/.m2/repository/org/apache/maven/maven-model/2.2.1/maven-model-2.2.1.jar:/Users/paffen/.m2/repository/org/apache/maven/maven-core/2.2.1/maven-core-2.2.1.jar:/Users/paffen/.m2/repository/org/apache/maven/maven-plugin-parameter-documenter/2.2.1/maven-plugin-parameter-documenter-2.2.1.jar:/Users/paffen/.m2/repository/org/apache/maven/wagon/wagon-http/1.0-beta-6/wagon-http-1.0-beta-6.jar:/Users/paffen/.m2/repository/org/apache/maven/wagon/wagon-http-shared/1.0-beta-6/wagon-http-shared-1.0-beta-6.jar:/Users/paffen/.m2/repository/nekohtml/xercesMinimal/1.9.6.2/xercesMinimal-1.9.6.2.jar:/Users/paffen/.m2/repository/nekohtml/nekohtml/1.9.6.2/nekohtml-1.9.6.2.jar:/Users/paffen/.m2/repository/commons-httpclient/commons-httpclient/3.1/commons-httpclient-3.1.jar:/Users/paffen/.m2/repository/commons-codec/commons-codec/1.15/commons-codec-1.15.jar:/Users/paffen/.m2/repository/org/apache/maven/wagon/wagon-webdav-jackrabbit/1.0-beta-6/wagon-webdav-jackrabbit-1.0-beta-6.jar:/Users/paffen/.m2/repository/org/apache/jackrabbit/jackrabbit-webdav/1.5.0/jackrabbit-webdav-1.5.0.jar:/Users/paffen/.m2/repository/org/apache/jackrabbit/jackrabbit-jcr-commons/1.5.0/jackrabbit-jcr-commons-1.5.0.jar:/Users/paffen/.m2/repository/org/slf4j/slf4j-nop/2.0.7/slf4j-nop-2.0.7.jar:/Users/paffen/.m2/repository/org/slf4j/slf4j-jdk14/2.0.7/slf4j-jdk14-2.0.7.jar:/Users/paffen/.m2/repository/org/slf4j/jcl-over-slf4j/2.0.7/jcl-over-slf4j-2.0.7.jar:/Users/paffen/.m2/repository/org/apache/maven/reporting/maven-reporting-api/2.2.1/maven-reporting-api-2.2.1.jar:/Users/paffen/.m2/repository/org/apache/maven/doxia/doxia-logging-api/1.1/doxia-logging-api-1.1.jar:/Users/paffen/.m2/repository/org/apache/maven/wagon/wagon-provider-api/1.0-beta-6/wagon-provider-api-1.0-beta-6.jar:/Users/paffen/.m2/repository/org/apache/maven/maven-repository-metadata/2.2.1/maven-repository-metadata-2.2.1.jar:/Users/paffen/.m2/repository/org/apache/maven/maven-error-diagnostics/2.2.1/maven-error-diagnostics-2.2.1.jar:/Users/paffen/.m2/repository/org/apache/maven/maven-monitor/2.2.1/maven-monitor-2.2.1.jar:/Users/paffen/.m2/repository/classworlds/classworlds/1.1/classworlds-1.1.jar:/Users/paffen/.m2/repository/org/sonatype/plexus/plexus-sec-dispatcher/1.3/plexus-sec-dispatcher-1.3.jar:/Users/paffen/.m2/repository/org/sonatype/plexus/plexus-cipher/1.4/plexus-cipher-1.4.jar:/Users/paffen/.m2/repository/org/apache/maven/maven-toolchain/2.2.1/maven-toolchain-2.2.1.jar:/Users/paffen/.m2/repository/org/codehaus/plexus/plexus-java/0.9.10/plexus-java-0.9.10.jar:/Users/paffen/.m2/repository/org/ow2/asm/asm/6.2/asm-6.2.jar:/Users/paffen/.m2/repository/com/thoughtworks/qdox/qdox/2.0-M8/qdox-2.0-M8.jar:/Users/paffen/.m2/repository/org/springframework/boot/spring-boot-starter-test/3.1.0/spring-boot-starter-test-3.1.0.jar:/Users/paffen/.m2/repository/org/springframework/boot/spring-boot-test/3.1.0/spring-boot-test-3.1.0.jar:/Users/paffen/.m2/repository/org/springframework/boot/spring-boot-test-autoconfigure/3.1.0/spring-boot-test-autoconfigure-3.1.0.jar:/Users/paffen/.m2/repository/com/jayway/jsonpath/json-path/2.8.0/json-path-2.8.0.jar:/Users/paffen/.m2/repository/jakarta/xml/bind/jakarta.xml.bind-api/4.0.0/jakarta.xml.bind-api-4.0.0.jar:/Users/paffen/.m2/repository/jakarta/activation/jakarta.activation-api/2.1.2/jakarta.activation-api-2.1.2.jar:/Users/paffen/.m2/repository/net/minidev/json-smart/2.4.10/json-smart-2.4.10.jar:/Users/paffen/.m2/repository/net/minidev/accessors-smart/2.4.9/accessors-smart-2.4.9.jar:/Users/paffen/.m2/repository/org/assertj/assertj-core/3.24.2/assertj-core-3.24.2.jar:/Users/paffen/.m2/repository/net/bytebuddy/byte-buddy/1.14.4/byte-buddy-1.14.4.jar:/Users/paffen/.m2/repository/org/hamcrest/hamcrest/2.2/hamcrest-2.2.jar:/Users/paffen/.m2/repository/org/junit/jupiter/junit-jupiter/5.9.3/junit-jupiter-5.9.3.jar:/Users/paffen/.m2/repository/org/junit/jupiter/junit-jupiter-params/5.9.3/junit-jupiter-params-5.9.3.jar:/Users/paffen/.m2/repository/org/junit/jupiter/junit-jupiter-engine/5.9.3/junit-jupiter-engine-5.9.3.jar:/Users/paffen/.m2/repository/org/junit/platform/junit-platform-engine/1.9.3/junit-platform-engine-1.9.3.jar:/Users/paffen/.m2/repository/org/mockito/mockito-core/5.3.1/mockito-core-5.3.1.jar:/Users/paffen/.m2/repository/net/bytebuddy/byte-buddy-agent/1.14.4/byte-buddy-agent-1.14.4.jar:/Users/paffen/.m2/repository/org/objenesis/objenesis/3.3/objenesis-3.3.jar:/Users/paffen/.m2/repository/org/mockito/mockito-junit-jupiter/5.3.1/mockito-junit-jupiter-5.3.1.jar:/Users/paffen/.m2/repository/org/skyscreamer/jsonassert/1.5.1/jsonassert-1.5.1.jar:/Users/paffen/.m2/repository/com/vaadin/external/google/android-json/0.0.20131108.vaadin1/android-json-0.0.20131108.vaadin1.jar:/Users/paffen/.m2/repository/org/springframework/spring-core/6.0.9/spring-core-6.0.9.jar:/Users/paffen/.m2/repository/org/springframework/spring-jcl/6.0.9/spring-jcl-6.0.9.jar:/Users/paffen/.m2/repository/org/springframework/spring-test/6.0.9/spring-test-6.0.9.jar:/Users/paffen/.m2/repository/org/xmlunit/xmlunit-core/2.9.1/xmlunit-core-2.9.1.jar:/Users/paffen/.m2/repository/de/flapdoodle/embed/de.flapdoodle.embed.mongo.spring30x/4.6.2/de.flapdoodle.embed.mongo.spring30x-4.6.2.jar:/Users/paffen/.m2/repository/org/springframework/boot/spring-boot-properties-migrator/3.1.0/spring-boot-properties-migrator-3.1.0.jar:/Users/paffen/.m2/repository/org/springframework/boot/spring-boot-configuration-metadata/3.1.0/spring-boot-configuration-metadata-3.1.0.jar:/Users/paffen/.m2/repository/org/springframework/security/spring-security-test/6.1.0/spring-security-test-6.1.0.jar:/Users/paffen/.m2/repository/org/springframework/security/spring-security-core/6.1.0/spring-security-core-6.1.0.jar:/Users/paffen/.m2/repository/org/springframework/security/spring-security-crypto/6.1.0/spring-security-crypto-6.1.0.jar:/Users/paffen/.m2/repository/org/bouncycastle/bcprov-jdk15on/1.70/bcprov-jdk15on-1.70.jar:/Users/paffen/.m2/repository/org/springframework/data/spring-data-mongodb/4.1.0/spring-data-mongodb-4.1.0.jar:/Users/paffen/.m2/repository/org/springframework/spring-tx/6.0.9/spring-tx-6.0.9.jar:/Users/paffen/.m2/repository/org/springframework/spring-context/6.0.9/spring-context-6.0.9.jar:/Users/paffen/.m2/repository/org/springframework/spring-beans/6.0.9/spring-beans-6.0.9.jar:/Users/paffen/.m2/repository/org/springframework/spring-expression/6.0.9/spring-expression-6.0.9.jar:/Users/paffen/.m2/repository/org/springframework/data/spring-data-commons/3.1.0/spring-data-commons-3.1.0.jar:/Users/paffen/.m2/repository/org/mongodb/mongodb-driver-core/4.9.1/mongodb-driver-core-4.9.1.jar:/Users/paffen/.m2/repository/org/mongodb/bson-record-codec/4.9.1/bson-record-codec-4.9.1.jar:/Users/paffen/.m2/repository/org/slf4j/slf4j-api/2.0.7/slf4j-api-2.0.7.jar:/Users/paffen/.m2/repository/junit/junit/4.13.2/junit-4.13.2.jar:/Users/paffen/.m2/repository/org/hamcrest/hamcrest-core/2.2/hamcrest-core-2.2.jar:/Users/paffen/.m2/repository/org/springdoc/springdoc-openapi-starter-webmvc-ui/2.0.0/springdoc-openapi-starter-webmvc-ui-2.0.0.jar:/Users/paffen/.m2/repository/org/springdoc/springdoc-openapi-starter-webmvc-api/2.0.0/springdoc-openapi-starter-webmvc-api-2.0.0.jar:/Users/paffen/.m2/repository/org/springdoc/springdoc-openapi-starter-common/2.0.0/springdoc-openapi-starter-common-2.0.0.jar:/Users/paffen/.m2/repository/io/swagger/core/v3/swagger-core-jakarta/2.2.7/swagger-core-jakarta-2.2.7.jar:/Users/paffen/.m2/repository/io/swagger/core/v3/swagger-annotations-jakarta/2.2.7/swagger-annotations-jakarta-2.2.7.jar:/Users/paffen/.m2/repository/io/swagger/core/v3/swagger-models-jakarta/2.2.7/swagger-models-jakarta-2.2.7.jar:/Users/paffen/.m2/repository/com/fasterxml/jackson/dataformat/jackson-dataformat-yaml/2.15.0/jackson-dataformat-yaml-2.15.0.jar:/Users/paffen/.m2/repository/org/webjars/swagger-ui/4.15.5/swagger-ui-4.15.5.jar:/Users/paffen/.m2/repository/org/webjars/webjars-locator-core/0.52/webjars-locator-core-0.52.jar:/Users/paffen/.m2/repository/io/github/classgraph/classgraph/4.8.149/classgraph-4.8.149.jar:/Users/paffen/.m2/repository/org/junit/jupiter/junit-jupiter-api/5.9.3/junit-jupiter-api-5.9.3.jar:/Users/paffen/.m2/repository/org/opentest4j/opentest4j/1.2.0/opentest4j-1.2.0.jar:/Users/paffen/.m2/repository/org/junit/platform/junit-platform-commons/1.9.3/junit-platform-commons-1.9.3.jar:/Users/paffen/.m2/repository/org/apiguardian/apiguardian-api/1.1.2/apiguardian-api-1.1.2.jar:/Users/paffen/.m2/repository/org/springframework/boot/spring-boot-starter-data-jpa/3.1.0/spring-boot-starter-data-jpa-3.1.0.jar:/Users/paffen/.m2/repository/org/springframework/boot/spring-boot-starter-aop/3.1.0/spring-boot-starter-aop-3.1.0.jar:/Users/paffen/.m2/repository/org/aspectj/aspectjweaver/1.9.19/aspectjweaver-1.9.19.jar:/Users/paffen/.m2/repository/org/springframework/boot/spring-boot-starter-jdbc/3.1.0/spring-boot-starter-jdbc-3.1.0.jar:/Users/paffen/.m2/repository/com/zaxxer/HikariCP/5.0.1/HikariCP-5.0.1.jar:/Users/paffen/.m2/repository/org/springframework/spring-jdbc/6.0.9/spring-jdbc-6.0.9.jar:/Users/paffen/.m2/repository/org/hibernate/orm/hibernate-core/6.2.2.Final/hibernate-core-6.2.2.Final.jar:/Users/paffen/.m2/repository/jakarta/persistence/jakarta.persistence-api/3.1.0/jakarta.persistence-api-3.1.0.jar:/Users/paffen/.m2/repository/jakarta/transaction/jakarta.transaction-api/2.0.1/jakarta.transaction-api-2.0.1.jar:/Users/paffen/.m2/repository/org/jboss/logging/jboss-logging/3.5.0.Final/jboss-logging-3.5.0.Final.jar:/Users/paffen/.m2/repository/org/hibernate/common/hibernate-commons-annotations/6.0.6.Final/hibernate-commons-annotations-6.0.6.Final.jar:/Users/paffen/.m2/repository/io/smallrye/jandex/3.0.5/jandex-3.0.5.jar:/Users/paffen/.m2/repository/com/fasterxml/classmate/1.5.1/classmate-1.5.1.jar:/Users/paffen/.m2/repository/org/glassfish/jaxb/jaxb-runtime/4.0.2/jaxb-runtime-4.0.2.jar:/Users/paffen/.m2/repository/org/glassfish/jaxb/jaxb-core/4.0.2/jaxb-core-4.0.2.jar:/Users/paffen/.m2/repository/org/eclipse/angus/angus-activation/2.0.0/angus-activation-2.0.0.jar:/Users/paffen/.m2/repository/org/glassfish/jaxb/txw2/4.0.2/txw2-4.0.2.jar:/Users/paffen/.m2/repository/com/sun/istack/istack-commons-runtime/4.1.1/istack-commons-runtime-4.1.1.jar:/Users/paffen/.m2/repository/jakarta/inject/jakarta.inject-api/2.0.1/jakarta.inject-api-2.0.1.jar:/Users/paffen/.m2/repository/org/antlr/antlr4-runtime/4.10.1/antlr4-runtime-4.10.1.jar:/Users/paffen/.m2/repository/org/springframework/data/spring-data-jpa/3.1.0/spring-data-jpa-3.1.0.jar:/Users/paffen/.m2/repository/org/springframework/spring-orm/6.0.9/spring-orm-6.0.9.jar:/Users/paffen/.m2/repository/org/springframework/spring-aspects/6.0.9/spring-aspects-6.0.9.jar:/Users/paffen/.m2/repository/com/h2database/h2/1.4.200/h2-1.4.200.jar:/Users/paffen/.m2/repository/org/springframework/boot/spring-boot-starter-validation/3.1.0/spring-boot-starter-validation-3.1.0.jar:/Users/paffen/.m2/repository/org/apache/tomcat/embed/tomcat-embed-el/10.1.8/tomcat-embed-el-10.1.8.jar:/Users/paffen/.m2/repository/org/hibernate/validator/hibernate-validator/8.0.0.Final/hibernate-validator-8.0.0.Final.jar:/Users/paffen/.m2/repository/jakarta/validation/jakarta.validation-api/3.0.2/jakarta.validation-api-3.0.2.jar:"/>
    <property name="java.vm.vendor" value="Amazon.com Inc."/>
    <property name="sun.arch.data.model" value="64"/>
    <property name="java.vendor.url" value="https://aws.amazon.com/corretto/"/>
    <property name="user.timezone" value="Europe/Berlin"/>
    <property name="org.jboss.logging.provider" value="slf4j"/>
    <property name="os.name" value="Mac OS X"/>
    <property name="java.vm.specification.version" value="20"/>
    <property name="sun.java.launcher" value="SUN_STANDARD"/>
    <property name="user.country" value="DE"/>
    <property name="sun.boot.library.path" value="/Users/paffen/Library/Java/JavaVirtualMachines/corretto-20.0.2/Contents/Home/lib"/>
    <property name="sun.java.command" value="/Users/paffen/IdeaProjects/capstone-foodspot/backend/target/surefire/surefirebooter-20240625111609301_3.jar /Users/paffen/IdeaProjects/capstone-foodspot/backend/target/surefire 2024-06-25T11-16-09_243-jvmRun1 surefire-20240625111609301_1tmp surefire_0-20240625111609301_2tmp"/>
    <property name="http.nonProxyHosts" value="local|*.local|169.254/16|*.169.254/16"/>
    <property name="jdk.debug" value="release"/>
    <property name="surefire.test.class.path" value="/Users/paffen/IdeaProjects/capstone-foodspot/backend/target/test-classes:/Users/paffen/IdeaProjects/capstone-foodspot/backend/target/classes:/Users/paffen/.m2/repository/org/springframework/boot/spring-boot-starter-web/3.1.0/spring-boot-starter-web-3.1.0.jar:/Users/paffen/.m2/repository/org/springframework/boot/spring-boot-starter/3.1.0/spring-boot-starter-3.1.0.jar:/Users/paffen/.m2/repository/org/springframework/boot/spring-boot/3.1.0/spring-boot-3.1.0.jar:/Users/paffen/.m2/repository/org/springframework/boot/spring-boot-autoconfigure/3.1.0/spring-boot-autoconfigure-3.1.0.jar:/Users/paffen/.m2/repository/org/springframework/boot/spring-boot-starter-logging/3.1.0/spring-boot-starter-logging-3.1.0.jar:/Users/paffen/.m2/repository/ch/qos/logback/logback-classic/1.4.7/logback-classic-1.4.7.jar:/Users/paffen/.m2/repository/ch/qos/logback/logback-core/1.4.7/logback-core-1.4.7.jar:/Users/paffen/.m2/repository/org/apache/logging/log4j/log4j-to-slf4j/2.20.0/log4j-to-slf4j-2.20.0.jar:/Users/paffen/.m2/repository/org/apache/logging/log4j/log4j-api/2.20.0/log4j-api-2.20.0.jar:/Users/paffen/.m2/repository/org/slf4j/jul-to-slf4j/2.0.7/jul-to-slf4j-2.0.7.jar:/Users/paffen/.m2/repository/jakarta/annotation/jakarta.annotation-api/2.1.1/jakarta.annotation-api-2.1.1.jar:/Users/paffen/.m2/repository/org/yaml/snakeyaml/1.33/snakeyaml-1.33.jar:/Users/paffen/.m2/repository/org/springframework/boot/spring-boot-starter-json/3.1.0/spring-boot-starter-json-3.1.0.jar:/Users/paffen/.m2/repository/com/fasterxml/jackson/core/jackson-databind/2.15.0/jackson-databind-2.15.0.jar:/Users/paffen/.m2/repository/com/fasterxml/jackson/core/jackson-annotations/2.15.0/jackson-annotations-2.15.0.jar:/Users/paffen/.m2/repository/com/fasterxml/jackson/core/jackson-core/2.15.0/jackson-core-2.15.0.jar:/Users/paffen/.m2/repository/com/fasterxml/jackson/datatype/jackson-datatype-jdk8/2.15.0/jackson-datatype-jdk8-2.15.0.jar:/Users/paffen/.m2/repository/com/fasterxml/jackson/datatype/jackson-datatype-jsr310/2.15.0/jackson-datatype-jsr310-2.15.0.jar:/Users/paffen/.m2/repository/com/fasterxml/jackson/module/jackson-module-parameter-names/2.15.0/jackson-module-parameter-names-2.15.0.jar:/Users/paffen/.m2/repository/org/springframework/boot/spring-boot-starter-tomcat/3.1.0/spring-boot-starter-tomcat-3.1.0.jar:/Users/paffen/.m2/repository/org/apache/tomcat/embed/tomcat-embed-core/10.1.8/tomcat-embed-core-10.1.8.jar:/Users/paffen/.m2/repository/org/apache/tomcat/embed/tomcat-embed-websocket/10.1.8/tomcat-embed-websocket-10.1.8.jar:/Users/paffen/.m2/repository/org/springframework/spring-web/6.0.9/spring-web-6.0.9.jar:/Users/paffen/.m2/repository/io/micrometer/micrometer-observation/1.11.0/micrometer-observation-1.11.0.jar:/Users/paffen/.m2/repository/io/micrometer/micrometer-commons/1.11.0/micrometer-commons-1.11.0.jar:/Users/paffen/.m2/repository/org/springframework/spring-webmvc/6.0.9/spring-webmvc-6.0.9.jar:/Users/paffen/.m2/repository/org/projectlombok/lombok/1.18.26/lombok-1.18.26.jar:/Users/paffen/.m2/repository/org/springframework/boot/spring-boot-starter-data-mongodb/3.1.0/spring-boot-starter-data-mongodb-3.1.0.jar:/Users/paffen/.m2/repository/org/mongodb/mongodb-driver-sync/4.9.1/mongodb-driver-sync-4.9.1.jar:/Users/paffen/.m2/repository/org/mongodb/bson/4.9.1/bson-4.9.1.jar:/Users/paffen/.m2/repository/org/springframework/boot/spring-boot-starter-security/3.1.0/spring-boot-starter-security-3.1.0.jar:/Users/paffen/.m2/repository/org/springframework/spring-aop/6.0.9/spring-aop-6.0.9.jar:/Users/paffen/.m2/repository/org/springframework/security/spring-security-config/6.1.0/spring-security-config-6.1.0.jar:/Users/paffen/.m2/repository/org/springframework/security/spring-security-web/6.1.0/spring-security-web-6.1.0.jar:/Users/paffen/.m2/repository/de/flapdoodle/embed/de.flapdoodle.embed.mongo/4.6.2/de.flapdoodle.embed.mongo-4.6.2.jar:/Users/paffen/.m2/repository/de/flapdoodle/embed/de.flapdoodle.embed.process/4.6.1/de.flapdoodle.embed.process-4.6.1.jar:/Users/paffen/.m2/repository/de/flapdoodle/reverse/de.flapdoodle.reverse/1.5.2/de.flapdoodle.reverse-1.5.2.jar:/Users/paffen/.m2/repository/de/flapdoodle/graph/de.flapdoodle.graph/1.2.3/de.flapdoodle.graph-1.2.3.jar:/Users/paffen/.m2/repository/org/jgrapht/jgrapht-core/1.4.0/jgrapht-core-1.4.0.jar:/Users/paffen/.m2/repository/org/jheaps/jheaps/0.11/jheaps-0.11.jar:/Users/paffen/.m2/repository/de/flapdoodle/java8/de.flapdoodle.java8/1.3.2/de.flapdoodle.java8-1.3.2.jar:/Users/paffen/.m2/repository/org/apache/commons/commons-lang3/3.12.0/commons-lang3-3.12.0.jar:/Users/paffen/.m2/repository/org/apache/commons/commons-compress/1.22/commons-compress-1.22.jar:/Users/paffen/.m2/repository/net/java/dev/jna/jna/5.13.0/jna-5.13.0.jar:/Users/paffen/.m2/repository/net/java/dev/jna/jna-platform/5.13.0/jna-platform-5.13.0.jar:/Users/paffen/.m2/repository/de/flapdoodle/de.flapdoodle.os-api/1.3.1/de.flapdoodle.os-api-1.3.1.jar:/Users/paffen/.m2/repository/de/flapdoodle/embed/de.flapdoodle.embed.mongo.packageresolver/4.5.3/de.flapdoodle.embed.mongo.packageresolver-4.5.3.jar:/Users/paffen/.m2/repository/de/flapdoodle/de.flapdoodle.os/1.3.3/de.flapdoodle.os-1.3.3.jar:/Users/paffen/.m2/repository/org/apache/maven/plugins/maven-surefire-plugin/2.22.2/maven-surefire-plugin-2.22.2.jar:/Users/paffen/.m2/repository/org/apache/maven/surefire/maven-surefire-common/2.22.2/maven-surefire-common-2.22.2.jar:/Users/paffen/.m2/repository/org/apache/maven/maven-plugin-api/2.2.1/maven-plugin-api-2.2.1.jar:/Users/paffen/.m2/repository/org/apache/maven/plugin-tools/maven-plugin-annotations/3.6.4/maven-plugin-annotations-3.6.4.jar:/Users/paffen/.m2/repository/org/apache/maven/surefire/surefire-api/2.22.2/surefire-api-2.22.2.jar:/Users/paffen/.m2/repository/org/apache/maven/surefire/surefire-logger-api/2.22.2/surefire-logger-api-2.22.2.jar:/Users/paffen/.m2/repository/org/apache/maven/surefire/surefire-booter/2.22.2/surefire-booter-2.22.2.jar:/Users/paffen/.m2/repository/org/apache/maven/maven-artifact/2.2.1/maven-artifact-2.2.1.jar:/Users/paffen/.m2/repository/org/codehaus/plexus/plexus-utils/1.5.15/plexus-utils-1.5.15.jar:/Users/paffen/.m2/repository/org/apache/maven/maven-plugin-descriptor/2.2.1/maven-plugin-descriptor-2.2.1.jar:/Users/paffen/.m2/repository/org/codehaus/plexus/plexus-container-default/1.0-alpha-9-stable-1/plexus-container-default-1.0-alpha-9-stable-1.jar:/Users/paffen/.m2/repository/org/apache/maven/maven-project/2.2.1/maven-project-2.2.1.jar:/Users/paffen/.m2/repository/org/apache/maven/maven-settings/2.2.1/maven-settings-2.2.1.jar:/Users/paffen/.m2/repository/org/apache/maven/maven-profile/2.2.1/maven-profile-2.2.1.jar:/Users/paffen/.m2/repository/org/apache/maven/maven-artifact-manager/2.2.1/maven-artifact-manager-2.2.1.jar:/Users/paffen/.m2/repository/backport-util-concurrent/backport-util-concurrent/3.1/backport-util-concurrent-3.1.jar:/Users/paffen/.m2/repository/org/apache/maven/maven-plugin-registry/2.2.1/maven-plugin-registry-2.2.1.jar:/Users/paffen/.m2/repository/org/codehaus/plexus/plexus-interpolation/1.11/plexus-interpolation-1.11.jar:/Users/paffen/.m2/repository/org/apache/maven/maven-model/2.2.1/maven-model-2.2.1.jar:/Users/paffen/.m2/repository/org/apache/maven/maven-core/2.2.1/maven-core-2.2.1.jar:/Users/paffen/.m2/repository/org/apache/maven/maven-plugin-parameter-documenter/2.2.1/maven-plugin-parameter-documenter-2.2.1.jar:/Users/paffen/.m2/repository/org/apache/maven/wagon/wagon-http/1.0-beta-6/wagon-http-1.0-beta-6.jar:/Users/paffen/.m2/repository/org/apache/maven/wagon/wagon-http-shared/1.0-beta-6/wagon-http-shared-1.0-beta-6.jar:/Users/paffen/.m2/repository/nekohtml/xercesMinimal/1.9.6.2/xercesMinimal-1.9.6.2.jar:/Users/paffen/.m2/repository/nekohtml/nekohtml/1.9.6.2/nekohtml-1.9.6.2.jar:/Users/paffen/.m2/repository/commons-httpclient/commons-httpclient/3.1/commons-httpclient-3.1.jar:/Users/paffen/.m2/repository/commons-codec/commons-codec/1.15/commons-codec-1.15.jar:/Users/paffen/.m2/repository/org/apache/maven/wagon/wagon-webdav-jackrabbit/1.0-beta-6/wagon-webdav-jackrabbit-1.0-beta-6.jar:/Users/paffen/.m2/repository/org/apache/jackrabbit/jackrabbit-webdav/1.5.0/jackrabbit-webdav-1.5.0.jar:/Users/paffen/.m2/repository/org/apache/jackrabbit/jackrabbit-jcr-commons/1.5.0/jackrabbit-jcr-commons-1.5.0.jar:/Users/paffen/.m2/repository/org/slf4j/slf4j-nop/2.0.7/slf4j-nop-2.0.7.jar:/Users/paffen/.m2/repository/org/slf4j/slf4j-jdk14/2.0.7/slf4j-jdk14-2.0.7.jar:/Users/paffen/.m2/repository/org/slf4j/jcl-over-slf4j/2.0.7/jcl-over-slf4j-2.0.7.jar:/Users/paffen/.m2/repository/org/apache/maven/reporting/maven-reporting-api/2.2.1/maven-reporting-api-2.2.1.jar:/Users/paffen/.m2/repository/org/apache/maven/doxia/doxia-logging-api/1.1/doxia-logging-api-1.1.jar:/Users/paffen/.m2/repository/org/apache/maven/wagon/wagon-provider-api/1.0-beta-6/wagon-provider-api-1.0-beta-6.jar:/Users/paffen/.m2/repository/org/apache/maven/maven-repository-metadata/2.2.1/maven-repository-metadata-2.2.1.jar:/Users/paffen/.m2/repository/org/apache/maven/maven-error-diagnostics/2.2.1/maven-error-diagnostics-2.2.1.jar:/Users/paffen/.m2/repository/org/apache/maven/maven-monitor/2.2.1/maven-monitor-2.2.1.jar:/Users/paffen/.m2/repository/classworlds/classworlds/1.1/classworlds-1.1.jar:/Users/paffen/.m2/repository/org/sonatype/plexus/plexus-sec-dispatcher/1.3/plexus-sec-dispatcher-1.3.jar:/Users/paffen/.m2/repository/org/sonatype/plexus/plexus-cipher/1.4/plexus-cipher-1.4.jar:/Users/paffen/.m2/repository/org/apache/maven/maven-toolchain/2.2.1/maven-toolchain-2.2.1.jar:/Users/paffen/.m2/repository/org/codehaus/plexus/plexus-java/0.9.10/plexus-java-0.9.10.jar:/Users/paffen/.m2/repository/org/ow2/asm/asm/6.2/asm-6.2.jar:/Users/paffen/.m2/repository/com/thoughtworks/qdox/qdox/2.0-M8/qdox-2.0-M8.jar:/Users/paffen/.m2/repository/org/springframework/boot/spring-boot-starter-test/3.1.0/spring-boot-starter-test-3.1.0.jar:/Users/paffen/.m2/repository/org/springframework/boot/spring-boot-test/3.1.0/spring-boot-test-3.1.0.jar:/Users/paffen/.m2/repository/org/springframework/boot/spring-boot-test-autoconfigure/3.1.0/spring-boot-test-autoconfigure-3.1.0.jar:/Users/paffen/.m2/repository/com/jayway/jsonpath/json-path/2.8.0/json-path-2.8.0.jar:/Users/paffen/.m2/repository/jakarta/xml/bind/jakarta.xml.bind-api/4.0.0/jakarta.xml.bind-api-4.0.0.jar:/Users/paffen/.m2/repository/jakarta/activation/jakarta.activation-api/2.1.2/jakarta.activation-api-2.1.2.jar:/Users/paffen/.m2/repository/net/minidev/json-smart/2.4.10/json-smart-2.4.10.jar:/Users/paffen/.m2/repository/net/minidev/accessors-smart/2.4.9/accessors-smart-2.4.9.jar:/Users/paffen/.m2/repository/org/assertj/assertj-core/3.24.2/assertj-core-3.24.2.jar:/Users/paffen/.m2/repository/net/bytebuddy/byte-buddy/1.14.4/byte-buddy-1.14.4.jar:/Users/paffen/.m2/repository/org/hamcrest/hamcrest/2.2/hamcrest-2.2.jar:/Users/paffen/.m2/repository/org/junit/jupiter/junit-jupiter/5.9.3/junit-jupiter-5.9.3.jar:/Users/paffen/.m2/repository/org/junit/jupiter/junit-jupiter-params/5.9.3/junit-jupiter-params-5.9.3.jar:/Users/paffen/.m2/repository/org/junit/jupiter/junit-jupiter-engine/5.9.3/junit-jupiter-engine-5.9.3.jar:/Users/paffen/.m2/repository/org/junit/platform/junit-platform-engine/1.9.3/junit-platform-engine-1.9.3.jar:/Users/paffen/.m2/repository/org/mockito/mockito-core/5.3.1/mockito-core-5.3.1.jar:/Users/paffen/.m2/repository/net/bytebuddy/byte-buddy-agent/1.14.4/byte-buddy-agent-1.14.4.jar:/Users/paffen/.m2/repository/org/objenesis/objenesis/3.3/objenesis-3.3.jar:/Users/paffen/.m2/repository/org/mockito/mockito-junit-jupiter/5.3.1/mockito-junit-jupiter-5.3.1.jar:/Users/paffen/.m2/repository/org/skyscreamer/jsonassert/1.5.1/jsonassert-1.5.1.jar:/Users/paffen/.m2/repository/com/vaadin/external/google/android-json/0.0.20131108.vaadin1/android-json-0.0.20131108.vaadin1.jar:/Users/paffen/.m2/repository/org/springframework/spring-core/6.0.9/spring-core-6.0.9.jar:/Users/paffen/.m2/repository/org/springframework/spring-jcl/6.0.9/spring-jcl-6.0.9.jar:/Users/paffen/.m2/repository/org/springframework/spring-test/6.0.9/spring-test-6.0.9.jar:/Users/paffen/.m2/repository/org/xmlunit/xmlunit-core/2.9.1/xmlunit-core-2.9.1.jar:/Users/paffen/.m2/repository/de/flapdoodle/embed/de.flapdoodle.embed.mongo.spring30x/4.6.2/de.flapdoodle.embed.mongo.spring30x-4.6.2.jar:/Users/paffen/.m2/repository/org/springframework/boot/spring-boot-properties-migrator/3.1.0/spring-boot-properties-migrator-3.1.0.jar:/Users/paffen/.m2/repository/org/springframework/boot/spring-boot-configuration-metadata/3.1.0/spring-boot-configuration-metadata-3.1.0.jar:/Users/paffen/.m2/repository/org/springframework/security/spring-security-test/6.1.0/spring-security-test-6.1.0.jar:/Users/paffen/.m2/repository/org/springframework/security/spring-security-core/6.1.0/spring-security-core-6.1.0.jar:/Users/paffen/.m2/repository/org/springframework/security/spring-security-crypto/6.1.0/spring-security-crypto-6.1.0.jar:/Users/paffen/.m2/repository/org/bouncycastle/bcprov-jdk15on/1.70/bcprov-jdk15on-1.70.jar:/Users/paffen/.m2/repository/org/springframework/data/spring-data-mongodb/4.1.0/spring-data-mongodb-4.1.0.jar:/Users/paffen/.m2/repository/org/springframework/spring-tx/6.0.9/spring-tx-6.0.9.jar:/Users/paffen/.m2/repository/org/springframework/spring-context/6.0.9/spring-context-6.0.9.jar:/Users/paffen/.m2/repository/org/springframework/spring-beans/6.0.9/spring-beans-6.0.9.jar:/Users/paffen/.m2/repository/org/springframework/spring-expression/6.0.9/spring-expression-6.0.9.jar:/Users/paffen/.m2/repository/org/springframework/data/spring-data-commons/3.1.0/spring-data-commons-3.1.0.jar:/Users/paffen/.m2/repository/org/mongodb/mongodb-driver-core/4.9.1/mongodb-driver-core-4.9.1.jar:/Users/paffen/.m2/repository/org/mongodb/bson-record-codec/4.9.1/bson-record-codec-4.9.1.jar:/Users/paffen/.m2/repository/org/slf4j/slf4j-api/2.0.7/slf4j-api-2.0.7.jar:/Users/paffen/.m2/repository/junit/junit/4.13.2/junit-4.13.2.jar:/Users/paffen/.m2/repository/org/hamcrest/hamcrest-core/2.2/hamcrest-core-2.2.jar:/Users/paffen/.m2/repository/org/springdoc/springdoc-openapi-starter-webmvc-ui/2.0.0/springdoc-openapi-starter-webmvc-ui-2.0.0.jar:/Users/paffen/.m2/repository/org/springdoc/springdoc-openapi-starter-webmvc-api/2.0.0/springdoc-openapi-starter-webmvc-api-2.0.0.jar:/Users/paffen/.m2/repository/org/springdoc/springdoc-openapi-starter-common/2.0.0/springdoc-openapi-starter-common-2.0.0.jar:/Users/paffen/.m2/repository/io/swagger/core/v3/swagger-core-jakarta/2.2.7/swagger-core-jakarta-2.2.7.jar:/Users/paffen/.m2/repository/io/swagger/core/v3/swagger-annotations-jakarta/2.2.7/swagger-annotations-jakarta-2.2.7.jar:/Users/paffen/.m2/repository/io/swagger/core/v3/swagger-models-jakarta/2.2.7/swagger-models-jakarta-2.2.7.jar:/Users/paffen/.m2/repository/com/fasterxml/jackson/dataformat/jackson-dataformat-yaml/2.15.0/jackson-dataformat-yaml-2.15.0.jar:/Users/paffen/.m2/repository/org/webjars/swagger-ui/4.15.5/swagger-ui-4.15.5.jar:/Users/paffen/.m2/repository/org/webjars/webjars-locator-core/0.52/webjars-locator-core-0.52.jar:/Users/paffen/.m2/repository/io/github/classgraph/classgraph/4.8.149/classgraph-4.8.149.jar:/Users/paffen/.m2/repository/org/junit/jupiter/junit-jupiter-api/5.9.3/junit-jupiter-api-5.9.3.jar:/Users/paffen/.m2/repository/org/opentest4j/opentest4j/1.2.0/opentest4j-1.2.0.jar:/Users/paffen/.m2/repository/org/junit/platform/junit-platform-commons/1.9.3/junit-platform-commons-1.9.3.jar:/Users/paffen/.m2/repository/org/apiguardian/apiguardian-api/1.1.2/apiguardian-api-1.1.2.jar:/Users/paffen/.m2/repository/org/springframework/boot/spring-boot-starter-data-jpa/3.1.0/spring-boot-starter-data-jpa-3.1.0.jar:/Users/paffen/.m2/repository/org/springframework/boot/spring-boot-starter-aop/3.1.0/spring-boot-starter-aop-3.1.0.jar:/Users/paffen/.m2/repository/org/aspectj/aspectjweaver/1.9.19/aspectjweaver-1.9.19.jar:/Users/paffen/.m2/repository/org/springframework/boot/spring-boot-starter-jdbc/3.1.0/spring-boot-starter-jdbc-3.1.0.jar:/Users/paffen/.m2/repository/com/zaxxer/HikariCP/5.0.1/HikariCP-5.0.1.jar:/Users/paffen/.m2/repository/org/springframework/spring-jdbc/6.0.9/spring-jdbc-6.0.9.jar:/Users/paffen/.m2/repository/org/hibernate/orm/hibernate-core/6.2.2.Final/hibernate-core-6.2.2.Final.jar:/Users/paffen/.m2/repository/jakarta/persistence/jakarta.persistence-api/3.1.0/jakarta.persistence-api-3.1.0.jar:/Users/paffen/.m2/repository/jakarta/transaction/jakarta.transaction-api/2.0.1/jakarta.transaction-api-2.0.1.jar:/Users/paffen/.m2/repository/org/jboss/logging/jboss-logging/3.5.0.Final/jboss-logging-3.5.0.Final.jar:/Users/paffen/.m2/repository/org/hibernate/common/hibernate-commons-annotations/6.0.6.Final/hibernate-commons-annotations-6.0.6.Final.jar:/Users/paffen/.m2/repository/io/smallrye/jandex/3.0.5/jandex-3.0.5.jar:/Users/paffen/.m2/repository/com/fasterxml/classmate/1.5.1/classmate-1.5.1.jar:/Users/paffen/.m2/repository/org/glassfish/jaxb/jaxb-runtime/4.0.2/jaxb-runtime-4.0.2.jar:/Users/paffen/.m2/repository/org/glassfish/jaxb/jaxb-core/4.0.2/jaxb-core-4.0.2.jar:/Users/paffen/.m2/repository/org/eclipse/angus/angus-activation/2.0.0/angus-activation-2.0.0.jar:/Users/paffen/.m2/repository/org/glassfish/jaxb/txw2/4.0.2/txw2-4.0.2.jar:/Users/paffen/.m2/repository/com/sun/istack/istack-commons-runtime/4.1.1/istack-commons-runtime-4.1.1.jar:/Users/paffen/.m2/repository/jakarta/inject/jakarta.inject-api/2.0.1/jakarta.inject-api-2.0.1.jar:/Users/paffen/.m2/repository/org/antlr/antlr4-runtime/4.10.1/antlr4-runtime-4.10.1.jar:/Users/paffen/.m2/repository/org/springframework/data/spring-data-jpa/3.1.0/spring-data-jpa-3.1.0.jar:/Users/paffen/.m2/repository/org/springframework/spring-orm/6.0.9/spring-orm-6.0.9.jar:/Users/paffen/.m2/repository/org/springframework/spring-aspects/6.0.9/spring-aspects-6.0.9.jar:/Users/paffen/.m2/repository/com/h2database/h2/1.4.200/h2-1.4.200.jar:/Users/paffen/.m2/repository/org/springframework/boot/spring-boot-starter-validation/3.1.0/spring-boot-starter-validation-3.1.0.jar:/Users/paffen/.m2/repository/org/apache/tomcat/embed/tomcat-embed-el/10.1.8/tomcat-embed-el-10.1.8.jar:/Users/paffen/.m2/repository/org/hibernate/validator/hibernate-validator/8.0.0.Final/hibernate-validator-8.0.0.Final.jar:/Users/paffen/.m2/repository/jakarta/validation/jakarta.validation-api/3.0.2/jakarta.validation-api-3.0.2.jar:"/>
    <property name="sun.cpu.endian" value="little"/>
    <property name="user.home" value="/Users/paffen"/>
    <property name="user.language" value="de"/>
    <property name="java.specification.vendor" value="Oracle Corporation"/>
    <property name="java.version.date" value="2023-07-18"/>
    <property name="java.home" value="/Users/paffen/Library/Java/JavaVirtualMachines/corretto-20.0.2/Contents/Home"/>
    <property name="file.separator" value="/"/>
    <property name="basedir" value="/Users/paffen/IdeaProjects/capstone-foodspot/backend"/>
    <property name="java.vm.compressedOopsMode" value="Zero based"/>
    <property name="line.separator" value="&#10;"/>
    <property name="java.vm.specification.vendor" value="Oracle Corporation"/>
    <property name="java.specification.name" value="Java Platform API Specification"/>
    <property name="FILE_LOG_CHARSET" value="UTF-8"/>
    <property name="java.awt.headless" value="true"/>
    <property name="apple.awt.application.name" value="ForkedBooter"/>
    <property name="surefire.real.class.path" value="/Users/paffen/IdeaProjects/capstone-foodspot/backend/target/surefire/surefirebooter-20240625111609301_3.jar"/>
    <property name="sun.management.compiler" value="HotSpot 64-Bit Tiered Compilers"/>
    <property name="ftp.nonProxyHosts" value="local|*.local|169.254/16|*.169.254/16"/>
    <property name="java.runtime.version" value="20.0.2+9-FR"/>
    <property name="user.name" value="paffen"/>
    <property name="stdout.encoding" value="UTF-8"/>
    <property name="path.separator" value=":"/>
    <property name="os.version" value="14.5"/>
    <property name="java.runtime.name" value="OpenJDK Runtime Environment"/>
    <property name="file.encoding" value="UTF-8"/>
    <property name="java.vm.name" value="OpenJDK 64-Bit Server VM"/>
    <property name="java.vendor.version" value="Corretto-20.0.2.9.1"/>
    <property name="localRepository" value="/Users/paffen/.m2/repository"/>
    <property name="java.vendor.url.bug" value="https://github.com/corretto/corretto-20/issues/"/>
    <property name="java.io.tmpdir" value="/var/folders/dr/fk5c4mdx63g076r3v55pvq740000gn/T/"/>
    <property name="idea.version" value="2023.1.4"/>
    <property name="com.zaxxer.hikari.pool_number" value="6"/>
    <property name="java.version" value="20.0.2"/>
    <property name="user.dir" value="/Users/paffen/IdeaProjects/capstone-foodspot/backend"/>
    <property name="os.arch" value="aarch64"/>
    <property name="java.vm.specification.name" value="Java Virtual Machine Specification"/>
    <property name="PID" value="78794"/>
    <property name="CONSOLE_LOG_CHARSET" value="UTF-8"/>
    <property name="native.encoding" value="UTF-8"/>
    <property name="java.library.path" value="/Users/paffen/Library/Java/Extensions:/Library/Java/Extensions:/Network/Library/Java/Extensions:/System/Library/Java/Extensions:/usr/lib/java:."/>
    <property name="java.vm.info" value="mixed mode, sharing"/>
    <property name="stderr.encoding" value="UTF-8"/>
    <property name="java.vendor" value="Amazon.com Inc."/>
    <property name="java.vm.version" value="20.0.2+9-FR"/>
    <property name="sun.io.unicode.encoding" value="UnicodeBig"/>
    <property name="socksNonProxyHosts" value="local|*.local|169.254/16|*.169.254/16"/>
    <property name="java.class.version" value="64.0"/>
  </properties>
  <testcase name="logout_expect_200" classname="de.neuefische.backend.controllers.UserControllerIntegrationTest" time="0.032">
    <system-out><![CDATA[2024-06-25T11:16:24.893+02:00  INFO 78794 --- [           main] t.c.s.AnnotationConfigContextLoaderUtils : Could not detect default configuration classes for test class [de.neuefische.backend.controllers.UserControllerIntegrationTest]: UserControllerIntegrationTest does not declare any static, non-private, non-final, nested classes annotated with @Configuration.
2024-06-25T11:16:24.895+02:00  INFO 78794 --- [           main] .b.t.c.SpringBootTestContextBootstrapper : Found @SpringBootConfiguration de.neuefische.backend.BackendApplication for test class de.neuefische.backend.controllers.UserControllerIntegrationTest
]]></system-out>
  </testcase>
  <testcase name="registerUser" classname="de.neuefische.backend.controllers.UserControllerIntegrationTest" time="0.949">
    <system-out><![CDATA[2024-06-25T11:16:25.521+02:00  INFO 78794 --- [      Thread-11] d.f.e.m.s.autoconfigure.EmbeddedMongo    : {"t":{"$date":"2024-06-25T11:16:25.521+02:00"},"s":"I",  "c":"NETWORK",  "id":22943,   "ctx":"listener","msg":"Connection accepted","attr":{"remote":"127.0.0.1:58228","uuid":"eae23b07-ec81-4ab7-84c8-6805b0941bba","connectionId":3,"connectionCount":3}}
2024-06-25T11:16:25.521+02:00  INFO 78794 --- [      Thread-11] d.f.e.m.s.autoconfigure.EmbeddedMongo    : {"t":{"$date":"2024-06-25T11:16:25.521+02:00"},"s":"I",  "c":"NETWORK",  "id":51800,   "ctx":"conn3","msg":"client metadata","attr":{"remote":"127.0.0.1:58228","client":"conn3","doc":{"driver":{"name":"mongo-java-driver|sync|spring-boot","version":"4.9.1"},"os":{"type":"Darwin","name":"Mac OS X","architecture":"aarch64","version":"14.5"},"platform":"Java/Amazon.com Inc./20.0.2+9-FR"}}}
2024-06-25T11:16:25.535+02:00  INFO 78794 --- [      Thread-11] d.f.e.m.s.autoconfigure.EmbeddedMongo    : {"t":{"$date":"2024-06-25T11:16:25.535+02:00"},"s":"I",  "c":"STORAGE",  "id":20320,   "ctx":"conn3","msg":"createCollection","attr":{"namespace":"test.users","uuidDisposition":"generated","uuid":{"uuid":{"$uuid":"db80d359-ed84-48cd-aaf8-a3b810bd3e8b"}},"options":{}}}
2024-06-25T11:16:25.573+02:00  INFO 78794 --- [      Thread-11] d.f.e.m.s.autoconfigure.EmbeddedMongo    : {"t":{"$date":"2024-06-25T11:16:25.573+02:00"},"s":"I",  "c":"INDEX",    "id":20345,   "ctx":"conn3","msg":"Index build: done building","attr":{"buildUUID":null,"collectionUUID":{"uuid":{"$uuid":"db80d359-ed84-48cd-aaf8-a3b810bd3e8b"}},"namespace":"test.users","index":"_id_","ident":"index-8-7632462238706040576","collectionIdent":"collection-7-7632462238706040576","commitTimestamp":null}}
2024-06-25T11:16:25.590+02:00  INFO 78794 --- [      Thread-11] d.f.e.m.s.autoconfigure.EmbeddedMongo    : {"t":{"$date":"2024-06-25T11:16:25.590+02:00"},"s":"I",  "c":"NETWORK",  "id":22944,   "ctx":"conn2","msg":"Connection ended","attr":{"remote":"127.0.0.1:58227","uuid":"a4f01e4c-c6b7-42cb-b5a0-539e05befd0b","connectionId":2,"connectionCount":2}}
2024-06-25T11:16:25.591+02:00  INFO 78794 --- [      Thread-11] d.f.e.m.s.autoconfigure.EmbeddedMongo    : {"t":{"$date":"2024-06-25T11:16:25.590+02:00"},"s":"I",  "c":"NETWORK",  "id":22944,   "ctx":"conn3","msg":"Connection ended","attr":{"remote":"127.0.0.1:58228","uuid":"eae23b07-ec81-4ab7-84c8-6805b0941bba","connectionId":3,"connectionCount":1}}
2024-06-25T11:16:25.591+02:00  INFO 78794 --- [      Thread-11] d.f.e.m.s.autoconfigure.EmbeddedMongo    : {"t":{"$date":"2024-06-25T11:16:25.591+02:00"},"s":"I",  "c":"NETWORK",  "id":22943,   "ctx":"listener","msg":"Connection accepted","attr":{"remote":"127.0.0.1:58229","uuid":"bffe80c2-8b39-4478-b429-9c106b5b088d","connectionId":4,"connectionCount":2}}
2024-06-25T11:16:25.591+02:00  INFO 78794 --- [      Thread-11] d.f.e.m.s.autoconfigure.EmbeddedMongo    : {"t":{"$date":"2024-06-25T11:16:25.591+02:00"},"s":"W",  "c":"COMMAND",  "id":5578800, "ctx":"conn4","msg":"Received wire protocol op code or command that is no longer supported. The client driver may require an upgrade. For more details see https://dochub.mongodb.org/core/legacy-opcode-removal","attr":{"op":"query","clientInfo":{"address":"127.0.0.1:58229"}}}
2024-06-25T11:16:25.591+02:00 ERROR 78794 --- [           main] d.flapdoodle.embed.mongo.runtime.Mongod  : Got some response, should be an error message
2024-06-25T11:16:25.591+02:00  INFO 78794 --- [      Thread-11] d.f.e.m.s.autoconfigure.EmbeddedMongo    : {"t":{"$date":"2024-06-25T11:16:25.591+02:00"},"s":"I",  "c":"NETWORK",  "id":22944,   "ctx":"conn4","msg":"Connection ended","attr":{"remote":"127.0.0.1:58229","uuid":"bffe80c2-8b39-4478-b429-9c106b5b088d","connectionId":4,"connectionCount":1}}
2024-06-25T11:16:25.696+02:00  INFO 78794 --- [      Thread-11] d.f.e.m.s.autoconfigure.EmbeddedMongo    : {"t":{"$date":"2024-06-25T11:16:25.696+02:00"},"s":"I",  "c":"NETWORK",  "id":22943,   "ctx":"listener","msg":"Connection accepted","attr":{"remote":"127.0.0.1:58230","uuid":"800a37eb-6140-49bf-8d15-aa606705f0e9","connectionId":5,"connectionCount":2}}
2024-06-25T11:16:25.696+02:00  INFO 78794 --- [      Thread-11] d.f.e.m.s.autoconfigure.EmbeddedMongo    : {"t":{"$date":"2024-06-25T11:16:25.696+02:00"},"s":"I",  "c":"COMMAND",  "id":4695400, "ctx":"conn5","msg":"Terminating via shutdown command","attr":{"force":false,"timeoutMillis":15000}}
2024-06-25T11:16:25.696+02:00  INFO 78794 --- [      Thread-11] d.f.e.m.s.autoconfigure.EmbeddedMongo    : {"t":{"$date":"2024-06-25T11:16:25.696+02:00"},"s":"I",  "c":"REPL",     "id":4794602, "ctx":"thread31","msg":"Attempting to enter quiesce mode"}
2024-06-25T11:16:25.696+02:00  INFO 78794 --- [      Thread-11] d.f.e.m.s.autoconfigure.EmbeddedMongo    : {"t":{"$date":"2024-06-25T11:16:25.696+02:00"},"s":"I",  "c":"-",        "id":6371601, "ctx":"thread31","msg":"Shutting down the FLE Crud thread pool"}
2024-06-25T11:16:25.697+02:00  INFO 78794 --- [      Thread-11] d.f.e.m.s.autoconfigure.EmbeddedMongo    : {"t":{"$date":"2024-06-25T11:16:25.696+02:00"},"s":"I",  "c":"COMMAND",  "id":4784901, "ctx":"thread31","msg":"Shutting down the MirrorMaestro"}
2024-06-25T11:16:25.697+02:00  INFO 78794 --- [      Thread-11] d.f.e.m.s.autoconfigure.EmbeddedMongo    : {"t":{"$date":"2024-06-25T11:16:25.696+02:00"},"s":"I",  "c":"SHARDING", "id":4784902, "ctx":"thread31","msg":"Shutting down the WaitForMajorityService"}
2024-06-25T11:16:25.697+02:00  INFO 78794 --- [      Thread-11] d.f.e.m.s.autoconfigure.EmbeddedMongo    : {"t":{"$date":"2024-06-25T11:16:25.697+02:00"},"s":"I",  "c":"CONTROL",  "id":4784903, "ctx":"thread31","msg":"Shutting down the LogicalSessionCache"}
2024-06-25T11:16:25.697+02:00  INFO 78794 --- [      Thread-11] d.f.e.m.s.autoconfigure.EmbeddedMongo    : {"t":{"$date":"2024-06-25T11:16:25.697+02:00"},"s":"I",  "c":"NETWORK",  "id":20562,   "ctx":"thread31","msg":"Shutdown: going to close listening sockets"}
2024-06-25T11:16:25.697+02:00  INFO 78794 --- [      Thread-11] d.f.e.m.s.autoconfigure.EmbeddedMongo    : {"t":{"$date":"2024-06-25T11:16:25.697+02:00"},"s":"I",  "c":"NETWORK",  "id":23017,   "ctx":"listener","msg":"removing socket file","attr":{"path":"/tmp/mongodb-58225.sock"}}
2024-06-25T11:16:25.697+02:00  INFO 78794 --- [      Thread-11] d.f.e.m.s.autoconfigure.EmbeddedMongo    : {"t":{"$date":"2024-06-25T11:16:25.697+02:00"},"s":"I",  "c":"NETWORK",  "id":4784905, "ctx":"thread31","msg":"Shutting down the global connection pool"}
2024-06-25T11:16:25.697+02:00  INFO 78794 --- [      Thread-11] d.f.e.m.s.autoconfigure.EmbeddedMongo    : {"t":{"$date":"2024-06-25T11:16:25.697+02:00"},"s":"I",  "c":"CONTROL",  "id":4784906, "ctx":"thread31","msg":"Shutting down the FlowControlTicketholder"}
2024-06-25T11:16:25.697+02:00  INFO 78794 --- [      Thread-11] d.f.e.m.s.autoconfigure.EmbeddedMongo    : {"t":{"$date":"2024-06-25T11:16:25.697+02:00"},"s":"I",  "c":"-",        "id":20520,   "ctx":"thread31","msg":"Stopping further Flow Control ticket acquisitions."}
2024-06-25T11:16:25.697+02:00  INFO 78794 --- [      Thread-11] d.f.e.m.s.autoconfigure.EmbeddedMongo    : {"t":{"$date":"2024-06-25T11:16:25.697+02:00"},"s":"I",  "c":"CONTROL",  "id":4784908, "ctx":"thread31","msg":"Shutting down the PeriodicThreadToAbortExpiredTransactions"}
2024-06-25T11:16:25.697+02:00  INFO 78794 --- [      Thread-11] d.f.e.m.s.autoconfigure.EmbeddedMongo    : {"t":{"$date":"2024-06-25T11:16:25.697+02:00"},"s":"I",  "c":"REPL",     "id":4784909, "ctx":"thread31","msg":"Shutting down the ReplicationCoordinator"}
2024-06-25T11:16:25.697+02:00  INFO 78794 --- [      Thread-11] d.f.e.m.s.autoconfigure.EmbeddedMongo    : {"t":{"$date":"2024-06-25T11:16:25.697+02:00"},"s":"I",  "c":"SHARDING", "id":4784910, "ctx":"thread31","msg":"Shutting down the ShardingInitializationMongoD"}
2024-06-25T11:16:25.697+02:00  INFO 78794 --- [      Thread-11] d.f.e.m.s.autoconfigure.EmbeddedMongo    : {"t":{"$date":"2024-06-25T11:16:25.697+02:00"},"s":"I",  "c":"REPL",     "id":4784911, "ctx":"thread31","msg":"Enqueuing the ReplicationStateTransitionLock for shutdown"}
2024-06-25T11:16:25.697+02:00  INFO 78794 --- [      Thread-11] d.f.e.m.s.autoconfigure.EmbeddedMongo    : {"t":{"$date":"2024-06-25T11:16:25.697+02:00"},"s":"I",  "c":"-",        "id":4784912, "ctx":"thread31","msg":"Killing all operations for shutdown"}
2024-06-25T11:16:25.697+02:00  INFO 78794 --- [      Thread-11] d.f.e.m.s.autoconfigure.EmbeddedMongo    : {"t":{"$date":"2024-06-25T11:16:25.697+02:00"},"s":"I",  "c":"-",        "id":4695300, "ctx":"thread31","msg":"Interrupted all currently running operations","attr":{"opsKilled":4}}
2024-06-25T11:16:25.697+02:00  INFO 78794 --- [      Thread-11] d.f.e.m.s.autoconfigure.EmbeddedMongo    : {"t":{"$date":"2024-06-25T11:16:25.697+02:00"},"s":"I",  "c":"TENANT_M", "id":5093807, "ctx":"thread31","msg":"Shutting down all TenantMigrationAccessBlockers on global shutdown"}
2024-06-25T11:16:25.697+02:00  INFO 78794 --- [      Thread-11] d.f.e.m.s.autoconfigure.EmbeddedMongo    : {"t":{"$date":"2024-06-25T11:16:25.697+02:00"},"s":"I",  "c":"COMMAND",  "id":4784913, "ctx":"thread31","msg":"Shutting down all open transactions"}
2024-06-25T11:16:25.697+02:00  INFO 78794 --- [      Thread-11] d.f.e.m.s.autoconfigure.EmbeddedMongo    : {"t":{"$date":"2024-06-25T11:16:25.697+02:00"},"s":"I",  "c":"REPL",     "id":4784914, "ctx":"thread31","msg":"Acquiring the ReplicationStateTransitionLock for shutdown"}
2024-06-25T11:16:25.698+02:00  INFO 78794 --- [      Thread-11] d.f.e.m.s.autoconfigure.EmbeddedMongo    : {"t":{"$date":"2024-06-25T11:16:25.697+02:00"},"s":"I",  "c":"INDEX",    "id":4784915, "ctx":"thread31","msg":"Shutting down the IndexBuildsCoordinator"}
2024-06-25T11:16:25.698+02:00  INFO 78794 --- [      Thread-11] d.f.e.m.s.autoconfigure.EmbeddedMongo    : {"t":{"$date":"2024-06-25T11:16:25.697+02:00"},"s":"I",  "c":"NETWORK",  "id":4784918, "ctx":"thread31","msg":"Shutting down the ReplicaSetMonitor"}
2024-06-25T11:16:25.698+02:00  INFO 78794 --- [      Thread-11] d.f.e.m.s.autoconfigure.EmbeddedMongo    : {"t":{"$date":"2024-06-25T11:16:25.697+02:00"},"s":"I",  "c":"SHARDING", "id":4784921, "ctx":"thread31","msg":"Shutting down the MigrationUtilExecutor"}
2024-06-25T11:16:25.698+02:00  INFO 78794 --- [      Thread-11] d.f.e.m.s.autoconfigure.EmbeddedMongo    : {"t":{"$date":"2024-06-25T11:16:25.697+02:00"},"s":"I",  "c":"ASIO",     "id":22582,   "ctx":"MigrationUtil-TaskExecutor","msg":"Killing all outstanding egress activity."}
2024-06-25T11:16:25.698+02:00  INFO 78794 --- [      Thread-11] d.f.e.m.s.autoconfigure.EmbeddedMongo    : {"t":{"$date":"2024-06-25T11:16:25.697+02:00"},"s":"I",  "c":"COMMAND",  "id":4784923, "ctx":"thread31","msg":"Shutting down the ServiceEntryPoint"}
2024-06-25T11:16:25.698+02:00  INFO 78794 --- [      Thread-11] d.f.e.m.s.autoconfigure.EmbeddedMongo    : {"t":{"$date":"2024-06-25T11:16:25.697+02:00"},"s":"I",  "c":"CONTROL",  "id":4784925, "ctx":"thread31","msg":"Shutting down free monitoring"}
2024-06-25T11:16:25.698+02:00  INFO 78794 --- [      Thread-11] d.f.e.m.s.autoconfigure.EmbeddedMongo    : {"t":{"$date":"2024-06-25T11:16:25.697+02:00"},"s":"I",  "c":"CONTROL",  "id":20609,   "ctx":"thread31","msg":"Shutting down free monitoring"}
2024-06-25T11:16:25.698+02:00  INFO 78794 --- [      Thread-11] d.f.e.m.s.autoconfigure.EmbeddedMongo    : {"t":{"$date":"2024-06-25T11:16:25.697+02:00"},"s":"I",  "c":"CONTROL",  "id":4784927, "ctx":"thread31","msg":"Shutting down the HealthLog"}
2024-06-25T11:16:25.698+02:00  INFO 78794 --- [      Thread-11] d.f.e.m.s.autoconfigure.EmbeddedMongo    : {"t":{"$date":"2024-06-25T11:16:25.697+02:00"},"s":"I",  "c":"CONTROL",  "id":4784928, "ctx":"thread31","msg":"Shutting down the TTL monitor"}
2024-06-25T11:16:25.698+02:00  INFO 78794 --- [      Thread-11] d.f.e.m.s.autoconfigure.EmbeddedMongo    : {"t":{"$date":"2024-06-25T11:16:25.697+02:00"},"s":"I",  "c":"INDEX",    "id":3684100, "ctx":"thread31","msg":"Shutting down TTL collection monitor thread"}
2024-06-25T11:16:25.698+02:00  INFO 78794 --- [      Thread-11] d.f.e.m.s.autoconfigure.EmbeddedMongo    : {"t":{"$date":"2024-06-25T11:16:25.698+02:00"},"s":"I",  "c":"INDEX",    "id":3684101, "ctx":"thread31","msg":"Finished shutting down TTL collection monitor thread"}
2024-06-25T11:16:25.698+02:00  INFO 78794 --- [      Thread-11] d.f.e.m.s.autoconfigure.EmbeddedMongo    : {"t":{"$date":"2024-06-25T11:16:25.698+02:00"},"s":"I",  "c":"CONTROL",  "id":6278511, "ctx":"thread31","msg":"Shutting down the Change Stream Expired Pre-images Remover"}
2024-06-25T11:16:25.698+02:00  INFO 78794 --- [      Thread-11] d.f.e.m.s.autoconfigure.EmbeddedMongo    : {"t":{"$date":"2024-06-25T11:16:25.698+02:00"},"s":"I",  "c":"CONTROL",  "id":4784929, "ctx":"thread31","msg":"Acquiring the global lock for shutdown"}
2024-06-25T11:16:25.698+02:00  INFO 78794 --- [      Thread-11] d.f.e.m.s.autoconfigure.EmbeddedMongo    : {"t":{"$date":"2024-06-25T11:16:25.698+02:00"},"s":"I",  "c":"CONTROL",  "id":4784930, "ctx":"thread31","msg":"Shutting down the storage engine"}
2024-06-25T11:16:25.698+02:00  INFO 78794 --- [      Thread-11] d.f.e.m.s.autoconfigure.EmbeddedMongo    : {"t":{"$date":"2024-06-25T11:16:25.698+02:00"},"s":"I",  "c":"STORAGE",  "id":22320,   "ctx":"thread31","msg":"Shutting down journal flusher thread"}
2024-06-25T11:16:25.698+02:00  INFO 78794 --- [      Thread-11] d.f.e.m.s.autoconfigure.EmbeddedMongo    : {"t":{"$date":"2024-06-25T11:16:25.698+02:00"},"s":"I",  "c":"NETWORK",  "id":22944,   "ctx":"conn1","msg":"Connection ended","attr":{"remote":"127.0.0.1:58226","uuid":"a1f5b9e3-6841-41f6-8a7b-53caa40e7248","connectionId":1,"connectionCount":1}}
2024-06-25T11:16:25.737+02:00  INFO 78794 --- [      Thread-11] d.f.e.m.s.autoconfigure.EmbeddedMongo    : {"t":{"$date":"2024-06-25T11:16:25.737+02:00"},"s":"I",  "c":"STORAGE",  "id":22321,   "ctx":"thread31","msg":"Finished shutting down journal flusher thread"}
2024-06-25T11:16:25.737+02:00  INFO 78794 --- [      Thread-11] d.f.e.m.s.autoconfigure.EmbeddedMongo    : {"t":{"$date":"2024-06-25T11:16:25.737+02:00"},"s":"I",  "c":"STORAGE",  "id":22322,   "ctx":"thread31","msg":"Shutting down checkpoint thread"}
2024-06-25T11:16:25.737+02:00  INFO 78794 --- [      Thread-11] d.f.e.m.s.autoconfigure.EmbeddedMongo    : {"t":{"$date":"2024-06-25T11:16:25.737+02:00"},"s":"I",  "c":"STORAGE",  "id":22323,   "ctx":"thread31","msg":"Finished shutting down checkpoint thread"}
2024-06-25T11:16:25.737+02:00  INFO 78794 --- [      Thread-11] d.f.e.m.s.autoconfigure.EmbeddedMongo    : {"t":{"$date":"2024-06-25T11:16:25.737+02:00"},"s":"I",  "c":"STORAGE",  "id":20282,   "ctx":"thread31","msg":"Deregistering all the collections"}
2024-06-25T11:16:25.737+02:00  INFO 78794 --- [      Thread-11] d.f.e.m.s.autoconfigure.EmbeddedMongo    : {"t":{"$date":"2024-06-25T11:16:25.737+02:00"},"s":"I",  "c":"STORAGE",  "id":22261,   "ctx":"thread31","msg":"Timestamp monitor shutting down"}
2024-06-25T11:16:25.738+02:00  INFO 78794 --- [      Thread-11] d.f.e.m.s.autoconfigure.EmbeddedMongo    : {"t":{"$date":"2024-06-25T11:16:25.737+02:00"},"s":"I",  "c":"STORAGE",  "id":22317,   "ctx":"thread31","msg":"WiredTigerKVEngine shutting down"}
2024-06-25T11:16:25.738+02:00  INFO 78794 --- [      Thread-11] d.f.e.m.s.autoconfigure.EmbeddedMongo    : {"t":{"$date":"2024-06-25T11:16:25.737+02:00"},"s":"I",  "c":"STORAGE",  "id":22318,   "ctx":"thread31","msg":"Shutting down session sweeper thread"}
2024-06-25T11:16:25.738+02:00  INFO 78794 --- [      Thread-11] d.f.e.m.s.autoconfigure.EmbeddedMongo    : {"t":{"$date":"2024-06-25T11:16:25.737+02:00"},"s":"I",  "c":"STORAGE",  "id":22319,   "ctx":"thread31","msg":"Finished shutting down session sweeper thread"}
2024-06-25T11:16:25.738+02:00  INFO 78794 --- [      Thread-11] d.f.e.m.s.autoconfigure.EmbeddedMongo    : {"t":{"$date":"2024-06-25T11:16:25.737+02:00"},"s":"I",  "c":"STORAGE",  "id":4795902, "ctx":"thread31","msg":"Closing WiredTiger","attr":{"closeConfig":"leak_memory=true,"}}
2024-06-25T11:16:25.766+02:00  INFO 78794 --- [      Thread-11] d.f.e.m.s.autoconfigure.EmbeddedMongo    : {"t":{"$date":"2024-06-25T11:16:25.765+02:00"},"s":"I",  "c":"STORAGE",  "id":4795901, "ctx":"thread31","msg":"WiredTiger closed","attr":{"durationMillis":28}}
2024-06-25T11:16:25.766+02:00  INFO 78794 --- [      Thread-11] d.f.e.m.s.autoconfigure.EmbeddedMongo    : {"t":{"$date":"2024-06-25T11:16:25.765+02:00"},"s":"I",  "c":"STORAGE",  "id":22279,   "ctx":"thread31","msg":"shutdown: removing fs lock..."}
2024-06-25T11:16:25.766+02:00  INFO 78794 --- [      Thread-11] d.f.e.m.s.autoconfigure.EmbeddedMongo    : {"t":{"$date":"2024-06-25T11:16:25.765+02:00"},"s":"I",  "c":"-",        "id":4784931, "ctx":"thread31","msg":"Dropping the scope cache for shutdown"}
2024-06-25T11:16:25.766+02:00  INFO 78794 --- [      Thread-11] d.f.e.m.s.autoconfigure.EmbeddedMongo    : {"t":{"$date":"2024-06-25T11:16:25.765+02:00"},"s":"I",  "c":"FTDC",     "id":20626,   "ctx":"thread31","msg":"Shutting down full-time diagnostic data capture"}
2024-06-25T11:16:25.768+02:00  INFO 78794 --- [      Thread-11] d.f.e.m.s.autoconfigure.EmbeddedMongo    : {"t":{"$date":"2024-06-25T11:16:25.767+02:00"},"s":"I",  "c":"CONTROL",  "id":20565,   "ctx":"thread31","msg":"Now exiting"}
2024-06-25T11:16:25.768+02:00  INFO 78794 --- [      Thread-11] d.f.e.m.s.autoconfigure.EmbeddedMongo    : {"t":{"$date":"2024-06-25T11:16:25.768+02:00"},"s":"I",  "c":"CONTROL",  "id":23138,   "ctx":"thread31","msg":"Shutting down","attr":{"exitCode":0}}
2024-06-25T11:16:25.878+02:00  INFO 78794 --- [           main] j.LocalContainerEntityManagerFactoryBean : Closing JPA EntityManagerFactory for persistence unit 'default'
2024-06-25T11:16:25.879+02:00  INFO 78794 --- [           main] com.zaxxer.hikari.HikariDataSource       : HikariPool-3 - Shutdown initiated...
2024-06-25T11:16:25.880+02:00  INFO 78794 --- [           main] com.zaxxer.hikari.HikariDataSource       : HikariPool-3 - Shutdown completed.
]]></system-out>
  </testcase>
  <testcase name="loginUser_thenReturnStatus200" classname="de.neuefische.backend.controllers.UserControllerIntegrationTest" time="0.295">
    <system-out><![CDATA[
  .   ____          _            __ _ _
 /\\ / ___'_ __ _ _(_)_ __  __ _ \ \ \ \
( ( )\___ | '_ | '_| | '_ \/ _` | \ \ \ \
 \\/  ___)| |_)| | | | | || (_| |  ) ) ) )
  '  |____| .__|_| |_|_| |_\__, | / / / /
 =========|_|==============|___/=/_/_/_/
 :: Spring Boot ::                (v3.1.0)

2024-06-25T11:16:25.896+02:00  INFO 78794 --- [           main] d.n.b.c.UserControllerIntegrationTest    : Starting UserControllerIntegrationTest using Java 20.0.2 with PID 78794 (started by paffen in /Users/paffen/IdeaProjects/capstone-foodspot/backend)
2024-06-25T11:16:25.896+02:00  INFO 78794 --- [           main] d.n.b.c.UserControllerIntegrationTest    : No active profile set, falling back to 1 default profile: "default"
2024-06-25T11:16:26.046+02:00  INFO 78794 --- [           main] .s.d.r.c.RepositoryConfigurationDelegate : Multiple Spring Data modules found, entering strict repository configuration mode
2024-06-25T11:16:26.046+02:00  INFO 78794 --- [           main] .s.d.r.c.RepositoryConfigurationDelegate : Bootstrapping Spring Data JPA repositories in DEFAULT mode.
2024-06-25T11:16:26.049+02:00  INFO 78794 --- [           main] .RepositoryConfigurationExtensionSupport : Spring Data JPA - Could not safely identify store assignment for repository candidate interface de.neuefische.backend.repos.FoodSpotRepo; If you want this repository to be a JPA repository, consider annotating your entities with one of these annotations: jakarta.persistence.Entity, jakarta.persistence.MappedSuperclass (preferred), or consider extending one of the following types with your repository: org.springframework.data.jpa.repository.JpaRepository
2024-06-25T11:16:26.050+02:00  INFO 78794 --- [           main] .RepositoryConfigurationExtensionSupport : Spring Data JPA - Could not safely identify store assignment for repository candidate interface de.neuefische.backend.repos.UserRepo; If you want this repository to be a JPA repository, consider annotating your entities with one of these annotations: jakarta.persistence.Entity, jakarta.persistence.MappedSuperclass (preferred), or consider extending one of the following types with your repository: org.springframework.data.jpa.repository.JpaRepository
2024-06-25T11:16:26.050+02:00  INFO 78794 --- [           main] .s.d.r.c.RepositoryConfigurationDelegate : Finished Spring Data repository scanning in 4 ms. Found 0 JPA repository interfaces.
2024-06-25T11:16:26.054+02:00  INFO 78794 --- [           main] .s.d.r.c.RepositoryConfigurationDelegate : Multiple Spring Data modules found, entering strict repository configuration mode
2024-06-25T11:16:26.054+02:00  INFO 78794 --- [           main] .s.d.r.c.RepositoryConfigurationDelegate : Bootstrapping Spring Data MongoDB repositories in DEFAULT mode.
2024-06-25T11:16:26.057+02:00  INFO 78794 --- [           main] .s.d.r.c.RepositoryConfigurationDelegate : Finished Spring Data repository scanning in 3 ms. Found 2 MongoDB repository interfaces.
2024-06-25T11:16:26.088+02:00  INFO 78794 --- [           main] trationDelegate$BeanPostProcessorChecker : Bean 'de.flapdoodle.embed.mongo.spring.autoconfigure.EmbeddedMongoAutoConfiguration' of type [de.flapdoodle.embed.mongo.spring.autoconfigure.EmbeddedMongoAutoConfiguration] is not eligible for getting processed by all BeanPostProcessors (for example: not eligible for auto-proxying)
2024-06-25T11:16:26.090+02:00  INFO 78794 --- [           main] trationDelegate$BeanPostProcessorChecker : Bean 'de.flapdoodle.mongodb.embedded-de.flapdoodle.embed.mongo.spring.autoconfigure.EmbeddedMongoProperties' of type [de.flapdoodle.embed.mongo.spring.autoconfigure.EmbeddedMongoProperties] is not eligible for getting processed by all BeanPostProcessors (for example: not eligible for auto-proxying)
2024-06-25T11:16:26.092+02:00  INFO 78794 --- [           main] trationDelegate$BeanPostProcessorChecker : Bean 'spring.data.mongodb-org.springframework.boot.autoconfigure.mongo.MongoProperties' of type [org.springframework.boot.autoconfigure.mongo.MongoProperties] is not eligible for getting processed by all BeanPostProcessors (for example: not eligible for auto-proxying)
2024-06-25T11:16:26.110+02:00  INFO 78794 --- [           main] com.zaxxer.hikari.HikariDataSource       : HikariPool-4 - Starting...
2024-06-25T11:16:26.112+02:00  INFO 78794 --- [           main] com.zaxxer.hikari.pool.HikariPool        : HikariPool-4 - Added connection conn30: url=jdbc:h2:mem:e64ca7a4-aa44-4aa0-b405-7e4b18a21efc user=SA
2024-06-25T11:16:26.113+02:00  INFO 78794 --- [           main] com.zaxxer.hikari.HikariDataSource       : HikariPool-4 - Start completed.
2024-06-25T11:16:26.114+02:00  INFO 78794 --- [           main] o.hibernate.jpa.internal.util.LogHelper  : HHH000204: Processing PersistenceUnitInfo [name: default]
2024-06-25T11:16:26.117+02:00  INFO 78794 --- [           main] o.h.b.i.BytecodeProviderInitiator        : HHH000021: Bytecode provider name : bytebuddy
2024-06-25T11:16:26.117+02:00  INFO 78794 --- [           main] o.s.o.j.p.SpringPersistenceUnitInfo      : No LoadTimeWeaver setup: ignoring JPA class transformer
2024-06-25T11:16:26.118+02:00  INFO 78794 --- [           main] org.hibernate.orm.dialect                : HHH035001: Using dialect: org.hibernate.dialect.H2Dialect, version: 1.4.200
2024-06-25T11:16:26.121+02:00  INFO 78794 --- [           main] o.h.b.i.BytecodeProviderInitiator        : HHH000021: Bytecode provider name : bytebuddy
2024-06-25T11:16:26.126+02:00  INFO 78794 --- [           main] o.h.e.t.j.p.i.JtaPlatformInitiator       : HHH000490: Using JtaPlatform implementation: [org.hibernate.engine.transaction.jta.platform.internal.NoJtaPlatform]
2024-06-25T11:16:26.126+02:00  INFO 78794 --- [           main] j.LocalContainerEntityManagerFactoryBean : Initialized JPA EntityManagerFactory for persistence unit 'default'
2024-06-25T11:16:26.153+02:00  INFO 78794 --- [           main] d.f.e.m.s.a.SyncClientServerFactory      : sync server factory
2024-06-25T11:16:26.279+02:00  INFO 78794 --- [      Thread-15] d.f.e.m.s.autoconfigure.EmbeddedMongo    : {"t":{"$date":"2024-06-25T11:16:26.278+02:00"},"s":"I",  "c":"CONTROL",  "id":23285,   "ctx":"-","msg":"Automatically disabling TLS 1.0, to force-enable TLS 1.0 specify --sslDisabledProtocols 'none'"}
2024-06-25T11:16:26.280+02:00  INFO 78794 --- [      Thread-15] d.f.e.m.s.autoconfigure.EmbeddedMongo    : {"t":{"$date":"2024-06-25T11:16:26.279+02:00"},"s":"I",  "c":"NETWORK",  "id":4915701, "ctx":"-","msg":"Initialized wire specification","attr":{"spec":{"incomingExternalClient":{"minWireVersion":0,"maxWireVersion":17},"incomingInternalClient":{"minWireVersion":0,"maxWireVersion":17},"outgoing":{"minWireVersion":6,"maxWireVersion":17},"isInternalClient":true}}}
2024-06-25T11:16:26.283+02:00  INFO 78794 --- [      Thread-15] d.f.e.m.s.autoconfigure.EmbeddedMongo    : {"t":{"$date":"2024-06-25T11:16:26.282+02:00"},"s":"I",  "c":"NETWORK",  "id":4648602, "ctx":"main","msg":"Implicit TCP FastOpen in use."}
2024-06-25T11:16:26.283+02:00  INFO 78794 --- [      Thread-15] d.f.e.m.s.autoconfigure.EmbeddedMongo    : {"t":{"$date":"2024-06-25T11:16:26.283+02:00"},"s":"I",  "c":"REPL",     "id":5123008, "ctx":"main","msg":"Successfully registered PrimaryOnlyService","attr":{"service":"TenantMigrationDonorService","namespace":"config.tenantMigrationDonors"}}
2024-06-25T11:16:26.283+02:00  INFO 78794 --- [      Thread-15] d.f.e.m.s.autoconfigure.EmbeddedMongo    : {"t":{"$date":"2024-06-25T11:16:26.283+02:00"},"s":"I",  "c":"REPL",     "id":5123008, "ctx":"main","msg":"Successfully registered PrimaryOnlyService","attr":{"service":"TenantMigrationRecipientService","namespace":"config.tenantMigrationRecipients"}}
2024-06-25T11:16:26.283+02:00  INFO 78794 --- [      Thread-15] d.f.e.m.s.autoconfigure.EmbeddedMongo    : {"t":{"$date":"2024-06-25T11:16:26.283+02:00"},"s":"I",  "c":"REPL",     "id":5123008, "ctx":"main","msg":"Successfully registered PrimaryOnlyService","attr":{"service":"ShardSplitDonorService","namespace":"config.tenantSplitDonors"}}
2024-06-25T11:16:26.284+02:00  INFO 78794 --- [      Thread-15] d.f.e.m.s.autoconfigure.EmbeddedMongo    : {"t":{"$date":"2024-06-25T11:16:26.283+02:00"},"s":"I",  "c":"CONTROL",  "id":5945603, "ctx":"main","msg":"Multi threading initialized"}
2024-06-25T11:16:26.284+02:00  INFO 78794 --- [      Thread-15] d.f.e.m.s.autoconfigure.EmbeddedMongo    : {"t":{"$date":"2024-06-25T11:16:26.283+02:00"},"s":"I",  "c":"CONTROL",  "id":4615611, "ctx":"initandlisten","msg":"MongoDB starting","attr":{"pid":78817,"port":58231,"dbPath":"/var/folders/dr/fk5c4mdx63g076r3v55pvq740000gn/T/temp--810bad8f-1b67-40eb-8889-81c863cf8eb2/mongod-database9433069987744919465","architecture":"64-bit","host":"Pavel-laptop.fritz.box"}}
2024-06-25T11:16:26.284+02:00  INFO 78794 --- [      Thread-15] d.f.e.m.s.autoconfigure.EmbeddedMongo    : {"t":{"$date":"2024-06-25T11:16:26.283+02:00"},"s":"I",  "c":"CONTROL",  "id":23352,   "ctx":"initandlisten","msg":"Unable to resolve sysctl {sysctlName} (number) ","attr":{"sysctlName":"hw.cpufrequency"}}
2024-06-25T11:16:26.284+02:00  INFO 78794 --- [      Thread-15] d.f.e.m.s.autoconfigure.EmbeddedMongo    : {"t":{"$date":"2024-06-25T11:16:26.283+02:00"},"s":"I",  "c":"CONTROL",  "id":23351,   "ctx":"initandlisten","msg":"{sysctlName} unavailable","attr":{"sysctlName":"machdep.cpu.features"}}
2024-06-25T11:16:26.284+02:00  INFO 78794 --- [      Thread-15] d.f.e.m.s.autoconfigure.EmbeddedMongo    : {"t":{"$date":"2024-06-25T11:16:26.284+02:00"},"s":"I",  "c":"CONTROL",  "id":23403,   "ctx":"initandlisten","msg":"Build Info","attr":{"buildInfo":{"version":"6.0.1","gitVersion":"32f0f9c88dc44a2c8073a5bd47cf779d4bfdee6b","modules":[],"allocator":"system","environment":{"distarch":"aarch64","target_arch":"aarch64"}}}}
2024-06-25T11:16:26.284+02:00  INFO 78794 --- [      Thread-15] d.f.e.m.s.autoconfigure.EmbeddedMongo    : {"t":{"$date":"2024-06-25T11:16:26.284+02:00"},"s":"I",  "c":"CONTROL",  "id":51765,   "ctx":"initandlisten","msg":"Operating System","attr":{"os":{"name":"Mac OS X","version":"23.5.0"}}}
2024-06-25T11:16:26.284+02:00  INFO 78794 --- [      Thread-15] d.f.e.m.s.autoconfigure.EmbeddedMongo    : {"t":{"$date":"2024-06-25T11:16:26.284+02:00"},"s":"I",  "c":"CONTROL",  "id":21951,   "ctx":"initandlisten","msg":"Options set by command line","attr":{"options":{"net":{"bindIp":"127.0.0.1","port":58231},"security":{"authorization":"disabled"},"storage":{"dbPath":"/var/folders/dr/fk5c4mdx63g076r3v55pvq740000gn/T/temp--810bad8f-1b67-40eb-8889-81c863cf8eb2/mongod-database9433069987744919465","journal":{"enabled":false},"syncPeriodSecs":0}}}}
2024-06-25T11:16:26.284+02:00  INFO 78794 --- [      Thread-15] d.f.e.m.s.autoconfigure.EmbeddedMongo    : {"t":{"$date":"2024-06-25T11:16:26.284+02:00"},"s":"I",  "c":"NETWORK",  "id":5693100, "ctx":"initandlisten","msg":"Asio socket.set_option failed with std::system_error","attr":{"note":"acceptor TCP fast open","option":{"level":6,"name":261,"data":"00 04 00 00"},"error":{"what":"set_option: Invalid argument","message":"Invalid argument","category":"asio.system","value":22}}}
2024-06-25T11:16:26.284+02:00  INFO 78794 --- [      Thread-15] d.f.e.m.s.autoconfigure.EmbeddedMongo    : {"t":{"$date":"2024-06-25T11:16:26.284+02:00"},"s":"I",  "c":"STORAGE",  "id":22315,   "ctx":"initandlisten","msg":"Opening WiredTiger","attr":{"config":"create,cache_size=3584M,session_max=33000,eviction=(threads_min=4,threads_max=4),config_base=false,statistics=(fast),log=(enabled=true,remove=true,path=journal,compressor=snappy),builtin_extension_config=(zstd=(compression_level=6)),file_manager=(close_idle_time=600,close_scan_interval=10,close_handle_minimum=2000),statistics_log=(wait=0),json_output=(error,message),verbose=[recovery_progress:1,checkpoint_progress:1,compact_progress:1,backup:0,checkpoint:0,compact:0,evict:0,history_store:0,recovery:0,rts:0,salvage:0,tiered:0,timestamp:0,transaction:0,verify:0,log:0],,log=(enabled=false),"}}
2024-06-25T11:16:27.333+02:00  INFO 78794 --- [      Thread-15] d.f.e.m.s.autoconfigure.EmbeddedMongo    : {"t":{"$date":"2024-06-25T11:16:27.333+02:00"},"s":"I",  "c":"STORAGE",  "id":4795906, "ctx":"initandlisten","msg":"WiredTiger opened","attr":{"durationMillis":1049}}
2024-06-25T11:16:27.333+02:00  INFO 78794 --- [      Thread-15] d.f.e.m.s.autoconfigure.EmbeddedMongo    : {"t":{"$date":"2024-06-25T11:16:27.333+02:00"},"s":"I",  "c":"RECOVERY", "id":23987,   "ctx":"initandlisten","msg":"WiredTiger recoveryTimestamp","attr":{"recoveryTimestamp":{"$timestamp":{"t":0,"i":0}}}}
2024-06-25T11:16:27.369+02:00  INFO 78794 --- [      Thread-15] d.f.e.m.s.autoconfigure.EmbeddedMongo    : {"t":{"$date":"2024-06-25T11:16:27.369+02:00"},"s":"I",  "c":"WT",       "id":4366408, "ctx":"initandlisten","msg":"No table logging settings modifications are required for existing WiredTiger tables","attr":{"loggingEnabled":true}}
2024-06-25T11:16:27.370+02:00  INFO 78794 --- [      Thread-15] d.f.e.m.s.autoconfigure.EmbeddedMongo    : {"t":{"$date":"2024-06-25T11:16:27.370+02:00"},"s":"W",  "c":"CONTROL",  "id":22184,   "ctx":"initandlisten","msg":"Soft rlimits for open file descriptors too low","attr":{"currentValue":10240,"recommendedMinimum":64000},"tags":["startupWarnings"]}
2024-06-25T11:16:27.370+02:00  INFO 78794 --- [      Thread-15] d.f.e.m.s.autoconfigure.EmbeddedMongo    : {"t":{"$date":"2024-06-25T11:16:27.370+02:00"},"s":"I",  "c":"STORAGE",  "id":20320,   "ctx":"initandlisten","msg":"createCollection","attr":{"namespace":"admin.system.version","uuidDisposition":"provided","uuid":{"uuid":{"$uuid":"3558dca9-e57b-4766-8931-f4ba0320c541"}},"options":{"uuid":{"$uuid":"3558dca9-e57b-4766-8931-f4ba0320c541"}}}}
2024-06-25T11:16:27.405+02:00  INFO 78794 --- [      Thread-15] d.f.e.m.s.autoconfigure.EmbeddedMongo    : {"t":{"$date":"2024-06-25T11:16:27.404+02:00"},"s":"I",  "c":"INDEX",    "id":20345,   "ctx":"initandlisten","msg":"Index build: done building","attr":{"buildUUID":null,"collectionUUID":{"uuid":{"$uuid":"3558dca9-e57b-4766-8931-f4ba0320c541"}},"namespace":"admin.system.version","index":"_id_","ident":"index-1--98110949212690437","collectionIdent":"collection-0--98110949212690437","commitTimestamp":null}}
2024-06-25T11:16:27.405+02:00  INFO 78794 --- [      Thread-15] d.f.e.m.s.autoconfigure.EmbeddedMongo    : {"t":{"$date":"2024-06-25T11:16:27.405+02:00"},"s":"I",  "c":"REPL",     "id":20459,   "ctx":"initandlisten","msg":"Setting featureCompatibilityVersion","attr":{"newVersion":"6.0"}}
2024-06-25T11:16:27.405+02:00  INFO 78794 --- [      Thread-15] d.f.e.m.s.autoconfigure.EmbeddedMongo    : {"t":{"$date":"2024-06-25T11:16:27.405+02:00"},"s":"I",  "c":"REPL",     "id":5853300, "ctx":"initandlisten","msg":"current featureCompatibilityVersion value","attr":{"featureCompatibilityVersion":"6.0","context":"setFCV"}}
2024-06-25T11:16:27.405+02:00  INFO 78794 --- [      Thread-15] d.f.e.m.s.autoconfigure.EmbeddedMongo    : {"t":{"$date":"2024-06-25T11:16:27.405+02:00"},"s":"I",  "c":"NETWORK",  "id":4915702, "ctx":"initandlisten","msg":"Updated wire specification","attr":{"oldSpec":{"incomingExternalClient":{"minWireVersion":0,"maxWireVersion":17},"incomingInternalClient":{"minWireVersion":0,"maxWireVersion":17},"outgoing":{"minWireVersion":6,"maxWireVersion":17},"isInternalClient":true},"newSpec":{"incomingExternalClient":{"minWireVersion":0,"maxWireVersion":17},"incomingInternalClient":{"minWireVersion":17,"maxWireVersion":17},"outgoing":{"minWireVersion":17,"maxWireVersion":17},"isInternalClient":true}}}
2024-06-25T11:16:27.405+02:00  INFO 78794 --- [      Thread-15] d.f.e.m.s.autoconfigure.EmbeddedMongo    : {"t":{"$date":"2024-06-25T11:16:27.405+02:00"},"s":"I",  "c":"NETWORK",  "id":4915702, "ctx":"initandlisten","msg":"Updated wire specification","attr":{"oldSpec":{"incomingExternalClient":{"minWireVersion":0,"maxWireVersion":17},"incomingInternalClient":{"minWireVersion":17,"maxWireVersion":17},"outgoing":{"minWireVersion":17,"maxWireVersion":17},"isInternalClient":true},"newSpec":{"incomingExternalClient":{"minWireVersion":0,"maxWireVersion":17},"incomingInternalClient":{"minWireVersion":17,"maxWireVersion":17},"outgoing":{"minWireVersion":17,"maxWireVersion":17},"isInternalClient":true}}}
2024-06-25T11:16:27.405+02:00  INFO 78794 --- [      Thread-15] d.f.e.m.s.autoconfigure.EmbeddedMongo    : {"t":{"$date":"2024-06-25T11:16:27.405+02:00"},"s":"I",  "c":"REPL",     "id":5853300, "ctx":"initandlisten","msg":"current featureCompatibilityVersion value","attr":{"featureCompatibilityVersion":"6.0","context":"startup"}}
2024-06-25T11:16:27.405+02:00  INFO 78794 --- [      Thread-15] d.f.e.m.s.autoconfigure.EmbeddedMongo    : {"t":{"$date":"2024-06-25T11:16:27.405+02:00"},"s":"I",  "c":"STORAGE",  "id":5071100, "ctx":"initandlisten","msg":"Clearing temp directory"}
2024-06-25T11:16:27.405+02:00  INFO 78794 --- [      Thread-15] d.f.e.m.s.autoconfigure.EmbeddedMongo    : {"t":{"$date":"2024-06-25T11:16:27.405+02:00"},"s":"I",  "c":"CONTROL",  "id":20536,   "ctx":"initandlisten","msg":"Flow Control is enabled on this deployment"}
2024-06-25T11:16:27.405+02:00  INFO 78794 --- [      Thread-15] d.f.e.m.s.autoconfigure.EmbeddedMongo    : {"t":{"$date":"2024-06-25T11:16:27.405+02:00"},"s":"I",  "c":"FTDC",     "id":20625,   "ctx":"initandlisten","msg":"Initializing full-time diagnostic data capture","attr":{"dataDirectory":"/var/folders/dr/fk5c4mdx63g076r3v55pvq740000gn/T/temp--810bad8f-1b67-40eb-8889-81c863cf8eb2/mongod-database9433069987744919465/diagnostic.data"}}
2024-06-25T11:16:27.406+02:00  INFO 78794 --- [      Thread-15] d.f.e.m.s.autoconfigure.EmbeddedMongo    : {"t":{"$date":"2024-06-25T11:16:27.406+02:00"},"s":"I",  "c":"STORAGE",  "id":20320,   "ctx":"initandlisten","msg":"createCollection","attr":{"namespace":"local.startup_log","uuidDisposition":"generated","uuid":{"uuid":{"$uuid":"f118e845-9f14-4ae9-8073-c0560e0b0709"}},"options":{"capped":true,"size":10485760}}}
2024-06-25T11:16:27.444+02:00  INFO 78794 --- [      Thread-15] d.f.e.m.s.autoconfigure.EmbeddedMongo    : {"t":{"$date":"2024-06-25T11:16:27.444+02:00"},"s":"I",  "c":"INDEX",    "id":20345,   "ctx":"initandlisten","msg":"Index build: done building","attr":{"buildUUID":null,"collectionUUID":{"uuid":{"$uuid":"f118e845-9f14-4ae9-8073-c0560e0b0709"}},"namespace":"local.startup_log","index":"_id_","ident":"index-3--98110949212690437","collectionIdent":"collection-2--98110949212690437","commitTimestamp":null}}
2024-06-25T11:16:27.444+02:00  INFO 78794 --- [      Thread-15] d.f.e.m.s.autoconfigure.EmbeddedMongo    : {"t":{"$date":"2024-06-25T11:16:27.444+02:00"},"s":"I",  "c":"REPL",     "id":6015317, "ctx":"initandlisten","msg":"Setting new configuration state","attr":{"newState":"ConfigReplicationDisabled","oldState":"ConfigPreStart"}}
2024-06-25T11:16:27.444+02:00  INFO 78794 --- [      Thread-15] d.f.e.m.s.autoconfigure.EmbeddedMongo    : {"t":{"$date":"2024-06-25T11:16:27.444+02:00"},"s":"I",  "c":"STORAGE",  "id":22262,   "ctx":"initandlisten","msg":"Timestamp monitor starting"}
2024-06-25T11:16:27.445+02:00  INFO 78794 --- [      Thread-15] d.f.e.m.s.autoconfigure.EmbeddedMongo    : {"t":{"$date":"2024-06-25T11:16:27.445+02:00"},"s":"I",  "c":"NETWORK",  "id":23015,   "ctx":"listener","msg":"Listening on","attr":{"address":"/tmp/mongodb-58231.sock"}}
2024-06-25T11:16:27.445+02:00  INFO 78794 --- [      Thread-15] d.f.e.m.s.autoconfigure.EmbeddedMongo    : {"t":{"$date":"2024-06-25T11:16:27.445+02:00"},"s":"I",  "c":"NETWORK",  "id":23015,   "ctx":"listener","msg":"Listening on","attr":{"address":"127.0.0.1"}}
2024-06-25T11:16:27.445+02:00  INFO 78794 --- [      Thread-15] d.f.e.m.s.autoconfigure.EmbeddedMongo    : {"t":{"$date":"2024-06-25T11:16:27.445+02:00"},"s":"I",  "c":"NETWORK",  "id":23016,   "ctx":"listener","msg":"Waiting for connections","attr":{"port":58231,"ssl":"off"}}
2024-06-25T11:16:27.445+02:00  INFO 78794 --- [      Thread-15] d.f.e.m.s.autoconfigure.EmbeddedMongo    : {"t":{"$date":"2024-06-25T11:16:27.445+02:00"},"s":"I",  "c":"CONTROL",  "id":20712,   "ctx":"LogicalSessionCacheReap","msg":"Sessions collection is not set up; waiting until next sessions reap interval","attr":{"error":"NamespaceNotFound: config.system.sessions does not exist"}}
2024-06-25T11:16:27.445+02:00  INFO 78794 --- [      Thread-15] d.f.e.m.s.autoconfigure.EmbeddedMongo    : {"t":{"$date":"2024-06-25T11:16:27.445+02:00"},"s":"I",  "c":"STORAGE",  "id":20320,   "ctx":"LogicalSessionCacheRefresh","msg":"createCollection","attr":{"namespace":"config.system.sessions","uuidDisposition":"generated","uuid":{"uuid":{"$uuid":"370c7aa3-f7b6-4dd6-b196-dba598b3e81c"}},"options":{}}}
2024-06-25T11:16:27.452+02:00  INFO 78794 --- [           main] org.mongodb.driver.client                : MongoClient with metadata {"driver": {"name": "mongo-java-driver|sync|spring-boot", "version": "4.9.1"}, "os": {"type": "Darwin", "name": "Mac OS X", "architecture": "aarch64", "version": "14.5"}, "platform": "Java/Amazon.com Inc./20.0.2+9-FR"} created with settings MongoClientSettings{readPreference=primary, writeConcern=WriteConcern{w=null, wTimeout=null ms, journal=null}, retryWrites=true, retryReads=true, readConcern=ReadConcern{level=null}, credential=null, streamFactoryFactory=null, commandListeners=[], codecRegistry=ProvidersCodecRegistry{codecProviders=[ValueCodecProvider{}, BsonValueCodecProvider{}, DBRefCodecProvider{}, DBObjectCodecProvider{}, DocumentCodecProvider{}, CollectionCodecProvider{}, IterableCodecProvider{}, MapCodecProvider{}, GeoJsonCodecProvider{}, GridFSFileCodecProvider{}, Jsr310CodecProvider{}, JsonObjectCodecProvider{}, BsonCodecProvider{}, EnumCodecProvider{}, com.mongodb.client.model.mql.ExpressionCodecProvider@41c9df5c, com.mongodb.Jep395RecordCodecProvider@25be269d]}, loggerSettings=LoggerSettings{maxDocumentLength=1000}, clusterSettings={hosts=[localhost:58231], srvServiceName=mongodb, mode=SINGLE, requiredClusterType=UNKNOWN, requiredReplicaSetName='null', serverSelector='null', clusterListeners='[]', serverSelectionTimeout='30000 ms', localThreshold='30000 ms'}, socketSettings=SocketSettings{connectTimeoutMS=10000, readTimeoutMS=0, receiveBufferSize=0, sendBufferSize=0}, heartbeatSocketSettings=SocketSettings{connectTimeoutMS=10000, readTimeoutMS=10000, receiveBufferSize=0, sendBufferSize=0}, connectionPoolSettings=ConnectionPoolSettings{maxSize=100, minSize=0, maxWaitTimeMS=120000, maxConnectionLifeTimeMS=0, maxConnectionIdleTimeMS=0, maintenanceInitialDelayMS=0, maintenanceFrequencyMS=60000, connectionPoolListeners=[], maxConnecting=2}, serverSettings=ServerSettings{heartbeatFrequencyMS=10000, minHeartbeatFrequencyMS=500, serverListeners='[]', serverMonitorListeners='[]'}, sslSettings=SslSettings{enabled=false, invalidHostNameAllowed=false, context=null}, applicationName='null', compressorList=[], uuidRepresentation=JAVA_LEGACY, serverApi=null, autoEncryptionSettings=null, contextProvider=null}
2024-06-25T11:16:27.452+02:00  INFO 78794 --- [      Thread-15] d.f.e.m.s.autoconfigure.EmbeddedMongo    : {"t":{"$date":"2024-06-25T11:16:27.452+02:00"},"s":"I",  "c":"NETWORK",  "id":22943,   "ctx":"listener","msg":"Connection accepted","attr":{"remote":"127.0.0.1:58233","uuid":"8977e51e-96f3-4753-b425-07580fe3ab6f","connectionId":1,"connectionCount":1}}
2024-06-25T11:16:27.452+02:00  INFO 78794 --- [      Thread-15] d.f.e.m.s.autoconfigure.EmbeddedMongo    : {"t":{"$date":"2024-06-25T11:16:27.452+02:00"},"s":"I",  "c":"NETWORK",  "id":22943,   "ctx":"listener","msg":"Connection accepted","attr":{"remote":"127.0.0.1:58234","uuid":"dfd47382-d470-4aa3-9217-3020858c30ac","connectionId":2,"connectionCount":2}}
2024-06-25T11:16:27.453+02:00  INFO 78794 --- [      Thread-15] d.f.e.m.s.autoconfigure.EmbeddedMongo    : {"t":{"$date":"2024-06-25T11:16:27.453+02:00"},"s":"I",  "c":"NETWORK",  "id":51800,   "ctx":"conn1","msg":"client metadata","attr":{"remote":"127.0.0.1:58233","client":"conn1","doc":{"driver":{"name":"mongo-java-driver|sync|spring-boot","version":"4.9.1"},"os":{"type":"Darwin","name":"Mac OS X","architecture":"aarch64","version":"14.5"},"platform":"Java/Amazon.com Inc./20.0.2+9-FR"}}}
2024-06-25T11:16:27.453+02:00  INFO 78794 --- [      Thread-15] d.f.e.m.s.autoconfigure.EmbeddedMongo    : {"t":{"$date":"2024-06-25T11:16:27.453+02:00"},"s":"I",  "c":"NETWORK",  "id":51800,   "ctx":"conn2","msg":"client metadata","attr":{"remote":"127.0.0.1:58234","client":"conn2","doc":{"driver":{"name":"mongo-java-driver|sync|spring-boot","version":"4.9.1"},"os":{"type":"Darwin","name":"Mac OS X","architecture":"aarch64","version":"14.5"},"platform":"Java/Amazon.com Inc./20.0.2+9-FR"}}}
2024-06-25T11:16:27.454+02:00  INFO 78794 --- [localhost:58231] org.mongodb.driver.cluster               : Monitor thread successfully connected to server with description ServerDescription{address=localhost:58231, type=STANDALONE, state=CONNECTED, ok=true, minWireVersion=0, maxWireVersion=17, maxDocumentSize=16777216, logicalSessionTimeoutMinutes=30, roundTripTimeNanos=1446583}
2024-06-25T11:16:27.494+02:00  WARN 78794 --- [           main] JpaBaseConfiguration$JpaWebConfiguration : spring.jpa.open-in-view is enabled by default. Therefore, database queries may be performed during view rendering. Explicitly configure spring.jpa.open-in-view to disable this warning
2024-06-25T11:16:27.502+02:00  INFO 78794 --- [      Thread-15] d.f.e.m.s.autoconfigure.EmbeddedMongo    : {"t":{"$date":"2024-06-25T11:16:27.502+02:00"},"s":"I",  "c":"INDEX",    "id":20345,   "ctx":"LogicalSessionCacheRefresh","msg":"Index build: done building","attr":{"buildUUID":null,"collectionUUID":{"uuid":{"$uuid":"370c7aa3-f7b6-4dd6-b196-dba598b3e81c"}},"namespace":"config.system.sessions","index":"_id_","ident":"index-5--98110949212690437","collectionIdent":"collection-4--98110949212690437","commitTimestamp":null}}
2024-06-25T11:16:27.502+02:00  INFO 78794 --- [      Thread-15] d.f.e.m.s.autoconfigure.EmbeddedMongo    : {"t":{"$date":"2024-06-25T11:16:27.502+02:00"},"s":"I",  "c":"INDEX",    "id":20345,   "ctx":"LogicalSessionCacheRefresh","msg":"Index build: done building","attr":{"buildUUID":null,"collectionUUID":{"uuid":{"$uuid":"370c7aa3-f7b6-4dd6-b196-dba598b3e81c"}},"namespace":"config.system.sessions","index":"lsidTTLIndex","ident":"index-6--98110949212690437","collectionIdent":"collection-4--98110949212690437","commitTimestamp":null}}
2024-06-25T11:16:27.502+02:00  INFO 78794 --- [           main] o.s.b.a.w.s.WelcomePageHandlerMapping    : Adding welcome page: class path resource [static/index.html]
2024-06-25T11:16:27.835+02:00  INFO 78794 --- [           main] o.s.s.web.DefaultSecurityFilterChain     : Will secure any request with [org.springframework.security.web.session.DisableEncodeUrlFilter@6beda305, org.springframework.security.web.session.ForceEagerSessionCreationFilter@71fee35c, org.springframework.security.web.context.request.async.WebAsyncManagerIntegrationFilter@9c38872, org.springframework.security.web.context.SecurityContextHolderFilter@516764c4, org.springframework.security.web.header.HeaderWriterFilter@481b801c, org.springframework.security.web.csrf.CsrfFilter@66322292, org.springframework.security.web.authentication.logout.LogoutFilter@36e6ea6c, org.springframework.security.web.authentication.www.BasicAuthenticationFilter@4caad470, org.springframework.security.web.savedrequest.RequestCacheAwareFilter@59c46e5e, org.springframework.security.web.servletapi.SecurityContextHolderAwareRequestFilter@4d4b0e1a, org.springframework.security.web.authentication.AnonymousAuthenticationFilter@2f319ca3, org.springframework.security.web.session.SessionManagementFilter@2636e422, org.springframework.security.web.access.ExceptionTranslationFilter@1633d30d, org.springframework.security.web.access.intercept.AuthorizationFilter@6ad991b8]
2024-06-25T11:16:27.878+02:00  INFO 78794 --- [           main] o.s.b.t.m.w.SpringBootMockServletContext : Initializing Spring TestDispatcherServlet ''
2024-06-25T11:16:27.878+02:00  INFO 78794 --- [           main] o.s.t.web.servlet.TestDispatcherServlet  : Initializing Servlet ''
2024-06-25T11:16:27.879+02:00  INFO 78794 --- [           main] o.s.t.web.servlet.TestDispatcherServlet  : Completed initialization in 1 ms
2024-06-25T11:16:27.884+02:00  INFO 78794 --- [           main] d.n.b.c.UserControllerIntegrationTest    : Started UserControllerIntegrationTest in 2.002 seconds (process running for 18.488)
2024-06-25T11:16:27.894+02:00  INFO 78794 --- [      Thread-15] d.f.e.m.s.autoconfigure.EmbeddedMongo    : {"t":{"$date":"2024-06-25T11:16:27.894+02:00"},"s":"I",  "c":"NETWORK",  "id":22944,   "ctx":"conn2","msg":"Connection ended","attr":{"remote":"127.0.0.1:58234","uuid":"dfd47382-d470-4aa3-9217-3020858c30ac","connectionId":2,"connectionCount":1}}
2024-06-25T11:16:27.894+02:00  INFO 78794 --- [      Thread-15] d.f.e.m.s.autoconfigure.EmbeddedMongo    : {"t":{"$date":"2024-06-25T11:16:27.894+02:00"},"s":"I",  "c":"NETWORK",  "id":22943,   "ctx":"listener","msg":"Connection accepted","attr":{"remote":"127.0.0.1:58235","uuid":"4c64cc05-1e66-433b-ae1d-1f38b12b0f46","connectionId":3,"connectionCount":2}}
2024-06-25T11:16:27.894+02:00  INFO 78794 --- [      Thread-15] d.f.e.m.s.autoconfigure.EmbeddedMongo    : {"t":{"$date":"2024-06-25T11:16:27.894+02:00"},"s":"W",  "c":"COMMAND",  "id":5578800, "ctx":"conn3","msg":"Received wire protocol op code or command that is no longer supported. The client driver may require an upgrade. For more details see https://dochub.mongodb.org/core/legacy-opcode-removal","attr":{"op":"query","clientInfo":{"address":"127.0.0.1:58235"}}}
2024-06-25T11:16:27.894+02:00 ERROR 78794 --- [           main] d.flapdoodle.embed.mongo.runtime.Mongod  : Got some response, should be an error message
2024-06-25T11:16:27.895+02:00  INFO 78794 --- [      Thread-15] d.f.e.m.s.autoconfigure.EmbeddedMongo    : {"t":{"$date":"2024-06-25T11:16:27.895+02:00"},"s":"I",  "c":"NETWORK",  "id":22944,   "ctx":"conn3","msg":"Connection ended","attr":{"remote":"127.0.0.1:58235","uuid":"4c64cc05-1e66-433b-ae1d-1f38b12b0f46","connectionId":3,"connectionCount":1}}
2024-06-25T11:16:27.998+02:00  INFO 78794 --- [      Thread-15] d.f.e.m.s.autoconfigure.EmbeddedMongo    : {"t":{"$date":"2024-06-25T11:16:27.998+02:00"},"s":"I",  "c":"NETWORK",  "id":22943,   "ctx":"listener","msg":"Connection accepted","attr":{"remote":"127.0.0.1:58236","uuid":"a86f4c09-075a-497d-a8b3-e74163b42f0f","connectionId":4,"connectionCount":2}}
2024-06-25T11:16:27.998+02:00  INFO 78794 --- [      Thread-15] d.f.e.m.s.autoconfigure.EmbeddedMongo    : {"t":{"$date":"2024-06-25T11:16:27.998+02:00"},"s":"I",  "c":"COMMAND",  "id":4695400, "ctx":"conn4","msg":"Terminating via shutdown command","attr":{"force":false,"timeoutMillis":15000}}
2024-06-25T11:16:27.998+02:00  INFO 78794 --- [      Thread-15] d.f.e.m.s.autoconfigure.EmbeddedMongo    : {"t":{"$date":"2024-06-25T11:16:27.998+02:00"},"s":"I",  "c":"REPL",     "id":4794602, "ctx":"thread30","msg":"Attempting to enter quiesce mode"}
2024-06-25T11:16:27.998+02:00  INFO 78794 --- [      Thread-15] d.f.e.m.s.autoconfigure.EmbeddedMongo    : {"t":{"$date":"2024-06-25T11:16:27.998+02:00"},"s":"I",  "c":"-",        "id":6371601, "ctx":"thread30","msg":"Shutting down the FLE Crud thread pool"}
2024-06-25T11:16:27.998+02:00  INFO 78794 --- [      Thread-15] d.f.e.m.s.autoconfigure.EmbeddedMongo    : {"t":{"$date":"2024-06-25T11:16:27.998+02:00"},"s":"I",  "c":"COMMAND",  "id":4784901, "ctx":"thread30","msg":"Shutting down the MirrorMaestro"}
2024-06-25T11:16:27.998+02:00  INFO 78794 --- [      Thread-15] d.f.e.m.s.autoconfigure.EmbeddedMongo    : {"t":{"$date":"2024-06-25T11:16:27.998+02:00"},"s":"I",  "c":"SHARDING", "id":4784902, "ctx":"thread30","msg":"Shutting down the WaitForMajorityService"}
2024-06-25T11:16:27.998+02:00  INFO 78794 --- [      Thread-15] d.f.e.m.s.autoconfigure.EmbeddedMongo    : {"t":{"$date":"2024-06-25T11:16:27.998+02:00"},"s":"I",  "c":"CONTROL",  "id":4784903, "ctx":"thread30","msg":"Shutting down the LogicalSessionCache"}
2024-06-25T11:16:27.998+02:00  INFO 78794 --- [      Thread-15] d.f.e.m.s.autoconfigure.EmbeddedMongo    : {"t":{"$date":"2024-06-25T11:16:27.998+02:00"},"s":"I",  "c":"NETWORK",  "id":20562,   "ctx":"thread30","msg":"Shutdown: going to close listening sockets"}
2024-06-25T11:16:27.998+02:00  INFO 78794 --- [      Thread-15] d.f.e.m.s.autoconfigure.EmbeddedMongo    : {"t":{"$date":"2024-06-25T11:16:27.998+02:00"},"s":"I",  "c":"NETWORK",  "id":23017,   "ctx":"listener","msg":"removing socket file","attr":{"path":"/tmp/mongodb-58231.sock"}}
2024-06-25T11:16:27.998+02:00  INFO 78794 --- [      Thread-15] d.f.e.m.s.autoconfigure.EmbeddedMongo    : {"t":{"$date":"2024-06-25T11:16:27.998+02:00"},"s":"I",  "c":"NETWORK",  "id":4784905, "ctx":"thread30","msg":"Shutting down the global connection pool"}
2024-06-25T11:16:27.999+02:00  INFO 78794 --- [      Thread-15] d.f.e.m.s.autoconfigure.EmbeddedMongo    : {"t":{"$date":"2024-06-25T11:16:27.998+02:00"},"s":"I",  "c":"CONTROL",  "id":4784906, "ctx":"thread30","msg":"Shutting down the FlowControlTicketholder"}
2024-06-25T11:16:27.999+02:00  INFO 78794 --- [      Thread-15] d.f.e.m.s.autoconfigure.EmbeddedMongo    : {"t":{"$date":"2024-06-25T11:16:27.998+02:00"},"s":"I",  "c":"-",        "id":20520,   "ctx":"thread30","msg":"Stopping further Flow Control ticket acquisitions."}
2024-06-25T11:16:27.999+02:00  INFO 78794 --- [      Thread-15] d.f.e.m.s.autoconfigure.EmbeddedMongo    : {"t":{"$date":"2024-06-25T11:16:27.998+02:00"},"s":"I",  "c":"CONTROL",  "id":4784908, "ctx":"thread30","msg":"Shutting down the PeriodicThreadToAbortExpiredTransactions"}
2024-06-25T11:16:27.999+02:00  INFO 78794 --- [      Thread-15] d.f.e.m.s.autoconfigure.EmbeddedMongo    : {"t":{"$date":"2024-06-25T11:16:27.998+02:00"},"s":"I",  "c":"REPL",     "id":4784909, "ctx":"thread30","msg":"Shutting down the ReplicationCoordinator"}
2024-06-25T11:16:27.999+02:00  INFO 78794 --- [      Thread-15] d.f.e.m.s.autoconfigure.EmbeddedMongo    : {"t":{"$date":"2024-06-25T11:16:27.999+02:00"},"s":"I",  "c":"SHARDING", "id":4784910, "ctx":"thread30","msg":"Shutting down the ShardingInitializationMongoD"}
2024-06-25T11:16:27.999+02:00  INFO 78794 --- [      Thread-15] d.f.e.m.s.autoconfigure.EmbeddedMongo    : {"t":{"$date":"2024-06-25T11:16:27.999+02:00"},"s":"I",  "c":"REPL",     "id":4784911, "ctx":"thread30","msg":"Enqueuing the ReplicationStateTransitionLock for shutdown"}
2024-06-25T11:16:27.999+02:00  INFO 78794 --- [      Thread-15] d.f.e.m.s.autoconfigure.EmbeddedMongo    : {"t":{"$date":"2024-06-25T11:16:27.999+02:00"},"s":"I",  "c":"-",        "id":4784912, "ctx":"thread30","msg":"Killing all operations for shutdown"}
2024-06-25T11:16:27.999+02:00  INFO 78794 --- [      Thread-15] d.f.e.m.s.autoconfigure.EmbeddedMongo    : {"t":{"$date":"2024-06-25T11:16:27.999+02:00"},"s":"I",  "c":"-",        "id":4695300, "ctx":"thread30","msg":"Interrupted all currently running operations","attr":{"opsKilled":4}}
2024-06-25T11:16:27.999+02:00  INFO 78794 --- [      Thread-15] d.f.e.m.s.autoconfigure.EmbeddedMongo    : {"t":{"$date":"2024-06-25T11:16:27.999+02:00"},"s":"I",  "c":"TENANT_M", "id":5093807, "ctx":"thread30","msg":"Shutting down all TenantMigrationAccessBlockers on global shutdown"}
2024-06-25T11:16:27.999+02:00  INFO 78794 --- [      Thread-15] d.f.e.m.s.autoconfigure.EmbeddedMongo    : {"t":{"$date":"2024-06-25T11:16:27.999+02:00"},"s":"I",  "c":"COMMAND",  "id":4784913, "ctx":"thread30","msg":"Shutting down all open transactions"}
2024-06-25T11:16:27.999+02:00  INFO 78794 --- [      Thread-15] d.f.e.m.s.autoconfigure.EmbeddedMongo    : {"t":{"$date":"2024-06-25T11:16:27.999+02:00"},"s":"I",  "c":"REPL",     "id":4784914, "ctx":"thread30","msg":"Acquiring the ReplicationStateTransitionLock for shutdown"}
2024-06-25T11:16:27.999+02:00  INFO 78794 --- [      Thread-15] d.f.e.m.s.autoconfigure.EmbeddedMongo    : {"t":{"$date":"2024-06-25T11:16:27.999+02:00"},"s":"I",  "c":"INDEX",    "id":4784915, "ctx":"thread30","msg":"Shutting down the IndexBuildsCoordinator"}
2024-06-25T11:16:27.999+02:00  INFO 78794 --- [      Thread-15] d.f.e.m.s.autoconfigure.EmbeddedMongo    : {"t":{"$date":"2024-06-25T11:16:27.999+02:00"},"s":"I",  "c":"NETWORK",  "id":4784918, "ctx":"thread30","msg":"Shutting down the ReplicaSetMonitor"}
2024-06-25T11:16:27.999+02:00  INFO 78794 --- [      Thread-15] d.f.e.m.s.autoconfigure.EmbeddedMongo    : {"t":{"$date":"2024-06-25T11:16:27.999+02:00"},"s":"I",  "c":"SHARDING", "id":4784921, "ctx":"thread30","msg":"Shutting down the MigrationUtilExecutor"}
2024-06-25T11:16:27.999+02:00  INFO 78794 --- [      Thread-15] d.f.e.m.s.autoconfigure.EmbeddedMongo    : {"t":{"$date":"2024-06-25T11:16:27.999+02:00"},"s":"I",  "c":"ASIO",     "id":22582,   "ctx":"MigrationUtil-TaskExecutor","msg":"Killing all outstanding egress activity."}
2024-06-25T11:16:27.999+02:00  INFO 78794 --- [      Thread-15] d.f.e.m.s.autoconfigure.EmbeddedMongo    : {"t":{"$date":"2024-06-25T11:16:27.999+02:00"},"s":"I",  "c":"COMMAND",  "id":4784923, "ctx":"thread30","msg":"Shutting down the ServiceEntryPoint"}
2024-06-25T11:16:27.999+02:00  INFO 78794 --- [      Thread-15] d.f.e.m.s.autoconfigure.EmbeddedMongo    : {"t":{"$date":"2024-06-25T11:16:27.999+02:00"},"s":"I",  "c":"CONTROL",  "id":4784925, "ctx":"thread30","msg":"Shutting down free monitoring"}
2024-06-25T11:16:27.999+02:00  INFO 78794 --- [      Thread-15] d.f.e.m.s.autoconfigure.EmbeddedMongo    : {"t":{"$date":"2024-06-25T11:16:27.999+02:00"},"s":"I",  "c":"CONTROL",  "id":20609,   "ctx":"thread30","msg":"Shutting down free monitoring"}
2024-06-25T11:16:27.999+02:00  INFO 78794 --- [      Thread-15] d.f.e.m.s.autoconfigure.EmbeddedMongo    : {"t":{"$date":"2024-06-25T11:16:27.999+02:00"},"s":"I",  "c":"CONTROL",  "id":4784927, "ctx":"thread30","msg":"Shutting down the HealthLog"}
2024-06-25T11:16:27.999+02:00  INFO 78794 --- [      Thread-15] d.f.e.m.s.autoconfigure.EmbeddedMongo    : {"t":{"$date":"2024-06-25T11:16:27.999+02:00"},"s":"I",  "c":"CONTROL",  "id":4784928, "ctx":"thread30","msg":"Shutting down the TTL monitor"}
2024-06-25T11:16:27.999+02:00  INFO 78794 --- [      Thread-15] d.f.e.m.s.autoconfigure.EmbeddedMongo    : {"t":{"$date":"2024-06-25T11:16:27.999+02:00"},"s":"I",  "c":"INDEX",    "id":3684100, "ctx":"thread30","msg":"Shutting down TTL collection monitor thread"}
2024-06-25T11:16:27.999+02:00  INFO 78794 --- [      Thread-15] d.f.e.m.s.autoconfigure.EmbeddedMongo    : {"t":{"$date":"2024-06-25T11:16:27.999+02:00"},"s":"I",  "c":"INDEX",    "id":3684101, "ctx":"thread30","msg":"Finished shutting down TTL collection monitor thread"}
2024-06-25T11:16:27.999+02:00  INFO 78794 --- [      Thread-15] d.f.e.m.s.autoconfigure.EmbeddedMongo    : {"t":{"$date":"2024-06-25T11:16:27.999+02:00"},"s":"I",  "c":"CONTROL",  "id":6278511, "ctx":"thread30","msg":"Shutting down the Change Stream Expired Pre-images Remover"}
2024-06-25T11:16:27.999+02:00  INFO 78794 --- [      Thread-15] d.f.e.m.s.autoconfigure.EmbeddedMongo    : {"t":{"$date":"2024-06-25T11:16:27.999+02:00"},"s":"I",  "c":"CONTROL",  "id":4784929, "ctx":"thread30","msg":"Acquiring the global lock for shutdown"}
2024-06-25T11:16:27.999+02:00  INFO 78794 --- [      Thread-15] d.f.e.m.s.autoconfigure.EmbeddedMongo    : {"t":{"$date":"2024-06-25T11:16:27.999+02:00"},"s":"I",  "c":"CONTROL",  "id":4784930, "ctx":"thread30","msg":"Shutting down the storage engine"}
2024-06-25T11:16:27.999+02:00  INFO 78794 --- [      Thread-15] d.f.e.m.s.autoconfigure.EmbeddedMongo    : {"t":{"$date":"2024-06-25T11:16:27.999+02:00"},"s":"I",  "c":"STORAGE",  "id":22320,   "ctx":"thread30","msg":"Shutting down journal flusher thread"}
2024-06-25T11:16:27.999+02:00  INFO 78794 --- [      Thread-15] d.f.e.m.s.autoconfigure.EmbeddedMongo    : {"t":{"$date":"2024-06-25T11:16:27.999+02:00"},"s":"I",  "c":"NETWORK",  "id":22944,   "ctx":"conn1","msg":"Connection ended","attr":{"remote":"127.0.0.1:58233","uuid":"8977e51e-96f3-4753-b425-07580fe3ab6f","connectionId":1,"connectionCount":1}}
2024-06-25T11:16:28.045+02:00  INFO 78794 --- [      Thread-15] d.f.e.m.s.autoconfigure.EmbeddedMongo    : {"t":{"$date":"2024-06-25T11:16:28.045+02:00"},"s":"I",  "c":"STORAGE",  "id":22321,   "ctx":"thread30","msg":"Finished shutting down journal flusher thread"}
2024-06-25T11:16:28.046+02:00  INFO 78794 --- [      Thread-15] d.f.e.m.s.autoconfigure.EmbeddedMongo    : {"t":{"$date":"2024-06-25T11:16:28.045+02:00"},"s":"I",  "c":"STORAGE",  "id":22322,   "ctx":"thread30","msg":"Shutting down checkpoint thread"}
2024-06-25T11:16:28.046+02:00  INFO 78794 --- [      Thread-15] d.f.e.m.s.autoconfigure.EmbeddedMongo    : {"t":{"$date":"2024-06-25T11:16:28.045+02:00"},"s":"I",  "c":"STORAGE",  "id":22323,   "ctx":"thread30","msg":"Finished shutting down checkpoint thread"}
2024-06-25T11:16:28.046+02:00  INFO 78794 --- [      Thread-15] d.f.e.m.s.autoconfigure.EmbeddedMongo    : {"t":{"$date":"2024-06-25T11:16:28.045+02:00"},"s":"I",  "c":"STORAGE",  "id":20282,   "ctx":"thread30","msg":"Deregistering all the collections"}
2024-06-25T11:16:28.046+02:00  INFO 78794 --- [      Thread-15] d.f.e.m.s.autoconfigure.EmbeddedMongo    : {"t":{"$date":"2024-06-25T11:16:28.045+02:00"},"s":"I",  "c":"STORAGE",  "id":22261,   "ctx":"thread30","msg":"Timestamp monitor shutting down"}
2024-06-25T11:16:28.046+02:00  INFO 78794 --- [      Thread-15] d.f.e.m.s.autoconfigure.EmbeddedMongo    : {"t":{"$date":"2024-06-25T11:16:28.045+02:00"},"s":"I",  "c":"STORAGE",  "id":22317,   "ctx":"thread30","msg":"WiredTigerKVEngine shutting down"}
2024-06-25T11:16:28.046+02:00  INFO 78794 --- [      Thread-15] d.f.e.m.s.autoconfigure.EmbeddedMongo    : {"t":{"$date":"2024-06-25T11:16:28.045+02:00"},"s":"I",  "c":"STORAGE",  "id":22318,   "ctx":"thread30","msg":"Shutting down session sweeper thread"}
2024-06-25T11:16:28.046+02:00  INFO 78794 --- [      Thread-15] d.f.e.m.s.autoconfigure.EmbeddedMongo    : {"t":{"$date":"2024-06-25T11:16:28.045+02:00"},"s":"I",  "c":"STORAGE",  "id":22319,   "ctx":"thread30","msg":"Finished shutting down session sweeper thread"}
2024-06-25T11:16:28.046+02:00  INFO 78794 --- [      Thread-15] d.f.e.m.s.autoconfigure.EmbeddedMongo    : {"t":{"$date":"2024-06-25T11:16:28.045+02:00"},"s":"I",  "c":"STORAGE",  "id":4795902, "ctx":"thread30","msg":"Closing WiredTiger","attr":{"closeConfig":"leak_memory=true,"}}
2024-06-25T11:16:28.070+02:00  INFO 78794 --- [      Thread-15] d.f.e.m.s.autoconfigure.EmbeddedMongo    : {"t":{"$date":"2024-06-25T11:16:28.070+02:00"},"s":"I",  "c":"STORAGE",  "id":4795901, "ctx":"thread30","msg":"WiredTiger closed","attr":{"durationMillis":25}}
2024-06-25T11:16:28.070+02:00  INFO 78794 --- [      Thread-15] d.f.e.m.s.autoconfigure.EmbeddedMongo    : {"t":{"$date":"2024-06-25T11:16:28.070+02:00"},"s":"I",  "c":"STORAGE",  "id":22279,   "ctx":"thread30","msg":"shutdown: removing fs lock..."}
2024-06-25T11:16:28.070+02:00  INFO 78794 --- [      Thread-15] d.f.e.m.s.autoconfigure.EmbeddedMongo    : {"t":{"$date":"2024-06-25T11:16:28.070+02:00"},"s":"I",  "c":"-",        "id":4784931, "ctx":"thread30","msg":"Dropping the scope cache for shutdown"}
2024-06-25T11:16:28.070+02:00  INFO 78794 --- [      Thread-15] d.f.e.m.s.autoconfigure.EmbeddedMongo    : {"t":{"$date":"2024-06-25T11:16:28.070+02:00"},"s":"I",  "c":"FTDC",     "id":20626,   "ctx":"thread30","msg":"Shutting down full-time diagnostic data capture"}
2024-06-25T11:16:28.071+02:00  INFO 78794 --- [      Thread-15] d.f.e.m.s.autoconfigure.EmbeddedMongo    : {"t":{"$date":"2024-06-25T11:16:28.071+02:00"},"s":"I",  "c":"CONTROL",  "id":20565,   "ctx":"thread30","msg":"Now exiting"}
2024-06-25T11:16:28.071+02:00  INFO 78794 --- [      Thread-15] d.f.e.m.s.autoconfigure.EmbeddedMongo    : {"t":{"$date":"2024-06-25T11:16:28.071+02:00"},"s":"I",  "c":"CONTROL",  "id":23138,   "ctx":"thread30","msg":"Shutting down","attr":{"exitCode":0}}
2024-06-25T11:16:28.179+02:00  INFO 78794 --- [           main] j.LocalContainerEntityManagerFactoryBean : Closing JPA EntityManagerFactory for persistence unit 'default'
2024-06-25T11:16:28.180+02:00  INFO 78794 --- [           main] com.zaxxer.hikari.HikariDataSource       : HikariPool-4 - Shutdown initiated...
2024-06-25T11:16:28.180+02:00  INFO 78794 --- [           main] com.zaxxer.hikari.HikariDataSource       : HikariPool-4 - Shutdown completed.
]]></system-out>
  </testcase>
  <testcase name="userLogin_returnStatus200" classname="de.neuefische.backend.controllers.UserControllerIntegrationTest" time="0.524">
    <system-out><![CDATA[
  .   ____          _            __ _ _
 /\\ / ___'_ __ _ _(_)_ __  __ _ \ \ \ \
( ( )\___ | '_ | '_| | '_ \/ _` | \ \ \ \
 \\/  ___)| |_)| | | | | || (_| |  ) ) ) )
  '  |____| .__|_| |_|_| |_\__, | / / / /
 =========|_|==============|___/=/_/_/_/
 :: Spring Boot ::                (v3.1.0)

2024-06-25T11:16:28.193+02:00  INFO 78794 --- [           main] d.n.b.c.UserControllerIntegrationTest    : Starting UserControllerIntegrationTest using Java 20.0.2 with PID 78794 (started by paffen in /Users/paffen/IdeaProjects/capstone-foodspot/backend)
2024-06-25T11:16:28.193+02:00  INFO 78794 --- [           main] d.n.b.c.UserControllerIntegrationTest    : No active profile set, falling back to 1 default profile: "default"
2024-06-25T11:16:28.325+02:00  INFO 78794 --- [           main] .s.d.r.c.RepositoryConfigurationDelegate : Multiple Spring Data modules found, entering strict repository configuration mode
2024-06-25T11:16:28.326+02:00  INFO 78794 --- [           main] .s.d.r.c.RepositoryConfigurationDelegate : Bootstrapping Spring Data JPA repositories in DEFAULT mode.
2024-06-25T11:16:28.329+02:00  INFO 78794 --- [           main] .RepositoryConfigurationExtensionSupport : Spring Data JPA - Could not safely identify store assignment for repository candidate interface de.neuefische.backend.repos.FoodSpotRepo; If you want this repository to be a JPA repository, consider annotating your entities with one of these annotations: jakarta.persistence.Entity, jakarta.persistence.MappedSuperclass (preferred), or consider extending one of the following types with your repository: org.springframework.data.jpa.repository.JpaRepository
2024-06-25T11:16:28.329+02:00  INFO 78794 --- [           main] .RepositoryConfigurationExtensionSupport : Spring Data JPA - Could not safely identify store assignment for repository candidate interface de.neuefische.backend.repos.UserRepo; If you want this repository to be a JPA repository, consider annotating your entities with one of these annotations: jakarta.persistence.Entity, jakarta.persistence.MappedSuperclass (preferred), or consider extending one of the following types with your repository: org.springframework.data.jpa.repository.JpaRepository
2024-06-25T11:16:28.329+02:00  INFO 78794 --- [           main] .s.d.r.c.RepositoryConfigurationDelegate : Finished Spring Data repository scanning in 3 ms. Found 0 JPA repository interfaces.
2024-06-25T11:16:28.333+02:00  INFO 78794 --- [           main] .s.d.r.c.RepositoryConfigurationDelegate : Multiple Spring Data modules found, entering strict repository configuration mode
2024-06-25T11:16:28.334+02:00  INFO 78794 --- [           main] .s.d.r.c.RepositoryConfigurationDelegate : Bootstrapping Spring Data MongoDB repositories in DEFAULT mode.
2024-06-25T11:16:28.337+02:00  INFO 78794 --- [           main] .s.d.r.c.RepositoryConfigurationDelegate : Finished Spring Data repository scanning in 3 ms. Found 2 MongoDB repository interfaces.
2024-06-25T11:16:28.370+02:00  INFO 78794 --- [           main] trationDelegate$BeanPostProcessorChecker : Bean 'de.flapdoodle.embed.mongo.spring.autoconfigure.EmbeddedMongoAutoConfiguration' of type [de.flapdoodle.embed.mongo.spring.autoconfigure.EmbeddedMongoAutoConfiguration] is not eligible for getting processed by all BeanPostProcessors (for example: not eligible for auto-proxying)
2024-06-25T11:16:28.372+02:00  INFO 78794 --- [           main] trationDelegate$BeanPostProcessorChecker : Bean 'de.flapdoodle.mongodb.embedded-de.flapdoodle.embed.mongo.spring.autoconfigure.EmbeddedMongoProperties' of type [de.flapdoodle.embed.mongo.spring.autoconfigure.EmbeddedMongoProperties] is not eligible for getting processed by all BeanPostProcessors (for example: not eligible for auto-proxying)
2024-06-25T11:16:28.374+02:00  INFO 78794 --- [           main] trationDelegate$BeanPostProcessorChecker : Bean 'spring.data.mongodb-org.springframework.boot.autoconfigure.mongo.MongoProperties' of type [org.springframework.boot.autoconfigure.mongo.MongoProperties] is not eligible for getting processed by all BeanPostProcessors (for example: not eligible for auto-proxying)
2024-06-25T11:16:28.389+02:00  INFO 78794 --- [           main] com.zaxxer.hikari.HikariDataSource       : HikariPool-5 - Starting...
2024-06-25T11:16:28.392+02:00  INFO 78794 --- [           main] com.zaxxer.hikari.pool.HikariPool        : HikariPool-5 - Added connection conn40: url=jdbc:h2:mem:369fcc45-8fe1-4a6b-a0a8-ac49e0225b29 user=SA
2024-06-25T11:16:28.392+02:00  INFO 78794 --- [           main] com.zaxxer.hikari.HikariDataSource       : HikariPool-5 - Start completed.
2024-06-25T11:16:28.393+02:00  INFO 78794 --- [           main] o.hibernate.jpa.internal.util.LogHelper  : HHH000204: Processing PersistenceUnitInfo [name: default]
2024-06-25T11:16:28.396+02:00  INFO 78794 --- [           main] o.h.b.i.BytecodeProviderInitiator        : HHH000021: Bytecode provider name : bytebuddy
2024-06-25T11:16:28.396+02:00  INFO 78794 --- [           main] o.s.o.j.p.SpringPersistenceUnitInfo      : No LoadTimeWeaver setup: ignoring JPA class transformer
2024-06-25T11:16:28.397+02:00  INFO 78794 --- [           main] org.hibernate.orm.dialect                : HHH035001: Using dialect: org.hibernate.dialect.H2Dialect, version: 1.4.200
2024-06-25T11:16:28.400+02:00  INFO 78794 --- [           main] o.h.b.i.BytecodeProviderInitiator        : HHH000021: Bytecode provider name : bytebuddy
2024-06-25T11:16:28.404+02:00  INFO 78794 --- [           main] o.h.e.t.j.p.i.JtaPlatformInitiator       : HHH000490: Using JtaPlatform implementation: [org.hibernate.engine.transaction.jta.platform.internal.NoJtaPlatform]
2024-06-25T11:16:28.404+02:00  INFO 78794 --- [           main] j.LocalContainerEntityManagerFactoryBean : Initialized JPA EntityManagerFactory for persistence unit 'default'
2024-06-25T11:16:28.413+02:00  INFO 78794 --- [           main] d.f.e.m.s.a.SyncClientServerFactory      : sync server factory
2024-06-25T11:16:28.516+02:00  INFO 78794 --- [      Thread-19] d.f.e.m.s.autoconfigure.EmbeddedMongo    : {"t":{"$date":"2024-06-25T11:16:28.515+02:00"},"s":"I",  "c":"NETWORK",  "id":4915701, "ctx":"-","msg":"Initialized wire specification","attr":{"spec":{"incomingExternalClient":{"minWireVersion":0,"maxWireVersion":17},"incomingInternalClient":{"minWireVersion":0,"maxWireVersion":17},"outgoing":{"minWireVersion":6,"maxWireVersion":17},"isInternalClient":true}}}
2024-06-25T11:16:28.516+02:00  INFO 78794 --- [      Thread-19] d.f.e.m.s.autoconfigure.EmbeddedMongo    : {"t":{"$date":"2024-06-25T11:16:28.516+02:00"},"s":"I",  "c":"CONTROL",  "id":23285,   "ctx":"-","msg":"Automatically disabling TLS 1.0, to force-enable TLS 1.0 specify --sslDisabledProtocols 'none'"}
2024-06-25T11:16:28.519+02:00  INFO 78794 --- [      Thread-19] d.f.e.m.s.autoconfigure.EmbeddedMongo    : {"t":{"$date":"2024-06-25T11:16:28.519+02:00"},"s":"I",  "c":"NETWORK",  "id":4648602, "ctx":"main","msg":"Implicit TCP FastOpen in use."}
2024-06-25T11:16:28.520+02:00  INFO 78794 --- [      Thread-19] d.f.e.m.s.autoconfigure.EmbeddedMongo    : {"t":{"$date":"2024-06-25T11:16:28.520+02:00"},"s":"I",  "c":"REPL",     "id":5123008, "ctx":"main","msg":"Successfully registered PrimaryOnlyService","attr":{"service":"TenantMigrationDonorService","namespace":"config.tenantMigrationDonors"}}
2024-06-25T11:16:28.520+02:00  INFO 78794 --- [      Thread-19] d.f.e.m.s.autoconfigure.EmbeddedMongo    : {"t":{"$date":"2024-06-25T11:16:28.520+02:00"},"s":"I",  "c":"REPL",     "id":5123008, "ctx":"main","msg":"Successfully registered PrimaryOnlyService","attr":{"service":"TenantMigrationRecipientService","namespace":"config.tenantMigrationRecipients"}}
2024-06-25T11:16:28.520+02:00  INFO 78794 --- [      Thread-19] d.f.e.m.s.autoconfigure.EmbeddedMongo    : {"t":{"$date":"2024-06-25T11:16:28.520+02:00"},"s":"I",  "c":"REPL",     "id":5123008, "ctx":"main","msg":"Successfully registered PrimaryOnlyService","attr":{"service":"ShardSplitDonorService","namespace":"config.tenantSplitDonors"}}
2024-06-25T11:16:28.520+02:00  INFO 78794 --- [      Thread-19] d.f.e.m.s.autoconfigure.EmbeddedMongo    : {"t":{"$date":"2024-06-25T11:16:28.520+02:00"},"s":"I",  "c":"CONTROL",  "id":5945603, "ctx":"main","msg":"Multi threading initialized"}
2024-06-25T11:16:28.520+02:00  INFO 78794 --- [      Thread-19] d.f.e.m.s.autoconfigure.EmbeddedMongo    : {"t":{"$date":"2024-06-25T11:16:28.520+02:00"},"s":"I",  "c":"CONTROL",  "id":4615611, "ctx":"initandlisten","msg":"MongoDB starting","attr":{"pid":78818,"port":58237,"dbPath":"/var/folders/dr/fk5c4mdx63g076r3v55pvq740000gn/T/temp--379d31aa-7947-441f-815c-0d7f33ad5a87/mongod-database13557800126975276530","architecture":"64-bit","host":"Pavel-laptop.fritz.box"}}
2024-06-25T11:16:28.520+02:00  INFO 78794 --- [      Thread-19] d.f.e.m.s.autoconfigure.EmbeddedMongo    : {"t":{"$date":"2024-06-25T11:16:28.520+02:00"},"s":"I",  "c":"CONTROL",  "id":23352,   "ctx":"initandlisten","msg":"Unable to resolve sysctl {sysctlName} (number) ","attr":{"sysctlName":"hw.cpufrequency"}}
2024-06-25T11:16:28.520+02:00  INFO 78794 --- [      Thread-19] d.f.e.m.s.autoconfigure.EmbeddedMongo    : {"t":{"$date":"2024-06-25T11:16:28.520+02:00"},"s":"I",  "c":"CONTROL",  "id":23351,   "ctx":"initandlisten","msg":"{sysctlName} unavailable","attr":{"sysctlName":"machdep.cpu.features"}}
2024-06-25T11:16:28.520+02:00  INFO 78794 --- [      Thread-19] d.f.e.m.s.autoconfigure.EmbeddedMongo    : {"t":{"$date":"2024-06-25T11:16:28.520+02:00"},"s":"I",  "c":"CONTROL",  "id":23403,   "ctx":"initandlisten","msg":"Build Info","attr":{"buildInfo":{"version":"6.0.1","gitVersion":"32f0f9c88dc44a2c8073a5bd47cf779d4bfdee6b","modules":[],"allocator":"system","environment":{"distarch":"aarch64","target_arch":"aarch64"}}}}
2024-06-25T11:16:28.520+02:00  INFO 78794 --- [      Thread-19] d.f.e.m.s.autoconfigure.EmbeddedMongo    : {"t":{"$date":"2024-06-25T11:16:28.520+02:00"},"s":"I",  "c":"CONTROL",  "id":51765,   "ctx":"initandlisten","msg":"Operating System","attr":{"os":{"name":"Mac OS X","version":"23.5.0"}}}
2024-06-25T11:16:28.520+02:00  INFO 78794 --- [      Thread-19] d.f.e.m.s.autoconfigure.EmbeddedMongo    : {"t":{"$date":"2024-06-25T11:16:28.520+02:00"},"s":"I",  "c":"CONTROL",  "id":21951,   "ctx":"initandlisten","msg":"Options set by command line","attr":{"options":{"net":{"bindIp":"127.0.0.1","port":58237},"security":{"authorization":"disabled"},"storage":{"dbPath":"/var/folders/dr/fk5c4mdx63g076r3v55pvq740000gn/T/temp--379d31aa-7947-441f-815c-0d7f33ad5a87/mongod-database13557800126975276530","journal":{"enabled":false},"syncPeriodSecs":0}}}}
2024-06-25T11:16:28.521+02:00  INFO 78794 --- [      Thread-19] d.f.e.m.s.autoconfigure.EmbeddedMongo    : {"t":{"$date":"2024-06-25T11:16:28.520+02:00"},"s":"I",  "c":"NETWORK",  "id":5693100, "ctx":"initandlisten","msg":"Asio socket.set_option failed with std::system_error","attr":{"note":"acceptor TCP fast open","option":{"level":6,"name":261,"data":"00 04 00 00"},"error":{"what":"set_option: Invalid argument","message":"Invalid argument","category":"asio.system","value":22}}}
2024-06-25T11:16:28.521+02:00  INFO 78794 --- [      Thread-19] d.f.e.m.s.autoconfigure.EmbeddedMongo    : {"t":{"$date":"2024-06-25T11:16:28.521+02:00"},"s":"I",  "c":"STORAGE",  "id":22315,   "ctx":"initandlisten","msg":"Opening WiredTiger","attr":{"config":"create,cache_size=3584M,session_max=33000,eviction=(threads_min=4,threads_max=4),config_base=false,statistics=(fast),log=(enabled=true,remove=true,path=journal,compressor=snappy),builtin_extension_config=(zstd=(compression_level=6)),file_manager=(close_idle_time=600,close_scan_interval=10,close_handle_minimum=2000),statistics_log=(wait=0),json_output=(error,message),verbose=[recovery_progress:1,checkpoint_progress:1,compact_progress:1,backup:0,checkpoint:0,compact:0,evict:0,history_store:0,recovery:0,rts:0,salvage:0,tiered:0,timestamp:0,transaction:0,verify:0,log:0],,log=(enabled=false),"}}
2024-06-25T11:16:29.565+02:00  INFO 78794 --- [      Thread-19] d.f.e.m.s.autoconfigure.EmbeddedMongo    : {"t":{"$date":"2024-06-25T11:16:29.565+02:00"},"s":"I",  "c":"STORAGE",  "id":4795906, "ctx":"initandlisten","msg":"WiredTiger opened","attr":{"durationMillis":1044}}
2024-06-25T11:16:29.565+02:00  INFO 78794 --- [      Thread-19] d.f.e.m.s.autoconfigure.EmbeddedMongo    : {"t":{"$date":"2024-06-25T11:16:29.565+02:00"},"s":"I",  "c":"RECOVERY", "id":23987,   "ctx":"initandlisten","msg":"WiredTiger recoveryTimestamp","attr":{"recoveryTimestamp":{"$timestamp":{"t":0,"i":0}}}}
2024-06-25T11:16:29.601+02:00  INFO 78794 --- [      Thread-19] d.f.e.m.s.autoconfigure.EmbeddedMongo    : {"t":{"$date":"2024-06-25T11:16:29.601+02:00"},"s":"I",  "c":"WT",       "id":4366408, "ctx":"initandlisten","msg":"No table logging settings modifications are required for existing WiredTiger tables","attr":{"loggingEnabled":true}}
2024-06-25T11:16:29.602+02:00  INFO 78794 --- [      Thread-19] d.f.e.m.s.autoconfigure.EmbeddedMongo    : {"t":{"$date":"2024-06-25T11:16:29.602+02:00"},"s":"W",  "c":"CONTROL",  "id":22184,   "ctx":"initandlisten","msg":"Soft rlimits for open file descriptors too low","attr":{"currentValue":10240,"recommendedMinimum":64000},"tags":["startupWarnings"]}
2024-06-25T11:16:29.602+02:00  INFO 78794 --- [      Thread-19] d.f.e.m.s.autoconfigure.EmbeddedMongo    : {"t":{"$date":"2024-06-25T11:16:29.602+02:00"},"s":"I",  "c":"STORAGE",  "id":20320,   "ctx":"initandlisten","msg":"createCollection","attr":{"namespace":"admin.system.version","uuidDisposition":"provided","uuid":{"uuid":{"$uuid":"74100be3-2af6-4b73-a33c-62561ca22ca8"}},"options":{"uuid":{"$uuid":"74100be3-2af6-4b73-a33c-62561ca22ca8"}}}}
2024-06-25T11:16:29.639+02:00  INFO 78794 --- [      Thread-19] d.f.e.m.s.autoconfigure.EmbeddedMongo    : {"t":{"$date":"2024-06-25T11:16:29.639+02:00"},"s":"I",  "c":"INDEX",    "id":20345,   "ctx":"initandlisten","msg":"Index build: done building","attr":{"buildUUID":null,"collectionUUID":{"uuid":{"$uuid":"74100be3-2af6-4b73-a33c-62561ca22ca8"}},"namespace":"admin.system.version","index":"_id_","ident":"index-1--6208603459038265573","collectionIdent":"collection-0--6208603459038265573","commitTimestamp":null}}
2024-06-25T11:16:29.639+02:00  INFO 78794 --- [      Thread-19] d.f.e.m.s.autoconfigure.EmbeddedMongo    : {"t":{"$date":"2024-06-25T11:16:29.639+02:00"},"s":"I",  "c":"REPL",     "id":20459,   "ctx":"initandlisten","msg":"Setting featureCompatibilityVersion","attr":{"newVersion":"6.0"}}
2024-06-25T11:16:29.639+02:00  INFO 78794 --- [      Thread-19] d.f.e.m.s.autoconfigure.EmbeddedMongo    : {"t":{"$date":"2024-06-25T11:16:29.639+02:00"},"s":"I",  "c":"REPL",     "id":5853300, "ctx":"initandlisten","msg":"current featureCompatibilityVersion value","attr":{"featureCompatibilityVersion":"6.0","context":"setFCV"}}
2024-06-25T11:16:29.639+02:00  INFO 78794 --- [      Thread-19] d.f.e.m.s.autoconfigure.EmbeddedMongo    : {"t":{"$date":"2024-06-25T11:16:29.639+02:00"},"s":"I",  "c":"NETWORK",  "id":4915702, "ctx":"initandlisten","msg":"Updated wire specification","attr":{"oldSpec":{"incomingExternalClient":{"minWireVersion":0,"maxWireVersion":17},"incomingInternalClient":{"minWireVersion":0,"maxWireVersion":17},"outgoing":{"minWireVersion":6,"maxWireVersion":17},"isInternalClient":true},"newSpec":{"incomingExternalClient":{"minWireVersion":0,"maxWireVersion":17},"incomingInternalClient":{"minWireVersion":17,"maxWireVersion":17},"outgoing":{"minWireVersion":17,"maxWireVersion":17},"isInternalClient":true}}}
2024-06-25T11:16:29.639+02:00  INFO 78794 --- [      Thread-19] d.f.e.m.s.autoconfigure.EmbeddedMongo    : {"t":{"$date":"2024-06-25T11:16:29.639+02:00"},"s":"I",  "c":"NETWORK",  "id":4915702, "ctx":"initandlisten","msg":"Updated wire specification","attr":{"oldSpec":{"incomingExternalClient":{"minWireVersion":0,"maxWireVersion":17},"incomingInternalClient":{"minWireVersion":17,"maxWireVersion":17},"outgoing":{"minWireVersion":17,"maxWireVersion":17},"isInternalClient":true},"newSpec":{"incomingExternalClient":{"minWireVersion":0,"maxWireVersion":17},"incomingInternalClient":{"minWireVersion":17,"maxWireVersion":17},"outgoing":{"minWireVersion":17,"maxWireVersion":17},"isInternalClient":true}}}
2024-06-25T11:16:29.639+02:00  INFO 78794 --- [      Thread-19] d.f.e.m.s.autoconfigure.EmbeddedMongo    : {"t":{"$date":"2024-06-25T11:16:29.639+02:00"},"s":"I",  "c":"REPL",     "id":5853300, "ctx":"initandlisten","msg":"current featureCompatibilityVersion value","attr":{"featureCompatibilityVersion":"6.0","context":"startup"}}
2024-06-25T11:16:29.639+02:00  INFO 78794 --- [      Thread-19] d.f.e.m.s.autoconfigure.EmbeddedMongo    : {"t":{"$date":"2024-06-25T11:16:29.639+02:00"},"s":"I",  "c":"STORAGE",  "id":5071100, "ctx":"initandlisten","msg":"Clearing temp directory"}
2024-06-25T11:16:29.639+02:00  INFO 78794 --- [      Thread-19] d.f.e.m.s.autoconfigure.EmbeddedMongo    : {"t":{"$date":"2024-06-25T11:16:29.639+02:00"},"s":"I",  "c":"CONTROL",  "id":20536,   "ctx":"initandlisten","msg":"Flow Control is enabled on this deployment"}
2024-06-25T11:16:29.639+02:00  INFO 78794 --- [      Thread-19] d.f.e.m.s.autoconfigure.EmbeddedMongo    : {"t":{"$date":"2024-06-25T11:16:29.639+02:00"},"s":"I",  "c":"FTDC",     "id":20625,   "ctx":"initandlisten","msg":"Initializing full-time diagnostic data capture","attr":{"dataDirectory":"/var/folders/dr/fk5c4mdx63g076r3v55pvq740000gn/T/temp--379d31aa-7947-441f-815c-0d7f33ad5a87/mongod-database13557800126975276530/diagnostic.data"}}
2024-06-25T11:16:29.640+02:00  INFO 78794 --- [      Thread-19] d.f.e.m.s.autoconfigure.EmbeddedMongo    : {"t":{"$date":"2024-06-25T11:16:29.640+02:00"},"s":"I",  "c":"STORAGE",  "id":20320,   "ctx":"initandlisten","msg":"createCollection","attr":{"namespace":"local.startup_log","uuidDisposition":"generated","uuid":{"uuid":{"$uuid":"0aaf560a-9986-422e-a4ab-5cb5eeef9ebc"}},"options":{"capped":true,"size":10485760}}}
2024-06-25T11:16:29.677+02:00  INFO 78794 --- [      Thread-19] d.f.e.m.s.autoconfigure.EmbeddedMongo    : {"t":{"$date":"2024-06-25T11:16:29.677+02:00"},"s":"I",  "c":"INDEX",    "id":20345,   "ctx":"initandlisten","msg":"Index build: done building","attr":{"buildUUID":null,"collectionUUID":{"uuid":{"$uuid":"0aaf560a-9986-422e-a4ab-5cb5eeef9ebc"}},"namespace":"local.startup_log","index":"_id_","ident":"index-3--6208603459038265573","collectionIdent":"collection-2--6208603459038265573","commitTimestamp":null}}
2024-06-25T11:16:29.678+02:00  INFO 78794 --- [      Thread-19] d.f.e.m.s.autoconfigure.EmbeddedMongo    : {"t":{"$date":"2024-06-25T11:16:29.677+02:00"},"s":"I",  "c":"REPL",     "id":6015317, "ctx":"initandlisten","msg":"Setting new configuration state","attr":{"newState":"ConfigReplicationDisabled","oldState":"ConfigPreStart"}}
2024-06-25T11:16:29.678+02:00  INFO 78794 --- [      Thread-19] d.f.e.m.s.autoconfigure.EmbeddedMongo    : {"t":{"$date":"2024-06-25T11:16:29.677+02:00"},"s":"I",  "c":"STORAGE",  "id":22262,   "ctx":"initandlisten","msg":"Timestamp monitor starting"}
2024-06-25T11:16:29.678+02:00  INFO 78794 --- [      Thread-19] d.f.e.m.s.autoconfigure.EmbeddedMongo    : {"t":{"$date":"2024-06-25T11:16:29.678+02:00"},"s":"I",  "c":"NETWORK",  "id":23015,   "ctx":"listener","msg":"Listening on","attr":{"address":"/tmp/mongodb-58237.sock"}}
2024-06-25T11:16:29.678+02:00  INFO 78794 --- [      Thread-19] d.f.e.m.s.autoconfigure.EmbeddedMongo    : {"t":{"$date":"2024-06-25T11:16:29.678+02:00"},"s":"I",  "c":"NETWORK",  "id":23015,   "ctx":"listener","msg":"Listening on","attr":{"address":"127.0.0.1"}}
2024-06-25T11:16:29.678+02:00  INFO 78794 --- [      Thread-19] d.f.e.m.s.autoconfigure.EmbeddedMongo    : {"t":{"$date":"2024-06-25T11:16:29.678+02:00"},"s":"I",  "c":"CONTROL",  "id":20712,   "ctx":"LogicalSessionCacheReap","msg":"Sessions collection is not set up; waiting until next sessions reap interval","attr":{"error":"NamespaceNotFound: config.system.sessions does not exist"}}
2024-06-25T11:16:29.678+02:00  INFO 78794 --- [      Thread-19] d.f.e.m.s.autoconfigure.EmbeddedMongo    : {"t":{"$date":"2024-06-25T11:16:29.678+02:00"},"s":"I",  "c":"NETWORK",  "id":23016,   "ctx":"listener","msg":"Waiting for connections","attr":{"port":58237,"ssl":"off"}}
2024-06-25T11:16:29.678+02:00  INFO 78794 --- [      Thread-19] d.f.e.m.s.autoconfigure.EmbeddedMongo    : {"t":{"$date":"2024-06-25T11:16:29.678+02:00"},"s":"I",  "c":"STORAGE",  "id":20320,   "ctx":"LogicalSessionCacheRefresh","msg":"createCollection","attr":{"namespace":"config.system.sessions","uuidDisposition":"generated","uuid":{"uuid":{"$uuid":"3fadca45-4ffb-4677-835f-6097dea73f3e"}},"options":{}}}
2024-06-25T11:16:29.683+02:00  INFO 78794 --- [           main] org.mongodb.driver.client                : MongoClient with metadata {"driver": {"name": "mongo-java-driver|sync|spring-boot", "version": "4.9.1"}, "os": {"type": "Darwin", "name": "Mac OS X", "architecture": "aarch64", "version": "14.5"}, "platform": "Java/Amazon.com Inc./20.0.2+9-FR"} created with settings MongoClientSettings{readPreference=primary, writeConcern=WriteConcern{w=null, wTimeout=null ms, journal=null}, retryWrites=true, retryReads=true, readConcern=ReadConcern{level=null}, credential=null, streamFactoryFactory=null, commandListeners=[], codecRegistry=ProvidersCodecRegistry{codecProviders=[ValueCodecProvider{}, BsonValueCodecProvider{}, DBRefCodecProvider{}, DBObjectCodecProvider{}, DocumentCodecProvider{}, CollectionCodecProvider{}, IterableCodecProvider{}, MapCodecProvider{}, GeoJsonCodecProvider{}, GridFSFileCodecProvider{}, Jsr310CodecProvider{}, JsonObjectCodecProvider{}, BsonCodecProvider{}, EnumCodecProvider{}, com.mongodb.client.model.mql.ExpressionCodecProvider@41c9df5c, com.mongodb.Jep395RecordCodecProvider@25be269d]}, loggerSettings=LoggerSettings{maxDocumentLength=1000}, clusterSettings={hosts=[localhost:58237], srvServiceName=mongodb, mode=SINGLE, requiredClusterType=UNKNOWN, requiredReplicaSetName='null', serverSelector='null', clusterListeners='[]', serverSelectionTimeout='30000 ms', localThreshold='30000 ms'}, socketSettings=SocketSettings{connectTimeoutMS=10000, readTimeoutMS=0, receiveBufferSize=0, sendBufferSize=0}, heartbeatSocketSettings=SocketSettings{connectTimeoutMS=10000, readTimeoutMS=10000, receiveBufferSize=0, sendBufferSize=0}, connectionPoolSettings=ConnectionPoolSettings{maxSize=100, minSize=0, maxWaitTimeMS=120000, maxConnectionLifeTimeMS=0, maxConnectionIdleTimeMS=0, maintenanceInitialDelayMS=0, maintenanceFrequencyMS=60000, connectionPoolListeners=[], maxConnecting=2}, serverSettings=ServerSettings{heartbeatFrequencyMS=10000, minHeartbeatFrequencyMS=500, serverListeners='[]', serverMonitorListeners='[]'}, sslSettings=SslSettings{enabled=false, invalidHostNameAllowed=false, context=null}, applicationName='null', compressorList=[], uuidRepresentation=JAVA_LEGACY, serverApi=null, autoEncryptionSettings=null, contextProvider=null}
2024-06-25T11:16:29.684+02:00  INFO 78794 --- [      Thread-19] d.f.e.m.s.autoconfigure.EmbeddedMongo    : {"t":{"$date":"2024-06-25T11:16:29.683+02:00"},"s":"I",  "c":"NETWORK",  "id":22943,   "ctx":"listener","msg":"Connection accepted","attr":{"remote":"127.0.0.1:58238","uuid":"07705317-97ab-4b40-b891-b5ee2dc26724","connectionId":1,"connectionCount":1}}
2024-06-25T11:16:29.684+02:00  INFO 78794 --- [      Thread-19] d.f.e.m.s.autoconfigure.EmbeddedMongo    : {"t":{"$date":"2024-06-25T11:16:29.684+02:00"},"s":"I",  "c":"NETWORK",  "id":22943,   "ctx":"listener","msg":"Connection accepted","attr":{"remote":"127.0.0.1:58239","uuid":"74aab63a-a422-4396-a039-e24ab63f0ebe","connectionId":2,"connectionCount":2}}
2024-06-25T11:16:29.684+02:00  INFO 78794 --- [      Thread-19] d.f.e.m.s.autoconfigure.EmbeddedMongo    : {"t":{"$date":"2024-06-25T11:16:29.684+02:00"},"s":"I",  "c":"NETWORK",  "id":51800,   "ctx":"conn2","msg":"client metadata","attr":{"remote":"127.0.0.1:58239","client":"conn2","doc":{"driver":{"name":"mongo-java-driver|sync|spring-boot","version":"4.9.1"},"os":{"type":"Darwin","name":"Mac OS X","architecture":"aarch64","version":"14.5"},"platform":"Java/Amazon.com Inc./20.0.2+9-FR"}}}
2024-06-25T11:16:29.684+02:00  INFO 78794 --- [      Thread-19] d.f.e.m.s.autoconfigure.EmbeddedMongo    : {"t":{"$date":"2024-06-25T11:16:29.684+02:00"},"s":"I",  "c":"NETWORK",  "id":51800,   "ctx":"conn1","msg":"client metadata","attr":{"remote":"127.0.0.1:58238","client":"conn1","doc":{"driver":{"name":"mongo-java-driver|sync|spring-boot","version":"4.9.1"},"os":{"type":"Darwin","name":"Mac OS X","architecture":"aarch64","version":"14.5"},"platform":"Java/Amazon.com Inc./20.0.2+9-FR"}}}
2024-06-25T11:16:29.685+02:00  INFO 78794 --- [localhost:58237] org.mongodb.driver.cluster               : Monitor thread successfully connected to server with description ServerDescription{address=localhost:58237, type=STANDALONE, state=CONNECTED, ok=true, minWireVersion=0, maxWireVersion=17, maxDocumentSize=16777216, logicalSessionTimeoutMinutes=30, roundTripTimeNanos=1293833}
2024-06-25T11:16:29.726+02:00  WARN 78794 --- [           main] JpaBaseConfiguration$JpaWebConfiguration : spring.jpa.open-in-view is enabled by default. Therefore, database queries may be performed during view rendering. Explicitly configure spring.jpa.open-in-view to disable this warning
2024-06-25T11:16:29.733+02:00  INFO 78794 --- [           main] o.s.b.a.w.s.WelcomePageHandlerMapping    : Adding welcome page: class path resource [static/index.html]
2024-06-25T11:16:29.735+02:00  INFO 78794 --- [      Thread-19] d.f.e.m.s.autoconfigure.EmbeddedMongo    : {"t":{"$date":"2024-06-25T11:16:29.734+02:00"},"s":"I",  "c":"INDEX",    "id":20345,   "ctx":"LogicalSessionCacheRefresh","msg":"Index build: done building","attr":{"buildUUID":null,"collectionUUID":{"uuid":{"$uuid":"3fadca45-4ffb-4677-835f-6097dea73f3e"}},"namespace":"config.system.sessions","index":"_id_","ident":"index-5--6208603459038265573","collectionIdent":"collection-4--6208603459038265573","commitTimestamp":null}}
2024-06-25T11:16:29.735+02:00  INFO 78794 --- [      Thread-19] d.f.e.m.s.autoconfigure.EmbeddedMongo    : {"t":{"$date":"2024-06-25T11:16:29.734+02:00"},"s":"I",  "c":"INDEX",    "id":20345,   "ctx":"LogicalSessionCacheRefresh","msg":"Index build: done building","attr":{"buildUUID":null,"collectionUUID":{"uuid":{"$uuid":"3fadca45-4ffb-4677-835f-6097dea73f3e"}},"namespace":"config.system.sessions","index":"lsidTTLIndex","ident":"index-6--6208603459038265573","collectionIdent":"collection-4--6208603459038265573","commitTimestamp":null}}
2024-06-25T11:16:30.016+02:00  INFO 78794 --- [           main] o.s.s.web.DefaultSecurityFilterChain     : Will secure any request with [org.springframework.security.web.session.DisableEncodeUrlFilter@1d60919f, org.springframework.security.web.session.ForceEagerSessionCreationFilter@2b8aa331, org.springframework.security.web.context.request.async.WebAsyncManagerIntegrationFilter@65606149, org.springframework.security.web.context.SecurityContextHolderFilter@5497f68c, org.springframework.security.web.header.HeaderWriterFilter@64f599b2, org.springframework.security.web.csrf.CsrfFilter@67774b05, org.springframework.security.web.authentication.logout.LogoutFilter@7af60b5d, org.springframework.security.web.authentication.www.BasicAuthenticationFilter@ef7156f, org.springframework.security.web.savedrequest.RequestCacheAwareFilter@7d513498, org.springframework.security.web.servletapi.SecurityContextHolderAwareRequestFilter@35a10a89, org.springframework.security.web.authentication.AnonymousAuthenticationFilter@4210168, org.springframework.security.web.session.SessionManagementFilter@965abc6, org.springframework.security.web.access.ExceptionTranslationFilter@38922fa1, org.springframework.security.web.access.intercept.AuthorizationFilter@5786d4d1]
2024-06-25T11:16:30.060+02:00  INFO 78794 --- [           main] o.s.b.t.m.w.SpringBootMockServletContext : Initializing Spring TestDispatcherServlet ''
2024-06-25T11:16:30.060+02:00  INFO 78794 --- [           main] o.s.t.web.servlet.TestDispatcherServlet  : Initializing Servlet ''
2024-06-25T11:16:30.060+02:00  INFO 78794 --- [           main] o.s.t.web.servlet.TestDispatcherServlet  : Completed initialization in 0 ms
2024-06-25T11:16:30.065+02:00  INFO 78794 --- [           main] d.n.b.c.UserControllerIntegrationTest    : Started UserControllerIntegrationTest in 1.883 seconds (process running for 20.669)
2024-06-25T11:16:30.230+02:00  INFO 78794 --- [      Thread-19] d.f.e.m.s.autoconfigure.EmbeddedMongo    : {"t":{"$date":"2024-06-25T11:16:30.230+02:00"},"s":"I",  "c":"NETWORK",  "id":22943,   "ctx":"listener","msg":"Connection accepted","attr":{"remote":"127.0.0.1:58240","uuid":"02eedd5a-f976-4329-86ec-324766459104","connectionId":3,"connectionCount":3}}
2024-06-25T11:16:30.231+02:00  INFO 78794 --- [      Thread-19] d.f.e.m.s.autoconfigure.EmbeddedMongo    : {"t":{"$date":"2024-06-25T11:16:30.231+02:00"},"s":"I",  "c":"NETWORK",  "id":51800,   "ctx":"conn3","msg":"client metadata","attr":{"remote":"127.0.0.1:58240","client":"conn3","doc":{"driver":{"name":"mongo-java-driver|sync|spring-boot","version":"4.9.1"},"os":{"type":"Darwin","name":"Mac OS X","architecture":"aarch64","version":"14.5"},"platform":"Java/Amazon.com Inc./20.0.2+9-FR"}}}
2024-06-25T11:16:30.236+02:00  INFO 78794 --- [      Thread-19] d.f.e.m.s.autoconfigure.EmbeddedMongo    : {"t":{"$date":"2024-06-25T11:16:30.236+02:00"},"s":"I",  "c":"STORAGE",  "id":20320,   "ctx":"conn3","msg":"createCollection","attr":{"namespace":"test.users","uuidDisposition":"generated","uuid":{"uuid":{"$uuid":"7fa39829-7b69-4be2-a592-901e1ff884d3"}},"options":{}}}
2024-06-25T11:16:30.282+02:00  INFO 78794 --- [      Thread-19] d.f.e.m.s.autoconfigure.EmbeddedMongo    : {"t":{"$date":"2024-06-25T11:16:30.281+02:00"},"s":"I",  "c":"INDEX",    "id":20345,   "ctx":"conn3","msg":"Index build: done building","attr":{"buildUUID":null,"collectionUUID":{"uuid":{"$uuid":"7fa39829-7b69-4be2-a592-901e1ff884d3"}},"namespace":"test.users","index":"_id_","ident":"index-8--6208603459038265573","collectionIdent":"collection-7--6208603459038265573","commitTimestamp":null}}
2024-06-25T11:16:30.297+02:00  INFO 78794 --- [      Thread-19] d.f.e.m.s.autoconfigure.EmbeddedMongo    : {"t":{"$date":"2024-06-25T11:16:30.296+02:00"},"s":"I",  "c":"NETWORK",  "id":22944,   "ctx":"conn3","msg":"Connection ended","attr":{"remote":"127.0.0.1:58240","uuid":"02eedd5a-f976-4329-86ec-324766459104","connectionId":3,"connectionCount":2}}
2024-06-25T11:16:30.297+02:00  INFO 78794 --- [      Thread-19] d.f.e.m.s.autoconfigure.EmbeddedMongo    : {"t":{"$date":"2024-06-25T11:16:30.297+02:00"},"s":"I",  "c":"NETWORK",  "id":22944,   "ctx":"conn1","msg":"Connection ended","attr":{"remote":"127.0.0.1:58238","uuid":"07705317-97ab-4b40-b891-b5ee2dc26724","connectionId":1,"connectionCount":1}}
2024-06-25T11:16:30.297+02:00  INFO 78794 --- [      Thread-19] d.f.e.m.s.autoconfigure.EmbeddedMongo    : {"t":{"$date":"2024-06-25T11:16:30.297+02:00"},"s":"I",  "c":"NETWORK",  "id":22943,   "ctx":"listener","msg":"Connection accepted","attr":{"remote":"127.0.0.1:58241","uuid":"d2a91afc-b1b5-41c5-8662-9c1769d4e06b","connectionId":4,"connectionCount":2}}
2024-06-25T11:16:30.298+02:00  INFO 78794 --- [      Thread-19] d.f.e.m.s.autoconfigure.EmbeddedMongo    : {"t":{"$date":"2024-06-25T11:16:30.298+02:00"},"s":"W",  "c":"COMMAND",  "id":5578800, "ctx":"conn4","msg":"Received wire protocol op code or command that is no longer supported. The client driver may require an upgrade. For more details see https://dochub.mongodb.org/core/legacy-opcode-removal","attr":{"op":"query","clientInfo":{"address":"127.0.0.1:58241"}}}
2024-06-25T11:16:30.298+02:00 ERROR 78794 --- [           main] d.flapdoodle.embed.mongo.runtime.Mongod  : Got some response, should be an error message
2024-06-25T11:16:30.298+02:00  INFO 78794 --- [      Thread-19] d.f.e.m.s.autoconfigure.EmbeddedMongo    : {"t":{"$date":"2024-06-25T11:16:30.298+02:00"},"s":"I",  "c":"NETWORK",  "id":22944,   "ctx":"conn4","msg":"Connection ended","attr":{"remote":"127.0.0.1:58241","uuid":"d2a91afc-b1b5-41c5-8662-9c1769d4e06b","connectionId":4,"connectionCount":1}}
2024-06-25T11:16:30.401+02:00  INFO 78794 --- [      Thread-19] d.f.e.m.s.autoconfigure.EmbeddedMongo    : {"t":{"$date":"2024-06-25T11:16:30.401+02:00"},"s":"I",  "c":"NETWORK",  "id":22943,   "ctx":"listener","msg":"Connection accepted","attr":{"remote":"127.0.0.1:58242","uuid":"564e5430-6516-419b-b8be-1e9cbf42edce","connectionId":5,"connectionCount":2}}
2024-06-25T11:16:30.401+02:00  INFO 78794 --- [      Thread-19] d.f.e.m.s.autoconfigure.EmbeddedMongo    : {"t":{"$date":"2024-06-25T11:16:30.401+02:00"},"s":"I",  "c":"COMMAND",  "id":4695400, "ctx":"conn5","msg":"Terminating via shutdown command","attr":{"force":false,"timeoutMillis":15000}}
2024-06-25T11:16:30.401+02:00  INFO 78794 --- [      Thread-19] d.f.e.m.s.autoconfigure.EmbeddedMongo    : {"t":{"$date":"2024-06-25T11:16:30.401+02:00"},"s":"I",  "c":"REPL",     "id":4794602, "ctx":"thread31","msg":"Attempting to enter quiesce mode"}
2024-06-25T11:16:30.401+02:00  INFO 78794 --- [      Thread-19] d.f.e.m.s.autoconfigure.EmbeddedMongo    : {"t":{"$date":"2024-06-25T11:16:30.401+02:00"},"s":"I",  "c":"-",        "id":6371601, "ctx":"thread31","msg":"Shutting down the FLE Crud thread pool"}
2024-06-25T11:16:30.401+02:00  INFO 78794 --- [      Thread-19] d.f.e.m.s.autoconfigure.EmbeddedMongo    : {"t":{"$date":"2024-06-25T11:16:30.401+02:00"},"s":"I",  "c":"COMMAND",  "id":4784901, "ctx":"thread31","msg":"Shutting down the MirrorMaestro"}
2024-06-25T11:16:30.401+02:00  INFO 78794 --- [      Thread-19] d.f.e.m.s.autoconfigure.EmbeddedMongo    : {"t":{"$date":"2024-06-25T11:16:30.401+02:00"},"s":"I",  "c":"SHARDING", "id":4784902, "ctx":"thread31","msg":"Shutting down the WaitForMajorityService"}
2024-06-25T11:16:30.401+02:00  INFO 78794 --- [      Thread-19] d.f.e.m.s.autoconfigure.EmbeddedMongo    : {"t":{"$date":"2024-06-25T11:16:30.401+02:00"},"s":"I",  "c":"CONTROL",  "id":4784903, "ctx":"thread31","msg":"Shutting down the LogicalSessionCache"}
2024-06-25T11:16:30.401+02:00  INFO 78794 --- [      Thread-19] d.f.e.m.s.autoconfigure.EmbeddedMongo    : {"t":{"$date":"2024-06-25T11:16:30.401+02:00"},"s":"I",  "c":"NETWORK",  "id":20562,   "ctx":"thread31","msg":"Shutdown: going to close listening sockets"}
2024-06-25T11:16:30.401+02:00  INFO 78794 --- [      Thread-19] d.f.e.m.s.autoconfigure.EmbeddedMongo    : {"t":{"$date":"2024-06-25T11:16:30.401+02:00"},"s":"I",  "c":"NETWORK",  "id":23017,   "ctx":"listener","msg":"removing socket file","attr":{"path":"/tmp/mongodb-58237.sock"}}
2024-06-25T11:16:30.402+02:00  INFO 78794 --- [      Thread-19] d.f.e.m.s.autoconfigure.EmbeddedMongo    : {"t":{"$date":"2024-06-25T11:16:30.402+02:00"},"s":"I",  "c":"NETWORK",  "id":4784905, "ctx":"thread31","msg":"Shutting down the global connection pool"}
2024-06-25T11:16:30.402+02:00  INFO 78794 --- [      Thread-19] d.f.e.m.s.autoconfigure.EmbeddedMongo    : {"t":{"$date":"2024-06-25T11:16:30.402+02:00"},"s":"I",  "c":"CONTROL",  "id":4784906, "ctx":"thread31","msg":"Shutting down the FlowControlTicketholder"}
2024-06-25T11:16:30.402+02:00  INFO 78794 --- [      Thread-19] d.f.e.m.s.autoconfigure.EmbeddedMongo    : {"t":{"$date":"2024-06-25T11:16:30.402+02:00"},"s":"I",  "c":"-",        "id":20520,   "ctx":"thread31","msg":"Stopping further Flow Control ticket acquisitions."}
2024-06-25T11:16:30.402+02:00  INFO 78794 --- [      Thread-19] d.f.e.m.s.autoconfigure.EmbeddedMongo    : {"t":{"$date":"2024-06-25T11:16:30.402+02:00"},"s":"I",  "c":"CONTROL",  "id":4784908, "ctx":"thread31","msg":"Shutting down the PeriodicThreadToAbortExpiredTransactions"}
2024-06-25T11:16:30.402+02:00  INFO 78794 --- [      Thread-19] d.f.e.m.s.autoconfigure.EmbeddedMongo    : {"t":{"$date":"2024-06-25T11:16:30.402+02:00"},"s":"I",  "c":"REPL",     "id":4784909, "ctx":"thread31","msg":"Shutting down the ReplicationCoordinator"}
2024-06-25T11:16:30.402+02:00  INFO 78794 --- [      Thread-19] d.f.e.m.s.autoconfigure.EmbeddedMongo    : {"t":{"$date":"2024-06-25T11:16:30.402+02:00"},"s":"I",  "c":"SHARDING", "id":4784910, "ctx":"thread31","msg":"Shutting down the ShardingInitializationMongoD"}
2024-06-25T11:16:30.402+02:00  INFO 78794 --- [      Thread-19] d.f.e.m.s.autoconfigure.EmbeddedMongo    : {"t":{"$date":"2024-06-25T11:16:30.402+02:00"},"s":"I",  "c":"REPL",     "id":4784911, "ctx":"thread31","msg":"Enqueuing the ReplicationStateTransitionLock for shutdown"}
2024-06-25T11:16:30.402+02:00  INFO 78794 --- [      Thread-19] d.f.e.m.s.autoconfigure.EmbeddedMongo    : {"t":{"$date":"2024-06-25T11:16:30.402+02:00"},"s":"I",  "c":"-",        "id":4784912, "ctx":"thread31","msg":"Killing all operations for shutdown"}
2024-06-25T11:16:30.402+02:00  INFO 78794 --- [      Thread-19] d.f.e.m.s.autoconfigure.EmbeddedMongo    : {"t":{"$date":"2024-06-25T11:16:30.402+02:00"},"s":"I",  "c":"-",        "id":4695300, "ctx":"thread31","msg":"Interrupted all currently running operations","attr":{"opsKilled":4}}
2024-06-25T11:16:30.402+02:00  INFO 78794 --- [      Thread-19] d.f.e.m.s.autoconfigure.EmbeddedMongo    : {"t":{"$date":"2024-06-25T11:16:30.402+02:00"},"s":"I",  "c":"TENANT_M", "id":5093807, "ctx":"thread31","msg":"Shutting down all TenantMigrationAccessBlockers on global shutdown"}
2024-06-25T11:16:30.402+02:00  INFO 78794 --- [      Thread-19] d.f.e.m.s.autoconfigure.EmbeddedMongo    : {"t":{"$date":"2024-06-25T11:16:30.402+02:00"},"s":"I",  "c":"COMMAND",  "id":4784913, "ctx":"thread31","msg":"Shutting down all open transactions"}
2024-06-25T11:16:30.402+02:00  INFO 78794 --- [      Thread-19] d.f.e.m.s.autoconfigure.EmbeddedMongo    : {"t":{"$date":"2024-06-25T11:16:30.402+02:00"},"s":"I",  "c":"REPL",     "id":4784914, "ctx":"thread31","msg":"Acquiring the ReplicationStateTransitionLock for shutdown"}
2024-06-25T11:16:30.402+02:00  INFO 78794 --- [      Thread-19] d.f.e.m.s.autoconfigure.EmbeddedMongo    : {"t":{"$date":"2024-06-25T11:16:30.402+02:00"},"s":"I",  "c":"INDEX",    "id":4784915, "ctx":"thread31","msg":"Shutting down the IndexBuildsCoordinator"}
2024-06-25T11:16:30.402+02:00  INFO 78794 --- [      Thread-19] d.f.e.m.s.autoconfigure.EmbeddedMongo    : {"t":{"$date":"2024-06-25T11:16:30.402+02:00"},"s":"I",  "c":"NETWORK",  "id":4784918, "ctx":"thread31","msg":"Shutting down the ReplicaSetMonitor"}
2024-06-25T11:16:30.402+02:00  INFO 78794 --- [      Thread-19] d.f.e.m.s.autoconfigure.EmbeddedMongo    : {"t":{"$date":"2024-06-25T11:16:30.402+02:00"},"s":"I",  "c":"SHARDING", "id":4784921, "ctx":"thread31","msg":"Shutting down the MigrationUtilExecutor"}
2024-06-25T11:16:30.402+02:00  INFO 78794 --- [      Thread-19] d.f.e.m.s.autoconfigure.EmbeddedMongo    : {"t":{"$date":"2024-06-25T11:16:30.402+02:00"},"s":"I",  "c":"ASIO",     "id":22582,   "ctx":"MigrationUtil-TaskExecutor","msg":"Killing all outstanding egress activity."}
2024-06-25T11:16:30.402+02:00  INFO 78794 --- [      Thread-19] d.f.e.m.s.autoconfigure.EmbeddedMongo    : {"t":{"$date":"2024-06-25T11:16:30.402+02:00"},"s":"I",  "c":"COMMAND",  "id":4784923, "ctx":"thread31","msg":"Shutting down the ServiceEntryPoint"}
2024-06-25T11:16:30.402+02:00  INFO 78794 --- [      Thread-19] d.f.e.m.s.autoconfigure.EmbeddedMongo    : {"t":{"$date":"2024-06-25T11:16:30.402+02:00"},"s":"I",  "c":"CONTROL",  "id":4784925, "ctx":"thread31","msg":"Shutting down free monitoring"}
2024-06-25T11:16:30.402+02:00  INFO 78794 --- [      Thread-19] d.f.e.m.s.autoconfigure.EmbeddedMongo    : {"t":{"$date":"2024-06-25T11:16:30.402+02:00"},"s":"I",  "c":"CONTROL",  "id":20609,   "ctx":"thread31","msg":"Shutting down free monitoring"}
2024-06-25T11:16:30.402+02:00  INFO 78794 --- [      Thread-19] d.f.e.m.s.autoconfigure.EmbeddedMongo    : {"t":{"$date":"2024-06-25T11:16:30.402+02:00"},"s":"I",  "c":"CONTROL",  "id":4784927, "ctx":"thread31","msg":"Shutting down the HealthLog"}
2024-06-25T11:16:30.402+02:00  INFO 78794 --- [      Thread-19] d.f.e.m.s.autoconfigure.EmbeddedMongo    : {"t":{"$date":"2024-06-25T11:16:30.402+02:00"},"s":"I",  "c":"CONTROL",  "id":4784928, "ctx":"thread31","msg":"Shutting down the TTL monitor"}
2024-06-25T11:16:30.402+02:00  INFO 78794 --- [      Thread-19] d.f.e.m.s.autoconfigure.EmbeddedMongo    : {"t":{"$date":"2024-06-25T11:16:30.402+02:00"},"s":"I",  "c":"INDEX",    "id":3684100, "ctx":"thread31","msg":"Shutting down TTL collection monitor thread"}
2024-06-25T11:16:30.402+02:00  INFO 78794 --- [      Thread-19] d.f.e.m.s.autoconfigure.EmbeddedMongo    : {"t":{"$date":"2024-06-25T11:16:30.402+02:00"},"s":"I",  "c":"INDEX",    "id":3684101, "ctx":"thread31","msg":"Finished shutting down TTL collection monitor thread"}
2024-06-25T11:16:30.402+02:00  INFO 78794 --- [      Thread-19] d.f.e.m.s.autoconfigure.EmbeddedMongo    : {"t":{"$date":"2024-06-25T11:16:30.402+02:00"},"s":"I",  "c":"CONTROL",  "id":6278511, "ctx":"thread31","msg":"Shutting down the Change Stream Expired Pre-images Remover"}
2024-06-25T11:16:30.402+02:00  INFO 78794 --- [      Thread-19] d.f.e.m.s.autoconfigure.EmbeddedMongo    : {"t":{"$date":"2024-06-25T11:16:30.402+02:00"},"s":"I",  "c":"CONTROL",  "id":4784929, "ctx":"thread31","msg":"Acquiring the global lock for shutdown"}
2024-06-25T11:16:30.402+02:00  INFO 78794 --- [      Thread-19] d.f.e.m.s.autoconfigure.EmbeddedMongo    : {"t":{"$date":"2024-06-25T11:16:30.402+02:00"},"s":"I",  "c":"CONTROL",  "id":4784930, "ctx":"thread31","msg":"Shutting down the storage engine"}
2024-06-25T11:16:30.402+02:00  INFO 78794 --- [      Thread-19] d.f.e.m.s.autoconfigure.EmbeddedMongo    : {"t":{"$date":"2024-06-25T11:16:30.402+02:00"},"s":"I",  "c":"STORAGE",  "id":22320,   "ctx":"thread31","msg":"Shutting down journal flusher thread"}
2024-06-25T11:16:30.402+02:00  INFO 78794 --- [      Thread-19] d.f.e.m.s.autoconfigure.EmbeddedMongo    : {"t":{"$date":"2024-06-25T11:16:30.402+02:00"},"s":"I",  "c":"NETWORK",  "id":22944,   "ctx":"conn2","msg":"Connection ended","attr":{"remote":"127.0.0.1:58239","uuid":"74aab63a-a422-4396-a039-e24ab63f0ebe","connectionId":2,"connectionCount":1}}
2024-06-25T11:16:30.451+02:00  INFO 78794 --- [      Thread-19] d.f.e.m.s.autoconfigure.EmbeddedMongo    : {"t":{"$date":"2024-06-25T11:16:30.451+02:00"},"s":"I",  "c":"STORAGE",  "id":22321,   "ctx":"thread31","msg":"Finished shutting down journal flusher thread"}
2024-06-25T11:16:30.451+02:00  INFO 78794 --- [      Thread-19] d.f.e.m.s.autoconfigure.EmbeddedMongo    : {"t":{"$date":"2024-06-25T11:16:30.451+02:00"},"s":"I",  "c":"STORAGE",  "id":22322,   "ctx":"thread31","msg":"Shutting down checkpoint thread"}
2024-06-25T11:16:30.451+02:00  INFO 78794 --- [      Thread-19] d.f.e.m.s.autoconfigure.EmbeddedMongo    : {"t":{"$date":"2024-06-25T11:16:30.451+02:00"},"s":"I",  "c":"STORAGE",  "id":22323,   "ctx":"thread31","msg":"Finished shutting down checkpoint thread"}
2024-06-25T11:16:30.451+02:00  INFO 78794 --- [      Thread-19] d.f.e.m.s.autoconfigure.EmbeddedMongo    : {"t":{"$date":"2024-06-25T11:16:30.451+02:00"},"s":"I",  "c":"STORAGE",  "id":20282,   "ctx":"thread31","msg":"Deregistering all the collections"}
2024-06-25T11:16:30.451+02:00  INFO 78794 --- [      Thread-19] d.f.e.m.s.autoconfigure.EmbeddedMongo    : {"t":{"$date":"2024-06-25T11:16:30.451+02:00"},"s":"I",  "c":"STORAGE",  "id":22261,   "ctx":"thread31","msg":"Timestamp monitor shutting down"}
2024-06-25T11:16:30.451+02:00  INFO 78794 --- [      Thread-19] d.f.e.m.s.autoconfigure.EmbeddedMongo    : {"t":{"$date":"2024-06-25T11:16:30.451+02:00"},"s":"I",  "c":"STORAGE",  "id":22317,   "ctx":"thread31","msg":"WiredTigerKVEngine shutting down"}
2024-06-25T11:16:30.451+02:00  INFO 78794 --- [      Thread-19] d.f.e.m.s.autoconfigure.EmbeddedMongo    : {"t":{"$date":"2024-06-25T11:16:30.451+02:00"},"s":"I",  "c":"STORAGE",  "id":22318,   "ctx":"thread31","msg":"Shutting down session sweeper thread"}
2024-06-25T11:16:30.451+02:00  INFO 78794 --- [      Thread-19] d.f.e.m.s.autoconfigure.EmbeddedMongo    : {"t":{"$date":"2024-06-25T11:16:30.451+02:00"},"s":"I",  "c":"STORAGE",  "id":22319,   "ctx":"thread31","msg":"Finished shutting down session sweeper thread"}
2024-06-25T11:16:30.451+02:00  INFO 78794 --- [      Thread-19] d.f.e.m.s.autoconfigure.EmbeddedMongo    : {"t":{"$date":"2024-06-25T11:16:30.451+02:00"},"s":"I",  "c":"STORAGE",  "id":4795902, "ctx":"thread31","msg":"Closing WiredTiger","attr":{"closeConfig":"leak_memory=true,"}}
2024-06-25T11:16:30.478+02:00  INFO 78794 --- [      Thread-19] d.f.e.m.s.autoconfigure.EmbeddedMongo    : {"t":{"$date":"2024-06-25T11:16:30.478+02:00"},"s":"I",  "c":"STORAGE",  "id":4795901, "ctx":"thread31","msg":"WiredTiger closed","attr":{"durationMillis":27}}
2024-06-25T11:16:30.478+02:00  INFO 78794 --- [      Thread-19] d.f.e.m.s.autoconfigure.EmbeddedMongo    : {"t":{"$date":"2024-06-25T11:16:30.478+02:00"},"s":"I",  "c":"STORAGE",  "id":22279,   "ctx":"thread31","msg":"shutdown: removing fs lock..."}
2024-06-25T11:16:30.479+02:00  INFO 78794 --- [      Thread-19] d.f.e.m.s.autoconfigure.EmbeddedMongo    : {"t":{"$date":"2024-06-25T11:16:30.478+02:00"},"s":"I",  "c":"-",        "id":4784931, "ctx":"thread31","msg":"Dropping the scope cache for shutdown"}
2024-06-25T11:16:30.479+02:00  INFO 78794 --- [      Thread-19] d.f.e.m.s.autoconfigure.EmbeddedMongo    : {"t":{"$date":"2024-06-25T11:16:30.478+02:00"},"s":"I",  "c":"FTDC",     "id":20626,   "ctx":"thread31","msg":"Shutting down full-time diagnostic data capture"}
2024-06-25T11:16:30.480+02:00  INFO 78794 --- [      Thread-19] d.f.e.m.s.autoconfigure.EmbeddedMongo    : {"t":{"$date":"2024-06-25T11:16:30.480+02:00"},"s":"I",  "c":"CONTROL",  "id":20565,   "ctx":"thread31","msg":"Now exiting"}
2024-06-25T11:16:30.480+02:00  INFO 78794 --- [      Thread-19] d.f.e.m.s.autoconfigure.EmbeddedMongo    : {"t":{"$date":"2024-06-25T11:16:30.480+02:00"},"s":"I",  "c":"CONTROL",  "id":23138,   "ctx":"thread31","msg":"Shutting down","attr":{"exitCode":0}}
2024-06-25T11:16:30.590+02:00  INFO 78794 --- [           main] j.LocalContainerEntityManagerFactoryBean : Closing JPA EntityManagerFactory for persistence unit 'default'
2024-06-25T11:16:30.590+02:00  INFO 78794 --- [           main] com.zaxxer.hikari.HikariDataSource       : HikariPool-5 - Shutdown initiated...
2024-06-25T11:16:30.591+02:00  INFO 78794 --- [           main] com.zaxxer.hikari.HikariDataSource       : HikariPool-5 - Shutdown completed.
]]></system-out>
  </testcase>
  <testcase name="test_GetUsername" classname="de.neuefische.backend.controllers.UserControllerIntegrationTest" time="0.01">
    <system-out><![CDATA[
  .   ____          _            __ _ _
 /\\ / ___'_ __ _ _(_)_ __  __ _ \ \ \ \
( ( )\___ | '_ | '_| | '_ \/ _` | \ \ \ \
 \\/  ___)| |_)| | | | | || (_| |  ) ) ) )
  '  |____| .__|_| |_|_| |_\__, | / / / /
 =========|_|==============|___/=/_/_/_/
 :: Spring Boot ::                (v3.1.0)

2024-06-25T11:16:30.604+02:00  INFO 78794 --- [           main] d.n.b.c.UserControllerIntegrationTest    : Starting UserControllerIntegrationTest using Java 20.0.2 with PID 78794 (started by paffen in /Users/paffen/IdeaProjects/capstone-foodspot/backend)
2024-06-25T11:16:30.604+02:00  INFO 78794 --- [           main] d.n.b.c.UserControllerIntegrationTest    : No active profile set, falling back to 1 default profile: "default"
2024-06-25T11:16:30.737+02:00  INFO 78794 --- [           main] .s.d.r.c.RepositoryConfigurationDelegate : Multiple Spring Data modules found, entering strict repository configuration mode
2024-06-25T11:16:30.737+02:00  INFO 78794 --- [           main] .s.d.r.c.RepositoryConfigurationDelegate : Bootstrapping Spring Data JPA repositories in DEFAULT mode.
2024-06-25T11:16:30.740+02:00  INFO 78794 --- [           main] .RepositoryConfigurationExtensionSupport : Spring Data JPA - Could not safely identify store assignment for repository candidate interface de.neuefische.backend.repos.FoodSpotRepo; If you want this repository to be a JPA repository, consider annotating your entities with one of these annotations: jakarta.persistence.Entity, jakarta.persistence.MappedSuperclass (preferred), or consider extending one of the following types with your repository: org.springframework.data.jpa.repository.JpaRepository
2024-06-25T11:16:30.740+02:00  INFO 78794 --- [           main] .RepositoryConfigurationExtensionSupport : Spring Data JPA - Could not safely identify store assignment for repository candidate interface de.neuefische.backend.repos.UserRepo; If you want this repository to be a JPA repository, consider annotating your entities with one of these annotations: jakarta.persistence.Entity, jakarta.persistence.MappedSuperclass (preferred), or consider extending one of the following types with your repository: org.springframework.data.jpa.repository.JpaRepository
2024-06-25T11:16:30.740+02:00  INFO 78794 --- [           main] .s.d.r.c.RepositoryConfigurationDelegate : Finished Spring Data repository scanning in 2 ms. Found 0 JPA repository interfaces.
2024-06-25T11:16:30.743+02:00  INFO 78794 --- [           main] .s.d.r.c.RepositoryConfigurationDelegate : Multiple Spring Data modules found, entering strict repository configuration mode
2024-06-25T11:16:30.744+02:00  INFO 78794 --- [           main] .s.d.r.c.RepositoryConfigurationDelegate : Bootstrapping Spring Data MongoDB repositories in DEFAULT mode.
2024-06-25T11:16:30.748+02:00  INFO 78794 --- [           main] .s.d.r.c.RepositoryConfigurationDelegate : Finished Spring Data repository scanning in 4 ms. Found 2 MongoDB repository interfaces.
2024-06-25T11:16:30.774+02:00  INFO 78794 --- [           main] trationDelegate$BeanPostProcessorChecker : Bean 'de.flapdoodle.embed.mongo.spring.autoconfigure.EmbeddedMongoAutoConfiguration' of type [de.flapdoodle.embed.mongo.spring.autoconfigure.EmbeddedMongoAutoConfiguration] is not eligible for getting processed by all BeanPostProcessors (for example: not eligible for auto-proxying)
2024-06-25T11:16:30.776+02:00  INFO 78794 --- [           main] trationDelegate$BeanPostProcessorChecker : Bean 'de.flapdoodle.mongodb.embedded-de.flapdoodle.embed.mongo.spring.autoconfigure.EmbeddedMongoProperties' of type [de.flapdoodle.embed.mongo.spring.autoconfigure.EmbeddedMongoProperties] is not eligible for getting processed by all BeanPostProcessors (for example: not eligible for auto-proxying)
2024-06-25T11:16:30.777+02:00  INFO 78794 --- [           main] trationDelegate$BeanPostProcessorChecker : Bean 'spring.data.mongodb-org.springframework.boot.autoconfigure.mongo.MongoProperties' of type [org.springframework.boot.autoconfigure.mongo.MongoProperties] is not eligible for getting processed by all BeanPostProcessors (for example: not eligible for auto-proxying)
2024-06-25T11:16:30.791+02:00  INFO 78794 --- [           main] com.zaxxer.hikari.HikariDataSource       : HikariPool-6 - Starting...
2024-06-25T11:16:30.794+02:00  INFO 78794 --- [           main] com.zaxxer.hikari.pool.HikariPool        : HikariPool-6 - Added connection conn50: url=jdbc:h2:mem:e44b48a5-6f43-4c15-a83e-ebf2d7d5682d user=SA
2024-06-25T11:16:30.794+02:00  INFO 78794 --- [           main] com.zaxxer.hikari.HikariDataSource       : HikariPool-6 - Start completed.
2024-06-25T11:16:30.795+02:00  INFO 78794 --- [           main] o.hibernate.jpa.internal.util.LogHelper  : HHH000204: Processing PersistenceUnitInfo [name: default]
2024-06-25T11:16:30.798+02:00  INFO 78794 --- [           main] o.h.b.i.BytecodeProviderInitiator        : HHH000021: Bytecode provider name : bytebuddy
2024-06-25T11:16:30.798+02:00  INFO 78794 --- [           main] o.s.o.j.p.SpringPersistenceUnitInfo      : No LoadTimeWeaver setup: ignoring JPA class transformer
2024-06-25T11:16:30.799+02:00  INFO 78794 --- [           main] org.hibernate.orm.dialect                : HHH035001: Using dialect: org.hibernate.dialect.H2Dialect, version: 1.4.200
2024-06-25T11:16:30.802+02:00  INFO 78794 --- [           main] o.h.b.i.BytecodeProviderInitiator        : HHH000021: Bytecode provider name : bytebuddy
2024-06-25T11:16:30.805+02:00  INFO 78794 --- [           main] o.h.e.t.j.p.i.JtaPlatformInitiator       : HHH000490: Using JtaPlatform implementation: [org.hibernate.engine.transaction.jta.platform.internal.NoJtaPlatform]
2024-06-25T11:16:30.805+02:00  INFO 78794 --- [           main] j.LocalContainerEntityManagerFactoryBean : Initialized JPA EntityManagerFactory for persistence unit 'default'
2024-06-25T11:16:30.813+02:00  INFO 78794 --- [           main] d.f.e.m.s.a.SyncClientServerFactory      : sync server factory
2024-06-25T11:16:30.915+02:00  INFO 78794 --- [      Thread-23] d.f.e.m.s.autoconfigure.EmbeddedMongo    : {"t":{"$date":"2024-06-25T11:16:30.914+02:00"},"s":"I",  "c":"NETWORK",  "id":4915701, "ctx":"-","msg":"Initialized wire specification","attr":{"spec":{"incomingExternalClient":{"minWireVersion":0,"maxWireVersion":17},"incomingInternalClient":{"minWireVersion":0,"maxWireVersion":17},"outgoing":{"minWireVersion":6,"maxWireVersion":17},"isInternalClient":true}}}
2024-06-25T11:16:30.915+02:00  INFO 78794 --- [      Thread-23] d.f.e.m.s.autoconfigure.EmbeddedMongo    : {"t":{"$date":"2024-06-25T11:16:30.914+02:00"},"s":"I",  "c":"CONTROL",  "id":23285,   "ctx":"-","msg":"Automatically disabling TLS 1.0, to force-enable TLS 1.0 specify --sslDisabledProtocols 'none'"}
2024-06-25T11:16:30.917+02:00  INFO 78794 --- [      Thread-23] d.f.e.m.s.autoconfigure.EmbeddedMongo    : {"t":{"$date":"2024-06-25T11:16:30.917+02:00"},"s":"I",  "c":"NETWORK",  "id":4648602, "ctx":"main","msg":"Implicit TCP FastOpen in use."}
2024-06-25T11:16:30.918+02:00  INFO 78794 --- [      Thread-23] d.f.e.m.s.autoconfigure.EmbeddedMongo    : {"t":{"$date":"2024-06-25T11:16:30.918+02:00"},"s":"I",  "c":"REPL",     "id":5123008, "ctx":"main","msg":"Successfully registered PrimaryOnlyService","attr":{"service":"TenantMigrationDonorService","namespace":"config.tenantMigrationDonors"}}
2024-06-25T11:16:30.918+02:00  INFO 78794 --- [      Thread-23] d.f.e.m.s.autoconfigure.EmbeddedMongo    : {"t":{"$date":"2024-06-25T11:16:30.918+02:00"},"s":"I",  "c":"REPL",     "id":5123008, "ctx":"main","msg":"Successfully registered PrimaryOnlyService","attr":{"service":"TenantMigrationRecipientService","namespace":"config.tenantMigrationRecipients"}}
2024-06-25T11:16:30.918+02:00  INFO 78794 --- [      Thread-23] d.f.e.m.s.autoconfigure.EmbeddedMongo    : {"t":{"$date":"2024-06-25T11:16:30.918+02:00"},"s":"I",  "c":"REPL",     "id":5123008, "ctx":"main","msg":"Successfully registered PrimaryOnlyService","attr":{"service":"ShardSplitDonorService","namespace":"config.tenantSplitDonors"}}
2024-06-25T11:16:30.918+02:00  INFO 78794 --- [      Thread-23] d.f.e.m.s.autoconfigure.EmbeddedMongo    : {"t":{"$date":"2024-06-25T11:16:30.918+02:00"},"s":"I",  "c":"CONTROL",  "id":5945603, "ctx":"main","msg":"Multi threading initialized"}
2024-06-25T11:16:30.918+02:00  INFO 78794 --- [      Thread-23] d.f.e.m.s.autoconfigure.EmbeddedMongo    : {"t":{"$date":"2024-06-25T11:16:30.918+02:00"},"s":"I",  "c":"CONTROL",  "id":4615611, "ctx":"initandlisten","msg":"MongoDB starting","attr":{"pid":78819,"port":58243,"dbPath":"/var/folders/dr/fk5c4mdx63g076r3v55pvq740000gn/T/temp--f83fd9ac-16a0-47d2-898f-b2efb64c70a2/mongod-database12975896812019731559","architecture":"64-bit","host":"Pavel-laptop.fritz.box"}}
2024-06-25T11:16:30.918+02:00  INFO 78794 --- [      Thread-23] d.f.e.m.s.autoconfigure.EmbeddedMongo    : {"t":{"$date":"2024-06-25T11:16:30.918+02:00"},"s":"I",  "c":"CONTROL",  "id":23352,   "ctx":"initandlisten","msg":"Unable to resolve sysctl {sysctlName} (number) ","attr":{"sysctlName":"hw.cpufrequency"}}
2024-06-25T11:16:30.918+02:00  INFO 78794 --- [      Thread-23] d.f.e.m.s.autoconfigure.EmbeddedMongo    : {"t":{"$date":"2024-06-25T11:16:30.918+02:00"},"s":"I",  "c":"CONTROL",  "id":23351,   "ctx":"initandlisten","msg":"{sysctlName} unavailable","attr":{"sysctlName":"machdep.cpu.features"}}
2024-06-25T11:16:30.918+02:00  INFO 78794 --- [      Thread-23] d.f.e.m.s.autoconfigure.EmbeddedMongo    : {"t":{"$date":"2024-06-25T11:16:30.918+02:00"},"s":"I",  "c":"CONTROL",  "id":23403,   "ctx":"initandlisten","msg":"Build Info","attr":{"buildInfo":{"version":"6.0.1","gitVersion":"32f0f9c88dc44a2c8073a5bd47cf779d4bfdee6b","modules":[],"allocator":"system","environment":{"distarch":"aarch64","target_arch":"aarch64"}}}}
2024-06-25T11:16:30.918+02:00  INFO 78794 --- [      Thread-23] d.f.e.m.s.autoconfigure.EmbeddedMongo    : {"t":{"$date":"2024-06-25T11:16:30.918+02:00"},"s":"I",  "c":"CONTROL",  "id":51765,   "ctx":"initandlisten","msg":"Operating System","attr":{"os":{"name":"Mac OS X","version":"23.5.0"}}}
2024-06-25T11:16:30.918+02:00  INFO 78794 --- [      Thread-23] d.f.e.m.s.autoconfigure.EmbeddedMongo    : {"t":{"$date":"2024-06-25T11:16:30.918+02:00"},"s":"I",  "c":"CONTROL",  "id":21951,   "ctx":"initandlisten","msg":"Options set by command line","attr":{"options":{"net":{"bindIp":"127.0.0.1","port":58243},"security":{"authorization":"disabled"},"storage":{"dbPath":"/var/folders/dr/fk5c4mdx63g076r3v55pvq740000gn/T/temp--f83fd9ac-16a0-47d2-898f-b2efb64c70a2/mongod-database12975896812019731559","journal":{"enabled":false},"syncPeriodSecs":0}}}}
2024-06-25T11:16:30.919+02:00  INFO 78794 --- [      Thread-23] d.f.e.m.s.autoconfigure.EmbeddedMongo    : {"t":{"$date":"2024-06-25T11:16:30.919+02:00"},"s":"I",  "c":"NETWORK",  "id":5693100, "ctx":"initandlisten","msg":"Asio socket.set_option failed with std::system_error","attr":{"note":"acceptor TCP fast open","option":{"level":6,"name":261,"data":"00 04 00 00"},"error":{"what":"set_option: Invalid argument","message":"Invalid argument","category":"asio.system","value":22}}}
2024-06-25T11:16:30.919+02:00  INFO 78794 --- [      Thread-23] d.f.e.m.s.autoconfigure.EmbeddedMongo    : {"t":{"$date":"2024-06-25T11:16:30.919+02:00"},"s":"I",  "c":"STORAGE",  "id":22315,   "ctx":"initandlisten","msg":"Opening WiredTiger","attr":{"config":"create,cache_size=3584M,session_max=33000,eviction=(threads_min=4,threads_max=4),config_base=false,statistics=(fast),log=(enabled=true,remove=true,path=journal,compressor=snappy),builtin_extension_config=(zstd=(compression_level=6)),file_manager=(close_idle_time=600,close_scan_interval=10,close_handle_minimum=2000),statistics_log=(wait=0),json_output=(error,message),verbose=[recovery_progress:1,checkpoint_progress:1,compact_progress:1,backup:0,checkpoint:0,compact:0,evict:0,history_store:0,recovery:0,rts:0,salvage:0,tiered:0,timestamp:0,transaction:0,verify:0,log:0],,log=(enabled=false),"}}
2024-06-25T11:16:31.977+02:00  INFO 78794 --- [      Thread-23] d.f.e.m.s.autoconfigure.EmbeddedMongo    : {"t":{"$date":"2024-06-25T11:16:31.977+02:00"},"s":"I",  "c":"STORAGE",  "id":4795906, "ctx":"initandlisten","msg":"WiredTiger opened","attr":{"durationMillis":1058}}
2024-06-25T11:16:31.978+02:00  INFO 78794 --- [      Thread-23] d.f.e.m.s.autoconfigure.EmbeddedMongo    : {"t":{"$date":"2024-06-25T11:16:31.977+02:00"},"s":"I",  "c":"RECOVERY", "id":23987,   "ctx":"initandlisten","msg":"WiredTiger recoveryTimestamp","attr":{"recoveryTimestamp":{"$timestamp":{"t":0,"i":0}}}}
2024-06-25T11:16:32.016+02:00  INFO 78794 --- [      Thread-23] d.f.e.m.s.autoconfigure.EmbeddedMongo    : {"t":{"$date":"2024-06-25T11:16:32.016+02:00"},"s":"I",  "c":"WT",       "id":4366408, "ctx":"initandlisten","msg":"No table logging settings modifications are required for existing WiredTiger tables","attr":{"loggingEnabled":true}}
2024-06-25T11:16:32.017+02:00  INFO 78794 --- [      Thread-23] d.f.e.m.s.autoconfigure.EmbeddedMongo    : {"t":{"$date":"2024-06-25T11:16:32.017+02:00"},"s":"W",  "c":"CONTROL",  "id":22184,   "ctx":"initandlisten","msg":"Soft rlimits for open file descriptors too low","attr":{"currentValue":10240,"recommendedMinimum":64000},"tags":["startupWarnings"]}
2024-06-25T11:16:32.017+02:00  INFO 78794 --- [      Thread-23] d.f.e.m.s.autoconfigure.EmbeddedMongo    : {"t":{"$date":"2024-06-25T11:16:32.017+02:00"},"s":"I",  "c":"STORAGE",  "id":20320,   "ctx":"initandlisten","msg":"createCollection","attr":{"namespace":"admin.system.version","uuidDisposition":"provided","uuid":{"uuid":{"$uuid":"f9538eab-d4d8-4edc-a26d-66dbb13b855f"}},"options":{"uuid":{"$uuid":"f9538eab-d4d8-4edc-a26d-66dbb13b855f"}}}}
2024-06-25T11:16:32.054+02:00  INFO 78794 --- [      Thread-23] d.f.e.m.s.autoconfigure.EmbeddedMongo    : {"t":{"$date":"2024-06-25T11:16:32.054+02:00"},"s":"I",  "c":"INDEX",    "id":20345,   "ctx":"initandlisten","msg":"Index build: done building","attr":{"buildUUID":null,"collectionUUID":{"uuid":{"$uuid":"f9538eab-d4d8-4edc-a26d-66dbb13b855f"}},"namespace":"admin.system.version","index":"_id_","ident":"index-1--2390764494371668945","collectionIdent":"collection-0--2390764494371668945","commitTimestamp":null}}
2024-06-25T11:16:32.054+02:00  INFO 78794 --- [      Thread-23] d.f.e.m.s.autoconfigure.EmbeddedMongo    : {"t":{"$date":"2024-06-25T11:16:32.054+02:00"},"s":"I",  "c":"REPL",     "id":20459,   "ctx":"initandlisten","msg":"Setting featureCompatibilityVersion","attr":{"newVersion":"6.0"}}
2024-06-25T11:16:32.054+02:00  INFO 78794 --- [      Thread-23] d.f.e.m.s.autoconfigure.EmbeddedMongo    : {"t":{"$date":"2024-06-25T11:16:32.054+02:00"},"s":"I",  "c":"REPL",     "id":5853300, "ctx":"initandlisten","msg":"current featureCompatibilityVersion value","attr":{"featureCompatibilityVersion":"6.0","context":"setFCV"}}
2024-06-25T11:16:32.054+02:00  INFO 78794 --- [      Thread-23] d.f.e.m.s.autoconfigure.EmbeddedMongo    : {"t":{"$date":"2024-06-25T11:16:32.054+02:00"},"s":"I",  "c":"NETWORK",  "id":4915702, "ctx":"initandlisten","msg":"Updated wire specification","attr":{"oldSpec":{"incomingExternalClient":{"minWireVersion":0,"maxWireVersion":17},"incomingInternalClient":{"minWireVersion":0,"maxWireVersion":17},"outgoing":{"minWireVersion":6,"maxWireVersion":17},"isInternalClient":true},"newSpec":{"incomingExternalClient":{"minWireVersion":0,"maxWireVersion":17},"incomingInternalClient":{"minWireVersion":17,"maxWireVersion":17},"outgoing":{"minWireVersion":17,"maxWireVersion":17},"isInternalClient":true}}}
2024-06-25T11:16:32.054+02:00  INFO 78794 --- [      Thread-23] d.f.e.m.s.autoconfigure.EmbeddedMongo    : {"t":{"$date":"2024-06-25T11:16:32.054+02:00"},"s":"I",  "c":"NETWORK",  "id":4915702, "ctx":"initandlisten","msg":"Updated wire specification","attr":{"oldSpec":{"incomingExternalClient":{"minWireVersion":0,"maxWireVersion":17},"incomingInternalClient":{"minWireVersion":17,"maxWireVersion":17},"outgoing":{"minWireVersion":17,"maxWireVersion":17},"isInternalClient":true},"newSpec":{"incomingExternalClient":{"minWireVersion":0,"maxWireVersion":17},"incomingInternalClient":{"minWireVersion":17,"maxWireVersion":17},"outgoing":{"minWireVersion":17,"maxWireVersion":17},"isInternalClient":true}}}
2024-06-25T11:16:32.054+02:00  INFO 78794 --- [      Thread-23] d.f.e.m.s.autoconfigure.EmbeddedMongo    : {"t":{"$date":"2024-06-25T11:16:32.054+02:00"},"s":"I",  "c":"REPL",     "id":5853300, "ctx":"initandlisten","msg":"current featureCompatibilityVersion value","attr":{"featureCompatibilityVersion":"6.0","context":"startup"}}
2024-06-25T11:16:32.054+02:00  INFO 78794 --- [      Thread-23] d.f.e.m.s.autoconfigure.EmbeddedMongo    : {"t":{"$date":"2024-06-25T11:16:32.054+02:00"},"s":"I",  "c":"STORAGE",  "id":5071100, "ctx":"initandlisten","msg":"Clearing temp directory"}
2024-06-25T11:16:32.055+02:00  INFO 78794 --- [      Thread-23] d.f.e.m.s.autoconfigure.EmbeddedMongo    : {"t":{"$date":"2024-06-25T11:16:32.054+02:00"},"s":"I",  "c":"CONTROL",  "id":20536,   "ctx":"initandlisten","msg":"Flow Control is enabled on this deployment"}
2024-06-25T11:16:32.055+02:00  INFO 78794 --- [      Thread-23] d.f.e.m.s.autoconfigure.EmbeddedMongo    : {"t":{"$date":"2024-06-25T11:16:32.054+02:00"},"s":"I",  "c":"FTDC",     "id":20625,   "ctx":"initandlisten","msg":"Initializing full-time diagnostic data capture","attr":{"dataDirectory":"/var/folders/dr/fk5c4mdx63g076r3v55pvq740000gn/T/temp--f83fd9ac-16a0-47d2-898f-b2efb64c70a2/mongod-database12975896812019731559/diagnostic.data"}}
2024-06-25T11:16:32.055+02:00  INFO 78794 --- [      Thread-23] d.f.e.m.s.autoconfigure.EmbeddedMongo    : {"t":{"$date":"2024-06-25T11:16:32.055+02:00"},"s":"I",  "c":"STORAGE",  "id":20320,   "ctx":"initandlisten","msg":"createCollection","attr":{"namespace":"local.startup_log","uuidDisposition":"generated","uuid":{"uuid":{"$uuid":"85b55286-eaba-4ef7-a802-00aba6663ebd"}},"options":{"capped":true,"size":10485760}}}
2024-06-25T11:16:32.094+02:00  INFO 78794 --- [      Thread-23] d.f.e.m.s.autoconfigure.EmbeddedMongo    : {"t":{"$date":"2024-06-25T11:16:32.094+02:00"},"s":"I",  "c":"INDEX",    "id":20345,   "ctx":"initandlisten","msg":"Index build: done building","attr":{"buildUUID":null,"collectionUUID":{"uuid":{"$uuid":"85b55286-eaba-4ef7-a802-00aba6663ebd"}},"namespace":"local.startup_log","index":"_id_","ident":"index-3--2390764494371668945","collectionIdent":"collection-2--2390764494371668945","commitTimestamp":null}}
2024-06-25T11:16:32.094+02:00  INFO 78794 --- [      Thread-23] d.f.e.m.s.autoconfigure.EmbeddedMongo    : {"t":{"$date":"2024-06-25T11:16:32.094+02:00"},"s":"I",  "c":"REPL",     "id":6015317, "ctx":"initandlisten","msg":"Setting new configuration state","attr":{"newState":"ConfigReplicationDisabled","oldState":"ConfigPreStart"}}
2024-06-25T11:16:32.094+02:00  INFO 78794 --- [      Thread-23] d.f.e.m.s.autoconfigure.EmbeddedMongo    : {"t":{"$date":"2024-06-25T11:16:32.094+02:00"},"s":"I",  "c":"STORAGE",  "id":22262,   "ctx":"initandlisten","msg":"Timestamp monitor starting"}
2024-06-25T11:16:32.094+02:00  INFO 78794 --- [      Thread-23] d.f.e.m.s.autoconfigure.EmbeddedMongo    : {"t":{"$date":"2024-06-25T11:16:32.094+02:00"},"s":"I",  "c":"NETWORK",  "id":23015,   "ctx":"listener","msg":"Listening on","attr":{"address":"/tmp/mongodb-58243.sock"}}
2024-06-25T11:16:32.094+02:00  INFO 78794 --- [      Thread-23] d.f.e.m.s.autoconfigure.EmbeddedMongo    : {"t":{"$date":"2024-06-25T11:16:32.094+02:00"},"s":"I",  "c":"NETWORK",  "id":23015,   "ctx":"listener","msg":"Listening on","attr":{"address":"127.0.0.1"}}
2024-06-25T11:16:32.094+02:00  INFO 78794 --- [      Thread-23] d.f.e.m.s.autoconfigure.EmbeddedMongo    : {"t":{"$date":"2024-06-25T11:16:32.094+02:00"},"s":"I",  "c":"NETWORK",  "id":23016,   "ctx":"listener","msg":"Waiting for connections","attr":{"port":58243,"ssl":"off"}}
2024-06-25T11:16:32.094+02:00  INFO 78794 --- [      Thread-23] d.f.e.m.s.autoconfigure.EmbeddedMongo    : {"t":{"$date":"2024-06-25T11:16:32.094+02:00"},"s":"I",  "c":"CONTROL",  "id":20712,   "ctx":"LogicalSessionCacheReap","msg":"Sessions collection is not set up; waiting until next sessions reap interval","attr":{"error":"NamespaceNotFound: config.system.sessions does not exist"}}
2024-06-25T11:16:32.094+02:00  INFO 78794 --- [      Thread-23] d.f.e.m.s.autoconfigure.EmbeddedMongo    : {"t":{"$date":"2024-06-25T11:16:32.094+02:00"},"s":"I",  "c":"STORAGE",  "id":20320,   "ctx":"LogicalSessionCacheRefresh","msg":"createCollection","attr":{"namespace":"config.system.sessions","uuidDisposition":"generated","uuid":{"uuid":{"$uuid":"d3546435-a97f-4791-82c1-7180c6155f28"}},"options":{}}}
2024-06-25T11:16:32.100+02:00  INFO 78794 --- [           main] org.mongodb.driver.client                : MongoClient with metadata {"driver": {"name": "mongo-java-driver|sync|spring-boot", "version": "4.9.1"}, "os": {"type": "Darwin", "name": "Mac OS X", "architecture": "aarch64", "version": "14.5"}, "platform": "Java/Amazon.com Inc./20.0.2+9-FR"} created with settings MongoClientSettings{readPreference=primary, writeConcern=WriteConcern{w=null, wTimeout=null ms, journal=null}, retryWrites=true, retryReads=true, readConcern=ReadConcern{level=null}, credential=null, streamFactoryFactory=null, commandListeners=[], codecRegistry=ProvidersCodecRegistry{codecProviders=[ValueCodecProvider{}, BsonValueCodecProvider{}, DBRefCodecProvider{}, DBObjectCodecProvider{}, DocumentCodecProvider{}, CollectionCodecProvider{}, IterableCodecProvider{}, MapCodecProvider{}, GeoJsonCodecProvider{}, GridFSFileCodecProvider{}, Jsr310CodecProvider{}, JsonObjectCodecProvider{}, BsonCodecProvider{}, EnumCodecProvider{}, com.mongodb.client.model.mql.ExpressionCodecProvider@41c9df5c, com.mongodb.Jep395RecordCodecProvider@25be269d]}, loggerSettings=LoggerSettings{maxDocumentLength=1000}, clusterSettings={hosts=[localhost:58243], srvServiceName=mongodb, mode=SINGLE, requiredClusterType=UNKNOWN, requiredReplicaSetName='null', serverSelector='null', clusterListeners='[]', serverSelectionTimeout='30000 ms', localThreshold='30000 ms'}, socketSettings=SocketSettings{connectTimeoutMS=10000, readTimeoutMS=0, receiveBufferSize=0, sendBufferSize=0}, heartbeatSocketSettings=SocketSettings{connectTimeoutMS=10000, readTimeoutMS=10000, receiveBufferSize=0, sendBufferSize=0}, connectionPoolSettings=ConnectionPoolSettings{maxSize=100, minSize=0, maxWaitTimeMS=120000, maxConnectionLifeTimeMS=0, maxConnectionIdleTimeMS=0, maintenanceInitialDelayMS=0, maintenanceFrequencyMS=60000, connectionPoolListeners=[], maxConnecting=2}, serverSettings=ServerSettings{heartbeatFrequencyMS=10000, minHeartbeatFrequencyMS=500, serverListeners='[]', serverMonitorListeners='[]'}, sslSettings=SslSettings{enabled=false, invalidHostNameAllowed=false, context=null}, applicationName='null', compressorList=[], uuidRepresentation=JAVA_LEGACY, serverApi=null, autoEncryptionSettings=null, contextProvider=null}
2024-06-25T11:16:32.100+02:00  INFO 78794 --- [      Thread-23] d.f.e.m.s.autoconfigure.EmbeddedMongo    : {"t":{"$date":"2024-06-25T11:16:32.100+02:00"},"s":"I",  "c":"NETWORK",  "id":22943,   "ctx":"listener","msg":"Connection accepted","attr":{"remote":"127.0.0.1:58244","uuid":"6fcf25e1-6cda-429f-9021-b31e7f614817","connectionId":1,"connectionCount":1}}
2024-06-25T11:16:32.101+02:00  INFO 78794 --- [      Thread-23] d.f.e.m.s.autoconfigure.EmbeddedMongo    : {"t":{"$date":"2024-06-25T11:16:32.101+02:00"},"s":"I",  "c":"NETWORK",  "id":22943,   "ctx":"listener","msg":"Connection accepted","attr":{"remote":"127.0.0.1:58245","uuid":"ef292e55-76a1-40b3-80c8-27e29aaab3db","connectionId":2,"connectionCount":2}}
2024-06-25T11:16:32.101+02:00  INFO 78794 --- [      Thread-23] d.f.e.m.s.autoconfigure.EmbeddedMongo    : {"t":{"$date":"2024-06-25T11:16:32.101+02:00"},"s":"I",  "c":"NETWORK",  "id":51800,   "ctx":"conn2","msg":"client metadata","attr":{"remote":"127.0.0.1:58245","client":"conn2","doc":{"driver":{"name":"mongo-java-driver|sync|spring-boot","version":"4.9.1"},"os":{"type":"Darwin","name":"Mac OS X","architecture":"aarch64","version":"14.5"},"platform":"Java/Amazon.com Inc./20.0.2+9-FR"}}}
2024-06-25T11:16:32.101+02:00  INFO 78794 --- [      Thread-23] d.f.e.m.s.autoconfigure.EmbeddedMongo    : {"t":{"$date":"2024-06-25T11:16:32.101+02:00"},"s":"I",  "c":"NETWORK",  "id":51800,   "ctx":"conn1","msg":"client metadata","attr":{"remote":"127.0.0.1:58244","client":"conn1","doc":{"driver":{"name":"mongo-java-driver|sync|spring-boot","version":"4.9.1"},"os":{"type":"Darwin","name":"Mac OS X","architecture":"aarch64","version":"14.5"},"platform":"Java/Amazon.com Inc./20.0.2+9-FR"}}}
2024-06-25T11:16:32.102+02:00  INFO 78794 --- [localhost:58243] org.mongodb.driver.cluster               : Monitor thread successfully connected to server with description ServerDescription{address=localhost:58243, type=STANDALONE, state=CONNECTED, ok=true, minWireVersion=0, maxWireVersion=17, maxDocumentSize=16777216, logicalSessionTimeoutMinutes=30, roundTripTimeNanos=1548833}
2024-06-25T11:16:32.132+02:00  WARN 78794 --- [           main] JpaBaseConfiguration$JpaWebConfiguration : spring.jpa.open-in-view is enabled by default. Therefore, database queries may be performed during view rendering. Explicitly configure spring.jpa.open-in-view to disable this warning
2024-06-25T11:16:32.138+02:00  INFO 78794 --- [           main] o.s.b.a.w.s.WelcomePageHandlerMapping    : Adding welcome page: class path resource [static/index.html]
2024-06-25T11:16:32.153+02:00  INFO 78794 --- [      Thread-23] d.f.e.m.s.autoconfigure.EmbeddedMongo    : {"t":{"$date":"2024-06-25T11:16:32.152+02:00"},"s":"I",  "c":"INDEX",    "id":20345,   "ctx":"LogicalSessionCacheRefresh","msg":"Index build: done building","attr":{"buildUUID":null,"collectionUUID":{"uuid":{"$uuid":"d3546435-a97f-4791-82c1-7180c6155f28"}},"namespace":"config.system.sessions","index":"_id_","ident":"index-5--2390764494371668945","collectionIdent":"collection-4--2390764494371668945","commitTimestamp":null}}
2024-06-25T11:16:32.153+02:00  INFO 78794 --- [      Thread-23] d.f.e.m.s.autoconfigure.EmbeddedMongo    : {"t":{"$date":"2024-06-25T11:16:32.152+02:00"},"s":"I",  "c":"INDEX",    "id":20345,   "ctx":"LogicalSessionCacheRefresh","msg":"Index build: done building","attr":{"buildUUID":null,"collectionUUID":{"uuid":{"$uuid":"d3546435-a97f-4791-82c1-7180c6155f28"}},"namespace":"config.system.sessions","index":"lsidTTLIndex","ident":"index-6--2390764494371668945","collectionIdent":"collection-4--2390764494371668945","commitTimestamp":null}}
2024-06-25T11:16:32.414+02:00  INFO 78794 --- [           main] o.s.s.web.DefaultSecurityFilterChain     : Will secure any request with [org.springframework.security.web.session.DisableEncodeUrlFilter@2870bb4a, org.springframework.security.web.session.ForceEagerSessionCreationFilter@186a08b9, org.springframework.security.web.context.request.async.WebAsyncManagerIntegrationFilter@759d57ca, org.springframework.security.web.context.SecurityContextHolderFilter@38e6ab22, org.springframework.security.web.header.HeaderWriterFilter@2d133184, org.springframework.security.web.csrf.CsrfFilter@6ac90e5c, org.springframework.security.web.authentication.logout.LogoutFilter@5d9d0e67, org.springframework.security.web.authentication.www.BasicAuthenticationFilter@580d14e1, org.springframework.security.web.savedrequest.RequestCacheAwareFilter@1709ca1, org.springframework.security.web.servletapi.SecurityContextHolderAwareRequestFilter@35db021a, org.springframework.security.web.authentication.AnonymousAuthenticationFilter@3375e7c7, org.springframework.security.web.session.SessionManagementFilter@1affedcf, org.springframework.security.web.access.ExceptionTranslationFilter@21d31f80, org.springframework.security.web.access.intercept.AuthorizationFilter@1dab60ae]
2024-06-25T11:16:32.475+02:00  INFO 78794 --- [           main] o.s.b.t.m.w.SpringBootMockServletContext : Initializing Spring TestDispatcherServlet ''
2024-06-25T11:16:32.475+02:00  INFO 78794 --- [           main] o.s.t.web.servlet.TestDispatcherServlet  : Initializing Servlet ''
2024-06-25T11:16:32.475+02:00  INFO 78794 --- [           main] o.s.t.web.servlet.TestDispatcherServlet  : Completed initialization in 0 ms
2024-06-25T11:16:32.483+02:00  INFO 78794 --- [           main] d.n.b.c.UserControllerIntegrationTest    : Started UserControllerIntegrationTest in 1.89 seconds (process running for 23.087)
]]></system-out>
  </testcase>
  <testcase name="registerUser_thenReturnStatus200" classname="de.neuefische.backend.controllers.UserControllerIntegrationTest" time="0.534">
    <system-out><![CDATA[2024-06-25T11:16:32.699+02:00  INFO 78794 --- [      Thread-23] d.f.e.m.s.autoconfigure.EmbeddedMongo    : {"t":{"$date":"2024-06-25T11:16:32.698+02:00"},"s":"I",  "c":"NETWORK",  "id":22943,   "ctx":"listener","msg":"Connection accepted","attr":{"remote":"127.0.0.1:58246","uuid":"1610f7f1-75af-482b-a156-5e760c22e878","connectionId":3,"connectionCount":3}}
2024-06-25T11:16:32.699+02:00  INFO 78794 --- [      Thread-23] d.f.e.m.s.autoconfigure.EmbeddedMongo    : {"t":{"$date":"2024-06-25T11:16:32.699+02:00"},"s":"I",  "c":"NETWORK",  "id":51800,   "ctx":"conn3","msg":"client metadata","attr":{"remote":"127.0.0.1:58246","client":"conn3","doc":{"driver":{"name":"mongo-java-driver|sync|spring-boot","version":"4.9.1"},"os":{"type":"Darwin","name":"Mac OS X","architecture":"aarch64","version":"14.5"},"platform":"Java/Amazon.com Inc./20.0.2+9-FR"}}}
2024-06-25T11:16:32.706+02:00  INFO 78794 --- [      Thread-23] d.f.e.m.s.autoconfigure.EmbeddedMongo    : {"t":{"$date":"2024-06-25T11:16:32.706+02:00"},"s":"I",  "c":"STORAGE",  "id":20320,   "ctx":"conn3","msg":"createCollection","attr":{"namespace":"test.users","uuidDisposition":"generated","uuid":{"uuid":{"$uuid":"928da895-56f5-411d-9d05-badd352e2558"}},"options":{}}}
2024-06-25T11:16:32.742+02:00  INFO 78794 --- [      Thread-23] d.f.e.m.s.autoconfigure.EmbeddedMongo    : {"t":{"$date":"2024-06-25T11:16:32.742+02:00"},"s":"I",  "c":"INDEX",    "id":20345,   "ctx":"conn3","msg":"Index build: done building","attr":{"buildUUID":null,"collectionUUID":{"uuid":{"$uuid":"928da895-56f5-411d-9d05-badd352e2558"}},"namespace":"test.users","index":"_id_","ident":"index-8--2390764494371668945","collectionIdent":"collection-7--2390764494371668945","commitTimestamp":null}}
2024-06-25T11:16:32.749+02:00  INFO 78794 --- [      Thread-23] d.f.e.m.s.autoconfigure.EmbeddedMongo    : {"t":{"$date":"2024-06-25T11:16:32.749+02:00"},"s":"I",  "c":"NETWORK",  "id":22944,   "ctx":"conn3","msg":"Connection ended","attr":{"remote":"127.0.0.1:58246","uuid":"1610f7f1-75af-482b-a156-5e760c22e878","connectionId":3,"connectionCount":2}}
2024-06-25T11:16:32.749+02:00  INFO 78794 --- [      Thread-23] d.f.e.m.s.autoconfigure.EmbeddedMongo    : {"t":{"$date":"2024-06-25T11:16:32.749+02:00"},"s":"I",  "c":"NETWORK",  "id":22944,   "ctx":"conn2","msg":"Connection ended","attr":{"remote":"127.0.0.1:58245","uuid":"ef292e55-76a1-40b3-80c8-27e29aaab3db","connectionId":2,"connectionCount":1}}
2024-06-25T11:16:32.749+02:00  INFO 78794 --- [      Thread-23] d.f.e.m.s.autoconfigure.EmbeddedMongo    : {"t":{"$date":"2024-06-25T11:16:32.749+02:00"},"s":"I",  "c":"NETWORK",  "id":22943,   "ctx":"listener","msg":"Connection accepted","attr":{"remote":"127.0.0.1:58247","uuid":"91ab37c2-e57d-4024-ace0-63f9f8c180ed","connectionId":4,"connectionCount":2}}
2024-06-25T11:16:32.749+02:00  INFO 78794 --- [      Thread-23] d.f.e.m.s.autoconfigure.EmbeddedMongo    : {"t":{"$date":"2024-06-25T11:16:32.749+02:00"},"s":"W",  "c":"COMMAND",  "id":5578800, "ctx":"conn4","msg":"Received wire protocol op code or command that is no longer supported. The client driver may require an upgrade. For more details see https://dochub.mongodb.org/core/legacy-opcode-removal","attr":{"op":"query","clientInfo":{"address":"127.0.0.1:58247"}}}
2024-06-25T11:16:32.750+02:00 ERROR 78794 --- [           main] d.flapdoodle.embed.mongo.runtime.Mongod  : Got some response, should be an error message
2024-06-25T11:16:32.750+02:00  INFO 78794 --- [      Thread-23] d.f.e.m.s.autoconfigure.EmbeddedMongo    : {"t":{"$date":"2024-06-25T11:16:32.750+02:00"},"s":"I",  "c":"NETWORK",  "id":22944,   "ctx":"conn4","msg":"Connection ended","attr":{"remote":"127.0.0.1:58247","uuid":"91ab37c2-e57d-4024-ace0-63f9f8c180ed","connectionId":4,"connectionCount":1}}
2024-06-25T11:16:32.853+02:00  INFO 78794 --- [      Thread-23] d.f.e.m.s.autoconfigure.EmbeddedMongo    : {"t":{"$date":"2024-06-25T11:16:32.853+02:00"},"s":"I",  "c":"NETWORK",  "id":22943,   "ctx":"listener","msg":"Connection accepted","attr":{"remote":"127.0.0.1:58248","uuid":"55af2a5d-b293-4c2f-a2dc-399f420f753a","connectionId":5,"connectionCount":2}}
2024-06-25T11:16:32.853+02:00  INFO 78794 --- [      Thread-23] d.f.e.m.s.autoconfigure.EmbeddedMongo    : {"t":{"$date":"2024-06-25T11:16:32.853+02:00"},"s":"I",  "c":"COMMAND",  "id":4695400, "ctx":"conn5","msg":"Terminating via shutdown command","attr":{"force":false,"timeoutMillis":15000}}
2024-06-25T11:16:32.853+02:00  INFO 78794 --- [      Thread-23] d.f.e.m.s.autoconfigure.EmbeddedMongo    : {"t":{"$date":"2024-06-25T11:16:32.853+02:00"},"s":"I",  "c":"REPL",     "id":4794602, "ctx":"thread31","msg":"Attempting to enter quiesce mode"}
2024-06-25T11:16:32.853+02:00  INFO 78794 --- [      Thread-23] d.f.e.m.s.autoconfigure.EmbeddedMongo    : {"t":{"$date":"2024-06-25T11:16:32.853+02:00"},"s":"I",  "c":"-",        "id":6371601, "ctx":"thread31","msg":"Shutting down the FLE Crud thread pool"}
2024-06-25T11:16:32.853+02:00  INFO 78794 --- [      Thread-23] d.f.e.m.s.autoconfigure.EmbeddedMongo    : {"t":{"$date":"2024-06-25T11:16:32.853+02:00"},"s":"I",  "c":"COMMAND",  "id":4784901, "ctx":"thread31","msg":"Shutting down the MirrorMaestro"}
2024-06-25T11:16:32.853+02:00  INFO 78794 --- [      Thread-23] d.f.e.m.s.autoconfigure.EmbeddedMongo    : {"t":{"$date":"2024-06-25T11:16:32.853+02:00"},"s":"I",  "c":"SHARDING", "id":4784902, "ctx":"thread31","msg":"Shutting down the WaitForMajorityService"}
2024-06-25T11:16:32.853+02:00  INFO 78794 --- [      Thread-23] d.f.e.m.s.autoconfigure.EmbeddedMongo    : {"t":{"$date":"2024-06-25T11:16:32.853+02:00"},"s":"I",  "c":"CONTROL",  "id":4784903, "ctx":"thread31","msg":"Shutting down the LogicalSessionCache"}
2024-06-25T11:16:32.853+02:00  INFO 78794 --- [      Thread-23] d.f.e.m.s.autoconfigure.EmbeddedMongo    : {"t":{"$date":"2024-06-25T11:16:32.853+02:00"},"s":"I",  "c":"NETWORK",  "id":20562,   "ctx":"thread31","msg":"Shutdown: going to close listening sockets"}
2024-06-25T11:16:32.854+02:00  INFO 78794 --- [      Thread-23] d.f.e.m.s.autoconfigure.EmbeddedMongo    : {"t":{"$date":"2024-06-25T11:16:32.854+02:00"},"s":"I",  "c":"NETWORK",  "id":23017,   "ctx":"listener","msg":"removing socket file","attr":{"path":"/tmp/mongodb-58243.sock"}}
2024-06-25T11:16:32.854+02:00  INFO 78794 --- [      Thread-23] d.f.e.m.s.autoconfigure.EmbeddedMongo    : {"t":{"$date":"2024-06-25T11:16:32.854+02:00"},"s":"I",  "c":"NETWORK",  "id":4784905, "ctx":"thread31","msg":"Shutting down the global connection pool"}
2024-06-25T11:16:32.854+02:00  INFO 78794 --- [      Thread-23] d.f.e.m.s.autoconfigure.EmbeddedMongo    : {"t":{"$date":"2024-06-25T11:16:32.854+02:00"},"s":"I",  "c":"CONTROL",  "id":4784906, "ctx":"thread31","msg":"Shutting down the FlowControlTicketholder"}
2024-06-25T11:16:32.854+02:00  INFO 78794 --- [      Thread-23] d.f.e.m.s.autoconfigure.EmbeddedMongo    : {"t":{"$date":"2024-06-25T11:16:32.854+02:00"},"s":"I",  "c":"-",        "id":20520,   "ctx":"thread31","msg":"Stopping further Flow Control ticket acquisitions."}
2024-06-25T11:16:32.854+02:00  INFO 78794 --- [      Thread-23] d.f.e.m.s.autoconfigure.EmbeddedMongo    : {"t":{"$date":"2024-06-25T11:16:32.854+02:00"},"s":"I",  "c":"CONTROL",  "id":4784908, "ctx":"thread31","msg":"Shutting down the PeriodicThreadToAbortExpiredTransactions"}
2024-06-25T11:16:32.854+02:00  INFO 78794 --- [      Thread-23] d.f.e.m.s.autoconfigure.EmbeddedMongo    : {"t":{"$date":"2024-06-25T11:16:32.854+02:00"},"s":"I",  "c":"REPL",     "id":4784909, "ctx":"thread31","msg":"Shutting down the ReplicationCoordinator"}
2024-06-25T11:16:32.854+02:00  INFO 78794 --- [      Thread-23] d.f.e.m.s.autoconfigure.EmbeddedMongo    : {"t":{"$date":"2024-06-25T11:16:32.854+02:00"},"s":"I",  "c":"SHARDING", "id":4784910, "ctx":"thread31","msg":"Shutting down the ShardingInitializationMongoD"}
2024-06-25T11:16:32.854+02:00  INFO 78794 --- [      Thread-23] d.f.e.m.s.autoconfigure.EmbeddedMongo    : {"t":{"$date":"2024-06-25T11:16:32.854+02:00"},"s":"I",  "c":"REPL",     "id":4784911, "ctx":"thread31","msg":"Enqueuing the ReplicationStateTransitionLock for shutdown"}
2024-06-25T11:16:32.854+02:00  INFO 78794 --- [      Thread-23] d.f.e.m.s.autoconfigure.EmbeddedMongo    : {"t":{"$date":"2024-06-25T11:16:32.854+02:00"},"s":"I",  "c":"-",        "id":4784912, "ctx":"thread31","msg":"Killing all operations for shutdown"}
2024-06-25T11:16:32.854+02:00  INFO 78794 --- [      Thread-23] d.f.e.m.s.autoconfigure.EmbeddedMongo    : {"t":{"$date":"2024-06-25T11:16:32.854+02:00"},"s":"I",  "c":"-",        "id":4695300, "ctx":"thread31","msg":"Interrupted all currently running operations","attr":{"opsKilled":4}}
2024-06-25T11:16:32.854+02:00  INFO 78794 --- [      Thread-23] d.f.e.m.s.autoconfigure.EmbeddedMongo    : {"t":{"$date":"2024-06-25T11:16:32.854+02:00"},"s":"I",  "c":"TENANT_M", "id":5093807, "ctx":"thread31","msg":"Shutting down all TenantMigrationAccessBlockers on global shutdown"}
2024-06-25T11:16:32.854+02:00  INFO 78794 --- [      Thread-23] d.f.e.m.s.autoconfigure.EmbeddedMongo    : {"t":{"$date":"2024-06-25T11:16:32.854+02:00"},"s":"I",  "c":"COMMAND",  "id":4784913, "ctx":"thread31","msg":"Shutting down all open transactions"}
2024-06-25T11:16:32.854+02:00  INFO 78794 --- [      Thread-23] d.f.e.m.s.autoconfigure.EmbeddedMongo    : {"t":{"$date":"2024-06-25T11:16:32.854+02:00"},"s":"I",  "c":"REPL",     "id":4784914, "ctx":"thread31","msg":"Acquiring the ReplicationStateTransitionLock for shutdown"}
2024-06-25T11:16:32.854+02:00  INFO 78794 --- [      Thread-23] d.f.e.m.s.autoconfigure.EmbeddedMongo    : {"t":{"$date":"2024-06-25T11:16:32.854+02:00"},"s":"I",  "c":"INDEX",    "id":4784915, "ctx":"thread31","msg":"Shutting down the IndexBuildsCoordinator"}
2024-06-25T11:16:32.854+02:00  INFO 78794 --- [      Thread-23] d.f.e.m.s.autoconfigure.EmbeddedMongo    : {"t":{"$date":"2024-06-25T11:16:32.854+02:00"},"s":"I",  "c":"NETWORK",  "id":4784918, "ctx":"thread31","msg":"Shutting down the ReplicaSetMonitor"}
2024-06-25T11:16:32.854+02:00  INFO 78794 --- [      Thread-23] d.f.e.m.s.autoconfigure.EmbeddedMongo    : {"t":{"$date":"2024-06-25T11:16:32.854+02:00"},"s":"I",  "c":"SHARDING", "id":4784921, "ctx":"thread31","msg":"Shutting down the MigrationUtilExecutor"}
2024-06-25T11:16:32.854+02:00  INFO 78794 --- [      Thread-23] d.f.e.m.s.autoconfigure.EmbeddedMongo    : {"t":{"$date":"2024-06-25T11:16:32.854+02:00"},"s":"I",  "c":"ASIO",     "id":22582,   "ctx":"MigrationUtil-TaskExecutor","msg":"Killing all outstanding egress activity."}
2024-06-25T11:16:32.854+02:00  INFO 78794 --- [      Thread-23] d.f.e.m.s.autoconfigure.EmbeddedMongo    : {"t":{"$date":"2024-06-25T11:16:32.854+02:00"},"s":"I",  "c":"COMMAND",  "id":4784923, "ctx":"thread31","msg":"Shutting down the ServiceEntryPoint"}
2024-06-25T11:16:32.854+02:00  INFO 78794 --- [      Thread-23] d.f.e.m.s.autoconfigure.EmbeddedMongo    : {"t":{"$date":"2024-06-25T11:16:32.854+02:00"},"s":"I",  "c":"CONTROL",  "id":4784925, "ctx":"thread31","msg":"Shutting down free monitoring"}
2024-06-25T11:16:32.854+02:00  INFO 78794 --- [      Thread-23] d.f.e.m.s.autoconfigure.EmbeddedMongo    : {"t":{"$date":"2024-06-25T11:16:32.854+02:00"},"s":"I",  "c":"CONTROL",  "id":20609,   "ctx":"thread31","msg":"Shutting down free monitoring"}
2024-06-25T11:16:32.854+02:00  INFO 78794 --- [      Thread-23] d.f.e.m.s.autoconfigure.EmbeddedMongo    : {"t":{"$date":"2024-06-25T11:16:32.854+02:00"},"s":"I",  "c":"CONTROL",  "id":4784927, "ctx":"thread31","msg":"Shutting down the HealthLog"}
2024-06-25T11:16:32.854+02:00  INFO 78794 --- [      Thread-23] d.f.e.m.s.autoconfigure.EmbeddedMongo    : {"t":{"$date":"2024-06-25T11:16:32.854+02:00"},"s":"I",  "c":"CONTROL",  "id":4784928, "ctx":"thread31","msg":"Shutting down the TTL monitor"}
2024-06-25T11:16:32.854+02:00  INFO 78794 --- [      Thread-23] d.f.e.m.s.autoconfigure.EmbeddedMongo    : {"t":{"$date":"2024-06-25T11:16:32.854+02:00"},"s":"I",  "c":"INDEX",    "id":3684100, "ctx":"thread31","msg":"Shutting down TTL collection monitor thread"}
2024-06-25T11:16:32.854+02:00  INFO 78794 --- [      Thread-23] d.f.e.m.s.autoconfigure.EmbeddedMongo    : {"t":{"$date":"2024-06-25T11:16:32.854+02:00"},"s":"I",  "c":"INDEX",    "id":3684101, "ctx":"thread31","msg":"Finished shutting down TTL collection monitor thread"}
2024-06-25T11:16:32.854+02:00  INFO 78794 --- [      Thread-23] d.f.e.m.s.autoconfigure.EmbeddedMongo    : {"t":{"$date":"2024-06-25T11:16:32.854+02:00"},"s":"I",  "c":"CONTROL",  "id":6278511, "ctx":"thread31","msg":"Shutting down the Change Stream Expired Pre-images Remover"}
2024-06-25T11:16:32.854+02:00  INFO 78794 --- [      Thread-23] d.f.e.m.s.autoconfigure.EmbeddedMongo    : {"t":{"$date":"2024-06-25T11:16:32.854+02:00"},"s":"I",  "c":"CONTROL",  "id":4784929, "ctx":"thread31","msg":"Acquiring the global lock for shutdown"}
2024-06-25T11:16:32.854+02:00  INFO 78794 --- [      Thread-23] d.f.e.m.s.autoconfigure.EmbeddedMongo    : {"t":{"$date":"2024-06-25T11:16:32.854+02:00"},"s":"I",  "c":"CONTROL",  "id":4784930, "ctx":"thread31","msg":"Shutting down the storage engine"}
2024-06-25T11:16:32.854+02:00  INFO 78794 --- [      Thread-23] d.f.e.m.s.autoconfigure.EmbeddedMongo    : {"t":{"$date":"2024-06-25T11:16:32.854+02:00"},"s":"I",  "c":"STORAGE",  "id":22320,   "ctx":"thread31","msg":"Shutting down journal flusher thread"}
2024-06-25T11:16:32.854+02:00  INFO 78794 --- [      Thread-23] d.f.e.m.s.autoconfigure.EmbeddedMongo    : {"t":{"$date":"2024-06-25T11:16:32.854+02:00"},"s":"I",  "c":"NETWORK",  "id":22944,   "ctx":"conn1","msg":"Connection ended","attr":{"remote":"127.0.0.1:58244","uuid":"6fcf25e1-6cda-429f-9021-b31e7f614817","connectionId":1,"connectionCount":1}}
2024-06-25T11:16:32.897+02:00  INFO 78794 --- [      Thread-23] d.f.e.m.s.autoconfigure.EmbeddedMongo    : {"t":{"$date":"2024-06-25T11:16:32.897+02:00"},"s":"I",  "c":"STORAGE",  "id":22321,   "ctx":"thread31","msg":"Finished shutting down journal flusher thread"}
2024-06-25T11:16:32.897+02:00  INFO 78794 --- [      Thread-23] d.f.e.m.s.autoconfigure.EmbeddedMongo    : {"t":{"$date":"2024-06-25T11:16:32.897+02:00"},"s":"I",  "c":"STORAGE",  "id":22322,   "ctx":"thread31","msg":"Shutting down checkpoint thread"}
2024-06-25T11:16:32.898+02:00  INFO 78794 --- [      Thread-23] d.f.e.m.s.autoconfigure.EmbeddedMongo    : {"t":{"$date":"2024-06-25T11:16:32.897+02:00"},"s":"I",  "c":"STORAGE",  "id":22323,   "ctx":"thread31","msg":"Finished shutting down checkpoint thread"}
2024-06-25T11:16:32.898+02:00  INFO 78794 --- [      Thread-23] d.f.e.m.s.autoconfigure.EmbeddedMongo    : {"t":{"$date":"2024-06-25T11:16:32.897+02:00"},"s":"I",  "c":"STORAGE",  "id":20282,   "ctx":"thread31","msg":"Deregistering all the collections"}
2024-06-25T11:16:32.898+02:00  INFO 78794 --- [      Thread-23] d.f.e.m.s.autoconfigure.EmbeddedMongo    : {"t":{"$date":"2024-06-25T11:16:32.897+02:00"},"s":"I",  "c":"STORAGE",  "id":22261,   "ctx":"thread31","msg":"Timestamp monitor shutting down"}
2024-06-25T11:16:32.898+02:00  INFO 78794 --- [      Thread-23] d.f.e.m.s.autoconfigure.EmbeddedMongo    : {"t":{"$date":"2024-06-25T11:16:32.897+02:00"},"s":"I",  "c":"STORAGE",  "id":22317,   "ctx":"thread31","msg":"WiredTigerKVEngine shutting down"}
2024-06-25T11:16:32.898+02:00  INFO 78794 --- [      Thread-23] d.f.e.m.s.autoconfigure.EmbeddedMongo    : {"t":{"$date":"2024-06-25T11:16:32.897+02:00"},"s":"I",  "c":"STORAGE",  "id":22318,   "ctx":"thread31","msg":"Shutting down session sweeper thread"}
2024-06-25T11:16:32.898+02:00  INFO 78794 --- [      Thread-23] d.f.e.m.s.autoconfigure.EmbeddedMongo    : {"t":{"$date":"2024-06-25T11:16:32.898+02:00"},"s":"I",  "c":"STORAGE",  "id":22319,   "ctx":"thread31","msg":"Finished shutting down session sweeper thread"}
2024-06-25T11:16:32.898+02:00  INFO 78794 --- [      Thread-23] d.f.e.m.s.autoconfigure.EmbeddedMongo    : {"t":{"$date":"2024-06-25T11:16:32.898+02:00"},"s":"I",  "c":"STORAGE",  "id":4795902, "ctx":"thread31","msg":"Closing WiredTiger","attr":{"closeConfig":"leak_memory=true,"}}
2024-06-25T11:16:32.923+02:00  INFO 78794 --- [      Thread-23] d.f.e.m.s.autoconfigure.EmbeddedMongo    : {"t":{"$date":"2024-06-25T11:16:32.923+02:00"},"s":"I",  "c":"STORAGE",  "id":4795901, "ctx":"thread31","msg":"WiredTiger closed","attr":{"durationMillis":25}}
2024-06-25T11:16:32.923+02:00  INFO 78794 --- [      Thread-23] d.f.e.m.s.autoconfigure.EmbeddedMongo    : {"t":{"$date":"2024-06-25T11:16:32.923+02:00"},"s":"I",  "c":"STORAGE",  "id":22279,   "ctx":"thread31","msg":"shutdown: removing fs lock..."}
2024-06-25T11:16:32.923+02:00  INFO 78794 --- [      Thread-23] d.f.e.m.s.autoconfigure.EmbeddedMongo    : {"t":{"$date":"2024-06-25T11:16:32.923+02:00"},"s":"I",  "c":"-",        "id":4784931, "ctx":"thread31","msg":"Dropping the scope cache for shutdown"}
2024-06-25T11:16:32.923+02:00  INFO 78794 --- [      Thread-23] d.f.e.m.s.autoconfigure.EmbeddedMongo    : {"t":{"$date":"2024-06-25T11:16:32.923+02:00"},"s":"I",  "c":"FTDC",     "id":20626,   "ctx":"thread31","msg":"Shutting down full-time diagnostic data capture"}
2024-06-25T11:16:32.923+02:00  INFO 78794 --- [      Thread-23] d.f.e.m.s.autoconfigure.EmbeddedMongo    : {"t":{"$date":"2024-06-25T11:16:32.923+02:00"},"s":"I",  "c":"CONTROL",  "id":20565,   "ctx":"thread31","msg":"Now exiting"}
2024-06-25T11:16:32.923+02:00  INFO 78794 --- [      Thread-23] d.f.e.m.s.autoconfigure.EmbeddedMongo    : {"t":{"$date":"2024-06-25T11:16:32.923+02:00"},"s":"I",  "c":"CONTROL",  "id":23138,   "ctx":"thread31","msg":"Shutting down","attr":{"exitCode":0}}
2024-06-25T11:16:33.029+02:00  INFO 78794 --- [           main] j.LocalContainerEntityManagerFactoryBean : Closing JPA EntityManagerFactory for persistence unit 'default'
2024-06-25T11:16:33.029+02:00  INFO 78794 --- [           main] com.zaxxer.hikari.HikariDataSource       : HikariPool-6 - Shutdown initiated...
2024-06-25T11:16:33.029+02:00  INFO 78794 --- [           main] com.zaxxer.hikari.HikariDataSource       : HikariPool-6 - Shutdown completed.
]]></system-out>
  </testcase>
</testsuite>