<?xml version="1.0" encoding="UTF-8"?>
<testsuite xmlns:xsi="http://www.w3.org/2001/XMLSchema-instance" xsi:noNamespaceSchemaLocation="https://maven.apache.org/surefire/maven-surefire-plugin/xsd/surefire-test-report-3.0.xsd" version="3.0" name="de.neuefische.backend.controllers.FoodSpotControllerTest" time="8.214" tests="3" errors="0" skipped="0" failures="0">
  <properties>
    <property name="java.specification.version" value="20"/>
    <property name="sun.jnu.encoding" value="UTF-8"/>
    <property name="java.class.path" value="/Users/paffen/IdeaProjects/capstone-foodspot/backend/target/test-classes:/Users/paffen/IdeaProjects/capstone-foodspot/backend/target/classes:/Users/paffen/.m2/repository/org/springframework/boot/spring-boot-starter-web/3.1.0/spring-boot-starter-web-3.1.0.jar:/Users/paffen/.m2/repository/org/springframework/boot/spring-boot-starter/3.1.0/spring-boot-starter-3.1.0.jar:/Users/paffen/.m2/repository/org/springframework/boot/spring-boot/3.1.0/spring-boot-3.1.0.jar:/Users/paffen/.m2/repository/org/springframework/boot/spring-boot-autoconfigure/3.1.0/spring-boot-autoconfigure-3.1.0.jar:/Users/paffen/.m2/repository/org/springframework/boot/spring-boot-starter-logging/3.1.0/spring-boot-starter-logging-3.1.0.jar:/Users/paffen/.m2/repository/ch/qos/logback/logback-classic/1.4.7/logback-classic-1.4.7.jar:/Users/paffen/.m2/repository/ch/qos/logback/logback-core/1.4.7/logback-core-1.4.7.jar:/Users/paffen/.m2/repository/org/apache/logging/log4j/log4j-to-slf4j/2.20.0/log4j-to-slf4j-2.20.0.jar:/Users/paffen/.m2/repository/org/apache/logging/log4j/log4j-api/2.20.0/log4j-api-2.20.0.jar:/Users/paffen/.m2/repository/org/slf4j/jul-to-slf4j/2.0.7/jul-to-slf4j-2.0.7.jar:/Users/paffen/.m2/repository/jakarta/annotation/jakarta.annotation-api/2.1.1/jakarta.annotation-api-2.1.1.jar:/Users/paffen/.m2/repository/org/yaml/snakeyaml/1.33/snakeyaml-1.33.jar:/Users/paffen/.m2/repository/org/springframework/boot/spring-boot-starter-json/3.1.0/spring-boot-starter-json-3.1.0.jar:/Users/paffen/.m2/repository/com/fasterxml/jackson/core/jackson-databind/2.15.0/jackson-databind-2.15.0.jar:/Users/paffen/.m2/repository/com/fasterxml/jackson/core/jackson-annotations/2.15.0/jackson-annotations-2.15.0.jar:/Users/paffen/.m2/repository/com/fasterxml/jackson/core/jackson-core/2.15.0/jackson-core-2.15.0.jar:/Users/paffen/.m2/repository/com/fasterxml/jackson/datatype/jackson-datatype-jdk8/2.15.0/jackson-datatype-jdk8-2.15.0.jar:/Users/paffen/.m2/repository/com/fasterxml/jackson/datatype/jackson-datatype-jsr310/2.15.0/jackson-datatype-jsr310-2.15.0.jar:/Users/paffen/.m2/repository/com/fasterxml/jackson/module/jackson-module-parameter-names/2.15.0/jackson-module-parameter-names-2.15.0.jar:/Users/paffen/.m2/repository/org/springframework/boot/spring-boot-starter-tomcat/3.1.0/spring-boot-starter-tomcat-3.1.0.jar:/Users/paffen/.m2/repository/org/apache/tomcat/embed/tomcat-embed-core/10.1.8/tomcat-embed-core-10.1.8.jar:/Users/paffen/.m2/repository/org/apache/tomcat/embed/tomcat-embed-websocket/10.1.8/tomcat-embed-websocket-10.1.8.jar:/Users/paffen/.m2/repository/org/springframework/spring-web/6.0.9/spring-web-6.0.9.jar:/Users/paffen/.m2/repository/io/micrometer/micrometer-observation/1.11.0/micrometer-observation-1.11.0.jar:/Users/paffen/.m2/repository/io/micrometer/micrometer-commons/1.11.0/micrometer-commons-1.11.0.jar:/Users/paffen/.m2/repository/org/springframework/spring-webmvc/6.0.9/spring-webmvc-6.0.9.jar:/Users/paffen/.m2/repository/org/projectlombok/lombok/1.18.26/lombok-1.18.26.jar:/Users/paffen/.m2/repository/org/springframework/boot/spring-boot-starter-data-mongodb/3.1.0/spring-boot-starter-data-mongodb-3.1.0.jar:/Users/paffen/.m2/repository/org/mongodb/mongodb-driver-sync/4.9.1/mongodb-driver-sync-4.9.1.jar:/Users/paffen/.m2/repository/org/mongodb/bson/4.9.1/bson-4.9.1.jar:/Users/paffen/.m2/repository/org/springframework/boot/spring-boot-starter-security/3.1.0/spring-boot-starter-security-3.1.0.jar:/Users/paffen/.m2/repository/org/springframework/spring-aop/6.0.9/spring-aop-6.0.9.jar:/Users/paffen/.m2/repository/org/springframework/security/spring-security-config/6.1.0/spring-security-config-6.1.0.jar:/Users/paffen/.m2/repository/org/springframework/security/spring-security-web/6.1.0/spring-security-web-6.1.0.jar:/Users/paffen/.m2/repository/de/flapdoodle/embed/de.flapdoodle.embed.mongo/4.6.2/de.flapdoodle.embed.mongo-4.6.2.jar:/Users/paffen/.m2/repository/de/flapdoodle/embed/de.flapdoodle.embed.process/4.6.1/de.flapdoodle.embed.process-4.6.1.jar:/Users/paffen/.m2/repository/de/flapdoodle/reverse/de.flapdoodle.reverse/1.5.2/de.flapdoodle.reverse-1.5.2.jar:/Users/paffen/.m2/repository/de/flapdoodle/graph/de.flapdoodle.graph/1.2.3/de.flapdoodle.graph-1.2.3.jar:/Users/paffen/.m2/repository/org/jgrapht/jgrapht-core/1.4.0/jgrapht-core-1.4.0.jar:/Users/paffen/.m2/repository/org/jheaps/jheaps/0.11/jheaps-0.11.jar:/Users/paffen/.m2/repository/de/flapdoodle/java8/de.flapdoodle.java8/1.3.2/de.flapdoodle.java8-1.3.2.jar:/Users/paffen/.m2/repository/org/apache/commons/commons-lang3/3.12.0/commons-lang3-3.12.0.jar:/Users/paffen/.m2/repository/org/apache/commons/commons-compress/1.22/commons-compress-1.22.jar:/Users/paffen/.m2/repository/net/java/dev/jna/jna/5.13.0/jna-5.13.0.jar:/Users/paffen/.m2/repository/net/java/dev/jna/jna-platform/5.13.0/jna-platform-5.13.0.jar:/Users/paffen/.m2/repository/de/flapdoodle/de.flapdoodle.os-api/1.3.1/de.flapdoodle.os-api-1.3.1.jar:/Users/paffen/.m2/repository/de/flapdoodle/embed/de.flapdoodle.embed.mongo.packageresolver/4.5.3/de.flapdoodle.embed.mongo.packageresolver-4.5.3.jar:/Users/paffen/.m2/repository/de/flapdoodle/de.flapdoodle.os/1.3.3/de.flapdoodle.os-1.3.3.jar:/Users/paffen/.m2/repository/org/apache/maven/plugins/maven-surefire-plugin/2.22.2/maven-surefire-plugin-2.22.2.jar:/Users/paffen/.m2/repository/org/apache/maven/surefire/maven-surefire-common/2.22.2/maven-surefire-common-2.22.2.jar:/Users/paffen/.m2/repository/org/apache/maven/maven-plugin-api/2.2.1/maven-plugin-api-2.2.1.jar:/Users/paffen/.m2/repository/org/apache/maven/plugin-tools/maven-plugin-annotations/3.6.4/maven-plugin-annotations-3.6.4.jar:/Users/paffen/.m2/repository/org/apache/maven/surefire/surefire-api/2.22.2/surefire-api-2.22.2.jar:/Users/paffen/.m2/repository/org/apache/maven/surefire/surefire-logger-api/2.22.2/surefire-logger-api-2.22.2.jar:/Users/paffen/.m2/repository/org/apache/maven/surefire/surefire-booter/2.22.2/surefire-booter-2.22.2.jar:/Users/paffen/.m2/repository/org/apache/maven/maven-artifact/2.2.1/maven-artifact-2.2.1.jar:/Users/paffen/.m2/repository/org/codehaus/plexus/plexus-utils/1.5.15/plexus-utils-1.5.15.jar:/Users/paffen/.m2/repository/org/apache/maven/maven-plugin-descriptor/2.2.1/maven-plugin-descriptor-2.2.1.jar:/Users/paffen/.m2/repository/org/codehaus/plexus/plexus-container-default/1.0-alpha-9-stable-1/plexus-container-default-1.0-alpha-9-stable-1.jar:/Users/paffen/.m2/repository/org/apache/maven/maven-project/2.2.1/maven-project-2.2.1.jar:/Users/paffen/.m2/repository/org/apache/maven/maven-settings/2.2.1/maven-settings-2.2.1.jar:/Users/paffen/.m2/repository/org/apache/maven/maven-profile/2.2.1/maven-profile-2.2.1.jar:/Users/paffen/.m2/repository/org/apache/maven/maven-artifact-manager/2.2.1/maven-artifact-manager-2.2.1.jar:/Users/paffen/.m2/repository/backport-util-concurrent/backport-util-concurrent/3.1/backport-util-concurrent-3.1.jar:/Users/paffen/.m2/repository/org/apache/maven/maven-plugin-registry/2.2.1/maven-plugin-registry-2.2.1.jar:/Users/paffen/.m2/repository/org/codehaus/plexus/plexus-interpolation/1.11/plexus-interpolation-1.11.jar:/Users/paffen/.m2/repository/org/apache/maven/maven-model/2.2.1/maven-model-2.2.1.jar:/Users/paffen/.m2/repository/org/apache/maven/maven-core/2.2.1/maven-core-2.2.1.jar:/Users/paffen/.m2/repository/org/apache/maven/maven-plugin-parameter-documenter/2.2.1/maven-plugin-parameter-documenter-2.2.1.jar:/Users/paffen/.m2/repository/org/apache/maven/wagon/wagon-http/1.0-beta-6/wagon-http-1.0-beta-6.jar:/Users/paffen/.m2/repository/org/apache/maven/wagon/wagon-http-shared/1.0-beta-6/wagon-http-shared-1.0-beta-6.jar:/Users/paffen/.m2/repository/nekohtml/xercesMinimal/1.9.6.2/xercesMinimal-1.9.6.2.jar:/Users/paffen/.m2/repository/nekohtml/nekohtml/1.9.6.2/nekohtml-1.9.6.2.jar:/Users/paffen/.m2/repository/commons-httpclient/commons-httpclient/3.1/commons-httpclient-3.1.jar:/Users/paffen/.m2/repository/commons-codec/commons-codec/1.15/commons-codec-1.15.jar:/Users/paffen/.m2/repository/org/apache/maven/wagon/wagon-webdav-jackrabbit/1.0-beta-6/wagon-webdav-jackrabbit-1.0-beta-6.jar:/Users/paffen/.m2/repository/org/apache/jackrabbit/jackrabbit-webdav/1.5.0/jackrabbit-webdav-1.5.0.jar:/Users/paffen/.m2/repository/org/apache/jackrabbit/jackrabbit-jcr-commons/1.5.0/jackrabbit-jcr-commons-1.5.0.jar:/Users/paffen/.m2/repository/org/slf4j/slf4j-nop/2.0.7/slf4j-nop-2.0.7.jar:/Users/paffen/.m2/repository/org/slf4j/slf4j-jdk14/2.0.7/slf4j-jdk14-2.0.7.jar:/Users/paffen/.m2/repository/org/slf4j/jcl-over-slf4j/2.0.7/jcl-over-slf4j-2.0.7.jar:/Users/paffen/.m2/repository/org/apache/maven/reporting/maven-reporting-api/2.2.1/maven-reporting-api-2.2.1.jar:/Users/paffen/.m2/repository/org/apache/maven/doxia/doxia-logging-api/1.1/doxia-logging-api-1.1.jar:/Users/paffen/.m2/repository/org/apache/maven/wagon/wagon-provider-api/1.0-beta-6/wagon-provider-api-1.0-beta-6.jar:/Users/paffen/.m2/repository/org/apache/maven/maven-repository-metadata/2.2.1/maven-repository-metadata-2.2.1.jar:/Users/paffen/.m2/repository/org/apache/maven/maven-error-diagnostics/2.2.1/maven-error-diagnostics-2.2.1.jar:/Users/paffen/.m2/repository/org/apache/maven/maven-monitor/2.2.1/maven-monitor-2.2.1.jar:/Users/paffen/.m2/repository/classworlds/classworlds/1.1/classworlds-1.1.jar:/Users/paffen/.m2/repository/org/sonatype/plexus/plexus-sec-dispatcher/1.3/plexus-sec-dispatcher-1.3.jar:/Users/paffen/.m2/repository/org/sonatype/plexus/plexus-cipher/1.4/plexus-cipher-1.4.jar:/Users/paffen/.m2/repository/org/apache/maven/maven-toolchain/2.2.1/maven-toolchain-2.2.1.jar:/Users/paffen/.m2/repository/org/codehaus/plexus/plexus-java/0.9.10/plexus-java-0.9.10.jar:/Users/paffen/.m2/repository/org/ow2/asm/asm/6.2/asm-6.2.jar:/Users/paffen/.m2/repository/com/thoughtworks/qdox/qdox/2.0-M8/qdox-2.0-M8.jar:/Users/paffen/.m2/repository/org/springframework/boot/spring-boot-starter-test/3.1.0/spring-boot-starter-test-3.1.0.jar:/Users/paffen/.m2/repository/org/springframework/boot/spring-boot-test/3.1.0/spring-boot-test-3.1.0.jar:/Users/paffen/.m2/repository/org/springframework/boot/spring-boot-test-autoconfigure/3.1.0/spring-boot-test-autoconfigure-3.1.0.jar:/Users/paffen/.m2/repository/com/jayway/jsonpath/json-path/2.8.0/json-path-2.8.0.jar:/Users/paffen/.m2/repository/jakarta/xml/bind/jakarta.xml.bind-api/4.0.0/jakarta.xml.bind-api-4.0.0.jar:/Users/paffen/.m2/repository/jakarta/activation/jakarta.activation-api/2.1.2/jakarta.activation-api-2.1.2.jar:/Users/paffen/.m2/repository/net/minidev/json-smart/2.4.10/json-smart-2.4.10.jar:/Users/paffen/.m2/repository/net/minidev/accessors-smart/2.4.9/accessors-smart-2.4.9.jar:/Users/paffen/.m2/repository/org/assertj/assertj-core/3.24.2/assertj-core-3.24.2.jar:/Users/paffen/.m2/repository/net/bytebuddy/byte-buddy/1.14.4/byte-buddy-1.14.4.jar:/Users/paffen/.m2/repository/org/hamcrest/hamcrest/2.2/hamcrest-2.2.jar:/Users/paffen/.m2/repository/org/junit/jupiter/junit-jupiter/5.9.3/junit-jupiter-5.9.3.jar:/Users/paffen/.m2/repository/org/junit/jupiter/junit-jupiter-params/5.9.3/junit-jupiter-params-5.9.3.jar:/Users/paffen/.m2/repository/org/junit/jupiter/junit-jupiter-engine/5.9.3/junit-jupiter-engine-5.9.3.jar:/Users/paffen/.m2/repository/org/junit/platform/junit-platform-engine/1.9.3/junit-platform-engine-1.9.3.jar:/Users/paffen/.m2/repository/org/mockito/mockito-core/5.3.1/mockito-core-5.3.1.jar:/Users/paffen/.m2/repository/net/bytebuddy/byte-buddy-agent/1.14.4/byte-buddy-agent-1.14.4.jar:/Users/paffen/.m2/repository/org/objenesis/objenesis/3.3/objenesis-3.3.jar:/Users/paffen/.m2/repository/org/mockito/mockito-junit-jupiter/5.3.1/mockito-junit-jupiter-5.3.1.jar:/Users/paffen/.m2/repository/org/skyscreamer/jsonassert/1.5.1/jsonassert-1.5.1.jar:/Users/paffen/.m2/repository/com/vaadin/external/google/android-json/0.0.20131108.vaadin1/android-json-0.0.20131108.vaadin1.jar:/Users/paffen/.m2/repository/org/springframework/spring-core/6.0.9/spring-core-6.0.9.jar:/Users/paffen/.m2/repository/org/springframework/spring-jcl/6.0.9/spring-jcl-6.0.9.jar:/Users/paffen/.m2/repository/org/springframework/spring-test/6.0.9/spring-test-6.0.9.jar:/Users/paffen/.m2/repository/org/xmlunit/xmlunit-core/2.9.1/xmlunit-core-2.9.1.jar:/Users/paffen/.m2/repository/de/flapdoodle/embed/de.flapdoodle.embed.mongo.spring30x/4.6.2/de.flapdoodle.embed.mongo.spring30x-4.6.2.jar:/Users/paffen/.m2/repository/org/springframework/boot/spring-boot-properties-migrator/3.1.0/spring-boot-properties-migrator-3.1.0.jar:/Users/paffen/.m2/repository/org/springframework/boot/spring-boot-configuration-metadata/3.1.0/spring-boot-configuration-metadata-3.1.0.jar:/Users/paffen/.m2/repository/org/springframework/security/spring-security-test/6.1.0/spring-security-test-6.1.0.jar:/Users/paffen/.m2/repository/org/springframework/security/spring-security-core/6.1.0/spring-security-core-6.1.0.jar:/Users/paffen/.m2/repository/org/springframework/security/spring-security-crypto/6.1.0/spring-security-crypto-6.1.0.jar:/Users/paffen/.m2/repository/org/bouncycastle/bcprov-jdk15on/1.70/bcprov-jdk15on-1.70.jar:/Users/paffen/.m2/repository/org/springframework/data/spring-data-mongodb/4.1.0/spring-data-mongodb-4.1.0.jar:/Users/paffen/.m2/repository/org/springframework/spring-tx/6.0.9/spring-tx-6.0.9.jar:/Users/paffen/.m2/repository/org/springframework/spring-context/6.0.9/spring-context-6.0.9.jar:/Users/paffen/.m2/repository/org/springframework/spring-beans/6.0.9/spring-beans-6.0.9.jar:/Users/paffen/.m2/repository/org/springframework/spring-expression/6.0.9/spring-expression-6.0.9.jar:/Users/paffen/.m2/repository/org/springframework/data/spring-data-commons/3.1.0/spring-data-commons-3.1.0.jar:/Users/paffen/.m2/repository/org/mongodb/mongodb-driver-core/4.9.1/mongodb-driver-core-4.9.1.jar:/Users/paffen/.m2/repository/org/mongodb/bson-record-codec/4.9.1/bson-record-codec-4.9.1.jar:/Users/paffen/.m2/repository/org/slf4j/slf4j-api/2.0.7/slf4j-api-2.0.7.jar:/Users/paffen/.m2/repository/junit/junit/4.13.2/junit-4.13.2.jar:/Users/paffen/.m2/repository/org/hamcrest/hamcrest-core/2.2/hamcrest-core-2.2.jar:/Users/paffen/.m2/repository/org/springdoc/springdoc-openapi-starter-webmvc-ui/2.0.0/springdoc-openapi-starter-webmvc-ui-2.0.0.jar:/Users/paffen/.m2/repository/org/springdoc/springdoc-openapi-starter-webmvc-api/2.0.0/springdoc-openapi-starter-webmvc-api-2.0.0.jar:/Users/paffen/.m2/repository/org/springdoc/springdoc-openapi-starter-common/2.0.0/springdoc-openapi-starter-common-2.0.0.jar:/Users/paffen/.m2/repository/io/swagger/core/v3/swagger-core-jakarta/2.2.7/swagger-core-jakarta-2.2.7.jar:/Users/paffen/.m2/repository/io/swagger/core/v3/swagger-annotations-jakarta/2.2.7/swagger-annotations-jakarta-2.2.7.jar:/Users/paffen/.m2/repository/io/swagger/core/v3/swagger-models-jakarta/2.2.7/swagger-models-jakarta-2.2.7.jar:/Users/paffen/.m2/repository/com/fasterxml/jackson/dataformat/jackson-dataformat-yaml/2.15.0/jackson-dataformat-yaml-2.15.0.jar:/Users/paffen/.m2/repository/org/webjars/swagger-ui/4.15.5/swagger-ui-4.15.5.jar:/Users/paffen/.m2/repository/org/webjars/webjars-locator-core/0.52/webjars-locator-core-0.52.jar:/Users/paffen/.m2/repository/io/github/classgraph/classgraph/4.8.149/classgraph-4.8.149.jar:/Users/paffen/.m2/repository/org/junit/jupiter/junit-jupiter-api/5.9.3/junit-jupiter-api-5.9.3.jar:/Users/paffen/.m2/repository/org/opentest4j/opentest4j/1.2.0/opentest4j-1.2.0.jar:/Users/paffen/.m2/repository/org/junit/platform/junit-platform-commons/1.9.3/junit-platform-commons-1.9.3.jar:/Users/paffen/.m2/repository/org/apiguardian/apiguardian-api/1.1.2/apiguardian-api-1.1.2.jar:/Users/paffen/.m2/repository/org/springframework/boot/spring-boot-starter-data-jpa/3.1.0/spring-boot-starter-data-jpa-3.1.0.jar:/Users/paffen/.m2/repository/org/springframework/boot/spring-boot-starter-aop/3.1.0/spring-boot-starter-aop-3.1.0.jar:/Users/paffen/.m2/repository/org/aspectj/aspectjweaver/1.9.19/aspectjweaver-1.9.19.jar:/Users/paffen/.m2/repository/org/springframework/boot/spring-boot-starter-jdbc/3.1.0/spring-boot-starter-jdbc-3.1.0.jar:/Users/paffen/.m2/repository/com/zaxxer/HikariCP/5.0.1/HikariCP-5.0.1.jar:/Users/paffen/.m2/repository/org/springframework/spring-jdbc/6.0.9/spring-jdbc-6.0.9.jar:/Users/paffen/.m2/repository/org/hibernate/orm/hibernate-core/6.2.2.Final/hibernate-core-6.2.2.Final.jar:/Users/paffen/.m2/repository/jakarta/persistence/jakarta.persistence-api/3.1.0/jakarta.persistence-api-3.1.0.jar:/Users/paffen/.m2/repository/jakarta/transaction/jakarta.transaction-api/2.0.1/jakarta.transaction-api-2.0.1.jar:/Users/paffen/.m2/repository/org/jboss/logging/jboss-logging/3.5.0.Final/jboss-logging-3.5.0.Final.jar:/Users/paffen/.m2/repository/org/hibernate/common/hibernate-commons-annotations/6.0.6.Final/hibernate-commons-annotations-6.0.6.Final.jar:/Users/paffen/.m2/repository/io/smallrye/jandex/3.0.5/jandex-3.0.5.jar:/Users/paffen/.m2/repository/com/fasterxml/classmate/1.5.1/classmate-1.5.1.jar:/Users/paffen/.m2/repository/org/glassfish/jaxb/jaxb-runtime/4.0.2/jaxb-runtime-4.0.2.jar:/Users/paffen/.m2/repository/org/glassfish/jaxb/jaxb-core/4.0.2/jaxb-core-4.0.2.jar:/Users/paffen/.m2/repository/org/eclipse/angus/angus-activation/2.0.0/angus-activation-2.0.0.jar:/Users/paffen/.m2/repository/org/glassfish/jaxb/txw2/4.0.2/txw2-4.0.2.jar:/Users/paffen/.m2/repository/com/sun/istack/istack-commons-runtime/4.1.1/istack-commons-runtime-4.1.1.jar:/Users/paffen/.m2/repository/jakarta/inject/jakarta.inject-api/2.0.1/jakarta.inject-api-2.0.1.jar:/Users/paffen/.m2/repository/org/antlr/antlr4-runtime/4.10.1/antlr4-runtime-4.10.1.jar:/Users/paffen/.m2/repository/org/springframework/data/spring-data-jpa/3.1.0/spring-data-jpa-3.1.0.jar:/Users/paffen/.m2/repository/org/springframework/spring-orm/6.0.9/spring-orm-6.0.9.jar:/Users/paffen/.m2/repository/org/springframework/spring-aspects/6.0.9/spring-aspects-6.0.9.jar:/Users/paffen/.m2/repository/com/h2database/h2/1.4.200/h2-1.4.200.jar:/Users/paffen/.m2/repository/org/springframework/boot/spring-boot-starter-validation/3.1.0/spring-boot-starter-validation-3.1.0.jar:/Users/paffen/.m2/repository/org/apache/tomcat/embed/tomcat-embed-el/10.1.8/tomcat-embed-el-10.1.8.jar:/Users/paffen/.m2/repository/org/hibernate/validator/hibernate-validator/8.0.0.Final/hibernate-validator-8.0.0.Final.jar:/Users/paffen/.m2/repository/jakarta/validation/jakarta.validation-api/3.0.2/jakarta.validation-api-3.0.2.jar:"/>
    <property name="java.vm.vendor" value="Amazon.com Inc."/>
    <property name="sun.arch.data.model" value="64"/>
    <property name="java.vendor.url" value="https://aws.amazon.com/corretto/"/>
    <property name="user.timezone" value="Europe/Berlin"/>
    <property name="org.jboss.logging.provider" value="slf4j"/>
    <property name="os.name" value="Mac OS X"/>
    <property name="java.vm.specification.version" value="20"/>
    <property name="sun.java.launcher" value="SUN_STANDARD"/>
    <property name="user.country" value="DE"/>
    <property name="sun.boot.library.path" value="/Users/paffen/Library/Java/JavaVirtualMachines/corretto-20.0.2/Contents/Home/lib"/>
    <property name="sun.java.command" value="/Users/paffen/IdeaProjects/capstone-foodspot/backend/target/surefire/surefirebooter-20240525220055580_3.jar /Users/paffen/IdeaProjects/capstone-foodspot/backend/target/surefire 2024-05-25T22-00-55_478-jvmRun1 surefire-20240525220055580_1tmp surefire_0-20240525220055580_2tmp"/>
    <property name="http.nonProxyHosts" value="local|*.local|169.254/16|*.169.254/16"/>
    <property name="jdk.debug" value="release"/>
    <property name="surefire.test.class.path" value="/Users/paffen/IdeaProjects/capstone-foodspot/backend/target/test-classes:/Users/paffen/IdeaProjects/capstone-foodspot/backend/target/classes:/Users/paffen/.m2/repository/org/springframework/boot/spring-boot-starter-web/3.1.0/spring-boot-starter-web-3.1.0.jar:/Users/paffen/.m2/repository/org/springframework/boot/spring-boot-starter/3.1.0/spring-boot-starter-3.1.0.jar:/Users/paffen/.m2/repository/org/springframework/boot/spring-boot/3.1.0/spring-boot-3.1.0.jar:/Users/paffen/.m2/repository/org/springframework/boot/spring-boot-autoconfigure/3.1.0/spring-boot-autoconfigure-3.1.0.jar:/Users/paffen/.m2/repository/org/springframework/boot/spring-boot-starter-logging/3.1.0/spring-boot-starter-logging-3.1.0.jar:/Users/paffen/.m2/repository/ch/qos/logback/logback-classic/1.4.7/logback-classic-1.4.7.jar:/Users/paffen/.m2/repository/ch/qos/logback/logback-core/1.4.7/logback-core-1.4.7.jar:/Users/paffen/.m2/repository/org/apache/logging/log4j/log4j-to-slf4j/2.20.0/log4j-to-slf4j-2.20.0.jar:/Users/paffen/.m2/repository/org/apache/logging/log4j/log4j-api/2.20.0/log4j-api-2.20.0.jar:/Users/paffen/.m2/repository/org/slf4j/jul-to-slf4j/2.0.7/jul-to-slf4j-2.0.7.jar:/Users/paffen/.m2/repository/jakarta/annotation/jakarta.annotation-api/2.1.1/jakarta.annotation-api-2.1.1.jar:/Users/paffen/.m2/repository/org/yaml/snakeyaml/1.33/snakeyaml-1.33.jar:/Users/paffen/.m2/repository/org/springframework/boot/spring-boot-starter-json/3.1.0/spring-boot-starter-json-3.1.0.jar:/Users/paffen/.m2/repository/com/fasterxml/jackson/core/jackson-databind/2.15.0/jackson-databind-2.15.0.jar:/Users/paffen/.m2/repository/com/fasterxml/jackson/core/jackson-annotations/2.15.0/jackson-annotations-2.15.0.jar:/Users/paffen/.m2/repository/com/fasterxml/jackson/core/jackson-core/2.15.0/jackson-core-2.15.0.jar:/Users/paffen/.m2/repository/com/fasterxml/jackson/datatype/jackson-datatype-jdk8/2.15.0/jackson-datatype-jdk8-2.15.0.jar:/Users/paffen/.m2/repository/com/fasterxml/jackson/datatype/jackson-datatype-jsr310/2.15.0/jackson-datatype-jsr310-2.15.0.jar:/Users/paffen/.m2/repository/com/fasterxml/jackson/module/jackson-module-parameter-names/2.15.0/jackson-module-parameter-names-2.15.0.jar:/Users/paffen/.m2/repository/org/springframework/boot/spring-boot-starter-tomcat/3.1.0/spring-boot-starter-tomcat-3.1.0.jar:/Users/paffen/.m2/repository/org/apache/tomcat/embed/tomcat-embed-core/10.1.8/tomcat-embed-core-10.1.8.jar:/Users/paffen/.m2/repository/org/apache/tomcat/embed/tomcat-embed-websocket/10.1.8/tomcat-embed-websocket-10.1.8.jar:/Users/paffen/.m2/repository/org/springframework/spring-web/6.0.9/spring-web-6.0.9.jar:/Users/paffen/.m2/repository/io/micrometer/micrometer-observation/1.11.0/micrometer-observation-1.11.0.jar:/Users/paffen/.m2/repository/io/micrometer/micrometer-commons/1.11.0/micrometer-commons-1.11.0.jar:/Users/paffen/.m2/repository/org/springframework/spring-webmvc/6.0.9/spring-webmvc-6.0.9.jar:/Users/paffen/.m2/repository/org/projectlombok/lombok/1.18.26/lombok-1.18.26.jar:/Users/paffen/.m2/repository/org/springframework/boot/spring-boot-starter-data-mongodb/3.1.0/spring-boot-starter-data-mongodb-3.1.0.jar:/Users/paffen/.m2/repository/org/mongodb/mongodb-driver-sync/4.9.1/mongodb-driver-sync-4.9.1.jar:/Users/paffen/.m2/repository/org/mongodb/bson/4.9.1/bson-4.9.1.jar:/Users/paffen/.m2/repository/org/springframework/boot/spring-boot-starter-security/3.1.0/spring-boot-starter-security-3.1.0.jar:/Users/paffen/.m2/repository/org/springframework/spring-aop/6.0.9/spring-aop-6.0.9.jar:/Users/paffen/.m2/repository/org/springframework/security/spring-security-config/6.1.0/spring-security-config-6.1.0.jar:/Users/paffen/.m2/repository/org/springframework/security/spring-security-web/6.1.0/spring-security-web-6.1.0.jar:/Users/paffen/.m2/repository/de/flapdoodle/embed/de.flapdoodle.embed.mongo/4.6.2/de.flapdoodle.embed.mongo-4.6.2.jar:/Users/paffen/.m2/repository/de/flapdoodle/embed/de.flapdoodle.embed.process/4.6.1/de.flapdoodle.embed.process-4.6.1.jar:/Users/paffen/.m2/repository/de/flapdoodle/reverse/de.flapdoodle.reverse/1.5.2/de.flapdoodle.reverse-1.5.2.jar:/Users/paffen/.m2/repository/de/flapdoodle/graph/de.flapdoodle.graph/1.2.3/de.flapdoodle.graph-1.2.3.jar:/Users/paffen/.m2/repository/org/jgrapht/jgrapht-core/1.4.0/jgrapht-core-1.4.0.jar:/Users/paffen/.m2/repository/org/jheaps/jheaps/0.11/jheaps-0.11.jar:/Users/paffen/.m2/repository/de/flapdoodle/java8/de.flapdoodle.java8/1.3.2/de.flapdoodle.java8-1.3.2.jar:/Users/paffen/.m2/repository/org/apache/commons/commons-lang3/3.12.0/commons-lang3-3.12.0.jar:/Users/paffen/.m2/repository/org/apache/commons/commons-compress/1.22/commons-compress-1.22.jar:/Users/paffen/.m2/repository/net/java/dev/jna/jna/5.13.0/jna-5.13.0.jar:/Users/paffen/.m2/repository/net/java/dev/jna/jna-platform/5.13.0/jna-platform-5.13.0.jar:/Users/paffen/.m2/repository/de/flapdoodle/de.flapdoodle.os-api/1.3.1/de.flapdoodle.os-api-1.3.1.jar:/Users/paffen/.m2/repository/de/flapdoodle/embed/de.flapdoodle.embed.mongo.packageresolver/4.5.3/de.flapdoodle.embed.mongo.packageresolver-4.5.3.jar:/Users/paffen/.m2/repository/de/flapdoodle/de.flapdoodle.os/1.3.3/de.flapdoodle.os-1.3.3.jar:/Users/paffen/.m2/repository/org/apache/maven/plugins/maven-surefire-plugin/2.22.2/maven-surefire-plugin-2.22.2.jar:/Users/paffen/.m2/repository/org/apache/maven/surefire/maven-surefire-common/2.22.2/maven-surefire-common-2.22.2.jar:/Users/paffen/.m2/repository/org/apache/maven/maven-plugin-api/2.2.1/maven-plugin-api-2.2.1.jar:/Users/paffen/.m2/repository/org/apache/maven/plugin-tools/maven-plugin-annotations/3.6.4/maven-plugin-annotations-3.6.4.jar:/Users/paffen/.m2/repository/org/apache/maven/surefire/surefire-api/2.22.2/surefire-api-2.22.2.jar:/Users/paffen/.m2/repository/org/apache/maven/surefire/surefire-logger-api/2.22.2/surefire-logger-api-2.22.2.jar:/Users/paffen/.m2/repository/org/apache/maven/surefire/surefire-booter/2.22.2/surefire-booter-2.22.2.jar:/Users/paffen/.m2/repository/org/apache/maven/maven-artifact/2.2.1/maven-artifact-2.2.1.jar:/Users/paffen/.m2/repository/org/codehaus/plexus/plexus-utils/1.5.15/plexus-utils-1.5.15.jar:/Users/paffen/.m2/repository/org/apache/maven/maven-plugin-descriptor/2.2.1/maven-plugin-descriptor-2.2.1.jar:/Users/paffen/.m2/repository/org/codehaus/plexus/plexus-container-default/1.0-alpha-9-stable-1/plexus-container-default-1.0-alpha-9-stable-1.jar:/Users/paffen/.m2/repository/org/apache/maven/maven-project/2.2.1/maven-project-2.2.1.jar:/Users/paffen/.m2/repository/org/apache/maven/maven-settings/2.2.1/maven-settings-2.2.1.jar:/Users/paffen/.m2/repository/org/apache/maven/maven-profile/2.2.1/maven-profile-2.2.1.jar:/Users/paffen/.m2/repository/org/apache/maven/maven-artifact-manager/2.2.1/maven-artifact-manager-2.2.1.jar:/Users/paffen/.m2/repository/backport-util-concurrent/backport-util-concurrent/3.1/backport-util-concurrent-3.1.jar:/Users/paffen/.m2/repository/org/apache/maven/maven-plugin-registry/2.2.1/maven-plugin-registry-2.2.1.jar:/Users/paffen/.m2/repository/org/codehaus/plexus/plexus-interpolation/1.11/plexus-interpolation-1.11.jar:/Users/paffen/.m2/repository/org/apache/maven/maven-model/2.2.1/maven-model-2.2.1.jar:/Users/paffen/.m2/repository/org/apache/maven/maven-core/2.2.1/maven-core-2.2.1.jar:/Users/paffen/.m2/repository/org/apache/maven/maven-plugin-parameter-documenter/2.2.1/maven-plugin-parameter-documenter-2.2.1.jar:/Users/paffen/.m2/repository/org/apache/maven/wagon/wagon-http/1.0-beta-6/wagon-http-1.0-beta-6.jar:/Users/paffen/.m2/repository/org/apache/maven/wagon/wagon-http-shared/1.0-beta-6/wagon-http-shared-1.0-beta-6.jar:/Users/paffen/.m2/repository/nekohtml/xercesMinimal/1.9.6.2/xercesMinimal-1.9.6.2.jar:/Users/paffen/.m2/repository/nekohtml/nekohtml/1.9.6.2/nekohtml-1.9.6.2.jar:/Users/paffen/.m2/repository/commons-httpclient/commons-httpclient/3.1/commons-httpclient-3.1.jar:/Users/paffen/.m2/repository/commons-codec/commons-codec/1.15/commons-codec-1.15.jar:/Users/paffen/.m2/repository/org/apache/maven/wagon/wagon-webdav-jackrabbit/1.0-beta-6/wagon-webdav-jackrabbit-1.0-beta-6.jar:/Users/paffen/.m2/repository/org/apache/jackrabbit/jackrabbit-webdav/1.5.0/jackrabbit-webdav-1.5.0.jar:/Users/paffen/.m2/repository/org/apache/jackrabbit/jackrabbit-jcr-commons/1.5.0/jackrabbit-jcr-commons-1.5.0.jar:/Users/paffen/.m2/repository/org/slf4j/slf4j-nop/2.0.7/slf4j-nop-2.0.7.jar:/Users/paffen/.m2/repository/org/slf4j/slf4j-jdk14/2.0.7/slf4j-jdk14-2.0.7.jar:/Users/paffen/.m2/repository/org/slf4j/jcl-over-slf4j/2.0.7/jcl-over-slf4j-2.0.7.jar:/Users/paffen/.m2/repository/org/apache/maven/reporting/maven-reporting-api/2.2.1/maven-reporting-api-2.2.1.jar:/Users/paffen/.m2/repository/org/apache/maven/doxia/doxia-logging-api/1.1/doxia-logging-api-1.1.jar:/Users/paffen/.m2/repository/org/apache/maven/wagon/wagon-provider-api/1.0-beta-6/wagon-provider-api-1.0-beta-6.jar:/Users/paffen/.m2/repository/org/apache/maven/maven-repository-metadata/2.2.1/maven-repository-metadata-2.2.1.jar:/Users/paffen/.m2/repository/org/apache/maven/maven-error-diagnostics/2.2.1/maven-error-diagnostics-2.2.1.jar:/Users/paffen/.m2/repository/org/apache/maven/maven-monitor/2.2.1/maven-monitor-2.2.1.jar:/Users/paffen/.m2/repository/classworlds/classworlds/1.1/classworlds-1.1.jar:/Users/paffen/.m2/repository/org/sonatype/plexus/plexus-sec-dispatcher/1.3/plexus-sec-dispatcher-1.3.jar:/Users/paffen/.m2/repository/org/sonatype/plexus/plexus-cipher/1.4/plexus-cipher-1.4.jar:/Users/paffen/.m2/repository/org/apache/maven/maven-toolchain/2.2.1/maven-toolchain-2.2.1.jar:/Users/paffen/.m2/repository/org/codehaus/plexus/plexus-java/0.9.10/plexus-java-0.9.10.jar:/Users/paffen/.m2/repository/org/ow2/asm/asm/6.2/asm-6.2.jar:/Users/paffen/.m2/repository/com/thoughtworks/qdox/qdox/2.0-M8/qdox-2.0-M8.jar:/Users/paffen/.m2/repository/org/springframework/boot/spring-boot-starter-test/3.1.0/spring-boot-starter-test-3.1.0.jar:/Users/paffen/.m2/repository/org/springframework/boot/spring-boot-test/3.1.0/spring-boot-test-3.1.0.jar:/Users/paffen/.m2/repository/org/springframework/boot/spring-boot-test-autoconfigure/3.1.0/spring-boot-test-autoconfigure-3.1.0.jar:/Users/paffen/.m2/repository/com/jayway/jsonpath/json-path/2.8.0/json-path-2.8.0.jar:/Users/paffen/.m2/repository/jakarta/xml/bind/jakarta.xml.bind-api/4.0.0/jakarta.xml.bind-api-4.0.0.jar:/Users/paffen/.m2/repository/jakarta/activation/jakarta.activation-api/2.1.2/jakarta.activation-api-2.1.2.jar:/Users/paffen/.m2/repository/net/minidev/json-smart/2.4.10/json-smart-2.4.10.jar:/Users/paffen/.m2/repository/net/minidev/accessors-smart/2.4.9/accessors-smart-2.4.9.jar:/Users/paffen/.m2/repository/org/assertj/assertj-core/3.24.2/assertj-core-3.24.2.jar:/Users/paffen/.m2/repository/net/bytebuddy/byte-buddy/1.14.4/byte-buddy-1.14.4.jar:/Users/paffen/.m2/repository/org/hamcrest/hamcrest/2.2/hamcrest-2.2.jar:/Users/paffen/.m2/repository/org/junit/jupiter/junit-jupiter/5.9.3/junit-jupiter-5.9.3.jar:/Users/paffen/.m2/repository/org/junit/jupiter/junit-jupiter-params/5.9.3/junit-jupiter-params-5.9.3.jar:/Users/paffen/.m2/repository/org/junit/jupiter/junit-jupiter-engine/5.9.3/junit-jupiter-engine-5.9.3.jar:/Users/paffen/.m2/repository/org/junit/platform/junit-platform-engine/1.9.3/junit-platform-engine-1.9.3.jar:/Users/paffen/.m2/repository/org/mockito/mockito-core/5.3.1/mockito-core-5.3.1.jar:/Users/paffen/.m2/repository/net/bytebuddy/byte-buddy-agent/1.14.4/byte-buddy-agent-1.14.4.jar:/Users/paffen/.m2/repository/org/objenesis/objenesis/3.3/objenesis-3.3.jar:/Users/paffen/.m2/repository/org/mockito/mockito-junit-jupiter/5.3.1/mockito-junit-jupiter-5.3.1.jar:/Users/paffen/.m2/repository/org/skyscreamer/jsonassert/1.5.1/jsonassert-1.5.1.jar:/Users/paffen/.m2/repository/com/vaadin/external/google/android-json/0.0.20131108.vaadin1/android-json-0.0.20131108.vaadin1.jar:/Users/paffen/.m2/repository/org/springframework/spring-core/6.0.9/spring-core-6.0.9.jar:/Users/paffen/.m2/repository/org/springframework/spring-jcl/6.0.9/spring-jcl-6.0.9.jar:/Users/paffen/.m2/repository/org/springframework/spring-test/6.0.9/spring-test-6.0.9.jar:/Users/paffen/.m2/repository/org/xmlunit/xmlunit-core/2.9.1/xmlunit-core-2.9.1.jar:/Users/paffen/.m2/repository/de/flapdoodle/embed/de.flapdoodle.embed.mongo.spring30x/4.6.2/de.flapdoodle.embed.mongo.spring30x-4.6.2.jar:/Users/paffen/.m2/repository/org/springframework/boot/spring-boot-properties-migrator/3.1.0/spring-boot-properties-migrator-3.1.0.jar:/Users/paffen/.m2/repository/org/springframework/boot/spring-boot-configuration-metadata/3.1.0/spring-boot-configuration-metadata-3.1.0.jar:/Users/paffen/.m2/repository/org/springframework/security/spring-security-test/6.1.0/spring-security-test-6.1.0.jar:/Users/paffen/.m2/repository/org/springframework/security/spring-security-core/6.1.0/spring-security-core-6.1.0.jar:/Users/paffen/.m2/repository/org/springframework/security/spring-security-crypto/6.1.0/spring-security-crypto-6.1.0.jar:/Users/paffen/.m2/repository/org/bouncycastle/bcprov-jdk15on/1.70/bcprov-jdk15on-1.70.jar:/Users/paffen/.m2/repository/org/springframework/data/spring-data-mongodb/4.1.0/spring-data-mongodb-4.1.0.jar:/Users/paffen/.m2/repository/org/springframework/spring-tx/6.0.9/spring-tx-6.0.9.jar:/Users/paffen/.m2/repository/org/springframework/spring-context/6.0.9/spring-context-6.0.9.jar:/Users/paffen/.m2/repository/org/springframework/spring-beans/6.0.9/spring-beans-6.0.9.jar:/Users/paffen/.m2/repository/org/springframework/spring-expression/6.0.9/spring-expression-6.0.9.jar:/Users/paffen/.m2/repository/org/springframework/data/spring-data-commons/3.1.0/spring-data-commons-3.1.0.jar:/Users/paffen/.m2/repository/org/mongodb/mongodb-driver-core/4.9.1/mongodb-driver-core-4.9.1.jar:/Users/paffen/.m2/repository/org/mongodb/bson-record-codec/4.9.1/bson-record-codec-4.9.1.jar:/Users/paffen/.m2/repository/org/slf4j/slf4j-api/2.0.7/slf4j-api-2.0.7.jar:/Users/paffen/.m2/repository/junit/junit/4.13.2/junit-4.13.2.jar:/Users/paffen/.m2/repository/org/hamcrest/hamcrest-core/2.2/hamcrest-core-2.2.jar:/Users/paffen/.m2/repository/org/springdoc/springdoc-openapi-starter-webmvc-ui/2.0.0/springdoc-openapi-starter-webmvc-ui-2.0.0.jar:/Users/paffen/.m2/repository/org/springdoc/springdoc-openapi-starter-webmvc-api/2.0.0/springdoc-openapi-starter-webmvc-api-2.0.0.jar:/Users/paffen/.m2/repository/org/springdoc/springdoc-openapi-starter-common/2.0.0/springdoc-openapi-starter-common-2.0.0.jar:/Users/paffen/.m2/repository/io/swagger/core/v3/swagger-core-jakarta/2.2.7/swagger-core-jakarta-2.2.7.jar:/Users/paffen/.m2/repository/io/swagger/core/v3/swagger-annotations-jakarta/2.2.7/swagger-annotations-jakarta-2.2.7.jar:/Users/paffen/.m2/repository/io/swagger/core/v3/swagger-models-jakarta/2.2.7/swagger-models-jakarta-2.2.7.jar:/Users/paffen/.m2/repository/com/fasterxml/jackson/dataformat/jackson-dataformat-yaml/2.15.0/jackson-dataformat-yaml-2.15.0.jar:/Users/paffen/.m2/repository/org/webjars/swagger-ui/4.15.5/swagger-ui-4.15.5.jar:/Users/paffen/.m2/repository/org/webjars/webjars-locator-core/0.52/webjars-locator-core-0.52.jar:/Users/paffen/.m2/repository/io/github/classgraph/classgraph/4.8.149/classgraph-4.8.149.jar:/Users/paffen/.m2/repository/org/junit/jupiter/junit-jupiter-api/5.9.3/junit-jupiter-api-5.9.3.jar:/Users/paffen/.m2/repository/org/opentest4j/opentest4j/1.2.0/opentest4j-1.2.0.jar:/Users/paffen/.m2/repository/org/junit/platform/junit-platform-commons/1.9.3/junit-platform-commons-1.9.3.jar:/Users/paffen/.m2/repository/org/apiguardian/apiguardian-api/1.1.2/apiguardian-api-1.1.2.jar:/Users/paffen/.m2/repository/org/springframework/boot/spring-boot-starter-data-jpa/3.1.0/spring-boot-starter-data-jpa-3.1.0.jar:/Users/paffen/.m2/repository/org/springframework/boot/spring-boot-starter-aop/3.1.0/spring-boot-starter-aop-3.1.0.jar:/Users/paffen/.m2/repository/org/aspectj/aspectjweaver/1.9.19/aspectjweaver-1.9.19.jar:/Users/paffen/.m2/repository/org/springframework/boot/spring-boot-starter-jdbc/3.1.0/spring-boot-starter-jdbc-3.1.0.jar:/Users/paffen/.m2/repository/com/zaxxer/HikariCP/5.0.1/HikariCP-5.0.1.jar:/Users/paffen/.m2/repository/org/springframework/spring-jdbc/6.0.9/spring-jdbc-6.0.9.jar:/Users/paffen/.m2/repository/org/hibernate/orm/hibernate-core/6.2.2.Final/hibernate-core-6.2.2.Final.jar:/Users/paffen/.m2/repository/jakarta/persistence/jakarta.persistence-api/3.1.0/jakarta.persistence-api-3.1.0.jar:/Users/paffen/.m2/repository/jakarta/transaction/jakarta.transaction-api/2.0.1/jakarta.transaction-api-2.0.1.jar:/Users/paffen/.m2/repository/org/jboss/logging/jboss-logging/3.5.0.Final/jboss-logging-3.5.0.Final.jar:/Users/paffen/.m2/repository/org/hibernate/common/hibernate-commons-annotations/6.0.6.Final/hibernate-commons-annotations-6.0.6.Final.jar:/Users/paffen/.m2/repository/io/smallrye/jandex/3.0.5/jandex-3.0.5.jar:/Users/paffen/.m2/repository/com/fasterxml/classmate/1.5.1/classmate-1.5.1.jar:/Users/paffen/.m2/repository/org/glassfish/jaxb/jaxb-runtime/4.0.2/jaxb-runtime-4.0.2.jar:/Users/paffen/.m2/repository/org/glassfish/jaxb/jaxb-core/4.0.2/jaxb-core-4.0.2.jar:/Users/paffen/.m2/repository/org/eclipse/angus/angus-activation/2.0.0/angus-activation-2.0.0.jar:/Users/paffen/.m2/repository/org/glassfish/jaxb/txw2/4.0.2/txw2-4.0.2.jar:/Users/paffen/.m2/repository/com/sun/istack/istack-commons-runtime/4.1.1/istack-commons-runtime-4.1.1.jar:/Users/paffen/.m2/repository/jakarta/inject/jakarta.inject-api/2.0.1/jakarta.inject-api-2.0.1.jar:/Users/paffen/.m2/repository/org/antlr/antlr4-runtime/4.10.1/antlr4-runtime-4.10.1.jar:/Users/paffen/.m2/repository/org/springframework/data/spring-data-jpa/3.1.0/spring-data-jpa-3.1.0.jar:/Users/paffen/.m2/repository/org/springframework/spring-orm/6.0.9/spring-orm-6.0.9.jar:/Users/paffen/.m2/repository/org/springframework/spring-aspects/6.0.9/spring-aspects-6.0.9.jar:/Users/paffen/.m2/repository/com/h2database/h2/1.4.200/h2-1.4.200.jar:/Users/paffen/.m2/repository/org/springframework/boot/spring-boot-starter-validation/3.1.0/spring-boot-starter-validation-3.1.0.jar:/Users/paffen/.m2/repository/org/apache/tomcat/embed/tomcat-embed-el/10.1.8/tomcat-embed-el-10.1.8.jar:/Users/paffen/.m2/repository/org/hibernate/validator/hibernate-validator/8.0.0.Final/hibernate-validator-8.0.0.Final.jar:/Users/paffen/.m2/repository/jakarta/validation/jakarta.validation-api/3.0.2/jakarta.validation-api-3.0.2.jar:"/>
    <property name="sun.cpu.endian" value="little"/>
    <property name="user.home" value="/Users/paffen"/>
    <property name="user.language" value="de"/>
    <property name="java.specification.vendor" value="Oracle Corporation"/>
    <property name="java.version.date" value="2023-07-18"/>
    <property name="java.home" value="/Users/paffen/Library/Java/JavaVirtualMachines/corretto-20.0.2/Contents/Home"/>
    <property name="file.separator" value="/"/>
    <property name="basedir" value="/Users/paffen/IdeaProjects/capstone-foodspot/backend"/>
    <property name="java.vm.compressedOopsMode" value="Zero based"/>
    <property name="line.separator" value="&#10;"/>
    <property name="java.vm.specification.vendor" value="Oracle Corporation"/>
    <property name="java.specification.name" value="Java Platform API Specification"/>
    <property name="FILE_LOG_CHARSET" value="UTF-8"/>
    <property name="java.awt.headless" value="true"/>
    <property name="apple.awt.application.name" value="ForkedBooter"/>
    <property name="surefire.real.class.path" value="/Users/paffen/IdeaProjects/capstone-foodspot/backend/target/surefire/surefirebooter-20240525220055580_3.jar"/>
    <property name="sun.management.compiler" value="HotSpot 64-Bit Tiered Compilers"/>
    <property name="ftp.nonProxyHosts" value="local|*.local|169.254/16|*.169.254/16"/>
    <property name="java.runtime.version" value="20.0.2+9-FR"/>
    <property name="user.name" value="paffen"/>
    <property name="stdout.encoding" value="UTF-8"/>
    <property name="path.separator" value=":"/>
    <property name="os.version" value="14.5"/>
    <property name="java.runtime.name" value="OpenJDK Runtime Environment"/>
    <property name="file.encoding" value="UTF-8"/>
    <property name="java.vm.name" value="OpenJDK 64-Bit Server VM"/>
    <property name="java.vendor.version" value="Corretto-20.0.2.9.1"/>
    <property name="localRepository" value="/Users/paffen/.m2/repository"/>
    <property name="java.vendor.url.bug" value="https://github.com/corretto/corretto-20/issues/"/>
    <property name="java.io.tmpdir" value="/var/folders/dr/fk5c4mdx63g076r3v55pvq740000gn/T/"/>
    <property name="idea.version" value="2023.1.4"/>
    <property name="com.zaxxer.hikari.pool_number" value="3"/>
    <property name="java.version" value="20.0.2"/>
    <property name="user.dir" value="/Users/paffen/IdeaProjects/capstone-foodspot/backend"/>
    <property name="os.arch" value="aarch64"/>
    <property name="java.vm.specification.name" value="Java Virtual Machine Specification"/>
    <property name="PID" value="27192"/>
    <property name="CONSOLE_LOG_CHARSET" value="UTF-8"/>
    <property name="native.encoding" value="UTF-8"/>
    <property name="java.library.path" value="/Users/paffen/Library/Java/Extensions:/Library/Java/Extensions:/Network/Library/Java/Extensions:/System/Library/Java/Extensions:/usr/lib/java:."/>
    <property name="java.vm.info" value="mixed mode, sharing"/>
    <property name="stderr.encoding" value="UTF-8"/>
    <property name="java.vendor" value="Amazon.com Inc."/>
    <property name="java.vm.version" value="20.0.2+9-FR"/>
    <property name="sun.io.unicode.encoding" value="UnicodeBig"/>
    <property name="socksNonProxyHosts" value="local|*.local|169.254/16|*.169.254/16"/>
    <property name="java.class.version" value="64.0"/>
  </properties>
  <testcase name="add_newFoodSpot" classname="de.neuefische.backend.controllers.FoodSpotControllerTest" time="0.935">
    <system-out><![CDATA[2024-05-25T22:01:06.422+02:00  INFO 27192 --- [           main] t.c.s.AnnotationConfigContextLoaderUtils : Could not detect default configuration classes for test class [de.neuefische.backend.controllers.FoodSpotControllerTest]: FoodSpotControllerTest does not declare any static, non-private, non-final, nested classes annotated with @Configuration.
2024-05-25T22:01:06.438+02:00  INFO 27192 --- [           main] .b.t.c.SpringBootTestContextBootstrapper : Found @SpringBootConfiguration de.neuefische.backend.BackendApplication for test class de.neuefische.backend.controllers.FoodSpotControllerTest

  .   ____          _            __ _ _
 /\\ / ___'_ __ _ _(_)_ __  __ _ \ \ \ \
( ( )\___ | '_ | '_| | '_ \/ _` | \ \ \ \
 \\/  ___)| |_)| | | | | || (_| |  ) ) ) )
  '  |____| .__|_| |_|_| |_\__, | / / / /
 =========|_|==============|___/=/_/_/_/
 :: Spring Boot ::                (v3.1.0)

2024-05-25T22:01:06.720+02:00  INFO 27192 --- [           main] d.n.b.c.FoodSpotControllerTest           : Starting FoodSpotControllerTest using Java 20.0.2 with PID 27192 (started by paffen in /Users/paffen/IdeaProjects/capstone-foodspot/backend)
2024-05-25T22:01:06.721+02:00  INFO 27192 --- [           main] d.n.b.c.FoodSpotControllerTest           : No active profile set, falling back to 1 default profile: "default"
2024-05-25T22:01:07.268+02:00  INFO 27192 --- [           main] .s.d.r.c.RepositoryConfigurationDelegate : Multiple Spring Data modules found, entering strict repository configuration mode
2024-05-25T22:01:07.268+02:00  INFO 27192 --- [           main] .s.d.r.c.RepositoryConfigurationDelegate : Bootstrapping Spring Data JPA repositories in DEFAULT mode.
2024-05-25T22:01:07.278+02:00  INFO 27192 --- [           main] .RepositoryConfigurationExtensionSupport : Spring Data JPA - Could not safely identify store assignment for repository candidate interface de.neuefische.backend.repos.FoodSpotRepo; If you want this repository to be a JPA repository, consider annotating your entities with one of these annotations: jakarta.persistence.Entity, jakarta.persistence.MappedSuperclass (preferred), or consider extending one of the following types with your repository: org.springframework.data.jpa.repository.JpaRepository
2024-05-25T22:01:07.279+02:00  INFO 27192 --- [           main] .RepositoryConfigurationExtensionSupport : Spring Data JPA - Could not safely identify store assignment for repository candidate interface de.neuefische.backend.repos.UserRepo; If you want this repository to be a JPA repository, consider annotating your entities with one of these annotations: jakarta.persistence.Entity, jakarta.persistence.MappedSuperclass (preferred), or consider extending one of the following types with your repository: org.springframework.data.jpa.repository.JpaRepository
2024-05-25T22:01:07.279+02:00  INFO 27192 --- [           main] .s.d.r.c.RepositoryConfigurationDelegate : Finished Spring Data repository scanning in 10 ms. Found 0 JPA repository interfaces.
2024-05-25T22:01:07.291+02:00  INFO 27192 --- [           main] .s.d.r.c.RepositoryConfigurationDelegate : Multiple Spring Data modules found, entering strict repository configuration mode
2024-05-25T22:01:07.291+02:00  INFO 27192 --- [           main] .s.d.r.c.RepositoryConfigurationDelegate : Bootstrapping Spring Data MongoDB repositories in DEFAULT mode.
2024-05-25T22:01:07.300+02:00  INFO 27192 --- [           main] .s.d.r.c.RepositoryConfigurationDelegate : Finished Spring Data repository scanning in 9 ms. Found 2 MongoDB repository interfaces.
2024-05-25T22:01:07.430+02:00  INFO 27192 --- [           main] trationDelegate$BeanPostProcessorChecker : Bean 'de.flapdoodle.embed.mongo.spring.autoconfigure.EmbeddedMongoAutoConfiguration' of type [de.flapdoodle.embed.mongo.spring.autoconfigure.EmbeddedMongoAutoConfiguration] is not eligible for getting processed by all BeanPostProcessors (for example: not eligible for auto-proxying)
2024-05-25T22:01:07.439+02:00  INFO 27192 --- [           main] trationDelegate$BeanPostProcessorChecker : Bean 'de.flapdoodle.mongodb.embedded-de.flapdoodle.embed.mongo.spring.autoconfigure.EmbeddedMongoProperties' of type [de.flapdoodle.embed.mongo.spring.autoconfigure.EmbeddedMongoProperties] is not eligible for getting processed by all BeanPostProcessors (for example: not eligible for auto-proxying)
2024-05-25T22:01:07.446+02:00  INFO 27192 --- [           main] trationDelegate$BeanPostProcessorChecker : Bean 'spring.data.mongodb-org.springframework.boot.autoconfigure.mongo.MongoProperties' of type [org.springframework.boot.autoconfigure.mongo.MongoProperties] is not eligible for getting processed by all BeanPostProcessors (for example: not eligible for auto-proxying)
2024-05-25T22:01:07.517+02:00  INFO 27192 --- [           main] com.zaxxer.hikari.HikariDataSource       : HikariPool-2 - Starting...
2024-05-25T22:01:07.522+02:00  INFO 27192 --- [           main] com.zaxxer.hikari.pool.HikariPool        : HikariPool-2 - Added connection conn10: url=jdbc:h2:mem:38c2dc09-d1ef-431a-b4f2-ff98942fec9a user=SA
2024-05-25T22:01:07.523+02:00  INFO 27192 --- [           main] com.zaxxer.hikari.HikariDataSource       : HikariPool-2 - Start completed.
2024-05-25T22:01:07.526+02:00  INFO 27192 --- [           main] o.hibernate.jpa.internal.util.LogHelper  : HHH000204: Processing PersistenceUnitInfo [name: default]
2024-05-25T22:01:07.537+02:00  INFO 27192 --- [           main] o.h.b.i.BytecodeProviderInitiator        : HHH000021: Bytecode provider name : bytebuddy
2024-05-25T22:01:07.537+02:00  INFO 27192 --- [           main] o.s.o.j.p.SpringPersistenceUnitInfo      : No LoadTimeWeaver setup: ignoring JPA class transformer
2024-05-25T22:01:07.539+02:00  INFO 27192 --- [           main] org.hibernate.orm.dialect                : HHH035001: Using dialect: org.hibernate.dialect.H2Dialect, version: 1.4.200
2024-05-25T22:01:07.547+02:00  INFO 27192 --- [           main] o.h.b.i.BytecodeProviderInitiator        : HHH000021: Bytecode provider name : bytebuddy
2024-05-25T22:01:07.560+02:00  INFO 27192 --- [           main] o.h.e.t.j.p.i.JtaPlatformInitiator       : HHH000490: Using JtaPlatform implementation: [org.hibernate.engine.transaction.jta.platform.internal.NoJtaPlatform]
2024-05-25T22:01:07.561+02:00  INFO 27192 --- [           main] j.LocalContainerEntityManagerFactoryBean : Initialized JPA EntityManagerFactory for persistence unit 'default'
2024-05-25T22:01:07.602+02:00  INFO 27192 --- [           main] d.f.e.m.s.a.SyncClientServerFactory      : sync server factory
2024-05-25T22:01:07.776+02:00  INFO 27192 --- [       Thread-7] d.f.e.m.s.autoconfigure.EmbeddedMongo    : {"t":{"$date":"2024-05-25T22:01:07.775+02:00"},"s":"I",  "c":"NETWORK",  "id":4915701, "ctx":"-","msg":"Initialized wire specification","attr":{"spec":{"incomingExternalClient":{"minWireVersion":0,"maxWireVersion":17},"incomingInternalClient":{"minWireVersion":0,"maxWireVersion":17},"outgoing":{"minWireVersion":6,"maxWireVersion":17},"isInternalClient":true}}}
2024-05-25T22:01:07.776+02:00  INFO 27192 --- [       Thread-7] d.f.e.m.s.autoconfigure.EmbeddedMongo    : {"t":{"$date":"2024-05-25T22:01:07.776+02:00"},"s":"I",  "c":"CONTROL",  "id":23285,   "ctx":"-","msg":"Automatically disabling TLS 1.0, to force-enable TLS 1.0 specify --sslDisabledProtocols 'none'"}
2024-05-25T22:01:07.777+02:00  INFO 27192 --- [       Thread-7] d.f.e.m.s.autoconfigure.EmbeddedMongo    : {"t":{"$date":"2024-05-25T22:01:07.776+02:00"},"s":"I",  "c":"NETWORK",  "id":4648602, "ctx":"main","msg":"Implicit TCP FastOpen in use."}
2024-05-25T22:01:07.778+02:00  INFO 27192 --- [       Thread-7] d.f.e.m.s.autoconfigure.EmbeddedMongo    : {"t":{"$date":"2024-05-25T22:01:07.777+02:00"},"s":"I",  "c":"REPL",     "id":5123008, "ctx":"main","msg":"Successfully registered PrimaryOnlyService","attr":{"service":"TenantMigrationDonorService","namespace":"config.tenantMigrationDonors"}}
2024-05-25T22:01:07.778+02:00  INFO 27192 --- [       Thread-7] d.f.e.m.s.autoconfigure.EmbeddedMongo    : {"t":{"$date":"2024-05-25T22:01:07.777+02:00"},"s":"I",  "c":"REPL",     "id":5123008, "ctx":"main","msg":"Successfully registered PrimaryOnlyService","attr":{"service":"TenantMigrationRecipientService","namespace":"config.tenantMigrationRecipients"}}
2024-05-25T22:01:07.778+02:00  INFO 27192 --- [       Thread-7] d.f.e.m.s.autoconfigure.EmbeddedMongo    : {"t":{"$date":"2024-05-25T22:01:07.777+02:00"},"s":"I",  "c":"REPL",     "id":5123008, "ctx":"main","msg":"Successfully registered PrimaryOnlyService","attr":{"service":"ShardSplitDonorService","namespace":"config.tenantSplitDonors"}}
2024-05-25T22:01:07.778+02:00  INFO 27192 --- [       Thread-7] d.f.e.m.s.autoconfigure.EmbeddedMongo    : {"t":{"$date":"2024-05-25T22:01:07.777+02:00"},"s":"I",  "c":"CONTROL",  "id":5945603, "ctx":"main","msg":"Multi threading initialized"}
2024-05-25T22:01:07.778+02:00  INFO 27192 --- [       Thread-7] d.f.e.m.s.autoconfigure.EmbeddedMongo    : {"t":{"$date":"2024-05-25T22:01:07.778+02:00"},"s":"I",  "c":"CONTROL",  "id":4615611, "ctx":"initandlisten","msg":"MongoDB starting","attr":{"pid":27208,"port":52992,"dbPath":"/var/folders/dr/fk5c4mdx63g076r3v55pvq740000gn/T/temp--f8a5c997-c5c6-4aac-8628-c7415dec9985/mongod-database17292211120639536864","architecture":"64-bit","host":"Pavel-laptop.fritz.box"}}
2024-05-25T22:01:07.778+02:00  INFO 27192 --- [       Thread-7] d.f.e.m.s.autoconfigure.EmbeddedMongo    : {"t":{"$date":"2024-05-25T22:01:07.778+02:00"},"s":"I",  "c":"CONTROL",  "id":23352,   "ctx":"initandlisten","msg":"Unable to resolve sysctl {sysctlName} (number) ","attr":{"sysctlName":"hw.cpufrequency"}}
2024-05-25T22:01:07.779+02:00  INFO 27192 --- [       Thread-7] d.f.e.m.s.autoconfigure.EmbeddedMongo    : {"t":{"$date":"2024-05-25T22:01:07.778+02:00"},"s":"I",  "c":"CONTROL",  "id":23351,   "ctx":"initandlisten","msg":"{sysctlName} unavailable","attr":{"sysctlName":"machdep.cpu.features"}}
2024-05-25T22:01:07.779+02:00  INFO 27192 --- [       Thread-7] d.f.e.m.s.autoconfigure.EmbeddedMongo    : {"t":{"$date":"2024-05-25T22:01:07.778+02:00"},"s":"I",  "c":"CONTROL",  "id":23403,   "ctx":"initandlisten","msg":"Build Info","attr":{"buildInfo":{"version":"6.0.1","gitVersion":"32f0f9c88dc44a2c8073a5bd47cf779d4bfdee6b","modules":[],"allocator":"system","environment":{"distarch":"aarch64","target_arch":"aarch64"}}}}
2024-05-25T22:01:07.779+02:00  INFO 27192 --- [       Thread-7] d.f.e.m.s.autoconfigure.EmbeddedMongo    : {"t":{"$date":"2024-05-25T22:01:07.778+02:00"},"s":"I",  "c":"CONTROL",  "id":51765,   "ctx":"initandlisten","msg":"Operating System","attr":{"os":{"name":"Mac OS X","version":"23.5.0"}}}
2024-05-25T22:01:07.779+02:00  INFO 27192 --- [       Thread-7] d.f.e.m.s.autoconfigure.EmbeddedMongo    : {"t":{"$date":"2024-05-25T22:01:07.778+02:00"},"s":"I",  "c":"CONTROL",  "id":21951,   "ctx":"initandlisten","msg":"Options set by command line","attr":{"options":{"net":{"bindIp":"127.0.0.1","port":52992},"security":{"authorization":"disabled"},"storage":{"dbPath":"/var/folders/dr/fk5c4mdx63g076r3v55pvq740000gn/T/temp--f8a5c997-c5c6-4aac-8628-c7415dec9985/mongod-database17292211120639536864","journal":{"enabled":false},"syncPeriodSecs":0}}}}
2024-05-25T22:01:07.780+02:00  INFO 27192 --- [       Thread-7] d.f.e.m.s.autoconfigure.EmbeddedMongo    : {"t":{"$date":"2024-05-25T22:01:07.780+02:00"},"s":"I",  "c":"NETWORK",  "id":5693100, "ctx":"initandlisten","msg":"Asio socket.set_option failed with std::system_error","attr":{"note":"acceptor TCP fast open","option":{"level":6,"name":261,"data":"00 04 00 00"},"error":{"what":"set_option: Invalid argument","message":"Invalid argument","category":"asio.system","value":22}}}
2024-05-25T22:01:07.781+02:00  INFO 27192 --- [       Thread-7] d.f.e.m.s.autoconfigure.EmbeddedMongo    : {"t":{"$date":"2024-05-25T22:01:07.780+02:00"},"s":"I",  "c":"STORAGE",  "id":22315,   "ctx":"initandlisten","msg":"Opening WiredTiger","attr":{"config":"create,cache_size=3584M,session_max=33000,eviction=(threads_min=4,threads_max=4),config_base=false,statistics=(fast),log=(enabled=true,remove=true,path=journal,compressor=snappy),builtin_extension_config=(zstd=(compression_level=6)),file_manager=(close_idle_time=600,close_scan_interval=10,close_handle_minimum=2000),statistics_log=(wait=0),json_output=(error,message),verbose=[recovery_progress:1,checkpoint_progress:1,compact_progress:1,backup:0,checkpoint:0,compact:0,evict:0,history_store:0,recovery:0,rts:0,salvage:0,tiered:0,timestamp:0,transaction:0,verify:0,log:0],,log=(enabled=false),"}}
2024-05-25T22:01:08.869+02:00  INFO 27192 --- [       Thread-7] d.f.e.m.s.autoconfigure.EmbeddedMongo    : {"t":{"$date":"2024-05-25T22:01:08.868+02:00"},"s":"I",  "c":"STORAGE",  "id":4795906, "ctx":"initandlisten","msg":"WiredTiger opened","attr":{"durationMillis":1088}}
2024-05-25T22:01:08.869+02:00  INFO 27192 --- [       Thread-7] d.f.e.m.s.autoconfigure.EmbeddedMongo    : {"t":{"$date":"2024-05-25T22:01:08.868+02:00"},"s":"I",  "c":"RECOVERY", "id":23987,   "ctx":"initandlisten","msg":"WiredTiger recoveryTimestamp","attr":{"recoveryTimestamp":{"$timestamp":{"t":0,"i":0}}}}
2024-05-25T22:01:08.908+02:00  INFO 27192 --- [       Thread-7] d.f.e.m.s.autoconfigure.EmbeddedMongo    : {"t":{"$date":"2024-05-25T22:01:08.907+02:00"},"s":"I",  "c":"WT",       "id":4366408, "ctx":"initandlisten","msg":"No table logging settings modifications are required for existing WiredTiger tables","attr":{"loggingEnabled":true}}
2024-05-25T22:01:08.909+02:00  INFO 27192 --- [       Thread-7] d.f.e.m.s.autoconfigure.EmbeddedMongo    : {"t":{"$date":"2024-05-25T22:01:08.908+02:00"},"s":"W",  "c":"CONTROL",  "id":22184,   "ctx":"initandlisten","msg":"Soft rlimits for open file descriptors too low","attr":{"currentValue":10240,"recommendedMinimum":64000},"tags":["startupWarnings"]}
2024-05-25T22:01:08.909+02:00  INFO 27192 --- [       Thread-7] d.f.e.m.s.autoconfigure.EmbeddedMongo    : {"t":{"$date":"2024-05-25T22:01:08.909+02:00"},"s":"I",  "c":"STORAGE",  "id":20320,   "ctx":"initandlisten","msg":"createCollection","attr":{"namespace":"admin.system.version","uuidDisposition":"provided","uuid":{"uuid":{"$uuid":"f94d46da-9273-429b-91b5-b73b954cbb63"}},"options":{"uuid":{"$uuid":"f94d46da-9273-429b-91b5-b73b954cbb63"}}}}
2024-05-25T22:01:08.952+02:00  INFO 27192 --- [       Thread-7] d.f.e.m.s.autoconfigure.EmbeddedMongo    : {"t":{"$date":"2024-05-25T22:01:08.952+02:00"},"s":"I",  "c":"INDEX",    "id":20345,   "ctx":"initandlisten","msg":"Index build: done building","attr":{"buildUUID":null,"collectionUUID":{"uuid":{"$uuid":"f94d46da-9273-429b-91b5-b73b954cbb63"}},"namespace":"admin.system.version","index":"_id_","ident":"index-1--6481132330680018450","collectionIdent":"collection-0--6481132330680018450","commitTimestamp":null}}
2024-05-25T22:01:08.953+02:00  INFO 27192 --- [       Thread-7] d.f.e.m.s.autoconfigure.EmbeddedMongo    : {"t":{"$date":"2024-05-25T22:01:08.952+02:00"},"s":"I",  "c":"REPL",     "id":20459,   "ctx":"initandlisten","msg":"Setting featureCompatibilityVersion","attr":{"newVersion":"6.0"}}
2024-05-25T22:01:08.953+02:00  INFO 27192 --- [       Thread-7] d.f.e.m.s.autoconfigure.EmbeddedMongo    : {"t":{"$date":"2024-05-25T22:01:08.952+02:00"},"s":"I",  "c":"REPL",     "id":5853300, "ctx":"initandlisten","msg":"current featureCompatibilityVersion value","attr":{"featureCompatibilityVersion":"6.0","context":"setFCV"}}
2024-05-25T22:01:08.953+02:00  INFO 27192 --- [       Thread-7] d.f.e.m.s.autoconfigure.EmbeddedMongo    : {"t":{"$date":"2024-05-25T22:01:08.952+02:00"},"s":"I",  "c":"NETWORK",  "id":4915702, "ctx":"initandlisten","msg":"Updated wire specification","attr":{"oldSpec":{"incomingExternalClient":{"minWireVersion":0,"maxWireVersion":17},"incomingInternalClient":{"minWireVersion":0,"maxWireVersion":17},"outgoing":{"minWireVersion":6,"maxWireVersion":17},"isInternalClient":true},"newSpec":{"incomingExternalClient":{"minWireVersion":0,"maxWireVersion":17},"incomingInternalClient":{"minWireVersion":17,"maxWireVersion":17},"outgoing":{"minWireVersion":17,"maxWireVersion":17},"isInternalClient":true}}}
2024-05-25T22:01:08.953+02:00  INFO 27192 --- [       Thread-7] d.f.e.m.s.autoconfigure.EmbeddedMongo    : {"t":{"$date":"2024-05-25T22:01:08.952+02:00"},"s":"I",  "c":"NETWORK",  "id":4915702, "ctx":"initandlisten","msg":"Updated wire specification","attr":{"oldSpec":{"incomingExternalClient":{"minWireVersion":0,"maxWireVersion":17},"incomingInternalClient":{"minWireVersion":17,"maxWireVersion":17},"outgoing":{"minWireVersion":17,"maxWireVersion":17},"isInternalClient":true},"newSpec":{"incomingExternalClient":{"minWireVersion":0,"maxWireVersion":17},"incomingInternalClient":{"minWireVersion":17,"maxWireVersion":17},"outgoing":{"minWireVersion":17,"maxWireVersion":17},"isInternalClient":true}}}
2024-05-25T22:01:08.953+02:00  INFO 27192 --- [       Thread-7] d.f.e.m.s.autoconfigure.EmbeddedMongo    : {"t":{"$date":"2024-05-25T22:01:08.952+02:00"},"s":"I",  "c":"REPL",     "id":5853300, "ctx":"initandlisten","msg":"current featureCompatibilityVersion value","attr":{"featureCompatibilityVersion":"6.0","context":"startup"}}
2024-05-25T22:01:08.953+02:00  INFO 27192 --- [       Thread-7] d.f.e.m.s.autoconfigure.EmbeddedMongo    : {"t":{"$date":"2024-05-25T22:01:08.952+02:00"},"s":"I",  "c":"STORAGE",  "id":5071100, "ctx":"initandlisten","msg":"Clearing temp directory"}
2024-05-25T22:01:08.954+02:00  INFO 27192 --- [       Thread-7] d.f.e.m.s.autoconfigure.EmbeddedMongo    : {"t":{"$date":"2024-05-25T22:01:08.953+02:00"},"s":"I",  "c":"CONTROL",  "id":20536,   "ctx":"initandlisten","msg":"Flow Control is enabled on this deployment"}
2024-05-25T22:01:08.954+02:00  INFO 27192 --- [       Thread-7] d.f.e.m.s.autoconfigure.EmbeddedMongo    : {"t":{"$date":"2024-05-25T22:01:08.953+02:00"},"s":"I",  "c":"FTDC",     "id":20625,   "ctx":"initandlisten","msg":"Initializing full-time diagnostic data capture","attr":{"dataDirectory":"/var/folders/dr/fk5c4mdx63g076r3v55pvq740000gn/T/temp--f8a5c997-c5c6-4aac-8628-c7415dec9985/mongod-database17292211120639536864/diagnostic.data"}}
2024-05-25T22:01:08.954+02:00  INFO 27192 --- [       Thread-7] d.f.e.m.s.autoconfigure.EmbeddedMongo    : {"t":{"$date":"2024-05-25T22:01:08.953+02:00"},"s":"I",  "c":"STORAGE",  "id":20320,   "ctx":"initandlisten","msg":"createCollection","attr":{"namespace":"local.startup_log","uuidDisposition":"generated","uuid":{"uuid":{"$uuid":"a0b86883-536b-4fa6-bf0d-48d39f769f08"}},"options":{"capped":true,"size":10485760}}}
2024-05-25T22:01:08.988+02:00  INFO 27192 --- [       Thread-7] d.f.e.m.s.autoconfigure.EmbeddedMongo    : {"t":{"$date":"2024-05-25T22:01:08.987+02:00"},"s":"I",  "c":"INDEX",    "id":20345,   "ctx":"initandlisten","msg":"Index build: done building","attr":{"buildUUID":null,"collectionUUID":{"uuid":{"$uuid":"a0b86883-536b-4fa6-bf0d-48d39f769f08"}},"namespace":"local.startup_log","index":"_id_","ident":"index-3--6481132330680018450","collectionIdent":"collection-2--6481132330680018450","commitTimestamp":null}}
2024-05-25T22:01:08.988+02:00  INFO 27192 --- [       Thread-7] d.f.e.m.s.autoconfigure.EmbeddedMongo    : {"t":{"$date":"2024-05-25T22:01:08.988+02:00"},"s":"I",  "c":"REPL",     "id":6015317, "ctx":"initandlisten","msg":"Setting new configuration state","attr":{"newState":"ConfigReplicationDisabled","oldState":"ConfigPreStart"}}
2024-05-25T22:01:08.988+02:00  INFO 27192 --- [       Thread-7] d.f.e.m.s.autoconfigure.EmbeddedMongo    : {"t":{"$date":"2024-05-25T22:01:08.988+02:00"},"s":"I",  "c":"STORAGE",  "id":22262,   "ctx":"initandlisten","msg":"Timestamp monitor starting"}
2024-05-25T22:01:08.989+02:00  INFO 27192 --- [       Thread-7] d.f.e.m.s.autoconfigure.EmbeddedMongo    : {"t":{"$date":"2024-05-25T22:01:08.988+02:00"},"s":"I",  "c":"NETWORK",  "id":23015,   "ctx":"listener","msg":"Listening on","attr":{"address":"/tmp/mongodb-52992.sock"}}
2024-05-25T22:01:08.989+02:00  INFO 27192 --- [       Thread-7] d.f.e.m.s.autoconfigure.EmbeddedMongo    : {"t":{"$date":"2024-05-25T22:01:08.988+02:00"},"s":"I",  "c":"NETWORK",  "id":23015,   "ctx":"listener","msg":"Listening on","attr":{"address":"127.0.0.1"}}
2024-05-25T22:01:08.989+02:00  INFO 27192 --- [       Thread-7] d.f.e.m.s.autoconfigure.EmbeddedMongo    : {"t":{"$date":"2024-05-25T22:01:08.988+02:00"},"s":"I",  "c":"NETWORK",  "id":23016,   "ctx":"listener","msg":"Waiting for connections","attr":{"port":52992,"ssl":"off"}}
2024-05-25T22:01:08.989+02:00  INFO 27192 --- [       Thread-7] d.f.e.m.s.autoconfigure.EmbeddedMongo    : {"t":{"$date":"2024-05-25T22:01:08.988+02:00"},"s":"I",  "c":"CONTROL",  "id":20712,   "ctx":"LogicalSessionCacheReap","msg":"Sessions collection is not set up; waiting until next sessions reap interval","attr":{"error":"NamespaceNotFound: config.system.sessions does not exist"}}
2024-05-25T22:01:08.989+02:00  INFO 27192 --- [       Thread-7] d.f.e.m.s.autoconfigure.EmbeddedMongo    : {"t":{"$date":"2024-05-25T22:01:08.989+02:00"},"s":"I",  "c":"STORAGE",  "id":20320,   "ctx":"LogicalSessionCacheRefresh","msg":"createCollection","attr":{"namespace":"config.system.sessions","uuidDisposition":"generated","uuid":{"uuid":{"$uuid":"b96a13e1-be8a-410d-80a4-032026d76a1b"}},"options":{}}}
2024-05-25T22:01:09.010+02:00  INFO 27192 --- [           main] org.mongodb.driver.client                : MongoClient with metadata {"driver": {"name": "mongo-java-driver|sync|spring-boot", "version": "4.9.1"}, "os": {"type": "Darwin", "name": "Mac OS X", "architecture": "aarch64", "version": "14.5"}, "platform": "Java/Amazon.com Inc./20.0.2+9-FR"} created with settings MongoClientSettings{readPreference=primary, writeConcern=WriteConcern{w=null, wTimeout=null ms, journal=null}, retryWrites=true, retryReads=true, readConcern=ReadConcern{level=null}, credential=null, streamFactoryFactory=null, commandListeners=[], codecRegistry=ProvidersCodecRegistry{codecProviders=[ValueCodecProvider{}, BsonValueCodecProvider{}, DBRefCodecProvider{}, DBObjectCodecProvider{}, DocumentCodecProvider{}, CollectionCodecProvider{}, IterableCodecProvider{}, MapCodecProvider{}, GeoJsonCodecProvider{}, GridFSFileCodecProvider{}, Jsr310CodecProvider{}, JsonObjectCodecProvider{}, BsonCodecProvider{}, EnumCodecProvider{}, com.mongodb.client.model.mql.ExpressionCodecProvider@9129ab1, com.mongodb.Jep395RecordCodecProvider@1ae73d9e]}, loggerSettings=LoggerSettings{maxDocumentLength=1000}, clusterSettings={hosts=[localhost:52992], srvServiceName=mongodb, mode=SINGLE, requiredClusterType=UNKNOWN, requiredReplicaSetName='null', serverSelector='null', clusterListeners='[]', serverSelectionTimeout='30000 ms', localThreshold='30000 ms'}, socketSettings=SocketSettings{connectTimeoutMS=10000, readTimeoutMS=0, receiveBufferSize=0, sendBufferSize=0}, heartbeatSocketSettings=SocketSettings{connectTimeoutMS=10000, readTimeoutMS=10000, receiveBufferSize=0, sendBufferSize=0}, connectionPoolSettings=ConnectionPoolSettings{maxSize=100, minSize=0, maxWaitTimeMS=120000, maxConnectionLifeTimeMS=0, maxConnectionIdleTimeMS=0, maintenanceInitialDelayMS=0, maintenanceFrequencyMS=60000, connectionPoolListeners=[], maxConnecting=2}, serverSettings=ServerSettings{heartbeatFrequencyMS=10000, minHeartbeatFrequencyMS=500, serverListeners='[]', serverMonitorListeners='[]'}, sslSettings=SslSettings{enabled=false, invalidHostNameAllowed=false, context=null}, applicationName='null', compressorList=[], uuidRepresentation=JAVA_LEGACY, serverApi=null, autoEncryptionSettings=null, contextProvider=null}
2024-05-25T22:01:09.011+02:00  INFO 27192 --- [       Thread-7] d.f.e.m.s.autoconfigure.EmbeddedMongo    : {"t":{"$date":"2024-05-25T22:01:09.009+02:00"},"s":"I",  "c":"NETWORK",  "id":22943,   "ctx":"listener","msg":"Connection accepted","attr":{"remote":"127.0.0.1:52994","uuid":"316202b4-b828-4207-b182-a64fdaf509da","connectionId":1,"connectionCount":1}}
2024-05-25T22:01:09.011+02:00  INFO 27192 --- [       Thread-7] d.f.e.m.s.autoconfigure.EmbeddedMongo    : {"t":{"$date":"2024-05-25T22:01:09.011+02:00"},"s":"I",  "c":"NETWORK",  "id":51800,   "ctx":"conn1","msg":"client metadata","attr":{"remote":"127.0.0.1:52994","client":"conn1","doc":{"driver":{"name":"mongo-java-driver|sync|spring-boot","version":"4.9.1"},"os":{"type":"Darwin","name":"Mac OS X","architecture":"aarch64","version":"14.5"},"platform":"Java/Amazon.com Inc./20.0.2+9-FR"}}}
2024-05-25T22:01:09.012+02:00  INFO 27192 --- [       Thread-7] d.f.e.m.s.autoconfigure.EmbeddedMongo    : {"t":{"$date":"2024-05-25T22:01:09.012+02:00"},"s":"I",  "c":"NETWORK",  "id":22943,   "ctx":"listener","msg":"Connection accepted","attr":{"remote":"127.0.0.1:52995","uuid":"7be28c78-6191-49ba-8e75-740b2bc94c03","connectionId":2,"connectionCount":2}}
2024-05-25T22:01:09.014+02:00  INFO 27192 --- [       Thread-7] d.f.e.m.s.autoconfigure.EmbeddedMongo    : {"t":{"$date":"2024-05-25T22:01:09.013+02:00"},"s":"I",  "c":"NETWORK",  "id":51800,   "ctx":"conn2","msg":"client metadata","attr":{"remote":"127.0.0.1:52995","client":"conn2","doc":{"driver":{"name":"mongo-java-driver|sync|spring-boot","version":"4.9.1"},"os":{"type":"Darwin","name":"Mac OS X","architecture":"aarch64","version":"14.5"},"platform":"Java/Amazon.com Inc./20.0.2+9-FR"}}}
2024-05-25T22:01:09.014+02:00  INFO 27192 --- [localhost:52992] org.mongodb.driver.cluster               : Monitor thread successfully connected to server with description ServerDescription{address=localhost:52992, type=STANDALONE, state=CONNECTED, ok=true, minWireVersion=0, maxWireVersion=17, maxDocumentSize=16777216, logicalSessionTimeoutMinutes=30, roundTripTimeNanos=6083958}
2024-05-25T22:01:09.051+02:00  INFO 27192 --- [       Thread-7] d.f.e.m.s.autoconfigure.EmbeddedMongo    : {"t":{"$date":"2024-05-25T22:01:09.050+02:00"},"s":"I",  "c":"INDEX",    "id":20345,   "ctx":"LogicalSessionCacheRefresh","msg":"Index build: done building","attr":{"buildUUID":null,"collectionUUID":{"uuid":{"$uuid":"b96a13e1-be8a-410d-80a4-032026d76a1b"}},"namespace":"config.system.sessions","index":"_id_","ident":"index-5--6481132330680018450","collectionIdent":"collection-4--6481132330680018450","commitTimestamp":null}}
2024-05-25T22:01:09.051+02:00  INFO 27192 --- [       Thread-7] d.f.e.m.s.autoconfigure.EmbeddedMongo    : {"t":{"$date":"2024-05-25T22:01:09.050+02:00"},"s":"I",  "c":"INDEX",    "id":20345,   "ctx":"LogicalSessionCacheRefresh","msg":"Index build: done building","attr":{"buildUUID":null,"collectionUUID":{"uuid":{"$uuid":"b96a13e1-be8a-410d-80a4-032026d76a1b"}},"namespace":"config.system.sessions","index":"lsidTTLIndex","ident":"index-6--6481132330680018450","collectionIdent":"collection-4--6481132330680018450","commitTimestamp":null}}
2024-05-25T22:01:09.137+02:00  WARN 27192 --- [           main] JpaBaseConfiguration$JpaWebConfiguration : spring.jpa.open-in-view is enabled by default. Therefore, database queries may be performed during view rendering. Explicitly configure spring.jpa.open-in-view to disable this warning
2024-05-25T22:01:09.172+02:00  INFO 27192 --- [           main] o.s.b.a.w.s.WelcomePageHandlerMapping    : Adding welcome page: class path resource [static/index.html]
2024-05-25T22:01:10.207+02:00  INFO 27192 --- [           main] o.s.s.web.DefaultSecurityFilterChain     : Will secure any request with [org.springframework.security.web.session.DisableEncodeUrlFilter@5c0ecacc, org.springframework.security.web.session.ForceEagerSessionCreationFilter@19463055, org.springframework.security.web.context.request.async.WebAsyncManagerIntegrationFilter@2176bc2c, org.springframework.security.web.context.SecurityContextHolderFilter@1920a0a5, org.springframework.security.web.header.HeaderWriterFilter@36288e31, org.springframework.security.web.csrf.CsrfFilter@694fdebe, org.springframework.security.web.authentication.logout.LogoutFilter@256019f4, org.springframework.security.web.authentication.www.BasicAuthenticationFilter@376e5c64, org.springframework.security.web.savedrequest.RequestCacheAwareFilter@2c37c571, org.springframework.security.web.servletapi.SecurityContextHolderAwareRequestFilter@5e1c8fc0, org.springframework.security.web.authentication.AnonymousAuthenticationFilter@7eb07a68, org.springframework.security.web.session.SessionManagementFilter@e8d35e4, org.springframework.security.web.access.ExceptionTranslationFilter@2e836434, org.springframework.security.web.access.intercept.AuthorizationFilter@7904c3a1]
2024-05-25T22:01:10.376+02:00  INFO 27192 --- [           main] o.s.b.t.m.w.SpringBootMockServletContext : Initializing Spring TestDispatcherServlet ''
2024-05-25T22:01:10.376+02:00  INFO 27192 --- [           main] o.s.t.web.servlet.TestDispatcherServlet  : Initializing Servlet ''
2024-05-25T22:01:10.377+02:00  INFO 27192 --- [           main] o.s.t.web.servlet.TestDispatcherServlet  : Completed initialization in 1 ms
2024-05-25T22:01:10.393+02:00  INFO 27192 --- [           main] d.n.b.c.FoodSpotControllerTest           : Started FoodSpotControllerTest in 3.793 seconds (process running for 14.676)
2024-05-25T22:01:10.833+02:00  INFO 27192 --- [       Thread-7] d.f.e.m.s.autoconfigure.EmbeddedMongo    : {"t":{"$date":"2024-05-25T22:01:10.833+02:00"},"s":"I",  "c":"NETWORK",  "id":22943,   "ctx":"listener","msg":"Connection accepted","attr":{"remote":"127.0.0.1:52996","uuid":"42742e5b-e755-46cf-b306-57abbdfb07d5","connectionId":3,"connectionCount":3}}
2024-05-25T22:01:10.834+02:00  INFO 27192 --- [       Thread-7] d.f.e.m.s.autoconfigure.EmbeddedMongo    : {"t":{"$date":"2024-05-25T22:01:10.834+02:00"},"s":"I",  "c":"NETWORK",  "id":51800,   "ctx":"conn3","msg":"client metadata","attr":{"remote":"127.0.0.1:52996","client":"conn3","doc":{"driver":{"name":"mongo-java-driver|sync|spring-boot","version":"4.9.1"},"os":{"type":"Darwin","name":"Mac OS X","architecture":"aarch64","version":"14.5"},"platform":"Java/Amazon.com Inc./20.0.2+9-FR"}}}
2024-05-25T22:01:10.863+02:00  INFO 27192 --- [       Thread-7] d.f.e.m.s.autoconfigure.EmbeddedMongo    : {"t":{"$date":"2024-05-25T22:01:10.862+02:00"},"s":"I",  "c":"STORAGE",  "id":20320,   "ctx":"conn3","msg":"createCollection","attr":{"namespace":"test.foodspot","uuidDisposition":"generated","uuid":{"uuid":{"$uuid":"95d52481-d203-4e2c-adbb-8c875187b932"}},"options":{}}}
2024-05-25T22:01:10.906+02:00  INFO 27192 --- [       Thread-7] d.f.e.m.s.autoconfigure.EmbeddedMongo    : {"t":{"$date":"2024-05-25T22:01:10.905+02:00"},"s":"I",  "c":"INDEX",    "id":20345,   "ctx":"conn3","msg":"Index build: done building","attr":{"buildUUID":null,"collectionUUID":{"uuid":{"$uuid":"95d52481-d203-4e2c-adbb-8c875187b932"}},"namespace":"test.foodspot","index":"_id_","ident":"index-8--6481132330680018450","collectionIdent":"collection-7--6481132330680018450","commitTimestamp":null}}
2024-05-25T22:01:11.029+02:00  INFO 27192 --- [       Thread-7] d.f.e.m.s.autoconfigure.EmbeddedMongo    : {"t":{"$date":"2024-05-25T22:01:11.029+02:00"},"s":"I",  "c":"NETWORK",  "id":22944,   "ctx":"conn3","msg":"Connection ended","attr":{"remote":"127.0.0.1:52996","uuid":"42742e5b-e755-46cf-b306-57abbdfb07d5","connectionId":3,"connectionCount":2}}
2024-05-25T22:01:11.029+02:00  INFO 27192 --- [       Thread-7] d.f.e.m.s.autoconfigure.EmbeddedMongo    : {"t":{"$date":"2024-05-25T22:01:11.029+02:00"},"s":"I",  "c":"NETWORK",  "id":22944,   "ctx":"conn1","msg":"Connection ended","attr":{"remote":"127.0.0.1:52994","uuid":"316202b4-b828-4207-b182-a64fdaf509da","connectionId":1,"connectionCount":1}}
2024-05-25T22:01:11.032+02:00  INFO 27192 --- [       Thread-7] d.f.e.m.s.autoconfigure.EmbeddedMongo    : {"t":{"$date":"2024-05-25T22:01:11.032+02:00"},"s":"I",  "c":"NETWORK",  "id":22943,   "ctx":"listener","msg":"Connection accepted","attr":{"remote":"127.0.0.1:52997","uuid":"f2421c8a-b96a-45f3-a951-cc0254533cb5","connectionId":4,"connectionCount":2}}
2024-05-25T22:01:11.033+02:00  INFO 27192 --- [       Thread-7] d.f.e.m.s.autoconfigure.EmbeddedMongo    : {"t":{"$date":"2024-05-25T22:01:11.033+02:00"},"s":"W",  "c":"COMMAND",  "id":5578800, "ctx":"conn4","msg":"Received wire protocol op code or command that is no longer supported. The client driver may require an upgrade. For more details see https://dochub.mongodb.org/core/legacy-opcode-removal","attr":{"op":"query","clientInfo":{"address":"127.0.0.1:52997"}}}
2024-05-25T22:01:11.034+02:00 ERROR 27192 --- [           main] d.flapdoodle.embed.mongo.runtime.Mongod  : Got some response, should be an error message
2024-05-25T22:01:11.034+02:00  INFO 27192 --- [       Thread-7] d.f.e.m.s.autoconfigure.EmbeddedMongo    : {"t":{"$date":"2024-05-25T22:01:11.034+02:00"},"s":"I",  "c":"NETWORK",  "id":22944,   "ctx":"conn4","msg":"Connection ended","attr":{"remote":"127.0.0.1:52997","uuid":"f2421c8a-b96a-45f3-a951-cc0254533cb5","connectionId":4,"connectionCount":1}}
2024-05-25T22:01:11.127+02:00  INFO 27192 --- [       Thread-7] d.f.e.m.s.autoconfigure.EmbeddedMongo    : {"t":{"$date":"2024-05-25T22:01:11.126+02:00"},"s":"W",  "c":"NETWORK",  "id":4615610, "ctx":"conn2","msg":"Failed to check socket connectivity","attr":{"error":{"code":6,"codeName":"HostUnreachable","errmsg":"Connection closed by peer"}}}
2024-05-25T22:01:11.127+02:00  INFO 27192 --- [       Thread-7] d.f.e.m.s.autoconfigure.EmbeddedMongo    : {"t":{"$date":"2024-05-25T22:01:11.126+02:00"},"s":"I",  "c":"-",        "id":20883,   "ctx":"conn2","msg":"Interrupted operation as its client disconnected","attr":{"opId":14}}
2024-05-25T22:01:11.128+02:00  INFO 27192 --- [       Thread-7] d.f.e.m.s.autoconfigure.EmbeddedMongo    : {"t":{"$date":"2024-05-25T22:01:11.128+02:00"},"s":"I",  "c":"NETWORK",  "id":22944,   "ctx":"conn2","msg":"Connection ended","attr":{"remote":"127.0.0.1:52995","uuid":"7be28c78-6191-49ba-8e75-740b2bc94c03","connectionId":2,"connectionCount":0}}
2024-05-25T22:01:11.137+02:00  INFO 27192 --- [       Thread-7] d.f.e.m.s.autoconfigure.EmbeddedMongo    : {"t":{"$date":"2024-05-25T22:01:11.136+02:00"},"s":"I",  "c":"NETWORK",  "id":22943,   "ctx":"listener","msg":"Connection accepted","attr":{"remote":"127.0.0.1:52998","uuid":"5af2e87e-07c8-48a0-9059-a9b55cbd3199","connectionId":5,"connectionCount":1}}
2024-05-25T22:01:11.138+02:00  INFO 27192 --- [       Thread-7] d.f.e.m.s.autoconfigure.EmbeddedMongo    : {"t":{"$date":"2024-05-25T22:01:11.138+02:00"},"s":"I",  "c":"COMMAND",  "id":4695400, "ctx":"conn5","msg":"Terminating via shutdown command","attr":{"force":false,"timeoutMillis":15000}}
2024-05-25T22:01:11.138+02:00  INFO 27192 --- [       Thread-7] d.f.e.m.s.autoconfigure.EmbeddedMongo    : {"t":{"$date":"2024-05-25T22:01:11.138+02:00"},"s":"I",  "c":"REPL",     "id":4794602, "ctx":"thread31","msg":"Attempting to enter quiesce mode"}
2024-05-25T22:01:11.138+02:00  INFO 27192 --- [       Thread-7] d.f.e.m.s.autoconfigure.EmbeddedMongo    : {"t":{"$date":"2024-05-25T22:01:11.138+02:00"},"s":"I",  "c":"-",        "id":6371601, "ctx":"thread31","msg":"Shutting down the FLE Crud thread pool"}
2024-05-25T22:01:11.138+02:00  INFO 27192 --- [       Thread-7] d.f.e.m.s.autoconfigure.EmbeddedMongo    : {"t":{"$date":"2024-05-25T22:01:11.138+02:00"},"s":"I",  "c":"COMMAND",  "id":4784901, "ctx":"thread31","msg":"Shutting down the MirrorMaestro"}
2024-05-25T22:01:11.138+02:00  INFO 27192 --- [       Thread-7] d.f.e.m.s.autoconfigure.EmbeddedMongo    : {"t":{"$date":"2024-05-25T22:01:11.138+02:00"},"s":"I",  "c":"SHARDING", "id":4784902, "ctx":"thread31","msg":"Shutting down the WaitForMajorityService"}
2024-05-25T22:01:11.138+02:00  INFO 27192 --- [       Thread-7] d.f.e.m.s.autoconfigure.EmbeddedMongo    : {"t":{"$date":"2024-05-25T22:01:11.138+02:00"},"s":"I",  "c":"CONTROL",  "id":4784903, "ctx":"thread31","msg":"Shutting down the LogicalSessionCache"}
2024-05-25T22:01:11.138+02:00  INFO 27192 --- [       Thread-7] d.f.e.m.s.autoconfigure.EmbeddedMongo    : {"t":{"$date":"2024-05-25T22:01:11.138+02:00"},"s":"I",  "c":"NETWORK",  "id":20562,   "ctx":"thread31","msg":"Shutdown: going to close listening sockets"}
2024-05-25T22:01:11.139+02:00  INFO 27192 --- [       Thread-7] d.f.e.m.s.autoconfigure.EmbeddedMongo    : {"t":{"$date":"2024-05-25T22:01:11.138+02:00"},"s":"I",  "c":"NETWORK",  "id":23017,   "ctx":"listener","msg":"removing socket file","attr":{"path":"/tmp/mongodb-52992.sock"}}
2024-05-25T22:01:11.139+02:00  INFO 27192 --- [       Thread-7] d.f.e.m.s.autoconfigure.EmbeddedMongo    : {"t":{"$date":"2024-05-25T22:01:11.139+02:00"},"s":"I",  "c":"NETWORK",  "id":4784905, "ctx":"thread31","msg":"Shutting down the global connection pool"}
2024-05-25T22:01:11.139+02:00  INFO 27192 --- [       Thread-7] d.f.e.m.s.autoconfigure.EmbeddedMongo    : {"t":{"$date":"2024-05-25T22:01:11.139+02:00"},"s":"I",  "c":"CONTROL",  "id":4784906, "ctx":"thread31","msg":"Shutting down the FlowControlTicketholder"}
2024-05-25T22:01:11.139+02:00  INFO 27192 --- [       Thread-7] d.f.e.m.s.autoconfigure.EmbeddedMongo    : {"t":{"$date":"2024-05-25T22:01:11.139+02:00"},"s":"I",  "c":"-",        "id":20520,   "ctx":"thread31","msg":"Stopping further Flow Control ticket acquisitions."}
2024-05-25T22:01:11.139+02:00  INFO 27192 --- [       Thread-7] d.f.e.m.s.autoconfigure.EmbeddedMongo    : {"t":{"$date":"2024-05-25T22:01:11.139+02:00"},"s":"I",  "c":"CONTROL",  "id":4784908, "ctx":"thread31","msg":"Shutting down the PeriodicThreadToAbortExpiredTransactions"}
2024-05-25T22:01:11.139+02:00  INFO 27192 --- [       Thread-7] d.f.e.m.s.autoconfigure.EmbeddedMongo    : {"t":{"$date":"2024-05-25T22:01:11.139+02:00"},"s":"I",  "c":"REPL",     "id":4784909, "ctx":"thread31","msg":"Shutting down the ReplicationCoordinator"}
2024-05-25T22:01:11.139+02:00  INFO 27192 --- [       Thread-7] d.f.e.m.s.autoconfigure.EmbeddedMongo    : {"t":{"$date":"2024-05-25T22:01:11.139+02:00"},"s":"I",  "c":"SHARDING", "id":4784910, "ctx":"thread31","msg":"Shutting down the ShardingInitializationMongoD"}
2024-05-25T22:01:11.139+02:00  INFO 27192 --- [       Thread-7] d.f.e.m.s.autoconfigure.EmbeddedMongo    : {"t":{"$date":"2024-05-25T22:01:11.139+02:00"},"s":"I",  "c":"REPL",     "id":4784911, "ctx":"thread31","msg":"Enqueuing the ReplicationStateTransitionLock for shutdown"}
2024-05-25T22:01:11.139+02:00  INFO 27192 --- [       Thread-7] d.f.e.m.s.autoconfigure.EmbeddedMongo    : {"t":{"$date":"2024-05-25T22:01:11.139+02:00"},"s":"I",  "c":"-",        "id":4784912, "ctx":"thread31","msg":"Killing all operations for shutdown"}
2024-05-25T22:01:11.139+02:00  INFO 27192 --- [       Thread-7] d.f.e.m.s.autoconfigure.EmbeddedMongo    : {"t":{"$date":"2024-05-25T22:01:11.139+02:00"},"s":"I",  "c":"-",        "id":4695300, "ctx":"thread31","msg":"Interrupted all currently running operations","attr":{"opsKilled":3}}
2024-05-25T22:01:11.139+02:00  INFO 27192 --- [       Thread-7] d.f.e.m.s.autoconfigure.EmbeddedMongo    : {"t":{"$date":"2024-05-25T22:01:11.139+02:00"},"s":"I",  "c":"TENANT_M", "id":5093807, "ctx":"thread31","msg":"Shutting down all TenantMigrationAccessBlockers on global shutdown"}
2024-05-25T22:01:11.140+02:00  INFO 27192 --- [       Thread-7] d.f.e.m.s.autoconfigure.EmbeddedMongo    : {"t":{"$date":"2024-05-25T22:01:11.139+02:00"},"s":"I",  "c":"COMMAND",  "id":4784913, "ctx":"thread31","msg":"Shutting down all open transactions"}
2024-05-25T22:01:11.140+02:00  INFO 27192 --- [       Thread-7] d.f.e.m.s.autoconfigure.EmbeddedMongo    : {"t":{"$date":"2024-05-25T22:01:11.139+02:00"},"s":"I",  "c":"REPL",     "id":4784914, "ctx":"thread31","msg":"Acquiring the ReplicationStateTransitionLock for shutdown"}
2024-05-25T22:01:11.140+02:00  INFO 27192 --- [       Thread-7] d.f.e.m.s.autoconfigure.EmbeddedMongo    : {"t":{"$date":"2024-05-25T22:01:11.139+02:00"},"s":"I",  "c":"INDEX",    "id":4784915, "ctx":"thread31","msg":"Shutting down the IndexBuildsCoordinator"}
2024-05-25T22:01:11.140+02:00  INFO 27192 --- [       Thread-7] d.f.e.m.s.autoconfigure.EmbeddedMongo    : {"t":{"$date":"2024-05-25T22:01:11.139+02:00"},"s":"I",  "c":"NETWORK",  "id":4784918, "ctx":"thread31","msg":"Shutting down the ReplicaSetMonitor"}
2024-05-25T22:01:11.140+02:00  INFO 27192 --- [       Thread-7] d.f.e.m.s.autoconfigure.EmbeddedMongo    : {"t":{"$date":"2024-05-25T22:01:11.139+02:00"},"s":"I",  "c":"SHARDING", "id":4784921, "ctx":"thread31","msg":"Shutting down the MigrationUtilExecutor"}
2024-05-25T22:01:11.140+02:00  INFO 27192 --- [       Thread-7] d.f.e.m.s.autoconfigure.EmbeddedMongo    : {"t":{"$date":"2024-05-25T22:01:11.139+02:00"},"s":"I",  "c":"ASIO",     "id":22582,   "ctx":"MigrationUtil-TaskExecutor","msg":"Killing all outstanding egress activity."}
2024-05-25T22:01:11.140+02:00  INFO 27192 --- [       Thread-7] d.f.e.m.s.autoconfigure.EmbeddedMongo    : {"t":{"$date":"2024-05-25T22:01:11.140+02:00"},"s":"I",  "c":"COMMAND",  "id":4784923, "ctx":"thread31","msg":"Shutting down the ServiceEntryPoint"}
2024-05-25T22:01:11.140+02:00  INFO 27192 --- [       Thread-7] d.f.e.m.s.autoconfigure.EmbeddedMongo    : {"t":{"$date":"2024-05-25T22:01:11.140+02:00"},"s":"I",  "c":"CONTROL",  "id":4784925, "ctx":"thread31","msg":"Shutting down free monitoring"}
2024-05-25T22:01:11.140+02:00  INFO 27192 --- [       Thread-7] d.f.e.m.s.autoconfigure.EmbeddedMongo    : {"t":{"$date":"2024-05-25T22:01:11.140+02:00"},"s":"I",  "c":"CONTROL",  "id":20609,   "ctx":"thread31","msg":"Shutting down free monitoring"}
2024-05-25T22:01:11.140+02:00  INFO 27192 --- [       Thread-7] d.f.e.m.s.autoconfigure.EmbeddedMongo    : {"t":{"$date":"2024-05-25T22:01:11.140+02:00"},"s":"I",  "c":"CONTROL",  "id":4784927, "ctx":"thread31","msg":"Shutting down the HealthLog"}
2024-05-25T22:01:11.140+02:00  INFO 27192 --- [       Thread-7] d.f.e.m.s.autoconfigure.EmbeddedMongo    : {"t":{"$date":"2024-05-25T22:01:11.140+02:00"},"s":"I",  "c":"CONTROL",  "id":4784928, "ctx":"thread31","msg":"Shutting down the TTL monitor"}
2024-05-25T22:01:11.140+02:00  INFO 27192 --- [       Thread-7] d.f.e.m.s.autoconfigure.EmbeddedMongo    : {"t":{"$date":"2024-05-25T22:01:11.140+02:00"},"s":"I",  "c":"INDEX",    "id":3684100, "ctx":"thread31","msg":"Shutting down TTL collection monitor thread"}
2024-05-25T22:01:11.140+02:00  INFO 27192 --- [       Thread-7] d.f.e.m.s.autoconfigure.EmbeddedMongo    : {"t":{"$date":"2024-05-25T22:01:11.140+02:00"},"s":"I",  "c":"INDEX",    "id":3684101, "ctx":"thread31","msg":"Finished shutting down TTL collection monitor thread"}
2024-05-25T22:01:11.140+02:00  INFO 27192 --- [       Thread-7] d.f.e.m.s.autoconfigure.EmbeddedMongo    : {"t":{"$date":"2024-05-25T22:01:11.140+02:00"},"s":"I",  "c":"CONTROL",  "id":6278511, "ctx":"thread31","msg":"Shutting down the Change Stream Expired Pre-images Remover"}
2024-05-25T22:01:11.140+02:00  INFO 27192 --- [       Thread-7] d.f.e.m.s.autoconfigure.EmbeddedMongo    : {"t":{"$date":"2024-05-25T22:01:11.140+02:00"},"s":"I",  "c":"CONTROL",  "id":4784929, "ctx":"thread31","msg":"Acquiring the global lock for shutdown"}
2024-05-25T22:01:11.140+02:00  INFO 27192 --- [       Thread-7] d.f.e.m.s.autoconfigure.EmbeddedMongo    : {"t":{"$date":"2024-05-25T22:01:11.140+02:00"},"s":"I",  "c":"CONTROL",  "id":4784930, "ctx":"thread31","msg":"Shutting down the storage engine"}
2024-05-25T22:01:11.140+02:00  INFO 27192 --- [       Thread-7] d.f.e.m.s.autoconfigure.EmbeddedMongo    : {"t":{"$date":"2024-05-25T22:01:11.140+02:00"},"s":"I",  "c":"STORAGE",  "id":22320,   "ctx":"thread31","msg":"Shutting down journal flusher thread"}
2024-05-25T22:01:11.181+02:00  INFO 27192 --- [       Thread-7] d.f.e.m.s.autoconfigure.EmbeddedMongo    : {"t":{"$date":"2024-05-25T22:01:11.181+02:00"},"s":"I",  "c":"STORAGE",  "id":22321,   "ctx":"thread31","msg":"Finished shutting down journal flusher thread"}
2024-05-25T22:01:11.181+02:00  INFO 27192 --- [       Thread-7] d.f.e.m.s.autoconfigure.EmbeddedMongo    : {"t":{"$date":"2024-05-25T22:01:11.181+02:00"},"s":"I",  "c":"STORAGE",  "id":22322,   "ctx":"thread31","msg":"Shutting down checkpoint thread"}
2024-05-25T22:01:11.181+02:00  INFO 27192 --- [       Thread-7] d.f.e.m.s.autoconfigure.EmbeddedMongo    : {"t":{"$date":"2024-05-25T22:01:11.181+02:00"},"s":"I",  "c":"STORAGE",  "id":22323,   "ctx":"thread31","msg":"Finished shutting down checkpoint thread"}
2024-05-25T22:01:11.181+02:00  INFO 27192 --- [       Thread-7] d.f.e.m.s.autoconfigure.EmbeddedMongo    : {"t":{"$date":"2024-05-25T22:01:11.181+02:00"},"s":"I",  "c":"STORAGE",  "id":20282,   "ctx":"thread31","msg":"Deregistering all the collections"}
2024-05-25T22:01:11.181+02:00  INFO 27192 --- [       Thread-7] d.f.e.m.s.autoconfigure.EmbeddedMongo    : {"t":{"$date":"2024-05-25T22:01:11.181+02:00"},"s":"I",  "c":"STORAGE",  "id":22261,   "ctx":"thread31","msg":"Timestamp monitor shutting down"}
2024-05-25T22:01:11.182+02:00  INFO 27192 --- [       Thread-7] d.f.e.m.s.autoconfigure.EmbeddedMongo    : {"t":{"$date":"2024-05-25T22:01:11.181+02:00"},"s":"I",  "c":"STORAGE",  "id":22317,   "ctx":"thread31","msg":"WiredTigerKVEngine shutting down"}
2024-05-25T22:01:11.182+02:00  INFO 27192 --- [       Thread-7] d.f.e.m.s.autoconfigure.EmbeddedMongo    : {"t":{"$date":"2024-05-25T22:01:11.181+02:00"},"s":"I",  "c":"STORAGE",  "id":22318,   "ctx":"thread31","msg":"Shutting down session sweeper thread"}
2024-05-25T22:01:11.182+02:00  INFO 27192 --- [       Thread-7] d.f.e.m.s.autoconfigure.EmbeddedMongo    : {"t":{"$date":"2024-05-25T22:01:11.181+02:00"},"s":"I",  "c":"STORAGE",  "id":22319,   "ctx":"thread31","msg":"Finished shutting down session sweeper thread"}
2024-05-25T22:01:11.182+02:00  INFO 27192 --- [       Thread-7] d.f.e.m.s.autoconfigure.EmbeddedMongo    : {"t":{"$date":"2024-05-25T22:01:11.182+02:00"},"s":"I",  "c":"STORAGE",  "id":4795902, "ctx":"thread31","msg":"Closing WiredTiger","attr":{"closeConfig":"leak_memory=true,"}}
2024-05-25T22:01:11.210+02:00  INFO 27192 --- [       Thread-7] d.f.e.m.s.autoconfigure.EmbeddedMongo    : {"t":{"$date":"2024-05-25T22:01:11.210+02:00"},"s":"I",  "c":"STORAGE",  "id":4795901, "ctx":"thread31","msg":"WiredTiger closed","attr":{"durationMillis":28}}
2024-05-25T22:01:11.210+02:00  INFO 27192 --- [       Thread-7] d.f.e.m.s.autoconfigure.EmbeddedMongo    : {"t":{"$date":"2024-05-25T22:01:11.210+02:00"},"s":"I",  "c":"STORAGE",  "id":22279,   "ctx":"thread31","msg":"shutdown: removing fs lock..."}
2024-05-25T22:01:11.210+02:00  INFO 27192 --- [       Thread-7] d.f.e.m.s.autoconfigure.EmbeddedMongo    : {"t":{"$date":"2024-05-25T22:01:11.210+02:00"},"s":"I",  "c":"-",        "id":4784931, "ctx":"thread31","msg":"Dropping the scope cache for shutdown"}
2024-05-25T22:01:11.210+02:00  INFO 27192 --- [       Thread-7] d.f.e.m.s.autoconfigure.EmbeddedMongo    : {"t":{"$date":"2024-05-25T22:01:11.210+02:00"},"s":"I",  "c":"FTDC",     "id":20626,   "ctx":"thread31","msg":"Shutting down full-time diagnostic data capture"}
2024-05-25T22:01:11.212+02:00  INFO 27192 --- [       Thread-7] d.f.e.m.s.autoconfigure.EmbeddedMongo    : {"t":{"$date":"2024-05-25T22:01:11.212+02:00"},"s":"I",  "c":"CONTROL",  "id":20565,   "ctx":"thread31","msg":"Now exiting"}
2024-05-25T22:01:11.212+02:00  INFO 27192 --- [       Thread-7] d.f.e.m.s.autoconfigure.EmbeddedMongo    : {"t":{"$date":"2024-05-25T22:01:11.212+02:00"},"s":"I",  "c":"CONTROL",  "id":23138,   "ctx":"thread31","msg":"Shutting down","attr":{"exitCode":0}}
2024-05-25T22:01:11.325+02:00  INFO 27192 --- [           main] j.LocalContainerEntityManagerFactoryBean : Closing JPA EntityManagerFactory for persistence unit 'default'
2024-05-25T22:01:11.327+02:00  INFO 27192 --- [           main] com.zaxxer.hikari.HikariDataSource       : HikariPool-2 - Shutdown initiated...
2024-05-25T22:01:11.331+02:00  INFO 27192 --- [           main] com.zaxxer.hikari.HikariDataSource       : HikariPool-2 - Shutdown completed.
]]></system-out>
  </testcase>
  <testcase name="test_FoodSpotById" classname="de.neuefische.backend.controllers.FoodSpotControllerTest" time="0.038">
    <system-out><![CDATA[
  .   ____          _            __ _ _
 /\\ / ___'_ __ _ _(_)_ __  __ _ \ \ \ \
( ( )\___ | '_ | '_| | '_ \/ _` | \ \ \ \
 \\/  ___)| |_)| | | | | || (_| |  ) ) ) )
  '  |____| .__|_| |_|_| |_\__, | / / / /
 =========|_|==============|___/=/_/_/_/
 :: Spring Boot ::                (v3.1.0)

2024-05-25T22:01:11.351+02:00  INFO 27192 --- [           main] d.n.b.c.FoodSpotControllerTest           : Starting FoodSpotControllerTest using Java 20.0.2 with PID 27192 (started by paffen in /Users/paffen/IdeaProjects/capstone-foodspot/backend)
2024-05-25T22:01:11.351+02:00  INFO 27192 --- [           main] d.n.b.c.FoodSpotControllerTest           : No active profile set, falling back to 1 default profile: "default"
2024-05-25T22:01:11.530+02:00  INFO 27192 --- [           main] .s.d.r.c.RepositoryConfigurationDelegate : Multiple Spring Data modules found, entering strict repository configuration mode
2024-05-25T22:01:11.530+02:00  INFO 27192 --- [           main] .s.d.r.c.RepositoryConfigurationDelegate : Bootstrapping Spring Data JPA repositories in DEFAULT mode.
2024-05-25T22:01:11.534+02:00  INFO 27192 --- [           main] .RepositoryConfigurationExtensionSupport : Spring Data JPA - Could not safely identify store assignment for repository candidate interface de.neuefische.backend.repos.FoodSpotRepo; If you want this repository to be a JPA repository, consider annotating your entities with one of these annotations: jakarta.persistence.Entity, jakarta.persistence.MappedSuperclass (preferred), or consider extending one of the following types with your repository: org.springframework.data.jpa.repository.JpaRepository
2024-05-25T22:01:11.534+02:00  INFO 27192 --- [           main] .RepositoryConfigurationExtensionSupport : Spring Data JPA - Could not safely identify store assignment for repository candidate interface de.neuefische.backend.repos.UserRepo; If you want this repository to be a JPA repository, consider annotating your entities with one of these annotations: jakarta.persistence.Entity, jakarta.persistence.MappedSuperclass (preferred), or consider extending one of the following types with your repository: org.springframework.data.jpa.repository.JpaRepository
2024-05-25T22:01:11.534+02:00  INFO 27192 --- [           main] .s.d.r.c.RepositoryConfigurationDelegate : Finished Spring Data repository scanning in 3 ms. Found 0 JPA repository interfaces.
2024-05-25T22:01:11.540+02:00  INFO 27192 --- [           main] .s.d.r.c.RepositoryConfigurationDelegate : Multiple Spring Data modules found, entering strict repository configuration mode
2024-05-25T22:01:11.540+02:00  INFO 27192 --- [           main] .s.d.r.c.RepositoryConfigurationDelegate : Bootstrapping Spring Data MongoDB repositories in DEFAULT mode.
2024-05-25T22:01:11.545+02:00  INFO 27192 --- [           main] .s.d.r.c.RepositoryConfigurationDelegate : Finished Spring Data repository scanning in 4 ms. Found 2 MongoDB repository interfaces.
2024-05-25T22:01:11.599+02:00  INFO 27192 --- [           main] trationDelegate$BeanPostProcessorChecker : Bean 'de.flapdoodle.embed.mongo.spring.autoconfigure.EmbeddedMongoAutoConfiguration' of type [de.flapdoodle.embed.mongo.spring.autoconfigure.EmbeddedMongoAutoConfiguration] is not eligible for getting processed by all BeanPostProcessors (for example: not eligible for auto-proxying)
2024-05-25T22:01:11.602+02:00  INFO 27192 --- [           main] trationDelegate$BeanPostProcessorChecker : Bean 'de.flapdoodle.mongodb.embedded-de.flapdoodle.embed.mongo.spring.autoconfigure.EmbeddedMongoProperties' of type [de.flapdoodle.embed.mongo.spring.autoconfigure.EmbeddedMongoProperties] is not eligible for getting processed by all BeanPostProcessors (for example: not eligible for auto-proxying)
2024-05-25T22:01:11.604+02:00  INFO 27192 --- [           main] trationDelegate$BeanPostProcessorChecker : Bean 'spring.data.mongodb-org.springframework.boot.autoconfigure.mongo.MongoProperties' of type [org.springframework.boot.autoconfigure.mongo.MongoProperties] is not eligible for getting processed by all BeanPostProcessors (for example: not eligible for auto-proxying)
2024-05-25T22:01:11.626+02:00  INFO 27192 --- [           main] com.zaxxer.hikari.HikariDataSource       : HikariPool-3 - Starting...
2024-05-25T22:01:11.629+02:00  INFO 27192 --- [           main] com.zaxxer.hikari.pool.HikariPool        : HikariPool-3 - Added connection conn20: url=jdbc:h2:mem:640be939-eec7-4dd3-93c1-1beeadfd8f8a user=SA
2024-05-25T22:01:11.629+02:00  INFO 27192 --- [           main] com.zaxxer.hikari.HikariDataSource       : HikariPool-3 - Start completed.
2024-05-25T22:01:11.630+02:00  INFO 27192 --- [           main] o.hibernate.jpa.internal.util.LogHelper  : HHH000204: Processing PersistenceUnitInfo [name: default]
2024-05-25T22:01:11.634+02:00  INFO 27192 --- [           main] o.h.b.i.BytecodeProviderInitiator        : HHH000021: Bytecode provider name : bytebuddy
2024-05-25T22:01:11.634+02:00  INFO 27192 --- [           main] o.s.o.j.p.SpringPersistenceUnitInfo      : No LoadTimeWeaver setup: ignoring JPA class transformer
2024-05-25T22:01:11.635+02:00  INFO 27192 --- [           main] org.hibernate.orm.dialect                : HHH035001: Using dialect: org.hibernate.dialect.H2Dialect, version: 1.4.200
2024-05-25T22:01:11.639+02:00  INFO 27192 --- [           main] o.h.b.i.BytecodeProviderInitiator        : HHH000021: Bytecode provider name : bytebuddy
2024-05-25T22:01:11.643+02:00  INFO 27192 --- [           main] o.h.e.t.j.p.i.JtaPlatformInitiator       : HHH000490: Using JtaPlatform implementation: [org.hibernate.engine.transaction.jta.platform.internal.NoJtaPlatform]
2024-05-25T22:01:11.643+02:00  INFO 27192 --- [           main] j.LocalContainerEntityManagerFactoryBean : Initialized JPA EntityManagerFactory for persistence unit 'default'
2024-05-25T22:01:11.655+02:00  INFO 27192 --- [           main] d.f.e.m.s.a.SyncClientServerFactory      : sync server factory
2024-05-25T22:01:11.870+02:00  INFO 27192 --- [      Thread-11] d.f.e.m.s.autoconfigure.EmbeddedMongo    : {"t":{"$date":"2024-05-25T22:01:11.868+02:00"},"s":"I",  "c":"NETWORK",  "id":4915701, "ctx":"-","msg":"Initialized wire specification","attr":{"spec":{"incomingExternalClient":{"minWireVersion":0,"maxWireVersion":17},"incomingInternalClient":{"minWireVersion":0,"maxWireVersion":17},"outgoing":{"minWireVersion":6,"maxWireVersion":17},"isInternalClient":true}}}
2024-05-25T22:01:11.873+02:00  INFO 27192 --- [      Thread-11] d.f.e.m.s.autoconfigure.EmbeddedMongo    : {"t":{"$date":"2024-05-25T22:01:11.873+02:00"},"s":"I",  "c":"CONTROL",  "id":23285,   "ctx":"main","msg":"Automatically disabling TLS 1.0, to force-enable TLS 1.0 specify --sslDisabledProtocols 'none'"}
2024-05-25T22:01:11.874+02:00  INFO 27192 --- [      Thread-11] d.f.e.m.s.autoconfigure.EmbeddedMongo    : {"t":{"$date":"2024-05-25T22:01:11.873+02:00"},"s":"I",  "c":"NETWORK",  "id":4648602, "ctx":"main","msg":"Implicit TCP FastOpen in use."}
2024-05-25T22:01:11.875+02:00  INFO 27192 --- [      Thread-11] d.f.e.m.s.autoconfigure.EmbeddedMongo    : {"t":{"$date":"2024-05-25T22:01:11.875+02:00"},"s":"I",  "c":"REPL",     "id":5123008, "ctx":"main","msg":"Successfully registered PrimaryOnlyService","attr":{"service":"TenantMigrationDonorService","namespace":"config.tenantMigrationDonors"}}
2024-05-25T22:01:11.876+02:00  INFO 27192 --- [      Thread-11] d.f.e.m.s.autoconfigure.EmbeddedMongo    : {"t":{"$date":"2024-05-25T22:01:11.875+02:00"},"s":"I",  "c":"REPL",     "id":5123008, "ctx":"main","msg":"Successfully registered PrimaryOnlyService","attr":{"service":"TenantMigrationRecipientService","namespace":"config.tenantMigrationRecipients"}}
2024-05-25T22:01:11.876+02:00  INFO 27192 --- [      Thread-11] d.f.e.m.s.autoconfigure.EmbeddedMongo    : {"t":{"$date":"2024-05-25T22:01:11.875+02:00"},"s":"I",  "c":"REPL",     "id":5123008, "ctx":"main","msg":"Successfully registered PrimaryOnlyService","attr":{"service":"ShardSplitDonorService","namespace":"config.tenantSplitDonors"}}
2024-05-25T22:01:11.876+02:00  INFO 27192 --- [      Thread-11] d.f.e.m.s.autoconfigure.EmbeddedMongo    : {"t":{"$date":"2024-05-25T22:01:11.875+02:00"},"s":"I",  "c":"CONTROL",  "id":5945603, "ctx":"main","msg":"Multi threading initialized"}
2024-05-25T22:01:11.876+02:00  INFO 27192 --- [      Thread-11] d.f.e.m.s.autoconfigure.EmbeddedMongo    : {"t":{"$date":"2024-05-25T22:01:11.875+02:00"},"s":"I",  "c":"CONTROL",  "id":4615611, "ctx":"initandlisten","msg":"MongoDB starting","attr":{"pid":27214,"port":52999,"dbPath":"/var/folders/dr/fk5c4mdx63g076r3v55pvq740000gn/T/temp--463a454d-cffa-44b0-8bbc-06e0f51b3189/mongod-database6171637185622474806","architecture":"64-bit","host":"Pavel-laptop.fritz.box"}}
2024-05-25T22:01:11.876+02:00  INFO 27192 --- [      Thread-11] d.f.e.m.s.autoconfigure.EmbeddedMongo    : {"t":{"$date":"2024-05-25T22:01:11.876+02:00"},"s":"I",  "c":"CONTROL",  "id":23352,   "ctx":"initandlisten","msg":"Unable to resolve sysctl {sysctlName} (number) ","attr":{"sysctlName":"hw.cpufrequency"}}
2024-05-25T22:01:11.876+02:00  INFO 27192 --- [      Thread-11] d.f.e.m.s.autoconfigure.EmbeddedMongo    : {"t":{"$date":"2024-05-25T22:01:11.876+02:00"},"s":"I",  "c":"CONTROL",  "id":23351,   "ctx":"initandlisten","msg":"{sysctlName} unavailable","attr":{"sysctlName":"machdep.cpu.features"}}
2024-05-25T22:01:11.876+02:00  INFO 27192 --- [      Thread-11] d.f.e.m.s.autoconfigure.EmbeddedMongo    : {"t":{"$date":"2024-05-25T22:01:11.876+02:00"},"s":"I",  "c":"CONTROL",  "id":23403,   "ctx":"initandlisten","msg":"Build Info","attr":{"buildInfo":{"version":"6.0.1","gitVersion":"32f0f9c88dc44a2c8073a5bd47cf779d4bfdee6b","modules":[],"allocator":"system","environment":{"distarch":"aarch64","target_arch":"aarch64"}}}}
2024-05-25T22:01:11.876+02:00  INFO 27192 --- [      Thread-11] d.f.e.m.s.autoconfigure.EmbeddedMongo    : {"t":{"$date":"2024-05-25T22:01:11.876+02:00"},"s":"I",  "c":"CONTROL",  "id":51765,   "ctx":"initandlisten","msg":"Operating System","attr":{"os":{"name":"Mac OS X","version":"23.5.0"}}}
2024-05-25T22:01:11.877+02:00  INFO 27192 --- [      Thread-11] d.f.e.m.s.autoconfigure.EmbeddedMongo    : {"t":{"$date":"2024-05-25T22:01:11.876+02:00"},"s":"I",  "c":"CONTROL",  "id":21951,   "ctx":"initandlisten","msg":"Options set by command line","attr":{"options":{"net":{"bindIp":"127.0.0.1","port":52999},"security":{"authorization":"disabled"},"storage":{"dbPath":"/var/folders/dr/fk5c4mdx63g076r3v55pvq740000gn/T/temp--463a454d-cffa-44b0-8bbc-06e0f51b3189/mongod-database6171637185622474806","journal":{"enabled":false},"syncPeriodSecs":0}}}}
2024-05-25T22:01:11.877+02:00  INFO 27192 --- [      Thread-11] d.f.e.m.s.autoconfigure.EmbeddedMongo    : {"t":{"$date":"2024-05-25T22:01:11.876+02:00"},"s":"I",  "c":"NETWORK",  "id":5693100, "ctx":"initandlisten","msg":"Asio socket.set_option failed with std::system_error","attr":{"note":"acceptor TCP fast open","option":{"level":6,"name":261,"data":"00 04 00 00"},"error":{"what":"set_option: Invalid argument","message":"Invalid argument","category":"asio.system","value":22}}}
2024-05-25T22:01:11.878+02:00  INFO 27192 --- [      Thread-11] d.f.e.m.s.autoconfigure.EmbeddedMongo    : {"t":{"$date":"2024-05-25T22:01:11.877+02:00"},"s":"I",  "c":"STORAGE",  "id":22315,   "ctx":"initandlisten","msg":"Opening WiredTiger","attr":{"config":"create,cache_size=3584M,session_max=33000,eviction=(threads_min=4,threads_max=4),config_base=false,statistics=(fast),log=(enabled=true,remove=true,path=journal,compressor=snappy),builtin_extension_config=(zstd=(compression_level=6)),file_manager=(close_idle_time=600,close_scan_interval=10,close_handle_minimum=2000),statistics_log=(wait=0),json_output=(error,message),verbose=[recovery_progress:1,checkpoint_progress:1,compact_progress:1,backup:0,checkpoint:0,compact:0,evict:0,history_store:0,recovery:0,rts:0,salvage:0,tiered:0,timestamp:0,transaction:0,verify:0,log:0],,log=(enabled=false),"}}
2024-05-25T22:01:13.592+02:00  INFO 27192 --- [      Thread-11] d.f.e.m.s.autoconfigure.EmbeddedMongo    : {"t":{"$date":"2024-05-25T22:01:13.591+02:00"},"s":"I",  "c":"STORAGE",  "id":4795906, "ctx":"initandlisten","msg":"WiredTiger opened","attr":{"durationMillis":1714}}
2024-05-25T22:01:13.593+02:00  INFO 27192 --- [      Thread-11] d.f.e.m.s.autoconfigure.EmbeddedMongo    : {"t":{"$date":"2024-05-25T22:01:13.592+02:00"},"s":"I",  "c":"RECOVERY", "id":23987,   "ctx":"initandlisten","msg":"WiredTiger recoveryTimestamp","attr":{"recoveryTimestamp":{"$timestamp":{"t":0,"i":0}}}}
2024-05-25T22:01:13.635+02:00  INFO 27192 --- [      Thread-11] d.f.e.m.s.autoconfigure.EmbeddedMongo    : {"t":{"$date":"2024-05-25T22:01:13.634+02:00"},"s":"I",  "c":"WT",       "id":4366408, "ctx":"initandlisten","msg":"No table logging settings modifications are required for existing WiredTiger tables","attr":{"loggingEnabled":true}}
2024-05-25T22:01:13.640+02:00  INFO 27192 --- [      Thread-11] d.f.e.m.s.autoconfigure.EmbeddedMongo    : {"t":{"$date":"2024-05-25T22:01:13.637+02:00"},"s":"W",  "c":"CONTROL",  "id":22184,   "ctx":"initandlisten","msg":"Soft rlimits for open file descriptors too low","attr":{"currentValue":10240,"recommendedMinimum":64000},"tags":["startupWarnings"]}
2024-05-25T22:01:13.640+02:00  INFO 27192 --- [      Thread-11] d.f.e.m.s.autoconfigure.EmbeddedMongo    : {"t":{"$date":"2024-05-25T22:01:13.640+02:00"},"s":"I",  "c":"STORAGE",  "id":20320,   "ctx":"initandlisten","msg":"createCollection","attr":{"namespace":"admin.system.version","uuidDisposition":"provided","uuid":{"uuid":{"$uuid":"8d29375c-16a9-4e13-82e4-e03ba355d26a"}},"options":{"uuid":{"$uuid":"8d29375c-16a9-4e13-82e4-e03ba355d26a"}}}}
2024-05-25T22:01:13.694+02:00  INFO 27192 --- [      Thread-11] d.f.e.m.s.autoconfigure.EmbeddedMongo    : {"t":{"$date":"2024-05-25T22:01:13.694+02:00"},"s":"I",  "c":"INDEX",    "id":20345,   "ctx":"initandlisten","msg":"Index build: done building","attr":{"buildUUID":null,"collectionUUID":{"uuid":{"$uuid":"8d29375c-16a9-4e13-82e4-e03ba355d26a"}},"namespace":"admin.system.version","index":"_id_","ident":"index-1--7428917932720930250","collectionIdent":"collection-0--7428917932720930250","commitTimestamp":null}}
2024-05-25T22:01:13.695+02:00  INFO 27192 --- [      Thread-11] d.f.e.m.s.autoconfigure.EmbeddedMongo    : {"t":{"$date":"2024-05-25T22:01:13.694+02:00"},"s":"I",  "c":"REPL",     "id":20459,   "ctx":"initandlisten","msg":"Setting featureCompatibilityVersion","attr":{"newVersion":"6.0"}}
2024-05-25T22:01:13.695+02:00  INFO 27192 --- [      Thread-11] d.f.e.m.s.autoconfigure.EmbeddedMongo    : {"t":{"$date":"2024-05-25T22:01:13.694+02:00"},"s":"I",  "c":"REPL",     "id":5853300, "ctx":"initandlisten","msg":"current featureCompatibilityVersion value","attr":{"featureCompatibilityVersion":"6.0","context":"setFCV"}}
2024-05-25T22:01:13.695+02:00  INFO 27192 --- [      Thread-11] d.f.e.m.s.autoconfigure.EmbeddedMongo    : {"t":{"$date":"2024-05-25T22:01:13.694+02:00"},"s":"I",  "c":"NETWORK",  "id":4915702, "ctx":"initandlisten","msg":"Updated wire specification","attr":{"oldSpec":{"incomingExternalClient":{"minWireVersion":0,"maxWireVersion":17},"incomingInternalClient":{"minWireVersion":0,"maxWireVersion":17},"outgoing":{"minWireVersion":6,"maxWireVersion":17},"isInternalClient":true},"newSpec":{"incomingExternalClient":{"minWireVersion":0,"maxWireVersion":17},"incomingInternalClient":{"minWireVersion":17,"maxWireVersion":17},"outgoing":{"minWireVersion":17,"maxWireVersion":17},"isInternalClient":true}}}
2024-05-25T22:01:13.695+02:00  INFO 27192 --- [      Thread-11] d.f.e.m.s.autoconfigure.EmbeddedMongo    : {"t":{"$date":"2024-05-25T22:01:13.694+02:00"},"s":"I",  "c":"NETWORK",  "id":4915702, "ctx":"initandlisten","msg":"Updated wire specification","attr":{"oldSpec":{"incomingExternalClient":{"minWireVersion":0,"maxWireVersion":17},"incomingInternalClient":{"minWireVersion":17,"maxWireVersion":17},"outgoing":{"minWireVersion":17,"maxWireVersion":17},"isInternalClient":true},"newSpec":{"incomingExternalClient":{"minWireVersion":0,"maxWireVersion":17},"incomingInternalClient":{"minWireVersion":17,"maxWireVersion":17},"outgoing":{"minWireVersion":17,"maxWireVersion":17},"isInternalClient":true}}}
2024-05-25T22:01:13.695+02:00  INFO 27192 --- [      Thread-11] d.f.e.m.s.autoconfigure.EmbeddedMongo    : {"t":{"$date":"2024-05-25T22:01:13.694+02:00"},"s":"I",  "c":"REPL",     "id":5853300, "ctx":"initandlisten","msg":"current featureCompatibilityVersion value","attr":{"featureCompatibilityVersion":"6.0","context":"startup"}}
2024-05-25T22:01:13.695+02:00  INFO 27192 --- [      Thread-11] d.f.e.m.s.autoconfigure.EmbeddedMongo    : {"t":{"$date":"2024-05-25T22:01:13.695+02:00"},"s":"I",  "c":"STORAGE",  "id":5071100, "ctx":"initandlisten","msg":"Clearing temp directory"}
2024-05-25T22:01:13.696+02:00  INFO 27192 --- [      Thread-11] d.f.e.m.s.autoconfigure.EmbeddedMongo    : {"t":{"$date":"2024-05-25T22:01:13.695+02:00"},"s":"I",  "c":"CONTROL",  "id":20536,   "ctx":"initandlisten","msg":"Flow Control is enabled on this deployment"}
2024-05-25T22:01:13.696+02:00  INFO 27192 --- [      Thread-11] d.f.e.m.s.autoconfigure.EmbeddedMongo    : {"t":{"$date":"2024-05-25T22:01:13.695+02:00"},"s":"I",  "c":"FTDC",     "id":20625,   "ctx":"initandlisten","msg":"Initializing full-time diagnostic data capture","attr":{"dataDirectory":"/var/folders/dr/fk5c4mdx63g076r3v55pvq740000gn/T/temp--463a454d-cffa-44b0-8bbc-06e0f51b3189/mongod-database6171637185622474806/diagnostic.data"}}
2024-05-25T22:01:13.696+02:00  INFO 27192 --- [      Thread-11] d.f.e.m.s.autoconfigure.EmbeddedMongo    : {"t":{"$date":"2024-05-25T22:01:13.695+02:00"},"s":"I",  "c":"STORAGE",  "id":20320,   "ctx":"initandlisten","msg":"createCollection","attr":{"namespace":"local.startup_log","uuidDisposition":"generated","uuid":{"uuid":{"$uuid":"15a6af57-52c4-47b8-ad30-7e9b98eede83"}},"options":{"capped":true,"size":10485760}}}
2024-05-25T22:01:13.734+02:00  INFO 27192 --- [      Thread-11] d.f.e.m.s.autoconfigure.EmbeddedMongo    : {"t":{"$date":"2024-05-25T22:01:13.734+02:00"},"s":"I",  "c":"INDEX",    "id":20345,   "ctx":"initandlisten","msg":"Index build: done building","attr":{"buildUUID":null,"collectionUUID":{"uuid":{"$uuid":"15a6af57-52c4-47b8-ad30-7e9b98eede83"}},"namespace":"local.startup_log","index":"_id_","ident":"index-3--7428917932720930250","collectionIdent":"collection-2--7428917932720930250","commitTimestamp":null}}
2024-05-25T22:01:13.734+02:00  INFO 27192 --- [      Thread-11] d.f.e.m.s.autoconfigure.EmbeddedMongo    : {"t":{"$date":"2024-05-25T22:01:13.734+02:00"},"s":"I",  "c":"REPL",     "id":6015317, "ctx":"initandlisten","msg":"Setting new configuration state","attr":{"newState":"ConfigReplicationDisabled","oldState":"ConfigPreStart"}}
2024-05-25T22:01:13.735+02:00  INFO 27192 --- [      Thread-11] d.f.e.m.s.autoconfigure.EmbeddedMongo    : {"t":{"$date":"2024-05-25T22:01:13.734+02:00"},"s":"I",  "c":"STORAGE",  "id":22262,   "ctx":"initandlisten","msg":"Timestamp monitor starting"}
2024-05-25T22:01:13.735+02:00  INFO 27192 --- [      Thread-11] d.f.e.m.s.autoconfigure.EmbeddedMongo    : {"t":{"$date":"2024-05-25T22:01:13.735+02:00"},"s":"I",  "c":"NETWORK",  "id":23015,   "ctx":"listener","msg":"Listening on","attr":{"address":"/tmp/mongodb-52999.sock"}}
2024-05-25T22:01:13.735+02:00  INFO 27192 --- [      Thread-11] d.f.e.m.s.autoconfigure.EmbeddedMongo    : {"t":{"$date":"2024-05-25T22:01:13.735+02:00"},"s":"I",  "c":"NETWORK",  "id":23015,   "ctx":"listener","msg":"Listening on","attr":{"address":"127.0.0.1"}}
2024-05-25T22:01:13.735+02:00  INFO 27192 --- [      Thread-11] d.f.e.m.s.autoconfigure.EmbeddedMongo    : {"t":{"$date":"2024-05-25T22:01:13.735+02:00"},"s":"I",  "c":"NETWORK",  "id":23016,   "ctx":"listener","msg":"Waiting for connections","attr":{"port":52999,"ssl":"off"}}
2024-05-25T22:01:13.735+02:00  INFO 27192 --- [      Thread-11] d.f.e.m.s.autoconfigure.EmbeddedMongo    : {"t":{"$date":"2024-05-25T22:01:13.735+02:00"},"s":"I",  "c":"CONTROL",  "id":20712,   "ctx":"LogicalSessionCacheReap","msg":"Sessions collection is not set up; waiting until next sessions reap interval","attr":{"error":"NamespaceNotFound: config.system.sessions does not exist"}}
2024-05-25T22:01:13.735+02:00  INFO 27192 --- [      Thread-11] d.f.e.m.s.autoconfigure.EmbeddedMongo    : {"t":{"$date":"2024-05-25T22:01:13.735+02:00"},"s":"I",  "c":"STORAGE",  "id":20320,   "ctx":"LogicalSessionCacheRefresh","msg":"createCollection","attr":{"namespace":"config.system.sessions","uuidDisposition":"generated","uuid":{"uuid":{"$uuid":"eb61008c-440a-4dd9-9d02-7a1781db92ce"}},"options":{}}}
2024-05-25T22:01:13.766+02:00  INFO 27192 --- [           main] org.mongodb.driver.client                : MongoClient with metadata {"driver": {"name": "mongo-java-driver|sync|spring-boot", "version": "4.9.1"}, "os": {"type": "Darwin", "name": "Mac OS X", "architecture": "aarch64", "version": "14.5"}, "platform": "Java/Amazon.com Inc./20.0.2+9-FR"} created with settings MongoClientSettings{readPreference=primary, writeConcern=WriteConcern{w=null, wTimeout=null ms, journal=null}, retryWrites=true, retryReads=true, readConcern=ReadConcern{level=null}, credential=null, streamFactoryFactory=null, commandListeners=[], codecRegistry=ProvidersCodecRegistry{codecProviders=[ValueCodecProvider{}, BsonValueCodecProvider{}, DBRefCodecProvider{}, DBObjectCodecProvider{}, DocumentCodecProvider{}, CollectionCodecProvider{}, IterableCodecProvider{}, MapCodecProvider{}, GeoJsonCodecProvider{}, GridFSFileCodecProvider{}, Jsr310CodecProvider{}, JsonObjectCodecProvider{}, BsonCodecProvider{}, EnumCodecProvider{}, com.mongodb.client.model.mql.ExpressionCodecProvider@9129ab1, com.mongodb.Jep395RecordCodecProvider@1ae73d9e]}, loggerSettings=LoggerSettings{maxDocumentLength=1000}, clusterSettings={hosts=[localhost:52999], srvServiceName=mongodb, mode=SINGLE, requiredClusterType=UNKNOWN, requiredReplicaSetName='null', serverSelector='null', clusterListeners='[]', serverSelectionTimeout='30000 ms', localThreshold='30000 ms'}, socketSettings=SocketSettings{connectTimeoutMS=10000, readTimeoutMS=0, receiveBufferSize=0, sendBufferSize=0}, heartbeatSocketSettings=SocketSettings{connectTimeoutMS=10000, readTimeoutMS=10000, receiveBufferSize=0, sendBufferSize=0}, connectionPoolSettings=ConnectionPoolSettings{maxSize=100, minSize=0, maxWaitTimeMS=120000, maxConnectionLifeTimeMS=0, maxConnectionIdleTimeMS=0, maintenanceInitialDelayMS=0, maintenanceFrequencyMS=60000, connectionPoolListeners=[], maxConnecting=2}, serverSettings=ServerSettings{heartbeatFrequencyMS=10000, minHeartbeatFrequencyMS=500, serverListeners='[]', serverMonitorListeners='[]'}, sslSettings=SslSettings{enabled=false, invalidHostNameAllowed=false, context=null}, applicationName='null', compressorList=[], uuidRepresentation=JAVA_LEGACY, serverApi=null, autoEncryptionSettings=null, contextProvider=null}
2024-05-25T22:01:13.775+02:00  INFO 27192 --- [      Thread-11] d.f.e.m.s.autoconfigure.EmbeddedMongo    : {"t":{"$date":"2024-05-25T22:01:13.768+02:00"},"s":"I",  "c":"NETWORK",  "id":22943,   "ctx":"listener","msg":"Connection accepted","attr":{"remote":"127.0.0.1:53002","uuid":"adb71e0e-2d6a-4089-8918-b699173dd7f2","connectionId":1,"connectionCount":1}}
2024-05-25T22:01:13.779+02:00  INFO 27192 --- [      Thread-11] d.f.e.m.s.autoconfigure.EmbeddedMongo    : {"t":{"$date":"2024-05-25T22:01:13.778+02:00"},"s":"I",  "c":"NETWORK",  "id":22943,   "ctx":"listener","msg":"Connection accepted","attr":{"remote":"127.0.0.1:53003","uuid":"a2308d49-f08a-4e64-9f05-04311e341ebe","connectionId":2,"connectionCount":2}}
2024-05-25T22:01:13.781+02:00  INFO 27192 --- [      Thread-11] d.f.e.m.s.autoconfigure.EmbeddedMongo    : {"t":{"$date":"2024-05-25T22:01:13.778+02:00"},"s":"I",  "c":"NETWORK",  "id":51800,   "ctx":"conn1","msg":"client metadata","attr":{"remote":"127.0.0.1:53002","client":"conn1","doc":{"driver":{"name":"mongo-java-driver|sync|spring-boot","version":"4.9.1"},"os":{"type":"Darwin","name":"Mac OS X","architecture":"aarch64","version":"14.5"},"platform":"Java/Amazon.com Inc./20.0.2+9-FR"}}}
2024-05-25T22:01:13.783+02:00  INFO 27192 --- [      Thread-11] d.f.e.m.s.autoconfigure.EmbeddedMongo    : {"t":{"$date":"2024-05-25T22:01:13.783+02:00"},"s":"I",  "c":"NETWORK",  "id":51800,   "ctx":"conn2","msg":"client metadata","attr":{"remote":"127.0.0.1:53003","client":"conn2","doc":{"driver":{"name":"mongo-java-driver|sync|spring-boot","version":"4.9.1"},"os":{"type":"Darwin","name":"Mac OS X","architecture":"aarch64","version":"14.5"},"platform":"Java/Amazon.com Inc./20.0.2+9-FR"}}}
2024-05-25T22:01:13.788+02:00  INFO 27192 --- [localhost:52999] org.mongodb.driver.cluster               : Monitor thread successfully connected to server with description ServerDescription{address=localhost:52999, type=STANDALONE, state=CONNECTED, ok=true, minWireVersion=0, maxWireVersion=17, maxDocumentSize=16777216, logicalSessionTimeoutMinutes=30, roundTripTimeNanos=22536917}
2024-05-25T22:01:13.829+02:00  INFO 27192 --- [      Thread-11] d.f.e.m.s.autoconfigure.EmbeddedMongo    : {"t":{"$date":"2024-05-25T22:01:13.828+02:00"},"s":"I",  "c":"INDEX",    "id":20345,   "ctx":"LogicalSessionCacheRefresh","msg":"Index build: done building","attr":{"buildUUID":null,"collectionUUID":{"uuid":{"$uuid":"eb61008c-440a-4dd9-9d02-7a1781db92ce"}},"namespace":"config.system.sessions","index":"_id_","ident":"index-5--7428917932720930250","collectionIdent":"collection-4--7428917932720930250","commitTimestamp":null}}
2024-05-25T22:01:13.829+02:00  INFO 27192 --- [      Thread-11] d.f.e.m.s.autoconfigure.EmbeddedMongo    : {"t":{"$date":"2024-05-25T22:01:13.828+02:00"},"s":"I",  "c":"INDEX",    "id":20345,   "ctx":"LogicalSessionCacheRefresh","msg":"Index build: done building","attr":{"buildUUID":null,"collectionUUID":{"uuid":{"$uuid":"eb61008c-440a-4dd9-9d02-7a1781db92ce"}},"namespace":"config.system.sessions","index":"lsidTTLIndex","ident":"index-6--7428917932720930250","collectionIdent":"collection-4--7428917932720930250","commitTimestamp":null}}
2024-05-25T22:01:13.909+02:00  WARN 27192 --- [           main] JpaBaseConfiguration$JpaWebConfiguration : spring.jpa.open-in-view is enabled by default. Therefore, database queries may be performed during view rendering. Explicitly configure spring.jpa.open-in-view to disable this warning
2024-05-25T22:01:13.989+02:00  INFO 27192 --- [           main] o.s.b.a.w.s.WelcomePageHandlerMapping    : Adding welcome page: class path resource [static/index.html]
2024-05-25T22:01:14.508+02:00  INFO 27192 --- [           main] o.s.s.web.DefaultSecurityFilterChain     : Will secure any request with [org.springframework.security.web.session.DisableEncodeUrlFilter@d575d98, org.springframework.security.web.session.ForceEagerSessionCreationFilter@6a6b44f0, org.springframework.security.web.context.request.async.WebAsyncManagerIntegrationFilter@2fd5f26, org.springframework.security.web.context.SecurityContextHolderFilter@56207d58, org.springframework.security.web.header.HeaderWriterFilter@479bbf08, org.springframework.security.web.csrf.CsrfFilter@7b5f652f, org.springframework.security.web.authentication.logout.LogoutFilter@756d40e5, org.springframework.security.web.authentication.www.BasicAuthenticationFilter@5987db91, org.springframework.security.web.savedrequest.RequestCacheAwareFilter@5cde131a, org.springframework.security.web.servletapi.SecurityContextHolderAwareRequestFilter@46a78476, org.springframework.security.web.authentication.AnonymousAuthenticationFilter@2b5426d, org.springframework.security.web.session.SessionManagementFilter@56561ca0, org.springframework.security.web.access.ExceptionTranslationFilter@2bf42016, org.springframework.security.web.access.intercept.AuthorizationFilter@12a25d41]
2024-05-25T22:01:14.579+02:00  INFO 27192 --- [           main] o.s.b.t.m.w.SpringBootMockServletContext : Initializing Spring TestDispatcherServlet ''
2024-05-25T22:01:14.579+02:00  INFO 27192 --- [           main] o.s.t.web.servlet.TestDispatcherServlet  : Initializing Servlet ''
2024-05-25T22:01:14.580+02:00  INFO 27192 --- [           main] o.s.t.web.servlet.TestDispatcherServlet  : Completed initialization in 1 ms
2024-05-25T22:01:14.587+02:00  INFO 27192 --- [           main] d.n.b.c.FoodSpotControllerTest           : Started FoodSpotControllerTest in 3.252 seconds (process running for 18.871)
]]></system-out>
  </testcase>
  <testcase name="testFoodSpotLists" classname="de.neuefische.backend.controllers.FoodSpotControllerTest" time="0.003"/>
</testsuite>